[0.134s] DEBUG:colcon:Command line arguments: ['/usr/bin/colcon', 'build']
[0.134s] DEBUG:colcon:Parsed command line arguments: Namespace(allow_overriding=[], ament_cmake_args=None, base_paths=['.'], build_base='build', catkin_cmake_args=None, catkin_skip_building_tests=False, cmake_args=None, cmake_clean_cache=False, cmake_clean_first=False, cmake_force_configure=False, cmake_target=None, cmake_target_skip_unavailable=False, continue_on_error=False, event_handlers=None, executor='parallel', ignore_user_meta=False, install_base='install', log_base=None, log_level=None, main=<bound method BuildVerb.main of <colcon_core.verb.build.BuildVerb object at 0x7eff98a7d4c0>>, merge_install=False, metas=['./colcon.meta'], packages_above=None, packages_above_and_dependencies=None, packages_above_depth=None, packages_end=None, packages_ignore=None, packages_ignore_regex=None, packages_select=None, packages_select_build_failed=False, packages_select_by_dep=None, packages_select_regex=None, packages_select_test_failures=False, packages_skip=None, packages_skip_build_finished=False, packages_skip_by_dep=None, packages_skip_regex=None, packages_skip_test_passed=False, packages_skip_up_to=None, packages_start=None, packages_up_to=None, packages_up_to_regex=None, parallel_workers=12, paths=None, symlink_install=False, test_result_base=None, verb_extension=<colcon_core.verb.build.BuildVerb object at 0x7eff98a7d4c0>, verb_name='build', verb_parser=<colcon_defaults.argument_parser.defaults.DefaultArgumentsDecorator object at 0x7eff9899d9a0>)
[0.247s] Level 1:colcon.colcon_core.package_discovery:discover_packages(colcon_meta) check parameters
[0.247s] Level 1:colcon.colcon_core.package_discovery:discover_packages(recursive) check parameters
[0.247s] Level 1:colcon.colcon_core.package_discovery:discover_packages(ignore) check parameters
[0.247s] Level 1:colcon.colcon_core.package_discovery:discover_packages(path) check parameters
[0.247s] Level 1:colcon.colcon_core.package_discovery:discover_packages(colcon_meta) discover
[0.247s] Level 1:colcon.colcon_core.package_discovery:discover_packages(recursive) discover
[0.247s] INFO:colcon.colcon_core.package_discovery:Crawling recursively for packages in '/home/lhc/fishros-/p3/topic_ws/src'
[0.248s] Level 1:colcon.colcon_core.package_identification:_identify(.) by extensions ['ignore', 'ignore_ament_install']
[0.248s] Level 1:colcon.colcon_core.package_identification:_identify(.) by extension 'ignore'
[0.248s] Level 1:colcon.colcon_core.package_identification:_identify(.) by extension 'ignore_ament_install'
[0.248s] Level 1:colcon.colcon_core.package_identification:_identify(.) by extensions ['colcon_pkg']
[0.248s] Level 1:colcon.colcon_core.package_identification:_identify(.) by extension 'colcon_pkg'
[0.248s] Level 1:colcon.colcon_core.package_identification:_identify(.) by extensions ['colcon_meta']
[0.248s] Level 1:colcon.colcon_core.package_identification:_identify(.) by extension 'colcon_meta'
[0.248s] Level 1:colcon.colcon_core.package_identification:_identify(.) by extensions ['ros']
[0.248s] Level 1:colcon.colcon_core.package_identification:_identify(.) by extension 'ros'
[0.257s] Level 1:colcon.colcon_core.package_identification:_identify(.) by extensions ['cmake', 'python']
[0.257s] Level 1:colcon.colcon_core.package_identification:_identify(.) by extension 'cmake'
[0.257s] Level 1:colcon.colcon_core.package_identification:_identify(.) by extension 'python'
[0.257s] Level 1:colcon.colcon_core.package_identification:_identify(.) by extensions ['python_setup_py']
[0.258s] Level 1:colcon.colcon_core.package_identification:_identify(.) by extension 'python_setup_py'
[0.258s] Level 1:colcon.colcon_core.package_identification:_identify(build) by extensions ['ignore', 'ignore_ament_install']
[0.258s] Level 1:colcon.colcon_core.package_identification:_identify(build) by extension 'ignore'
[0.258s] Level 1:colcon.colcon_core.package_identification:_identify(build) ignored
[0.258s] Level 1:colcon.colcon_core.package_identification:_identify(demo_topic_cpp) by extensions ['ignore', 'ignore_ament_install']
[0.258s] Level 1:colcon.colcon_core.package_identification:_identify(demo_topic_cpp) by extension 'ignore'
[0.258s] Level 1:colcon.colcon_core.package_identification:_identify(demo_topic_cpp) by extension 'ignore_ament_install'
[0.258s] Level 1:colcon.colcon_core.package_identification:_identify(demo_topic_cpp) by extensions ['colcon_pkg']
[0.258s] Level 1:colcon.colcon_core.package_identification:_identify(demo_topic_cpp) by extension 'colcon_pkg'
[0.258s] Level 1:colcon.colcon_core.package_identification:_identify(demo_topic_cpp) by extensions ['colcon_meta']
[0.258s] Level 1:colcon.colcon_core.package_identification:_identify(demo_topic_cpp) by extension 'colcon_meta'
[0.258s] Level 1:colcon.colcon_core.package_identification:_identify(demo_topic_cpp) by extensions ['ros']
[0.258s] Level 1:colcon.colcon_core.package_identification:_identify(demo_topic_cpp) by extension 'ros'
[0.260s] DEBUG:colcon.colcon_core.package_identification:Package 'demo_topic_cpp' with type 'ros.ament_cmake' and name 'demo_topic_cpp'
[0.260s] Level 1:colcon.colcon_core.package_identification:_identify(install) by extensions ['ignore', 'ignore_ament_install']
[0.260s] Level 1:colcon.colcon_core.package_identification:_identify(install) by extension 'ignore'
[0.260s] Level 1:colcon.colcon_core.package_identification:_identify(install) ignored
[0.260s] Level 1:colcon.colcon_core.package_identification:_identify(log) by extensions ['ignore', 'ignore_ament_install']
[0.260s] Level 1:colcon.colcon_core.package_identification:_identify(log) by extension 'ignore'
[0.260s] Level 1:colcon.colcon_core.package_identification:_identify(log) ignored
[0.261s] Level 1:colcon.colcon_core.package_discovery:discover_packages(recursive) using defaults
[0.261s] Level 1:colcon.colcon_core.package_discovery:discover_packages(ignore) discover
[0.261s] Level 1:colcon.colcon_core.package_discovery:discover_packages(ignore) using defaults
[0.261s] Level 1:colcon.colcon_core.package_discovery:discover_packages(path) discover
[0.261s] Level 1:colcon.colcon_core.package_discovery:discover_packages(path) using defaults
[0.272s] Level 1:colcon.colcon_core.package_discovery:discover_packages(prefix_path) check parameters
[0.272s] Level 1:colcon.colcon_core.package_discovery:discover_packages(prefix_path) discover
[0.273s] DEBUG:colcon.colcon_installed_package_information.package_discovery:Found 1 installed packages in /home/lhc/fishros-/p3/topic_ws/src/install
[0.274s] DEBUG:colcon.colcon_installed_package_information.package_discovery:Found 263 installed packages in /opt/ros/foxy
[0.275s] Level 1:colcon.colcon_core.package_discovery:discover_packages(prefix_path) using defaults
[0.333s] Level 5:colcon.colcon_core.verb:set package 'demo_topic_cpp' build argument 'cmake_args' from command line to 'None'
[0.333s] Level 5:colcon.colcon_core.verb:set package 'demo_topic_cpp' build argument 'cmake_target' from command line to 'None'
[0.333s] Level 5:colcon.colcon_core.verb:set package 'demo_topic_cpp' build argument 'cmake_target_skip_unavailable' from command line to 'False'
[0.333s] Level 5:colcon.colcon_core.verb:set package 'demo_topic_cpp' build argument 'cmake_clean_cache' from command line to 'False'
[0.333s] Level 5:colcon.colcon_core.verb:set package 'demo_topic_cpp' build argument 'cmake_clean_first' from command line to 'False'
[0.333s] Level 5:colcon.colcon_core.verb:set package 'demo_topic_cpp' build argument 'cmake_force_configure' from command line to 'False'
[0.333s] Level 5:colcon.colcon_core.verb:set package 'demo_topic_cpp' build argument 'ament_cmake_args' from command line to 'None'
[0.333s] Level 5:colcon.colcon_core.verb:set package 'demo_topic_cpp' build argument 'catkin_cmake_args' from command line to 'None'
[0.333s] Level 5:colcon.colcon_core.verb:set package 'demo_topic_cpp' build argument 'catkin_skip_building_tests' from command line to 'False'
[0.334s] DEBUG:colcon.colcon_core.verb:Building package 'demo_topic_cpp' with the following arguments: {'ament_cmake_args': None, 'build_base': '/home/lhc/fishros-/p3/topic_ws/src/build/demo_topic_cpp', 'catkin_cmake_args': None, 'catkin_skip_building_tests': False, 'cmake_args': None, 'cmake_clean_cache': False, 'cmake_clean_first': False, 'cmake_force_configure': False, 'cmake_target': None, 'cmake_target_skip_unavailable': False, 'install_base': '/home/lhc/fishros-/p3/topic_ws/src/install/demo_topic_cpp', 'merge_install': False, 'path': '/home/lhc/fishros-/p3/topic_ws/src/demo_topic_cpp', 'symlink_install': False, 'test_result_base': None}
[0.334s] INFO:colcon.colcon_core.executor:Executing jobs using 'parallel' executor
[0.335s] DEBUG:colcon.colcon_parallel_executor.executor.parallel:run_until_complete
[0.335s] INFO:colcon.colcon_ros.task.ament_cmake.build:Building ROS package in '/home/lhc/fishros-/p3/topic_ws/src/demo_topic_cpp' with build type 'ament_cmake'
[0.335s] INFO:colcon.colcon_cmake.task.cmake.build:Building CMake package in '/home/lhc/fishros-/p3/topic_ws/src/demo_topic_cpp'
[0.336s] INFO:colcon.colcon_core.plugin_system:Skipping extension 'colcon_core.shell.bat': Not used on non-Windows systems
[0.336s] INFO:colcon.colcon_core.shell:Skip shell extension 'powershell' for command environment: Not usable outside of PowerShell
[0.336s] DEBUG:colcon.colcon_core.shell:Skip shell extension 'dsv' for command environment
[0.346s] DEBUG:colcon.colcon_core.event_handler.log_command:Invoking command in '/home/lhc/fishros-/p3/topic_ws/src/build/demo_topic_cpp': CMAKE_PREFIX_PATH=${CMAKE_PREFIX_PATH}:/opt/ros/foxy /usr/bin/cmake --build /home/lhc/fishros-/p3/topic_ws/src/build/demo_topic_cpp -- -j12 -l12
[4.575s] DEBUG:colcon.colcon_core.event_handler.log_command:Invoked command in '/home/lhc/fishros-/p3/topic_ws/src/build/demo_topic_cpp' returned '0': CMAKE_PREFIX_PATH=${CMAKE_PREFIX_PATH}:/opt/ros/foxy /usr/bin/cmake --build /home/lhc/fishros-/p3/topic_ws/src/build/demo_topic_cpp -- -j12 -l12
[4.590s] DEBUG:colcon.colcon_core.event_handler.log_command:Invoking command in '/home/lhc/fishros-/p3/topic_ws/src/build/demo_topic_cpp': CMAKE_PREFIX_PATH=${CMAKE_PREFIX_PATH}:/opt/ros/foxy /usr/bin/cmake --install /home/lhc/fishros-/p3/topic_ws/src/build/demo_topic_cpp
[4.602s] Level 1:colcon.colcon_core.environment:create_environment_scripts_only(demo_topic_cpp)
[4.603s] DEBUG:colcon.colcon_core.event_handler.log_command:Invoked command in '/home/lhc/fishros-/p3/topic_ws/src/build/demo_topic_cpp' returned '0': CMAKE_PREFIX_PATH=${CMAKE_PREFIX_PATH}:/opt/ros/foxy /usr/bin/cmake --install /home/lhc/fishros-/p3/topic_ws/src/build/demo_topic_cpp
[4.605s] Level 1:colcon.colcon_core.environment:checking '/home/lhc/fishros-/p3/topic_ws/src/install/demo_topic_cpp' for CMake module files
[4.606s] Level 1:colcon.colcon_core.environment:checking '/home/lhc/fishros-/p3/topic_ws/src/install/demo_topic_cpp' for CMake config files
[4.606s] Level 1:colcon.colcon_core.shell:create_environment_hook('demo_topic_cpp', 'cmake_prefix_path')
[4.606s] INFO:colcon.colcon_core.shell:Creating environment hook '/home/lhc/fishros-/p3/topic_ws/src/install/demo_topic_cpp/share/demo_topic_cpp/hook/cmake_prefix_path.ps1'
[4.607s] INFO:colcon.colcon_core.shell:Creating environment descriptor '/home/lhc/fishros-/p3/topic_ws/src/install/demo_topic_cpp/share/demo_topic_cpp/hook/cmake_prefix_path.dsv'
[4.608s] INFO:colcon.colcon_core.shell:Creating environment hook '/home/lhc/fishros-/p3/topic_ws/src/install/demo_topic_cpp/share/demo_topic_cpp/hook/cmake_prefix_path.sh'
[4.608s] Level 1:colcon.colcon_core.environment:checking '/home/lhc/fishros-/p3/topic_ws/src/install/demo_topic_cpp/lib'
[4.608s] Level 1:colcon.colcon_core.environment:checking '/home/lhc/fishros-/p3/topic_ws/src/install/demo_topic_cpp/bin'
[4.609s] Level 1:colcon.colcon_core.environment:checking '/home/lhc/fishros-/p3/topic_ws/src/install/demo_topic_cpp/lib/pkgconfig/demo_topic_cpp.pc'
[4.609s] Level 1:colcon.colcon_core.environment:checking '/home/lhc/fishros-/p3/topic_ws/src/install/demo_topic_cpp/lib/python3.8/site-packages'
[4.609s] Level 1:colcon.colcon_core.environment:checking '/home/lhc/fishros-/p3/topic_ws/src/install/demo_topic_cpp/bin'
[4.609s] INFO:colcon.colcon_core.shell:Creating package script '/home/lhc/fishros-/p3/topic_ws/src/install/demo_topic_cpp/share/demo_topic_cpp/package.ps1'
[4.609s] INFO:colcon.colcon_core.shell:Creating package descriptor '/home/lhc/fishros-/p3/topic_ws/src/install/demo_topic_cpp/share/demo_topic_cpp/package.dsv'
[4.610s] INFO:colcon.colcon_core.shell:Creating package script '/home/lhc/fishros-/p3/topic_ws/src/install/demo_topic_cpp/share/demo_topic_cpp/package.sh'
[4.610s] INFO:colcon.colcon_core.shell:Creating package script '/home/lhc/fishros-/p3/topic_ws/src/install/demo_topic_cpp/share/demo_topic_cpp/package.bash'
[4.611s] INFO:colcon.colcon_core.shell:Creating package script '/home/lhc/fishros-/p3/topic_ws/src/install/demo_topic_cpp/share/demo_topic_cpp/package.zsh'
[4.611s] Level 1:colcon.colcon_core.environment:create_file_with_runtime_dependencies(/home/lhc/fishros-/p3/topic_ws/src/install/demo_topic_cpp/share/colcon-core/packages/demo_topic_cpp)
[4.612s] Level 1:colcon.colcon_core.environment:create_environment_scripts_only(demo_topic_cpp)
[4.612s] Level 1:colcon.colcon_core.environment:checking '/home/lhc/fishros-/p3/topic_ws/src/install/demo_topic_cpp' for CMake module files
[4.612s] Level 1:colcon.colcon_core.environment:checking '/home/lhc/fishros-/p3/topic_ws/src/install/demo_topic_cpp' for CMake config files
[4.612s] Level 1:colcon.colcon_core.shell:create_environment_hook('demo_topic_cpp', 'cmake_prefix_path')
[4.612s] INFO:colcon.colcon_core.shell:Creating environment hook '/home/lhc/fishros-/p3/topic_ws/src/install/demo_topic_cpp/share/demo_topic_cpp/hook/cmake_prefix_path.ps1'
[4.613s] INFO:colcon.colcon_core.shell:Creating environment descriptor '/home/lhc/fishros-/p3/topic_ws/src/install/demo_topic_cpp/share/demo_topic_cpp/hook/cmake_prefix_path.dsv'
[4.613s] INFO:colcon.colcon_core.shell:Creating environment hook '/home/lhc/fishros-/p3/topic_ws/src/install/demo_topic_cpp/share/demo_topic_cpp/hook/cmake_prefix_path.sh'
[4.613s] Level 1:colcon.colcon_core.environment:checking '/home/lhc/fishros-/p3/topic_ws/src/install/demo_topic_cpp/lib'
[4.613s] Level 1:colcon.colcon_core.environment:checking '/home/lhc/fishros-/p3/topic_ws/src/install/demo_topic_cpp/bin'
[4.613s] Level 1:colcon.colcon_core.environment:checking '/home/lhc/fishros-/p3/topic_ws/src/install/demo_topic_cpp/lib/pkgconfig/demo_topic_cpp.pc'
[4.614s] Level 1:colcon.colcon_core.environment:checking '/home/lhc/fishros-/p3/topic_ws/src/install/demo_topic_cpp/lib/python3.8/site-packages'
[4.614s] Level 1:colcon.colcon_core.environment:checking '/home/lhc/fishros-/p3/topic_ws/src/install/demo_topic_cpp/bin'
[4.614s] INFO:colcon.colcon_core.shell:Creating package script '/home/lhc/fishros-/p3/topic_ws/src/install/demo_topic_cpp/share/demo_topic_cpp/package.ps1'
[4.614s] INFO:colcon.colcon_core.shell:Creating package descriptor '/home/lhc/fishros-/p3/topic_ws/src/install/demo_topic_cpp/share/demo_topic_cpp/package.dsv'
[4.614s] INFO:colcon.colcon_core.shell:Creating package script '/home/lhc/fishros-/p3/topic_ws/src/install/demo_topic_cpp/share/demo_topic_cpp/package.sh'
[4.615s] INFO:colcon.colcon_core.shell:Creating package script '/home/lhc/fishros-/p3/topic_ws/src/install/demo_topic_cpp/share/demo_topic_cpp/package.bash'
[4.615s] INFO:colcon.colcon_core.shell:Creating package script '/home/lhc/fishros-/p3/topic_ws/src/install/demo_topic_cpp/share/demo_topic_cpp/package.zsh'
[4.615s] Level 1:colcon.colcon_core.environment:create_file_with_runtime_dependencies(/home/lhc/fishros-/p3/topic_ws/src/install/demo_topic_cpp/share/colcon-core/packages/demo_topic_cpp)
[4.616s] DEBUG:colcon.colcon_parallel_executor.executor.parallel:closing loop
[4.616s] DEBUG:colcon.colcon_parallel_executor.executor.parallel:loop closed
[4.616s] DEBUG:colcon.colcon_parallel_executor.executor.parallel:run_until_complete finished with '0'
[4.616s] DEBUG:colcon.colcon_core.event_reactor:joining thread
[4.622s] INFO:colcon.colcon_core.plugin_system:Skipping extension 'colcon_notification.desktop_notification.terminal_notifier': Not used on non-Darwin systems
[4.622s] INFO:colcon.colcon_core.plugin_system:Skipping extension 'colcon_notification.desktop_notification.win32': Not used on non-Windows systems
[4.622s] INFO:colcon.colcon_notification.desktop_notification:Sending desktop notification using 'notify2'
[4.640s] DEBUG:colcon.colcon_core.event_reactor:joined thread
[4.640s] INFO:colcon.colcon_core.shell:Creating prefix script '/home/lhc/fishros-/p3/topic_ws/src/install/local_setup.ps1'
[4.641s] INFO:colcon.colcon_core.shell:Creating prefix util module '/home/lhc/fishros-/p3/topic_ws/src/install/_local_setup_util_ps1.py'
[4.642s] INFO:colcon.colcon_core.shell:Creating prefix chain script '/home/lhc/fishros-/p3/topic_ws/src/install/setup.ps1'
[4.644s] INFO:colcon.colcon_core.shell:Creating prefix script '/home/lhc/fishros-/p3/topic_ws/src/install/local_setup.sh'
[4.645s] INFO:colcon.colcon_core.shell:Creating prefix util module '/home/lhc/fishros-/p3/topic_ws/src/install/_local_setup_util_sh.py'
[4.646s] INFO:colcon.colcon_core.shell:Creating prefix chain script '/home/lhc/fishros-/p3/topic_ws/src/install/setup.sh'
[4.646s] INFO:colcon.colcon_core.shell:Creating prefix script '/home/lhc/fishros-/p3/topic_ws/src/install/local_setup.bash'
[4.647s] INFO:colcon.colcon_core.shell:Creating prefix chain script '/home/lhc/fishros-/p3/topic_ws/src/install/setup.bash'
[4.649s] INFO:colcon.colcon_core.shell:Creating prefix script '/home/lhc/fishros-/p3/topic_ws/src/install/local_setup.zsh'
[4.650s] INFO:colcon.colcon_core.shell:Creating prefix chain script '/home/lhc/fishros-/p3/topic_ws/src/install/setup.zsh'
