[0.011s] Invoking command in '/home/lhc/fishros-/p3/topic_practice_ws/build/status_interfaces': CMAKE_PREFIX_PATH=${CMAKE_PREFIX_PATH}:/home/lhc/fishros-/p3/topic_practice_ws/install/status_publisher:/opt/ros/foxy /usr/bin/cmake --build /home/lhc/fishros-/p3/topic_practice_ws/build/status_interfaces -- -j12 -l12
[0.041s] -- Found ament_cmake: 0.9.12 (/opt/ros/foxy/share/ament_cmake/cmake)
[0.067s] -- Found PythonInterp: /usr/bin/python3 (found suitable version "3.8.10", minimum required is "3") 
[0.067s] -- Using PYTHON_EXECUTABLE: /usr/bin/python3
[0.209s] -- Found builtin_interfaces: 1.0.0 (/opt/ros/foxy/share/builtin_interfaces/cmake)
[0.225s] -- Using all available rosidl_typesupport_c: rosidl_typesupport_fastrtps_c;rosidl_typesupport_introspection_c
[0.227s] -- Found rosidl_adapter: 1.3.1 (/opt/ros/foxy/share/rosidl_adapter/cmake)
[0.332s] -- Using all available rosidl_typesupport_cpp: rosidl_typesupport_fastrtps_cpp;rosidl_typesupport_introspection_cpp
[0.354s] -- Found rosidl_default_generators: 1.0.1 (/opt/ros/foxy/share/rosidl_default_generators/cmake)
[0.381s] -- Found PythonInterp: /usr/bin/python3 (found version "3.8.10") 
[0.484s] -- Found ament_cmake_ros: 0.9.2 (/opt/ros/foxy/share/ament_cmake_ros/cmake)
[0.582s] -- Using all available rosidl_typesupport_c: rosidl_typesupport_fastrtps_c;rosidl_typesupport_introspection_c
[0.593s] -- Using all available rosidl_typesupport_cpp: rosidl_typesupport_fastrtps_cpp;rosidl_typesupport_introspection_cpp
[0.614s] -- Found PythonInterp: /usr/bin/python3 (found suitable version "3.8.10", minimum required is "3.5") 
[0.615s] -- Found python_cmake_module: 0.8.1 (/opt/ros/foxy/share/python_cmake_module/cmake)
[0.636s] -- Using PYTHON_EXECUTABLE: /usr/bin/python3
[0.636s] -- Using PYTHON_INCLUDE_DIRS: /usr/include/python3.8
[0.636s] -- Using PYTHON_LIBRARIES: /usr/lib/x86_64-linux-gnu/libpython3.8.so
[0.660s] -- Found ament_lint_auto: 0.9.8 (/opt/ros/foxy/share/ament_lint_auto/cmake)
[0.699s] -- Added test 'copyright' to check source files copyright and LICENSE
[0.701s] -- Added test 'lint_cmake' to check CMake code style
[0.702s] -- Added test 'xmllint' to check XML markup files
[0.706s] -- Configuring done
[0.740s] -- Generating done
[0.750s] -- Build files have been written to: /home/lhc/fishros-/p3/topic_practice_ws/build/status_interfaces
[0.771s] [  3%] [34m[1mGenerating C code for ROS interfaces[0m
[0.782s] [  6%] [34m[1mGenerating C++ code for ROS interfaces[0m
[0.974s] [35m[1mScanning dependencies of target status_interfaces__rosidl_generator_c[0m
[0.985s] [  9%] [32mBuilding C object CMakeFiles/status_interfaces__rosidl_generator_c.dir/rosidl_generator_c/status_interfaces/msg/detail/system_status__functions.c.o[0m
[0.991s] [  9%] Built target status_interfaces__cpp
[1.000s] [ 16%] [34m[1mGenerating C++ type support for eProsima Fast-RTPS[0m
[1.000s] [ 16%] [34m[1mGenerating C++ introspection for ROS interfaces[0m
[1.000s] [ 19%] [34m[1mGenerating C++ type support dispatch for ROS interfaces[0m
[1.078s] [ 22%] [32m[1mLinking C shared library libstatus_interfaces__rosidl_generator_c.so[0m
[1.116s] [ 22%] Built target status_interfaces__rosidl_generator_c
[1.126s] [ 29%] [34m[1mGenerating C introspection for ROS interfaces[0m
[1.126s] [ 29%] [34m[1mGenerating C type support dispatch for ROS interfaces[0m
[1.185s] [35m[1mScanning dependencies of target status_interfaces__rosidl_typesupport_cpp[0m
[1.195s] [ 32%] [32mBuilding CXX object CMakeFiles/status_interfaces__rosidl_typesupport_cpp.dir/rosidl_typesupport_cpp/status_interfaces/msg/system_status__type_support.cpp.o[0m
[1.203s] [35m[1mScanning dependencies of target status_interfaces__rosidl_typesupport_introspection_cpp[0m
[1.206s] [35m[1mScanning dependencies of target status_interfaces__rosidl_typesupport_fastrtps_cpp[0m
[1.215s] [ 35%] [32mBuilding CXX object CMakeFiles/status_interfaces__rosidl_typesupport_introspection_cpp.dir/rosidl_typesupport_introspection_cpp/status_interfaces/msg/detail/system_status__type_support.cpp.o[0m
[1.218s] [ 38%] [32mBuilding CXX object CMakeFiles/status_interfaces__rosidl_typesupport_fastrtps_cpp.dir/rosidl_typesupport_fastrtps_cpp/status_interfaces/msg/detail/dds_fastrtps/system_status__type_support.cpp.o[0m
[1.317s] [35m[1mScanning dependencies of target status_interfaces__rosidl_typesupport_c[0m
[1.329s] [ 41%] [32mBuilding CXX object CMakeFiles/status_interfaces__rosidl_typesupport_c.dir/rosidl_typesupport_c/status_interfaces/msg/system_status__type_support.cpp.o[0m
[1.329s] [35m[1mScanning dependencies of target status_interfaces__rosidl_typesupport_introspection_c[0m
[1.343s] [ 45%] [32mBuilding C object CMakeFiles/status_interfaces__rosidl_typesupport_introspection_c.dir/rosidl_typesupport_introspection_c/status_interfaces/msg/detail/system_status__type_support.c.o[0m
[1.363s] [ 48%] [32m[1mLinking CXX shared library libstatus_interfaces__rosidl_typesupport_c.so[0m
[1.376s] [ 51%] [32m[1mLinking C shared library libstatus_interfaces__rosidl_typesupport_introspection_c.so[0m
[1.401s] [ 51%] Built target status_interfaces__rosidl_typesupport_c
[1.406s] [ 51%] Built target status_interfaces__rosidl_typesupport_introspection_c
[1.461s] [ 54%] [32m[1mLinking CXX shared library libstatus_interfaces__rosidl_typesupport_cpp.so[0m
[1.471s] [ 58%] [32m[1mLinking CXX shared library libstatus_interfaces__rosidl_typesupport_introspection_cpp.so[0m
[1.500s] [ 58%] Built target status_interfaces__rosidl_typesupport_cpp
[1.524s] [ 58%] Built target status_interfaces__rosidl_typesupport_introspection_cpp
[1.575s] [ 61%] [32m[1mLinking CXX shared library libstatus_interfaces__rosidl_typesupport_fastrtps_cpp.so[0m
[1.653s] [ 61%] Built target status_interfaces__rosidl_typesupport_fastrtps_cpp
[1.663s] [ 64%] [34m[1mGenerating C type support for eProsima Fast-RTPS[0m
[1.884s] [35m[1mScanning dependencies of target status_interfaces__rosidl_typesupport_fastrtps_c[0m
[1.899s] [ 67%] [32mBuilding CXX object CMakeFiles/status_interfaces__rosidl_typesupport_fastrtps_c.dir/rosidl_typesupport_fastrtps_c/status_interfaces/msg/detail/system_status__type_support_c.cpp.o[0m
[2.184s] [ 70%] [32m[1mLinking CXX shared library libstatus_interfaces__rosidl_typesupport_fastrtps_c.so[0m
[2.263s] [ 70%] Built target status_interfaces__rosidl_typesupport_fastrtps_c
[2.291s] [ 70%] Built target status_interfaces
[2.319s] [ 74%] [34m[1mGenerating Python code for ROS interfaces[0m
[2.680s] [ 74%] Built target status_interfaces__py
[2.689s] [35m[1mScanning dependencies of target status_interfaces__python[0m
[2.709s] [ 77%] [32mBuilding C object CMakeFiles/status_interfaces__python.dir/rosidl_generator_py/status_interfaces/msg/_system_status_s.c.o[0m
[2.799s] [ 80%] [32m[1mLinking C shared library rosidl_generator_py/status_interfaces/libstatus_interfaces__python.so[0m
[2.851s] [ 80%] Built target status_interfaces__python
[2.860s] [35m[1mScanning dependencies of target status_interfaces__rosidl_typesupport_introspection_c__pyext[0m
[2.861s] [35m[1mScanning dependencies of target status_interfaces__rosidl_typesupport_c__pyext[0m
[2.861s] [35m[1mScanning dependencies of target status_interfaces__rosidl_typesupport_fastrtps_c__pyext[0m
[2.875s] [ 87%] [32mBuilding C object CMakeFiles/status_interfaces__rosidl_typesupport_fastrtps_c__pyext.dir/rosidl_generator_py/status_interfaces/_status_interfaces_s.ep.rosidl_typesupport_fastrtps_c.c.o[0m
[2.876s] [ 87%] [32mBuilding C object CMakeFiles/status_interfaces__rosidl_typesupport_introspection_c__pyext.dir/rosidl_generator_py/status_interfaces/_status_interfaces_s.ep.rosidl_typesupport_introspection_c.c.o[0m
[2.876s] [ 90%] [32mBuilding C object CMakeFiles/status_interfaces__rosidl_typesupport_c__pyext.dir/rosidl_generator_py/status_interfaces/_status_interfaces_s.ep.rosidl_typesupport_c.c.o[0m
[2.939s] [ 96%] [32m[1mLinking C shared library rosidl_generator_py/status_interfaces/status_interfaces_s__rosidl_typesupport_c.cpython-38-x86_64-linux-gnu.so[0m
[2.939s] [ 96%] [32m[1mLinking C shared library rosidl_generator_py/status_interfaces/status_interfaces_s__rosidl_typesupport_introspection_c.cpython-38-x86_64-linux-gnu.so[0m
[2.939s] [100%] [32m[1mLinking CXX shared library rosidl_generator_py/status_interfaces/status_interfaces_s__rosidl_typesupport_fastrtps_c.cpython-38-x86_64-linux-gnu.so[0m
[2.971s] [100%] Built target status_interfaces__rosidl_typesupport_introspection_c__pyext
[2.971s] [100%] Built target status_interfaces__rosidl_typesupport_c__pyext
[2.995s] [100%] Built target status_interfaces__rosidl_typesupport_fastrtps_c__pyext
[3.006s] Invoked command in '/home/lhc/fishros-/p3/topic_practice_ws/build/status_interfaces' returned '0': CMAKE_PREFIX_PATH=${CMAKE_PREFIX_PATH}:/home/lhc/fishros-/p3/topic_practice_ws/install/status_publisher:/opt/ros/foxy /usr/bin/cmake --build /home/lhc/fishros-/p3/topic_practice_ws/build/status_interfaces -- -j12 -l12
[3.019s] Invoking command in '/home/lhc/fishros-/p3/topic_practice_ws/build/status_interfaces': CMAKE_PREFIX_PATH=${CMAKE_PREFIX_PATH}:/home/lhc/fishros-/p3/topic_practice_ws/install/status_publisher:/opt/ros/foxy /usr/bin/cmake --install /home/lhc/fishros-/p3/topic_practice_ws/build/status_interfaces
[3.027s] -- Install configuration: ""
[3.027s] -- Up-to-date: /home/lhc/fishros-/p3/topic_practice_ws/install/status_interfaces/share/ament_index/resource_index/rosidl_interfaces/status_interfaces
[3.027s] -- Up-to-date: /home/lhc/fishros-/p3/topic_practice_ws/install/status_interfaces/include/status_interfaces
[3.027s] -- Up-to-date: /home/lhc/fishros-/p3/topic_practice_ws/install/status_interfaces/include/status_interfaces/msg
[3.028s] -- Up-to-date: /home/lhc/fishros-/p3/topic_practice_ws/install/status_interfaces/include/status_interfaces/msg/detail
[3.028s] -- Installing: /home/lhc/fishros-/p3/topic_practice_ws/install/status_interfaces/include/status_interfaces/msg/detail/system_status__struct.h
[3.028s] -- Installing: /home/lhc/fishros-/p3/topic_practice_ws/install/status_interfaces/include/status_interfaces/msg/detail/system_status__functions.c
[3.028s] -- Installing: /home/lhc/fishros-/p3/topic_practice_ws/install/status_interfaces/include/status_interfaces/msg/detail/system_status__functions.h
[3.028s] -- Installing: /home/lhc/fishros-/p3/topic_practice_ws/install/status_interfaces/include/status_interfaces/msg/detail/system_status__type_support.h
[3.028s] -- Up-to-date: /home/lhc/fishros-/p3/topic_practice_ws/install/status_interfaces/include/status_interfaces/msg/rosidl_generator_c__visibility_control.h
[3.028s] -- Installing: /home/lhc/fishros-/p3/topic_practice_ws/install/status_interfaces/include/status_interfaces/msg/system_status.h
[3.028s] -- Up-to-date: /home/lhc/fishros-/p3/topic_practice_ws/install/status_interfaces/share/status_interfaces/environment/library_path.sh
[3.028s] -- Installing: /home/lhc/fishros-/p3/topic_practice_ws/install/status_interfaces/share/status_interfaces/environment/library_path.dsv
[3.028s] -- Installing: /home/lhc/fishros-/p3/topic_practice_ws/install/status_interfaces/lib/libstatus_interfaces__rosidl_generator_c.so
[3.029s] -- Set runtime path of "/home/lhc/fishros-/p3/topic_practice_ws/install/status_interfaces/lib/libstatus_interfaces__rosidl_generator_c.so" to ""
[3.029s] -- Up-to-date: /home/lhc/fishros-/p3/topic_practice_ws/install/status_interfaces/include/status_interfaces
[3.029s] -- Up-to-date: /home/lhc/fishros-/p3/topic_practice_ws/install/status_interfaces/include/status_interfaces/msg
[3.029s] -- Up-to-date: /home/lhc/fishros-/p3/topic_practice_ws/install/status_interfaces/include/status_interfaces/msg/detail
[3.029s] -- Installing: /home/lhc/fishros-/p3/topic_practice_ws/install/status_interfaces/include/status_interfaces/msg/detail/system_status__rosidl_typesupport_fastrtps_c.h
[3.030s] -- Up-to-date: /home/lhc/fishros-/p3/topic_practice_ws/install/status_interfaces/include/status_interfaces/msg/rosidl_typesupport_fastrtps_c__visibility_control.h
[3.030s] -- Installing: /home/lhc/fishros-/p3/topic_practice_ws/install/status_interfaces/lib/libstatus_interfaces__rosidl_typesupport_fastrtps_c.so
[3.030s] -- Set runtime path of "/home/lhc/fishros-/p3/topic_practice_ws/install/status_interfaces/lib/libstatus_interfaces__rosidl_typesupport_fastrtps_c.so" to ""
[3.030s] -- Up-to-date: /home/lhc/fishros-/p3/topic_practice_ws/install/status_interfaces/include/status_interfaces
[3.030s] -- Up-to-date: /home/lhc/fishros-/p3/topic_practice_ws/install/status_interfaces/include/status_interfaces/msg
[3.030s] -- Up-to-date: /home/lhc/fishros-/p3/topic_practice_ws/install/status_interfaces/include/status_interfaces/msg/detail
[3.030s] -- Up-to-date: /home/lhc/fishros-/p3/topic_practice_ws/install/status_interfaces/include/status_interfaces/msg/detail/dds_fastrtps
[3.030s] -- Installing: /home/lhc/fishros-/p3/topic_practice_ws/install/status_interfaces/include/status_interfaces/msg/detail/system_status__rosidl_typesupport_fastrtps_cpp.hpp
[3.030s] -- Up-to-date: /home/lhc/fishros-/p3/topic_practice_ws/install/status_interfaces/include/status_interfaces/msg/rosidl_typesupport_fastrtps_cpp__visibility_control.h
[3.031s] -- Installing: /home/lhc/fishros-/p3/topic_practice_ws/install/status_interfaces/lib/libstatus_interfaces__rosidl_typesupport_fastrtps_cpp.so
[3.031s] -- Set runtime path of "/home/lhc/fishros-/p3/topic_practice_ws/install/status_interfaces/lib/libstatus_interfaces__rosidl_typesupport_fastrtps_cpp.so" to ""
[3.031s] -- Up-to-date: /home/lhc/fishros-/p3/topic_practice_ws/install/status_interfaces/include/status_interfaces
[3.031s] -- Up-to-date: /home/lhc/fishros-/p3/topic_practice_ws/install/status_interfaces/include/status_interfaces/msg
[3.031s] -- Up-to-date: /home/lhc/fishros-/p3/topic_practice_ws/install/status_interfaces/include/status_interfaces/msg/detail
[3.031s] -- Installing: /home/lhc/fishros-/p3/topic_practice_ws/install/status_interfaces/include/status_interfaces/msg/detail/system_status__rosidl_typesupport_introspection_c.h
[3.031s] -- Installing: /home/lhc/fishros-/p3/topic_practice_ws/install/status_interfaces/include/status_interfaces/msg/detail/system_status__type_support.c
[3.031s] -- Up-to-date: /home/lhc/fishros-/p3/topic_practice_ws/install/status_interfaces/include/status_interfaces/msg/rosidl_typesupport_introspection_c__visibility_control.h
[3.031s] -- Installing: /home/lhc/fishros-/p3/topic_practice_ws/install/status_interfaces/lib/libstatus_interfaces__rosidl_typesupport_introspection_c.so
[3.032s] -- Set runtime path of "/home/lhc/fishros-/p3/topic_practice_ws/install/status_interfaces/lib/libstatus_interfaces__rosidl_typesupport_introspection_c.so" to ""
[3.032s] -- Installing: /home/lhc/fishros-/p3/topic_practice_ws/install/status_interfaces/lib/libstatus_interfaces__rosidl_typesupport_c.so
[3.032s] -- Set runtime path of "/home/lhc/fishros-/p3/topic_practice_ws/install/status_interfaces/lib/libstatus_interfaces__rosidl_typesupport_c.so" to ""
[3.032s] -- Up-to-date: /home/lhc/fishros-/p3/topic_practice_ws/install/status_interfaces/include/status_interfaces
[3.033s] -- Up-to-date: /home/lhc/fishros-/p3/topic_practice_ws/install/status_interfaces/include/status_interfaces/msg
[3.033s] -- Up-to-date: /home/lhc/fishros-/p3/topic_practice_ws/install/status_interfaces/include/status_interfaces/msg/detail
[3.033s] -- Installing: /home/lhc/fishros-/p3/topic_practice_ws/install/status_interfaces/include/status_interfaces/msg/detail/system_status__type_support.hpp
[3.033s] -- Installing: /home/lhc/fishros-/p3/topic_practice_ws/install/status_interfaces/include/status_interfaces/msg/detail/system_status__builder.hpp
[3.033s] -- Installing: /home/lhc/fishros-/p3/topic_practice_ws/install/status_interfaces/include/status_interfaces/msg/detail/system_status__traits.hpp
[3.033s] -- Installing: /home/lhc/fishros-/p3/topic_practice_ws/install/status_interfaces/include/status_interfaces/msg/detail/system_status__struct.hpp
[3.033s] -- Installing: /home/lhc/fishros-/p3/topic_practice_ws/install/status_interfaces/include/status_interfaces/msg/system_status.hpp
[3.033s] -- Up-to-date: /home/lhc/fishros-/p3/topic_practice_ws/install/status_interfaces/include/status_interfaces/msg/rosidl_generator_cpp__visibility_control.hpp
[3.033s] -- Up-to-date: /home/lhc/fishros-/p3/topic_practice_ws/install/status_interfaces/include/status_interfaces
[3.033s] -- Up-to-date: /home/lhc/fishros-/p3/topic_practice_ws/install/status_interfaces/include/status_interfaces/msg
[3.033s] -- Up-to-date: /home/lhc/fishros-/p3/topic_practice_ws/install/status_interfaces/include/status_interfaces/msg/detail
[3.034s] -- Installing: /home/lhc/fishros-/p3/topic_practice_ws/install/status_interfaces/include/status_interfaces/msg/detail/system_status__rosidl_typesupport_introspection_cpp.hpp
[3.034s] -- Installing: /home/lhc/fishros-/p3/topic_practice_ws/install/status_interfaces/include/status_interfaces/msg/detail/system_status__type_support.cpp
[3.034s] -- Installing: /home/lhc/fishros-/p3/topic_practice_ws/install/status_interfaces/lib/libstatus_interfaces__rosidl_typesupport_introspection_cpp.so
[3.034s] -- Set runtime path of "/home/lhc/fishros-/p3/topic_practice_ws/install/status_interfaces/lib/libstatus_interfaces__rosidl_typesupport_introspection_cpp.so" to ""
[3.034s] -- Installing: /home/lhc/fishros-/p3/topic_practice_ws/install/status_interfaces/lib/libstatus_interfaces__rosidl_typesupport_cpp.so
[3.035s] -- Set runtime path of "/home/lhc/fishros-/p3/topic_practice_ws/install/status_interfaces/lib/libstatus_interfaces__rosidl_typesupport_cpp.so" to ""
[3.035s] -- Up-to-date: /home/lhc/fishros-/p3/topic_practice_ws/install/status_interfaces/share/status_interfaces/environment/pythonpath.sh
[3.035s] -- Installing: /home/lhc/fishros-/p3/topic_practice_ws/install/status_interfaces/share/status_interfaces/environment/pythonpath.dsv
[3.035s] -- Installing: /home/lhc/fishros-/p3/topic_practice_ws/install/status_interfaces/lib/python3.8/site-packages/status_interfaces/__init__.py
[3.059s] Compiling '/home/lhc/fishros-/p3/topic_practice_ws/install/status_interfaces/lib/python3.8/site-packages/status_interfaces/__init__.py'...
[3.061s] -- Up-to-date: /home/lhc/fishros-/p3/topic_practice_ws/install/status_interfaces/lib/python3.8/site-packages/status_interfaces/msg
[3.061s] -- Installing: /home/lhc/fishros-/p3/topic_practice_ws/install/status_interfaces/lib/python3.8/site-packages/status_interfaces/msg/_system_status.py
[3.062s] -- Installing: /home/lhc/fishros-/p3/topic_practice_ws/install/status_interfaces/lib/python3.8/site-packages/status_interfaces/msg/_system_status_s.c
[3.062s] -- Installing: /home/lhc/fishros-/p3/topic_practice_ws/install/status_interfaces/lib/python3.8/site-packages/status_interfaces/msg/__init__.py
[3.062s] -- Installing: /home/lhc/fishros-/p3/topic_practice_ws/install/status_interfaces/lib/python3.8/site-packages/status_interfaces/status_interfaces_s__rosidl_typesupport_fastrtps_c.cpython-38-x86_64-linux-gnu.so
[3.063s] -- Set runtime path of "/home/lhc/fishros-/p3/topic_practice_ws/install/status_interfaces/lib/python3.8/site-packages/status_interfaces/status_interfaces_s__rosidl_typesupport_fastrtps_c.cpython-38-x86_64-linux-gnu.so" to ""
[3.063s] -- Installing: /home/lhc/fishros-/p3/topic_practice_ws/install/status_interfaces/lib/python3.8/site-packages/status_interfaces/status_interfaces_s__rosidl_typesupport_introspection_c.cpython-38-x86_64-linux-gnu.so
[3.064s] -- Set runtime path of "/home/lhc/fishros-/p3/topic_practice_ws/install/status_interfaces/lib/python3.8/site-packages/status_interfaces/status_interfaces_s__rosidl_typesupport_introspection_c.cpython-38-x86_64-linux-gnu.so" to ""
[3.064s] -- Installing: /home/lhc/fishros-/p3/topic_practice_ws/install/status_interfaces/lib/python3.8/site-packages/status_interfaces/status_interfaces_s__rosidl_typesupport_c.cpython-38-x86_64-linux-gnu.so
[3.065s] -- Set runtime path of "/home/lhc/fishros-/p3/topic_practice_ws/install/status_interfaces/lib/python3.8/site-packages/status_interfaces/status_interfaces_s__rosidl_typesupport_c.cpython-38-x86_64-linux-gnu.so" to ""
[3.065s] -- Installing: /home/lhc/fishros-/p3/topic_practice_ws/install/status_interfaces/lib/libstatus_interfaces__python.so
[3.066s] -- Set runtime path of "/home/lhc/fishros-/p3/topic_practice_ws/install/status_interfaces/lib/libstatus_interfaces__python.so" to ""
[3.066s] -- Installing: /home/lhc/fishros-/p3/topic_practice_ws/install/status_interfaces/share/status_interfaces/msg/SystemStatus.idl
[3.066s] -- Installing: /home/lhc/fishros-/p3/topic_practice_ws/install/status_interfaces/share/status_interfaces/msg/SystemStatus.msg
[3.066s] -- Up-to-date: /home/lhc/fishros-/p3/topic_practice_ws/install/status_interfaces/share/ament_index/resource_index/package_run_dependencies/status_interfaces
[3.066s] -- Up-to-date: /home/lhc/fishros-/p3/topic_practice_ws/install/status_interfaces/share/ament_index/resource_index/parent_prefix_path/status_interfaces
[3.066s] -- Up-to-date: /home/lhc/fishros-/p3/topic_practice_ws/install/status_interfaces/share/status_interfaces/environment/ament_prefix_path.sh
[3.066s] -- Installing: /home/lhc/fishros-/p3/topic_practice_ws/install/status_interfaces/share/status_interfaces/environment/ament_prefix_path.dsv
[3.066s] -- Up-to-date: /home/lhc/fishros-/p3/topic_practice_ws/install/status_interfaces/share/status_interfaces/environment/path.sh
[3.066s] -- Installing: /home/lhc/fishros-/p3/topic_practice_ws/install/status_interfaces/share/status_interfaces/environment/path.dsv
[3.067s] -- Up-to-date: /home/lhc/fishros-/p3/topic_practice_ws/install/status_interfaces/share/status_interfaces/local_setup.bash
[3.067s] -- Up-to-date: /home/lhc/fishros-/p3/topic_practice_ws/install/status_interfaces/share/status_interfaces/local_setup.sh
[3.067s] -- Up-to-date: /home/lhc/fishros-/p3/topic_practice_ws/install/status_interfaces/share/status_interfaces/local_setup.zsh
[3.067s] -- Installing: /home/lhc/fishros-/p3/topic_practice_ws/install/status_interfaces/share/status_interfaces/local_setup.dsv
[3.067s] -- Installing: /home/lhc/fishros-/p3/topic_practice_ws/install/status_interfaces/share/status_interfaces/package.dsv
[3.067s] -- Up-to-date: /home/lhc/fishros-/p3/topic_practice_ws/install/status_interfaces/share/ament_index/resource_index/packages/status_interfaces
[3.067s] -- Up-to-date: /home/lhc/fishros-/p3/topic_practice_ws/install/status_interfaces/share/status_interfaces/cmake/status_interfaces__rosidl_generator_cExport.cmake
[3.067s] -- Installing: /home/lhc/fishros-/p3/topic_practice_ws/install/status_interfaces/share/status_interfaces/cmake/status_interfaces__rosidl_generator_cExport-noconfig.cmake
[3.068s] -- Up-to-date: /home/lhc/fishros-/p3/topic_practice_ws/install/status_interfaces/share/status_interfaces/cmake/status_interfaces__rosidl_typesupport_introspection_cExport.cmake
[3.068s] -- Installing: /home/lhc/fishros-/p3/topic_practice_ws/install/status_interfaces/share/status_interfaces/cmake/status_interfaces__rosidl_typesupport_introspection_cExport-noconfig.cmake
[3.068s] -- Up-to-date: /home/lhc/fishros-/p3/topic_practice_ws/install/status_interfaces/share/status_interfaces/cmake/status_interfaces__rosidl_typesupport_cExport.cmake
[3.068s] -- Installing: /home/lhc/fishros-/p3/topic_practice_ws/install/status_interfaces/share/status_interfaces/cmake/status_interfaces__rosidl_typesupport_cExport-noconfig.cmake
[3.068s] -- Up-to-date: /home/lhc/fishros-/p3/topic_practice_ws/install/status_interfaces/share/status_interfaces/cmake/status_interfaces__rosidl_generator_cppExport.cmake
[3.069s] -- Up-to-date: /home/lhc/fishros-/p3/topic_practice_ws/install/status_interfaces/share/status_interfaces/cmake/status_interfaces__rosidl_typesupport_introspection_cppExport.cmake
[3.069s] -- Installing: /home/lhc/fishros-/p3/topic_practice_ws/install/status_interfaces/share/status_interfaces/cmake/status_interfaces__rosidl_typesupport_introspection_cppExport-noconfig.cmake
[3.069s] -- Up-to-date: /home/lhc/fishros-/p3/topic_practice_ws/install/status_interfaces/share/status_interfaces/cmake/status_interfaces__rosidl_typesupport_cppExport.cmake
[3.069s] -- Installing: /home/lhc/fishros-/p3/topic_practice_ws/install/status_interfaces/share/status_interfaces/cmake/status_interfaces__rosidl_typesupport_cppExport-noconfig.cmake
[3.069s] -- Up-to-date: /home/lhc/fishros-/p3/topic_practice_ws/install/status_interfaces/share/status_interfaces/cmake/rosidl_cmake-extras.cmake
[3.069s] -- Up-to-date: /home/lhc/fishros-/p3/topic_practice_ws/install/status_interfaces/share/status_interfaces/cmake/ament_cmake_export_dependencies-extras.cmake
[3.069s] -- Up-to-date: /home/lhc/fishros-/p3/topic_practice_ws/install/status_interfaces/share/status_interfaces/cmake/ament_cmake_export_libraries-extras.cmake
[3.069s] -- Up-to-date: /home/lhc/fishros-/p3/topic_practice_ws/install/status_interfaces/share/status_interfaces/cmake/ament_cmake_export_targets-extras.cmake
[3.070s] -- Up-to-date: /home/lhc/fishros-/p3/topic_practice_ws/install/status_interfaces/share/status_interfaces/cmake/ament_cmake_export_include_directories-extras.cmake
[3.070s] -- Up-to-date: /home/lhc/fishros-/p3/topic_practice_ws/install/status_interfaces/share/status_interfaces/cmake/rosidl_cmake_export_typesupport_libraries-extras.cmake
[3.070s] -- Up-to-date: /home/lhc/fishros-/p3/topic_practice_ws/install/status_interfaces/share/status_interfaces/cmake/rosidl_cmake_export_typesupport_targets-extras.cmake
[3.070s] -- Up-to-date: /home/lhc/fishros-/p3/topic_practice_ws/install/status_interfaces/share/status_interfaces/cmake/status_interfacesConfig.cmake
[3.070s] -- Up-to-date: /home/lhc/fishros-/p3/topic_practice_ws/install/status_interfaces/share/status_interfaces/cmake/status_interfacesConfig-version.cmake
[3.070s] -- Up-to-date: /home/lhc/fishros-/p3/topic_practice_ws/install/status_interfaces/share/status_interfaces/package.xml
[3.072s] Invoked command in '/home/lhc/fishros-/p3/topic_practice_ws/build/status_interfaces' returned '0': CMAKE_PREFIX_PATH=${CMAKE_PREFIX_PATH}:/home/lhc/fishros-/p3/topic_practice_ws/install/status_publisher:/opt/ros/foxy /usr/bin/cmake --install /home/lhc/fishros-/p3/topic_practice_ws/build/status_interfaces
