-- Found ament_cmake: 0.9.12 (/opt/ros/foxy/share/ament_cmake/cmake)
-- Using PYTHON_EXECUTABLE: /usr/bin/python3
-- Found rclcpp: 2.4.3 (/opt/ros/foxy/share/rclcpp/cmake)
-- Using all available rosidl_typesupport_c: rosidl_typesupport_fastrtps_c;rosidl_typesupport_introspection_c
-- Found rosidl_adapter: 1.3.1 (/opt/ros/foxy/share/rosidl_adapter/cmake)
-- Using all available rosidl_typesupport_cpp: rosidl_typesupport_fastrtps_cpp;rosidl_typesupport_introspection_cpp
-- Found rmw_implementation_cmake: 1.0.4 (/opt/ros/foxy/share/rmw_implementation_cmake/cmake)
-- Using RMW implementation 'rmw_fastrtps_cpp' as default
-- Found geometry_msgs: 2.0.5 (/opt/ros/foxy/share/geometry_msgs/cmake)
-- Found turtlesim: 1.2.6 (/opt/ros/foxy/share/turtlesim/cmake)
-- Found ament_lint_auto: 0.9.8 (/opt/ros/foxy/share/ament_lint_auto/cmake)
-- Added test 'cppcheck' to perform static code analysis on C / C++ code
-- Configured cppcheck include dirs: 
-- Configured cppcheck exclude dirs and/or files: 
-- Added test 'lint_cmake' to check CMake code style
-- Added test 'uncrustify' to check C / C++ code style
-- Configured uncrustify additional arguments: 
-- Added test 'xmllint' to check XML markup files
-- Configuring done
-- Generating done
-- Build files have been written to: /home/lhc/fishros-/p3/topic_ws/src/build/demo_topic_cpp
[35m[1mScanning dependencies of target turtle_control[0m
[35m[1mScanning dependencies of target turtle_circle[0m
[ 25%] [32mBuilding CXX object CMakeFiles/turtle_circle.dir/src/turtle_circle.cpp.o[0m
[ 50%] [32mBuilding CXX object CMakeFiles/turtle_control.dir/src/turtle_control.cpp.o[0m
[ 75%] [32m[1mLinking CXX executable turtle_circle[0m
[ 75%] Built target turtle_circle
[100%] [32m[1mLinking CXX executable turtle_control[0m
[100%] Built target turtle_control
-- Install configuration: ""
-- Installing: /home/lhc/fishros-/p3/topic_ws/src/install/demo_topic_cpp/lib/demo_topic_cpp/turtle_circle
-- Set runtime path of "/home/lhc/fishros-/p3/topic_ws/src/install/demo_topic_cpp/lib/demo_topic_cpp/turtle_circle" to ""
-- Installing: /home/lhc/fishros-/p3/topic_ws/src/install/demo_topic_cpp/lib/demo_topic_cpp/turtle_control
-- Set runtime path of "/home/lhc/fishros-/p3/topic_ws/src/install/demo_topic_cpp/lib/demo_topic_cpp/turtle_control" to ""
-- Up-to-date: /home/lhc/fishros-/p3/topic_ws/src/install/demo_topic_cpp/share/ament_index/resource_index/package_run_dependencies/demo_topic_cpp
-- Installing: /home/lhc/fishros-/p3/topic_ws/src/install/demo_topic_cpp/share/ament_index/resource_index/parent_prefix_path/demo_topic_cpp
-- Up-to-date: /home/lhc/fishros-/p3/topic_ws/src/install/demo_topic_cpp/share/demo_topic_cpp/environment/ament_prefix_path.sh
-- Installing: /home/lhc/fishros-/p3/topic_ws/src/install/demo_topic_cpp/share/demo_topic_cpp/environment/ament_prefix_path.dsv
-- Up-to-date: /home/lhc/fishros-/p3/topic_ws/src/install/demo_topic_cpp/share/demo_topic_cpp/environment/path.sh
-- Installing: /home/lhc/fishros-/p3/topic_ws/src/install/demo_topic_cpp/share/demo_topic_cpp/environment/path.dsv
-- Up-to-date: /home/lhc/fishros-/p3/topic_ws/src/install/demo_topic_cpp/share/demo_topic_cpp/local_setup.bash
-- Up-to-date: /home/lhc/fishros-/p3/topic_ws/src/install/demo_topic_cpp/share/demo_topic_cpp/local_setup.sh
-- Up-to-date: /home/lhc/fishros-/p3/topic_ws/src/install/demo_topic_cpp/share/demo_topic_cpp/local_setup.zsh
-- Installing: /home/lhc/fishros-/p3/topic_ws/src/install/demo_topic_cpp/share/demo_topic_cpp/local_setup.dsv
-- Installing: /home/lhc/fishros-/p3/topic_ws/src/install/demo_topic_cpp/share/demo_topic_cpp/package.dsv
-- Up-to-date: /home/lhc/fishros-/p3/topic_ws/src/install/demo_topic_cpp/share/ament_index/resource_index/packages/demo_topic_cpp
-- Up-to-date: /home/lhc/fishros-/p3/topic_ws/src/install/demo_topic_cpp/share/demo_topic_cpp/cmake/demo_topic_cppConfig.cmake
-- Up-to-date: /home/lhc/fishros-/p3/topic_ws/src/install/demo_topic_cpp/share/demo_topic_cpp/cmake/demo_topic_cppConfig-version.cmake
-- Up-to-date: /home/lhc/fishros-/p3/topic_ws/src/install/demo_topic_cpp/share/demo_topic_cpp/package.xml
