[0.012s] Invoking command in '/home/lhc/fishros-/p3/topic_ws/src/build/demo_topic_cpp': CMAKE_PREFIX_PATH=/opt/ros/foxy /usr/bin/cmake --build /home/lhc/fishros-/p3/topic_ws/src/build/demo_topic_cpp -- -j12 -l12
[0.063s] -- Found ament_cmake: 0.9.12 (/opt/ros/foxy/share/ament_cmake/cmake)
[0.087s] -- Using PYTHON_EXECUTABLE: /usr/bin/python3
[0.271s] -- Found rclcpp: 2.4.3 (/opt/ros/foxy/share/rclcpp/cmake)
[0.311s] -- Using all available rosidl_typesupport_c: rosidl_typesupport_fastrtps_c;rosidl_typesupport_introspection_c
[0.315s] -- Found rosidl_adapter: 1.3.1 (/opt/ros/foxy/share/rosidl_adapter/cmake)
[0.434s] -- Using all available rosidl_typesupport_cpp: rosidl_typesupport_fastrtps_cpp;rosidl_typesupport_introspection_cpp
[0.480s] -- Found rmw_implementation_cmake: 1.0.4 (/opt/ros/foxy/share/rmw_implementation_cmake/cmake)
[0.482s] -- Using RMW implementation 'rmw_fastrtps_cpp' as default
[0.602s] -- Found geometry_msgs: 2.0.5 (/opt/ros/foxy/share/geometry_msgs/cmake)
[0.633s] -- Found turtlesim: 1.2.6 (/opt/ros/foxy/share/turtlesim/cmake)
[0.716s] -- Found ament_lint_auto: 0.9.8 (/opt/ros/foxy/share/ament_lint_auto/cmake)
[0.773s] -- Added test 'cppcheck' to perform static code analysis on C / C++ code
[0.773s] -- Configured cppcheck include dirs: 
[0.773s] -- Configured cppcheck exclude dirs and/or files: 
[0.774s] -- Added test 'lint_cmake' to check CMake code style
[0.774s] -- Added test 'uncrustify' to check C / C++ code style
[0.775s] -- Configured uncrustify additional arguments: 
[0.775s] -- Added test 'xmllint' to check XML markup files
[0.778s] -- Configuring done
[0.795s] -- Generating done
[0.800s] -- Build files have been written to: /home/lhc/fishros-/p3/topic_ws/src/build/demo_topic_cpp
[0.831s] [35m[1mScanning dependencies of target turtle_control[0m
[0.832s] [35m[1mScanning dependencies of target turtle_circle[0m
[0.863s] [ 25%] [32mBuilding CXX object CMakeFiles/turtle_circle.dir/src/turtle_circle.cpp.o[0m
[0.892s] [ 50%] [32mBuilding CXX object CMakeFiles/turtle_control.dir/src/turtle_control.cpp.o[0m
[3.237s] [ 75%] [32m[1mLinking CXX executable turtle_circle[0m
[3.414s] [ 75%] Built target turtle_circle
[4.786s] [100%] [32m[1mLinking CXX executable turtle_control[0m
[5.003s] [100%] Built target turtle_control
[5.015s] Invoked command in '/home/lhc/fishros-/p3/topic_ws/src/build/demo_topic_cpp' returned '0': CMAKE_PREFIX_PATH=/opt/ros/foxy /usr/bin/cmake --build /home/lhc/fishros-/p3/topic_ws/src/build/demo_topic_cpp -- -j12 -l12
[5.028s] Invoking command in '/home/lhc/fishros-/p3/topic_ws/src/build/demo_topic_cpp': CMAKE_PREFIX_PATH=/opt/ros/foxy /usr/bin/cmake --install /home/lhc/fishros-/p3/topic_ws/src/build/demo_topic_cpp
[5.035s] -- Install configuration: ""
[5.036s] -- Installing: /home/lhc/fishros-/p3/topic_ws/src/install/demo_topic_cpp/lib/demo_topic_cpp/turtle_circle
[5.037s] -- Set runtime path of "/home/lhc/fishros-/p3/topic_ws/src/install/demo_topic_cpp/lib/demo_topic_cpp/turtle_circle" to ""
[5.037s] -- Installing: /home/lhc/fishros-/p3/topic_ws/src/install/demo_topic_cpp/lib/demo_topic_cpp/turtle_control
[5.039s] -- Set runtime path of "/home/lhc/fishros-/p3/topic_ws/src/install/demo_topic_cpp/lib/demo_topic_cpp/turtle_control" to ""
[5.040s] -- Up-to-date: /home/lhc/fishros-/p3/topic_ws/src/install/demo_topic_cpp/share/ament_index/resource_index/package_run_dependencies/demo_topic_cpp
[5.040s] -- Installing: /home/lhc/fishros-/p3/topic_ws/src/install/demo_topic_cpp/share/ament_index/resource_index/parent_prefix_path/demo_topic_cpp
[5.040s] -- Up-to-date: /home/lhc/fishros-/p3/topic_ws/src/install/demo_topic_cpp/share/demo_topic_cpp/environment/ament_prefix_path.sh
[5.040s] -- Installing: /home/lhc/fishros-/p3/topic_ws/src/install/demo_topic_cpp/share/demo_topic_cpp/environment/ament_prefix_path.dsv
[5.040s] -- Up-to-date: /home/lhc/fishros-/p3/topic_ws/src/install/demo_topic_cpp/share/demo_topic_cpp/environment/path.sh
[5.040s] -- Installing: /home/lhc/fishros-/p3/topic_ws/src/install/demo_topic_cpp/share/demo_topic_cpp/environment/path.dsv
[5.040s] -- Up-to-date: /home/lhc/fishros-/p3/topic_ws/src/install/demo_topic_cpp/share/demo_topic_cpp/local_setup.bash
[5.040s] -- Up-to-date: /home/lhc/fishros-/p3/topic_ws/src/install/demo_topic_cpp/share/demo_topic_cpp/local_setup.sh
[5.040s] -- Up-to-date: /home/lhc/fishros-/p3/topic_ws/src/install/demo_topic_cpp/share/demo_topic_cpp/local_setup.zsh
[5.040s] -- Installing: /home/lhc/fishros-/p3/topic_ws/src/install/demo_topic_cpp/share/demo_topic_cpp/local_setup.dsv
[5.040s] -- Installing: /home/lhc/fishros-/p3/topic_ws/src/install/demo_topic_cpp/share/demo_topic_cpp/package.dsv
[5.041s] -- Up-to-date: /home/lhc/fishros-/p3/topic_ws/src/install/demo_topic_cpp/share/ament_index/resource_index/packages/demo_topic_cpp
[5.041s] -- Up-to-date: /home/lhc/fishros-/p3/topic_ws/src/install/demo_topic_cpp/share/demo_topic_cpp/cmake/demo_topic_cppConfig.cmake
[5.041s] -- Up-to-date: /home/lhc/fishros-/p3/topic_ws/src/install/demo_topic_cpp/share/demo_topic_cpp/cmake/demo_topic_cppConfig-version.cmake
[5.041s] -- Up-to-date: /home/lhc/fishros-/p3/topic_ws/src/install/demo_topic_cpp/share/demo_topic_cpp/package.xml
[5.043s] Invoked command in '/home/lhc/fishros-/p3/topic_ws/src/build/demo_topic_cpp' returned '0': CMAKE_PREFIX_PATH=/opt/ros/foxy /usr/bin/cmake --install /home/lhc/fishros-/p3/topic_ws/src/build/demo_topic_cpp
