[0.010s] Invoking command in '/home/lhc/fishros-/p4/p4_ws/build/p4_interfaces_python': CMAKE_PREFIX_PATH=/opt/ros/foxy /usr/bin/cmake /home/lhc/fishros-/p4/p4_ws/src/p4_interfaces_python -DCMAKE_INSTALL_PREFIX=/home/lhc/fishros-/p4/p4_ws/install/p4_interfaces_python
[0.071s] -- The C compiler identification is GNU 9.4.0
[0.130s] -- The CXX compiler identification is GNU 9.4.0
[0.136s] -- Check for working C compiler: /usr/bin/cc
[0.216s] -- Check for working C compiler: /usr/bin/cc -- works
[0.218s] -- Detecting C compiler ABI info
[0.292s] -- Detecting C compiler ABI info - done
[0.299s] -- Detecting C compile features
[0.299s] -- Detecting C compile features - done
[0.301s] -- Check for working CXX compiler: /usr/bin/c++
[0.388s] -- Check for working CXX compiler: /usr/bin/c++ -- works
[0.389s] -- Detecting CXX compiler ABI info
[0.479s] -- Detecting CXX compiler ABI info - done
[0.491s] -- Detecting CXX compile features
[0.492s] -- Detecting CXX compile features - done
[0.493s] -- Found ament_cmake: 0.9.12 (/opt/ros/foxy/share/ament_cmake/cmake)
[0.516s] -- Found PythonInterp: /usr/bin/python3 (found suitable version "3.8.10", minimum required is "3") 
[0.516s] -- Using PYTHON_EXECUTABLE: /usr/bin/python3
[0.669s] -- Found sensor_msgs: 2.0.5 (/opt/ros/foxy/share/sensor_msgs/cmake)
[0.690s] -- Using all available rosidl_typesupport_c: rosidl_typesupport_fastrtps_c;rosidl_typesupport_introspection_c
[0.695s] -- Found rosidl_adapter: 1.3.1 (/opt/ros/foxy/share/rosidl_adapter/cmake)
[0.789s] -- Found OpenSSL: /usr/lib/x86_64-linux-gnu/libcrypto.so (found version "1.1.1f")  
[0.815s] -- Found FastRTPS: /opt/ros/foxy/include  
[0.882s] -- Using all available rosidl_typesupport_cpp: rosidl_typesupport_fastrtps_cpp;rosidl_typesupport_introspection_cpp
[1.003s] -- Found rosidl_default_generators: 1.0.1 (/opt/ros/foxy/share/rosidl_default_generators/cmake)
[1.031s] -- Found PythonInterp: /usr/bin/python3 (found version "3.8.10") 
[1.180s] -- Found ament_cmake_ros: 0.9.2 (/opt/ros/foxy/share/ament_cmake_ros/cmake)
[1.416s] -- Using all available rosidl_typesupport_c: rosidl_typesupport_fastrtps_c;rosidl_typesupport_introspection_c
[1.532s] -- Using all available rosidl_typesupport_cpp: rosidl_typesupport_fastrtps_cpp;rosidl_typesupport_introspection_cpp
[1.554s] -- Found PythonInterp: /usr/bin/python3 (found suitable version "3.8.10", minimum required is "3.5") 
[1.555s] -- Found python_cmake_module: 0.8.1 (/opt/ros/foxy/share/python_cmake_module/cmake)
[1.587s] -- Found PythonLibs: /usr/lib/x86_64-linux-gnu/libpython3.8.so (found suitable version "3.8.10", minimum required is "3.5") 
[1.587s] -- Using PYTHON_EXECUTABLE: /usr/bin/python3
[1.587s] -- Using PYTHON_INCLUDE_DIRS: /usr/include/python3.8
[1.587s] -- Using PYTHON_LIBRARIES: /usr/lib/x86_64-linux-gnu/libpython3.8.so
[1.611s] -- Found PythonExtra: .so  
[1.695s] -- Found ament_lint_auto: 0.9.8 (/opt/ros/foxy/share/ament_lint_auto/cmake)
[1.710s] -- Added test 'copyright' to check source files copyright and LICENSE
[1.712s] -- Added test 'lint_cmake' to check CMake code style
[1.713s] -- Added test 'xmllint' to check XML markup files
[1.717s] -- Configuring done
[1.773s] -- Generating done
[1.790s] -- Build files have been written to: /home/lhc/fishros-/p4/p4_ws/build/p4_interfaces_python
[1.798s] Invoked command in '/home/lhc/fishros-/p4/p4_ws/build/p4_interfaces_python' returned '0': CMAKE_PREFIX_PATH=/opt/ros/foxy /usr/bin/cmake /home/lhc/fishros-/p4/p4_ws/src/p4_interfaces_python -DCMAKE_INSTALL_PREFIX=/home/lhc/fishros-/p4/p4_ws/install/p4_interfaces_python
[1.802s] Invoking command in '/home/lhc/fishros-/p4/p4_ws/build/p4_interfaces_python': CMAKE_PREFIX_PATH=/opt/ros/foxy /usr/bin/cmake --build /home/lhc/fishros-/p4/p4_ws/build/p4_interfaces_python -- -j12 -l12
[1.855s] [  3%] [34m[1mGenerating C code for ROS interfaces[0m
[1.855s] [35m[1mScanning dependencies of target p4_interfaces_python__cpp[0m
[1.867s] [  6%] [34m[1mGenerating C++ code for ROS interfaces[0m
[2.049s] [  6%] Built target p4_interfaces_python__cpp
[2.051s] [35m[1mScanning dependencies of target p4_interfaces_python__rosidl_generator_c[0m
[2.061s] [ 12%] [34m[1mGenerating C++ type support dispatch for ROS interfaces[0m
[2.061s] [ 16%] [34m[1mGenerating C++ type support for eProsima Fast-RTPS[0m
[2.061s] [ 16%] [34m[1mGenerating C++ introspection for ROS interfaces[0m
[2.063s] [ 19%] [32mBuilding C object CMakeFiles/p4_interfaces_python__rosidl_generator_c.dir/rosidl_generator_c/p4_interfaces_python/srv/detail/face_detector__functions.c.o[0m
[2.117s] [ 22%] [32m[1mLinking C shared library libp4_interfaces_python__rosidl_generator_c.so[0m
[2.156s] [ 22%] Built target p4_interfaces_python__rosidl_generator_c
[2.166s] [ 25%] [34m[1mGenerating C type support dispatch for ROS interfaces[0m
[2.167s] [ 29%] [34m[1mGenerating C introspection for ROS interfaces[0m
[2.228s] [35m[1mScanning dependencies of target p4_interfaces_python__rosidl_typesupport_cpp[0m
[2.244s] [ 32%] [32mBuilding CXX object CMakeFiles/p4_interfaces_python__rosidl_typesupport_cpp.dir/rosidl_typesupport_cpp/p4_interfaces_python/srv/face_detector__type_support.cpp.o[0m
[2.259s] [35m[1mScanning dependencies of target p4_interfaces_python__rosidl_typesupport_introspection_cpp[0m
[2.260s] [35m[1mScanning dependencies of target p4_interfaces_python__rosidl_typesupport_fastrtps_cpp[0m
[2.275s] [ 35%] [32mBuilding CXX object CMakeFiles/p4_interfaces_python__rosidl_typesupport_introspection_cpp.dir/rosidl_typesupport_introspection_cpp/p4_interfaces_python/srv/detail/face_detector__type_support.cpp.o[0m
[2.283s] [ 38%] [32mBuilding CXX object CMakeFiles/p4_interfaces_python__rosidl_typesupport_fastrtps_cpp.dir/rosidl_typesupport_fastrtps_cpp/p4_interfaces_python/srv/detail/dds_fastrtps/face_detector__type_support.cpp.o[0m
[2.343s] [35m[1mScanning dependencies of target p4_interfaces_python__rosidl_typesupport_c[0m
[2.358s] [ 41%] [32mBuilding CXX object CMakeFiles/p4_interfaces_python__rosidl_typesupport_c.dir/rosidl_typesupport_c/p4_interfaces_python/srv/face_detector__type_support.cpp.o[0m
[2.366s] [35m[1mScanning dependencies of target p4_interfaces_python__rosidl_typesupport_introspection_c[0m
[2.383s] [ 45%] [32mBuilding C object CMakeFiles/p4_interfaces_python__rosidl_typesupport_introspection_c.dir/rosidl_typesupport_introspection_c/p4_interfaces_python/srv/detail/face_detector__type_support.c.o[0m
[2.389s] [ 48%] [32m[1mLinking CXX shared library libp4_interfaces_python__rosidl_typesupport_c.so[0m
[2.422s] [ 51%] [32m[1mLinking C shared library libp4_interfaces_python__rosidl_typesupport_introspection_c.so[0m
[2.432s] [ 51%] Built target p4_interfaces_python__rosidl_typesupport_c
[2.457s] [ 51%] Built target p4_interfaces_python__rosidl_typesupport_introspection_c
[2.483s] [ 54%] [32m[1mLinking CXX shared library libp4_interfaces_python__rosidl_typesupport_cpp.so[0m
[2.525s] [ 54%] Built target p4_interfaces_python__rosidl_typesupport_cpp
[2.557s] [ 58%] [32m[1mLinking CXX shared library libp4_interfaces_python__rosidl_typesupport_introspection_cpp.so[0m
[2.632s] [ 58%] Built target p4_interfaces_python__rosidl_typesupport_introspection_cpp
[2.669s] [ 61%] [32m[1mLinking CXX shared library libp4_interfaces_python__rosidl_typesupport_fastrtps_cpp.so[0m
[2.750s] [ 61%] Built target p4_interfaces_python__rosidl_typesupport_fastrtps_cpp
[2.766s] [ 64%] [34m[1mGenerating C type support for eProsima Fast-RTPS[0m
[2.947s] [35m[1mScanning dependencies of target p4_interfaces_python__rosidl_typesupport_fastrtps_c[0m
[2.971s] [ 67%] [32mBuilding CXX object CMakeFiles/p4_interfaces_python__rosidl_typesupport_fastrtps_c.dir/rosidl_typesupport_fastrtps_c/p4_interfaces_python/srv/detail/face_detector__type_support_c.cpp.o[0m
[3.251s] [ 70%] [32m[1mLinking CXX shared library libp4_interfaces_python__rosidl_typesupport_fastrtps_c.so[0m
[3.336s] [ 70%] Built target p4_interfaces_python__rosidl_typesupport_fastrtps_c
[3.349s] [35m[1mScanning dependencies of target p4_interfaces_python[0m
[3.365s] [ 70%] Built target p4_interfaces_python
[3.377s] [35m[1mScanning dependencies of target p4_interfaces_python__py[0m
[3.390s] [ 74%] [34m[1mGenerating Python code for ROS interfaces[0m
[3.712s] [ 74%] Built target p4_interfaces_python__py
[3.722s] [35m[1mScanning dependencies of target p4_interfaces_python__python[0m
[3.742s] [ 77%] [32mBuilding C object CMakeFiles/p4_interfaces_python__python.dir/rosidl_generator_py/p4_interfaces_python/srv/_face_detector_s.c.o[0m
[3.842s] [ 80%] [32m[1mLinking C shared library rosidl_generator_py/p4_interfaces_python/libp4_interfaces_python__python.so[0m
[3.890s] [ 80%] Built target p4_interfaces_python__python
[3.900s] [35m[1mScanning dependencies of target p4_interfaces_python__rosidl_typesupport_c__pyext[0m
[3.900s] [35m[1mScanning dependencies of target p4_interfaces_python__rosidl_typesupport_introspection_c__pyext[0m
[3.901s] [35m[1mScanning dependencies of target p4_interfaces_python__rosidl_typesupport_fastrtps_c__pyext[0m
[3.915s] [ 87%] [32mBuilding C object CMakeFiles/p4_interfaces_python__rosidl_typesupport_c__pyext.dir/rosidl_generator_py/p4_interfaces_python/_p4_interfaces_python_s.ep.rosidl_typesupport_c.c.o[0m
[3.915s] [ 87%] [32mBuilding C object CMakeFiles/p4_interfaces_python__rosidl_typesupport_introspection_c__pyext.dir/rosidl_generator_py/p4_interfaces_python/_p4_interfaces_python_s.ep.rosidl_typesupport_introspection_c.c.o[0m
[3.923s] [ 90%] [32mBuilding C object CMakeFiles/p4_interfaces_python__rosidl_typesupport_fastrtps_c__pyext.dir/rosidl_generator_py/p4_interfaces_python/_p4_interfaces_python_s.ep.rosidl_typesupport_fastrtps_c.c.o[0m
[3.980s] [ 96%] [32m[1mLinking C shared library rosidl_generator_py/p4_interfaces_python/p4_interfaces_python_s__rosidl_typesupport_c.cpython-38-x86_64-linux-gnu.so[0m
[3.980s] [ 96%] [32m[1mLinking C shared library rosidl_generator_py/p4_interfaces_python/p4_interfaces_python_s__rosidl_typesupport_introspection_c.cpython-38-x86_64-linux-gnu.so[0m
[3.991s] [100%] [32m[1mLinking CXX shared library rosidl_generator_py/p4_interfaces_python/p4_interfaces_python_s__rosidl_typesupport_fastrtps_c.cpython-38-x86_64-linux-gnu.so[0m
[4.014s] [100%] Built target p4_interfaces_python__rosidl_typesupport_c__pyext
[4.014s] [100%] Built target p4_interfaces_python__rosidl_typesupport_introspection_c__pyext
[4.052s] [100%] Built target p4_interfaces_python__rosidl_typesupport_fastrtps_c__pyext
[4.065s] Invoked command in '/home/lhc/fishros-/p4/p4_ws/build/p4_interfaces_python' returned '0': CMAKE_PREFIX_PATH=/opt/ros/foxy /usr/bin/cmake --build /home/lhc/fishros-/p4/p4_ws/build/p4_interfaces_python -- -j12 -l12
[4.081s] Invoking command in '/home/lhc/fishros-/p4/p4_ws/build/p4_interfaces_python': CMAKE_PREFIX_PATH=/opt/ros/foxy /usr/bin/cmake --install /home/lhc/fishros-/p4/p4_ws/build/p4_interfaces_python
[4.088s] -- Install configuration: ""
[4.088s] -- Installing: /home/lhc/fishros-/p4/p4_ws/install/p4_interfaces_python/share/ament_index/resource_index/rosidl_interfaces/p4_interfaces_python
[4.088s] -- Installing: /home/lhc/fishros-/p4/p4_ws/install/p4_interfaces_python/include/p4_interfaces_python
[4.088s] -- Installing: /home/lhc/fishros-/p4/p4_ws/install/p4_interfaces_python/include/p4_interfaces_python/srv
[4.088s] -- Installing: /home/lhc/fishros-/p4/p4_ws/install/p4_interfaces_python/include/p4_interfaces_python/srv/detail
[4.089s] -- Installing: /home/lhc/fishros-/p4/p4_ws/install/p4_interfaces_python/include/p4_interfaces_python/srv/detail/face_detector__type_support.h
[4.089s] -- Installing: /home/lhc/fishros-/p4/p4_ws/install/p4_interfaces_python/include/p4_interfaces_python/srv/detail/face_detector__struct.h
[4.089s] -- Installing: /home/lhc/fishros-/p4/p4_ws/install/p4_interfaces_python/include/p4_interfaces_python/srv/detail/face_detector__functions.h
[4.089s] -- Installing: /home/lhc/fishros-/p4/p4_ws/install/p4_interfaces_python/include/p4_interfaces_python/srv/detail/face_detector__functions.c
[4.089s] -- Installing: /home/lhc/fishros-/p4/p4_ws/install/p4_interfaces_python/include/p4_interfaces_python/srv/face_detector.h
[4.089s] -- Installing: /home/lhc/fishros-/p4/p4_ws/install/p4_interfaces_python/include/p4_interfaces_python/msg
[4.089s] -- Installing: /home/lhc/fishros-/p4/p4_ws/install/p4_interfaces_python/include/p4_interfaces_python/msg/rosidl_generator_c__visibility_control.h
[4.089s] -- Installing: /home/lhc/fishros-/p4/p4_ws/install/p4_interfaces_python/share/p4_interfaces_python/environment/library_path.sh
[4.089s] -- Installing: /home/lhc/fishros-/p4/p4_ws/install/p4_interfaces_python/share/p4_interfaces_python/environment/library_path.dsv
[4.089s] -- Installing: /home/lhc/fishros-/p4/p4_ws/install/p4_interfaces_python/lib/libp4_interfaces_python__rosidl_generator_c.so
[4.090s] -- Set runtime path of "/home/lhc/fishros-/p4/p4_ws/install/p4_interfaces_python/lib/libp4_interfaces_python__rosidl_generator_c.so" to ""
[4.090s] -- Up-to-date: /home/lhc/fishros-/p4/p4_ws/install/p4_interfaces_python/include/p4_interfaces_python
[4.090s] -- Up-to-date: /home/lhc/fishros-/p4/p4_ws/install/p4_interfaces_python/include/p4_interfaces_python/srv
[4.090s] -- Up-to-date: /home/lhc/fishros-/p4/p4_ws/install/p4_interfaces_python/include/p4_interfaces_python/srv/detail
[4.090s] -- Installing: /home/lhc/fishros-/p4/p4_ws/install/p4_interfaces_python/include/p4_interfaces_python/srv/detail/face_detector__rosidl_typesupport_fastrtps_c.h
[4.090s] -- Up-to-date: /home/lhc/fishros-/p4/p4_ws/install/p4_interfaces_python/include/p4_interfaces_python/msg
[4.090s] -- Installing: /home/lhc/fishros-/p4/p4_ws/install/p4_interfaces_python/include/p4_interfaces_python/msg/rosidl_typesupport_fastrtps_c__visibility_control.h
[4.090s] -- Installing: /home/lhc/fishros-/p4/p4_ws/install/p4_interfaces_python/lib/libp4_interfaces_python__rosidl_typesupport_fastrtps_c.so
[4.091s] -- Set runtime path of "/home/lhc/fishros-/p4/p4_ws/install/p4_interfaces_python/lib/libp4_interfaces_python__rosidl_typesupport_fastrtps_c.so" to ""
[4.091s] -- Up-to-date: /home/lhc/fishros-/p4/p4_ws/install/p4_interfaces_python/include/p4_interfaces_python
[4.091s] -- Up-to-date: /home/lhc/fishros-/p4/p4_ws/install/p4_interfaces_python/include/p4_interfaces_python/srv
[4.091s] -- Up-to-date: /home/lhc/fishros-/p4/p4_ws/install/p4_interfaces_python/include/p4_interfaces_python/srv/detail
[4.091s] -- Installing: /home/lhc/fishros-/p4/p4_ws/install/p4_interfaces_python/include/p4_interfaces_python/srv/detail/dds_fastrtps
[4.091s] -- Installing: /home/lhc/fishros-/p4/p4_ws/install/p4_interfaces_python/include/p4_interfaces_python/srv/detail/face_detector__rosidl_typesupport_fastrtps_cpp.hpp
[4.091s] -- Up-to-date: /home/lhc/fishros-/p4/p4_ws/install/p4_interfaces_python/include/p4_interfaces_python/msg
[4.091s] -- Installing: /home/lhc/fishros-/p4/p4_ws/install/p4_interfaces_python/include/p4_interfaces_python/msg/rosidl_typesupport_fastrtps_cpp__visibility_control.h
[4.091s] -- Installing: /home/lhc/fishros-/p4/p4_ws/install/p4_interfaces_python/lib/libp4_interfaces_python__rosidl_typesupport_fastrtps_cpp.so
[4.092s] -- Set runtime path of "/home/lhc/fishros-/p4/p4_ws/install/p4_interfaces_python/lib/libp4_interfaces_python__rosidl_typesupport_fastrtps_cpp.so" to ""
[4.092s] -- Up-to-date: /home/lhc/fishros-/p4/p4_ws/install/p4_interfaces_python/include/p4_interfaces_python
[4.092s] -- Up-to-date: /home/lhc/fishros-/p4/p4_ws/install/p4_interfaces_python/include/p4_interfaces_python/srv
[4.092s] -- Up-to-date: /home/lhc/fishros-/p4/p4_ws/install/p4_interfaces_python/include/p4_interfaces_python/srv/detail
[4.092s] -- Installing: /home/lhc/fishros-/p4/p4_ws/install/p4_interfaces_python/include/p4_interfaces_python/srv/detail/face_detector__type_support.c
[4.092s] -- Installing: /home/lhc/fishros-/p4/p4_ws/install/p4_interfaces_python/include/p4_interfaces_python/srv/detail/face_detector__rosidl_typesupport_introspection_c.h
[4.092s] -- Up-to-date: /home/lhc/fishros-/p4/p4_ws/install/p4_interfaces_python/include/p4_interfaces_python/msg
[4.092s] -- Installing: /home/lhc/fishros-/p4/p4_ws/install/p4_interfaces_python/include/p4_interfaces_python/msg/rosidl_typesupport_introspection_c__visibility_control.h
[4.092s] -- Installing: /home/lhc/fishros-/p4/p4_ws/install/p4_interfaces_python/lib/libp4_interfaces_python__rosidl_typesupport_introspection_c.so
[4.093s] -- Set runtime path of "/home/lhc/fishros-/p4/p4_ws/install/p4_interfaces_python/lib/libp4_interfaces_python__rosidl_typesupport_introspection_c.so" to ""
[4.093s] -- Installing: /home/lhc/fishros-/p4/p4_ws/install/p4_interfaces_python/lib/libp4_interfaces_python__rosidl_typesupport_c.so
[4.093s] -- Set runtime path of "/home/lhc/fishros-/p4/p4_ws/install/p4_interfaces_python/lib/libp4_interfaces_python__rosidl_typesupport_c.so" to ""
[4.093s] -- Up-to-date: /home/lhc/fishros-/p4/p4_ws/install/p4_interfaces_python/include/p4_interfaces_python
[4.093s] -- Up-to-date: /home/lhc/fishros-/p4/p4_ws/install/p4_interfaces_python/include/p4_interfaces_python/srv
[4.093s] -- Up-to-date: /home/lhc/fishros-/p4/p4_ws/install/p4_interfaces_python/include/p4_interfaces_python/srv/detail
[4.093s] -- Installing: /home/lhc/fishros-/p4/p4_ws/install/p4_interfaces_python/include/p4_interfaces_python/srv/detail/face_detector__type_support.hpp
[4.093s] -- Installing: /home/lhc/fishros-/p4/p4_ws/install/p4_interfaces_python/include/p4_interfaces_python/srv/detail/face_detector__struct.hpp
[4.093s] -- Installing: /home/lhc/fishros-/p4/p4_ws/install/p4_interfaces_python/include/p4_interfaces_python/srv/detail/face_detector__builder.hpp
[4.094s] -- Installing: /home/lhc/fishros-/p4/p4_ws/install/p4_interfaces_python/include/p4_interfaces_python/srv/detail/face_detector__traits.hpp
[4.094s] -- Installing: /home/lhc/fishros-/p4/p4_ws/install/p4_interfaces_python/include/p4_interfaces_python/srv/face_detector.hpp
[4.094s] -- Up-to-date: /home/lhc/fishros-/p4/p4_ws/install/p4_interfaces_python/include/p4_interfaces_python/msg
[4.094s] -- Installing: /home/lhc/fishros-/p4/p4_ws/install/p4_interfaces_python/include/p4_interfaces_python/msg/rosidl_generator_cpp__visibility_control.hpp
[4.094s] -- Up-to-date: /home/lhc/fishros-/p4/p4_ws/install/p4_interfaces_python/include/p4_interfaces_python
[4.094s] -- Up-to-date: /home/lhc/fishros-/p4/p4_ws/install/p4_interfaces_python/include/p4_interfaces_python/srv
[4.094s] -- Up-to-date: /home/lhc/fishros-/p4/p4_ws/install/p4_interfaces_python/include/p4_interfaces_python/srv/detail
[4.094s] -- Installing: /home/lhc/fishros-/p4/p4_ws/install/p4_interfaces_python/include/p4_interfaces_python/srv/detail/face_detector__type_support.cpp
[4.094s] -- Installing: /home/lhc/fishros-/p4/p4_ws/install/p4_interfaces_python/include/p4_interfaces_python/srv/detail/face_detector__rosidl_typesupport_introspection_cpp.hpp
[4.094s] -- Installing: /home/lhc/fishros-/p4/p4_ws/install/p4_interfaces_python/lib/libp4_interfaces_python__rosidl_typesupport_introspection_cpp.so
[4.095s] -- Set runtime path of "/home/lhc/fishros-/p4/p4_ws/install/p4_interfaces_python/lib/libp4_interfaces_python__rosidl_typesupport_introspection_cpp.so" to ""
[4.095s] -- Installing: /home/lhc/fishros-/p4/p4_ws/install/p4_interfaces_python/lib/libp4_interfaces_python__rosidl_typesupport_cpp.so
[4.095s] -- Set runtime path of "/home/lhc/fishros-/p4/p4_ws/install/p4_interfaces_python/lib/libp4_interfaces_python__rosidl_typesupport_cpp.so" to ""
[4.095s] -- Installing: /home/lhc/fishros-/p4/p4_ws/install/p4_interfaces_python/share/p4_interfaces_python/environment/pythonpath.sh
[4.095s] -- Installing: /home/lhc/fishros-/p4/p4_ws/install/p4_interfaces_python/share/p4_interfaces_python/environment/pythonpath.dsv
[4.095s] -- Installing: /home/lhc/fishros-/p4/p4_ws/install/p4_interfaces_python/lib/python3.8/site-packages/p4_interfaces_python/__init__.py
[4.121s] Compiling '/home/lhc/fishros-/p4/p4_ws/install/p4_interfaces_python/lib/python3.8/site-packages/p4_interfaces_python/__init__.py'...
[4.124s] -- Installing: /home/lhc/fishros-/p4/p4_ws/install/p4_interfaces_python/lib/python3.8/site-packages/p4_interfaces_python/srv
[4.124s] -- Installing: /home/lhc/fishros-/p4/p4_ws/install/p4_interfaces_python/lib/python3.8/site-packages/p4_interfaces_python/srv/_face_detector.py
[4.124s] -- Installing: /home/lhc/fishros-/p4/p4_ws/install/p4_interfaces_python/lib/python3.8/site-packages/p4_interfaces_python/srv/_face_detector_s.c
[4.124s] -- Installing: /home/lhc/fishros-/p4/p4_ws/install/p4_interfaces_python/lib/python3.8/site-packages/p4_interfaces_python/srv/__init__.py
[4.125s] -- Installing: /home/lhc/fishros-/p4/p4_ws/install/p4_interfaces_python/lib/python3.8/site-packages/p4_interfaces_python/p4_interfaces_python_s__rosidl_typesupport_fastrtps_c.cpython-38-x86_64-linux-gnu.so
[4.125s] -- Set runtime path of "/home/lhc/fishros-/p4/p4_ws/install/p4_interfaces_python/lib/python3.8/site-packages/p4_interfaces_python/p4_interfaces_python_s__rosidl_typesupport_fastrtps_c.cpython-38-x86_64-linux-gnu.so" to ""
[4.125s] -- Installing: /home/lhc/fishros-/p4/p4_ws/install/p4_interfaces_python/lib/python3.8/site-packages/p4_interfaces_python/p4_interfaces_python_s__rosidl_typesupport_introspection_c.cpython-38-x86_64-linux-gnu.so
[4.126s] -- Set runtime path of "/home/lhc/fishros-/p4/p4_ws/install/p4_interfaces_python/lib/python3.8/site-packages/p4_interfaces_python/p4_interfaces_python_s__rosidl_typesupport_introspection_c.cpython-38-x86_64-linux-gnu.so" to ""
[4.127s] -- Installing: /home/lhc/fishros-/p4/p4_ws/install/p4_interfaces_python/lib/python3.8/site-packages/p4_interfaces_python/p4_interfaces_python_s__rosidl_typesupport_c.cpython-38-x86_64-linux-gnu.so
[4.128s] -- Set runtime path of "/home/lhc/fishros-/p4/p4_ws/install/p4_interfaces_python/lib/python3.8/site-packages/p4_interfaces_python/p4_interfaces_python_s__rosidl_typesupport_c.cpython-38-x86_64-linux-gnu.so" to ""
[4.128s] -- Installing: /home/lhc/fishros-/p4/p4_ws/install/p4_interfaces_python/lib/libp4_interfaces_python__python.so
[4.128s] -- Set runtime path of "/home/lhc/fishros-/p4/p4_ws/install/p4_interfaces_python/lib/libp4_interfaces_python__python.so" to ""
[4.128s] -- Installing: /home/lhc/fishros-/p4/p4_ws/install/p4_interfaces_python/share/p4_interfaces_python/srv/FaceDetector.idl
[4.128s] -- Installing: /home/lhc/fishros-/p4/p4_ws/install/p4_interfaces_python/share/p4_interfaces_python/srv/FaceDetector.srv
[4.129s] -- Installing: /home/lhc/fishros-/p4/p4_ws/install/p4_interfaces_python/share/p4_interfaces_python/srv/FaceDetector_Request.msg
[4.129s] -- Installing: /home/lhc/fishros-/p4/p4_ws/install/p4_interfaces_python/share/p4_interfaces_python/srv/FaceDetector_Response.msg
[4.129s] -- Installing: /home/lhc/fishros-/p4/p4_ws/install/p4_interfaces_python/share/ament_index/resource_index/package_run_dependencies/p4_interfaces_python
[4.129s] -- Installing: /home/lhc/fishros-/p4/p4_ws/install/p4_interfaces_python/share/ament_index/resource_index/parent_prefix_path/p4_interfaces_python
[4.129s] -- Installing: /home/lhc/fishros-/p4/p4_ws/install/p4_interfaces_python/share/p4_interfaces_python/environment/ament_prefix_path.sh
[4.129s] -- Installing: /home/lhc/fishros-/p4/p4_ws/install/p4_interfaces_python/share/p4_interfaces_python/environment/ament_prefix_path.dsv
[4.130s] -- Installing: /home/lhc/fishros-/p4/p4_ws/install/p4_interfaces_python/share/p4_interfaces_python/environment/path.sh
[4.130s] -- Installing: /home/lhc/fishros-/p4/p4_ws/install/p4_interfaces_python/share/p4_interfaces_python/environment/path.dsv
[4.130s] -- Installing: /home/lhc/fishros-/p4/p4_ws/install/p4_interfaces_python/share/p4_interfaces_python/local_setup.bash
[4.130s] -- Installing: /home/lhc/fishros-/p4/p4_ws/install/p4_interfaces_python/share/p4_interfaces_python/local_setup.sh
[4.131s] -- Installing: /home/lhc/fishros-/p4/p4_ws/install/p4_interfaces_python/share/p4_interfaces_python/local_setup.zsh
[4.131s] -- Installing: /home/lhc/fishros-/p4/p4_ws/install/p4_interfaces_python/share/p4_interfaces_python/local_setup.dsv
[4.131s] -- Installing: /home/lhc/fishros-/p4/p4_ws/install/p4_interfaces_python/share/p4_interfaces_python/package.dsv
[4.131s] -- Installing: /home/lhc/fishros-/p4/p4_ws/install/p4_interfaces_python/share/ament_index/resource_index/packages/p4_interfaces_python
[4.132s] -- Installing: /home/lhc/fishros-/p4/p4_ws/install/p4_interfaces_python/share/p4_interfaces_python/cmake/p4_interfaces_python__rosidl_generator_cExport.cmake
[4.132s] -- Installing: /home/lhc/fishros-/p4/p4_ws/install/p4_interfaces_python/share/p4_interfaces_python/cmake/p4_interfaces_python__rosidl_generator_cExport-noconfig.cmake
[4.133s] -- Installing: /home/lhc/fishros-/p4/p4_ws/install/p4_interfaces_python/share/p4_interfaces_python/cmake/p4_interfaces_python__rosidl_typesupport_introspection_cExport.cmake
[4.133s] -- Installing: /home/lhc/fishros-/p4/p4_ws/install/p4_interfaces_python/share/p4_interfaces_python/cmake/p4_interfaces_python__rosidl_typesupport_introspection_cExport-noconfig.cmake
[4.134s] -- Installing: /home/lhc/fishros-/p4/p4_ws/install/p4_interfaces_python/share/p4_interfaces_python/cmake/p4_interfaces_python__rosidl_typesupport_cExport.cmake
[4.134s] -- Installing: /home/lhc/fishros-/p4/p4_ws/install/p4_interfaces_python/share/p4_interfaces_python/cmake/p4_interfaces_python__rosidl_typesupport_cExport-noconfig.cmake
[4.134s] -- Installing: /home/lhc/fishros-/p4/p4_ws/install/p4_interfaces_python/share/p4_interfaces_python/cmake/p4_interfaces_python__rosidl_generator_cppExport.cmake
[4.135s] -- Installing: /home/lhc/fishros-/p4/p4_ws/install/p4_interfaces_python/share/p4_interfaces_python/cmake/p4_interfaces_python__rosidl_typesupport_introspection_cppExport.cmake
[4.135s] -- Installing: /home/lhc/fishros-/p4/p4_ws/install/p4_interfaces_python/share/p4_interfaces_python/cmake/p4_interfaces_python__rosidl_typesupport_introspection_cppExport-noconfig.cmake
[4.136s] -- Installing: /home/lhc/fishros-/p4/p4_ws/install/p4_interfaces_python/share/p4_interfaces_python/cmake/p4_interfaces_python__rosidl_typesupport_cppExport.cmake
[4.136s] -- Installing: /home/lhc/fishros-/p4/p4_ws/install/p4_interfaces_python/share/p4_interfaces_python/cmake/p4_interfaces_python__rosidl_typesupport_cppExport-noconfig.cmake
[4.136s] -- Installing: /home/lhc/fishros-/p4/p4_ws/install/p4_interfaces_python/share/p4_interfaces_python/cmake/rosidl_cmake-extras.cmake
[4.136s] -- Installing: /home/lhc/fishros-/p4/p4_ws/install/p4_interfaces_python/share/p4_interfaces_python/cmake/ament_cmake_export_dependencies-extras.cmake
[4.136s] -- Installing: /home/lhc/fishros-/p4/p4_ws/install/p4_interfaces_python/share/p4_interfaces_python/cmake/ament_cmake_export_libraries-extras.cmake
[4.136s] -- Installing: /home/lhc/fishros-/p4/p4_ws/install/p4_interfaces_python/share/p4_interfaces_python/cmake/ament_cmake_export_targets-extras.cmake
[4.136s] -- Installing: /home/lhc/fishros-/p4/p4_ws/install/p4_interfaces_python/share/p4_interfaces_python/cmake/ament_cmake_export_include_directories-extras.cmake
[4.137s] -- Installing: /home/lhc/fishros-/p4/p4_ws/install/p4_interfaces_python/share/p4_interfaces_python/cmake/rosidl_cmake_export_typesupport_libraries-extras.cmake
[4.137s] -- Installing: /home/lhc/fishros-/p4/p4_ws/install/p4_interfaces_python/share/p4_interfaces_python/cmake/rosidl_cmake_export_typesupport_targets-extras.cmake
[4.137s] -- Installing: /home/lhc/fishros-/p4/p4_ws/install/p4_interfaces_python/share/p4_interfaces_python/cmake/p4_interfaces_pythonConfig.cmake
[4.137s] -- Installing: /home/lhc/fishros-/p4/p4_ws/install/p4_interfaces_python/share/p4_interfaces_python/cmake/p4_interfaces_pythonConfig-version.cmake
[4.137s] -- Installing: /home/lhc/fishros-/p4/p4_ws/install/p4_interfaces_python/share/p4_interfaces_python/package.xml
[4.140s] Invoked command in '/home/lhc/fishros-/p4/p4_ws/build/p4_interfaces_python' returned '0': CMAKE_PREFIX_PATH=/opt/ros/foxy /usr/bin/cmake --install /home/lhc/fishros-/p4/p4_ws/build/p4_interfaces_python
