[0.015s] Invoking command in '/home/lhc/fishros-/p3/topic_practice_ws/build/status_display': AMENT_PREFIX_PATH=/home/lhc/fishros-/p3/topic_practice_ws/install/status_interfaces:${AMENT_PREFIX_PATH} CMAKE_PREFIX_PATH=/home/lhc/fishros-/p3/topic_practice_ws/install/status_interfaces:/opt/ros/foxy LD_LIBRARY_PATH=/home/lhc/fishros-/p3/topic_practice_ws/install/status_interfaces/lib:${LD_LIBRARY_PATH} PYTHONPATH=/home/lhc/fishros-/p3/topic_practice_ws/install/status_interfaces/lib/python3.8/site-packages:${PYTHONPATH} /usr/bin/cmake /home/lhc/fishros-/p3/topic_practice_ws/src/status_display -DCMAKE_INSTALL_PREFIX=/home/lhc/fishros-/p3/topic_practice_ws/install/status_display
[0.071s] -- The C compiler identification is GNU 9.4.0
[0.121s] -- The CXX compiler identification is GNU 9.4.0
[0.124s] -- Check for working C compiler: /usr/bin/cc
[0.191s] -- Check for working C compiler: /usr/bin/cc -- works
[0.192s] -- Detecting C compiler ABI info
[0.262s] -- Detecting C compiler ABI info - done
[0.269s] -- Detecting C compile features
[0.269s] -- Detecting C compile features - done
[0.271s] -- Check for working CXX compiler: /usr/bin/c++
[0.345s] -- Check for working CXX compiler: /usr/bin/c++ -- works
[0.346s] -- Detecting CXX compiler ABI info
[0.420s] -- Detecting CXX compiler ABI info - done
[0.429s] -- Detecting CXX compile features
[0.429s] -- Detecting CXX compile features - done
[0.432s] -- Found ament_cmake: 0.9.12 (/opt/ros/foxy/share/ament_cmake/cmake)
[0.452s] -- Found PythonInterp: /usr/bin/python3 (found suitable version "3.8.10", minimum required is "3") 
[0.452s] -- Using PYTHON_EXECUTABLE: /usr/bin/python3
[0.605s] -- Found rclcpp: 2.4.3 (/opt/ros/foxy/share/rclcpp/cmake)
[0.645s] -- Using all available rosidl_typesupport_c: rosidl_typesupport_fastrtps_c;rosidl_typesupport_introspection_c
[0.650s] -- Found rosidl_adapter: 1.3.1 (/opt/ros/foxy/share/rosidl_adapter/cmake)
[0.738s] -- Found OpenSSL: /usr/lib/x86_64-linux-gnu/libcrypto.so (found version "1.1.1f")  
[0.769s] -- Found FastRTPS: /opt/ros/foxy/include  
[0.831s] -- Using all available rosidl_typesupport_cpp: rosidl_typesupport_fastrtps_cpp;rosidl_typesupport_introspection_cpp
[0.878s] -- Found rmw_implementation_cmake: 1.0.4 (/opt/ros/foxy/share/rmw_implementation_cmake/cmake)
[0.879s] -- Using RMW implementation 'rmw_fastrtps_cpp' as default
[0.880s] -- Looking for pthread.h
[0.960s] -- Looking for pthread.h - found
[0.960s] -- Performing Test CMAKE_HAVE_LIBC_PTHREAD
[1.045s] -- Performing Test CMAKE_HAVE_LIBC_PTHREAD - Failed
[1.045s] -- Looking for pthread_create in pthreads
[1.116s] -- Looking for pthread_create in pthreads - not found
[1.117s] -- Looking for pthread_create in pthread
[1.194s] -- Looking for pthread_create in pthread - found
[1.195s] -- Found Threads: TRUE  
[1.310s] -- Found status_interfaces: 0.0.0 (/home/lhc/fishros-/p3/topic_practice_ws/install/status_interfaces/share/status_interfaces/cmake)
[1.334s] -- Found ament_lint_auto: 0.9.8 (/opt/ros/foxy/share/ament_lint_auto/cmake)
[1.397s] CMake Error at CMakeLists.txt:38 (install):
[1.397s]   install TARGETS given unknown argument "status_display".
[1.397s] 
[1.397s] 
[1.399s] -- Added test 'copyright' to check source files copyright and LICENSE
[1.400s] -- Added test 'cppcheck' to perform static code analysis on C / C++ code
[1.400s] -- Configured cppcheck include dirs: 
[1.400s] -- Configured cppcheck exclude dirs and/or files: 
[1.401s] -- Added test 'cpplint' to check C / C++ code against the Google style
[1.401s] -- Configured cpplint exclude dirs and/or files: 
[1.401s] -- Added test 'lint_cmake' to check CMake code style
[1.402s] -- Added test 'uncrustify' to check C / C++ code style
[1.402s] -- Configured uncrustify additional arguments: 
[1.403s] -- Added test 'xmllint' to check XML markup files
[1.427s] -- Configuring incomplete, errors occurred!
[1.427s] See also "/home/lhc/fishros-/p3/topic_practice_ws/build/status_display/CMakeFiles/CMakeOutput.log".
[1.427s] See also "/home/lhc/fishros-/p3/topic_practice_ws/build/status_display/CMakeFiles/CMakeError.log".
[1.434s] Invoked command in '/home/lhc/fishros-/p3/topic_practice_ws/build/status_display' returned '1': AMENT_PREFIX_PATH=/home/lhc/fishros-/p3/topic_practice_ws/install/status_interfaces:${AMENT_PREFIX_PATH} CMAKE_PREFIX_PATH=/home/lhc/fishros-/p3/topic_practice_ws/install/status_interfaces:/opt/ros/foxy LD_LIBRARY_PATH=/home/lhc/fishros-/p3/topic_practice_ws/install/status_interfaces/lib:${LD_LIBRARY_PATH} PYTHONPATH=/home/lhc/fishros-/p3/topic_practice_ws/install/status_interfaces/lib/python3.8/site-packages:${PYTHONPATH} /usr/bin/cmake /home/lhc/fishros-/p3/topic_practice_ws/src/status_display -DCMAKE_INSTALL_PREFIX=/home/lhc/fishros-/p3/topic_practice_ws/install/status_display
