[0.009s] Invoking command in '/home/lhc/fishros-/p2/p2_ws/src/build/demo_cpp_pkg': CMAKE_PREFIX_PATH=${CMAKE_PREFIX_PATH}:/opt/ros/foxy /usr/bin/cmake --build /home/lhc/fishros-/p2/p2_ws/src/build/demo_cpp_pkg -- -j12 -l12
[0.051s] [ 66%] Built target learn_auto
[0.051s] [ 66%] Built target learn_functional
[0.051s] [ 66%] Built target learn_lambda
[0.051s] [ 66%] Built target learn_shared
[0.058s] [100%] Built target person_node
[0.058s] [100%] Built target cpp_node
[0.065s] Invoked command in '/home/lhc/fishros-/p2/p2_ws/src/build/demo_cpp_pkg' returned '0': CMAKE_PREFIX_PATH=${CMAKE_PREFIX_PATH}:/opt/ros/foxy /usr/bin/cmake --build /home/lhc/fishros-/p2/p2_ws/src/build/demo_cpp_pkg -- -j12 -l12
[0.075s] Invoking command in '/home/lhc/fishros-/p2/p2_ws/src/build/demo_cpp_pkg': CMAKE_PREFIX_PATH=${CMAKE_PREFIX_PATH}:/opt/ros/foxy /usr/bin/cmake --install /home/lhc/fishros-/p2/p2_ws/src/build/demo_cpp_pkg
[0.081s] -- Install configuration: ""
[0.081s] -- Up-to-date: /home/lhc/fishros-/p2/p2_ws/src/install/demo_cpp_pkg/lib/demo_cpp_pkg/cpp_node
[0.081s] -- Up-to-date: /home/lhc/fishros-/p2/p2_ws/src/install/demo_cpp_pkg/lib/demo_cpp_pkg/person_node
[0.082s] -- Up-to-date: /home/lhc/fishros-/p2/p2_ws/src/install/demo_cpp_pkg/lib/demo_cpp_pkg/learn_auto
[0.082s] -- Up-to-date: /home/lhc/fishros-/p2/p2_ws/src/install/demo_cpp_pkg/lib/demo_cpp_pkg/learn_shared
[0.082s] -- Up-to-date: /home/lhc/fishros-/p2/p2_ws/src/install/demo_cpp_pkg/lib/demo_cpp_pkg/learn_lambda
[0.082s] -- Up-to-date: /home/lhc/fishros-/p2/p2_ws/src/install/demo_cpp_pkg/lib/demo_cpp_pkg/learn_functional
[0.083s] -- Up-to-date: /home/lhc/fishros-/p2/p2_ws/src/install/demo_cpp_pkg/share/ament_index/resource_index/package_run_dependencies/demo_cpp_pkg
[0.083s] -- Up-to-date: /home/lhc/fishros-/p2/p2_ws/src/install/demo_cpp_pkg/share/ament_index/resource_index/parent_prefix_path/demo_cpp_pkg
[0.083s] -- Up-to-date: /home/lhc/fishros-/p2/p2_ws/src/install/demo_cpp_pkg/share/demo_cpp_pkg/environment/ament_prefix_path.sh
[0.083s] -- Up-to-date: /home/lhc/fishros-/p2/p2_ws/src/install/demo_cpp_pkg/share/demo_cpp_pkg/environment/ament_prefix_path.dsv
[0.083s] -- Up-to-date: /home/lhc/fishros-/p2/p2_ws/src/install/demo_cpp_pkg/share/demo_cpp_pkg/environment/path.sh
[0.083s] -- Up-to-date: /home/lhc/fishros-/p2/p2_ws/src/install/demo_cpp_pkg/share/demo_cpp_pkg/environment/path.dsv
[0.084s] -- Up-to-date: /home/lhc/fishros-/p2/p2_ws/src/install/demo_cpp_pkg/share/demo_cpp_pkg/local_setup.bash
[0.084s] -- Up-to-date: /home/lhc/fishros-/p2/p2_ws/src/install/demo_cpp_pkg/share/demo_cpp_pkg/local_setup.sh
[0.084s] -- Up-to-date: /home/lhc/fishros-/p2/p2_ws/src/install/demo_cpp_pkg/share/demo_cpp_pkg/local_setup.zsh
[0.084s] -- Up-to-date: /home/lhc/fishros-/p2/p2_ws/src/install/demo_cpp_pkg/share/demo_cpp_pkg/local_setup.dsv
[0.084s] -- Installing: /home/lhc/fishros-/p2/p2_ws/src/install/demo_cpp_pkg/share/demo_cpp_pkg/package.dsv
[0.084s] -- Up-to-date: /home/lhc/fishros-/p2/p2_ws/src/install/demo_cpp_pkg/share/ament_index/resource_index/packages/demo_cpp_pkg
[0.084s] -- Up-to-date: /home/lhc/fishros-/p2/p2_ws/src/install/demo_cpp_pkg/share/demo_cpp_pkg/cmake/demo_cpp_pkgConfig.cmake
[0.085s] -- Up-to-date: /home/lhc/fishros-/p2/p2_ws/src/install/demo_cpp_pkg/share/demo_cpp_pkg/cmake/demo_cpp_pkgConfig-version.cmake
[0.085s] -- Up-to-date: /home/lhc/fishros-/p2/p2_ws/src/install/demo_cpp_pkg/share/demo_cpp_pkg/package.xml
[0.086s] Invoked command in '/home/lhc/fishros-/p2/p2_ws/src/build/demo_cpp_pkg' returned '0': CMAKE_PREFIX_PATH=${CMAKE_PREFIX_PATH}:/opt/ros/foxy /usr/bin/cmake --install /home/lhc/fishros-/p2/p2_ws/src/build/demo_cpp_pkg
