[35m[1mScanning dependencies of target learn_functional[0m
[ 50%] Built target learn_shared
[ 58%] Built target learn_auto
[ 50%] [32mBuilding CXX object CMakeFiles/learn_functional.dir/src/learn_functional.cpp.o[0m
[ 58%] Built target learn_lambda
[ 91%] Built target cpp_node
[ 91%] Built target person_node
[01m[K/home/lhc/fishros-/p2/p2_ws/src/demo_cpp_pkg/src/learn_functional.cpp:[m[K In function ‘[01m[Kvoid save_with_free_fun(const string&)[m[K’:
[01m[K/home/lhc/fishros-/p2/p2_ws/src/demo_cpp_pkg/src/learn_functional.cpp:5:44:[m[K [01;35m[Kwarning: [m[Kunused parameter ‘[01m[Kfile_name[m[K’ [[01;35m[K-Wunused-parameter[m[K]
    5 | void save_with_free_fun([01;35m[Kconst std::string &file_name[m[K)
      |                         [01;35m[K~~~~~~~~~~~~~~~~~~~^~~~~~~~~[m[K
[01m[K/home/lhc/fishros-/p2/p2_ws/src/demo_cpp_pkg/src/learn_functional.cpp:[m[K In member function ‘[01m[Kvoid filsave::save_with_member_fun(const string&)[m[K’:
[01m[K/home/lhc/fishros-/p2/p2_ws/src/demo_cpp_pkg/src/learn_functional.cpp:13:50:[m[K [01;35m[Kwarning: [m[Kunused parameter ‘[01m[Kfile_name[m[K’ [[01;35m[K-Wunused-parameter[m[K]
   13 |     void save_with_member_fun([01;35m[Kconst std::string &file_name[m[K)
      |                               [01;35m[K~~~~~~~~~~~~~~~~~~~^~~~~~~~~[m[K
[01m[K/home/lhc/fishros-/p2/p2_ws/src/demo_cpp_pkg/src/learn_functional.cpp:[m[K In lambda function:
[01m[K/home/lhc/fishros-/p2/p2_ws/src/demo_cpp_pkg/src/learn_functional.cpp:23:55:[m[K [01;35m[Kwarning: [m[Kunused parameter ‘[01m[Kfile_name[m[K’ [[01;35m[K-Wunused-parameter[m[K]
   23 |     auto save_with_lambda_fun = []([01;35m[Kconst std::string &file_name[m[K) -> void
      |                                    [01;35m[K~~~~~~~~~~~~~~~~~~~^~~~~~~~~[m[K
[100%] [32m[1mLinking CXX executable learn_functional[0m
[100%] Built target learn_functional
-- Install configuration: ""
-- Up-to-date: /home/lhc/fishros-/p2/p2_ws/src/install/demo_cpp_pkg/lib/demo_cpp_pkg/cpp_node
-- Up-to-date: /home/lhc/fishros-/p2/p2_ws/src/install/demo_cpp_pkg/lib/demo_cpp_pkg/person_node
-- Up-to-date: /home/lhc/fishros-/p2/p2_ws/src/install/demo_cpp_pkg/lib/demo_cpp_pkg/learn_auto
-- Up-to-date: /home/lhc/fishros-/p2/p2_ws/src/install/demo_cpp_pkg/lib/demo_cpp_pkg/learn_shared
-- Up-to-date: /home/lhc/fishros-/p2/p2_ws/src/install/demo_cpp_pkg/lib/demo_cpp_pkg/learn_lambda
-- Installing: /home/lhc/fishros-/p2/p2_ws/src/install/demo_cpp_pkg/lib/demo_cpp_pkg/learn_functional
-- Up-to-date: /home/lhc/fishros-/p2/p2_ws/src/install/demo_cpp_pkg/share/ament_index/resource_index/package_run_dependencies/demo_cpp_pkg
-- Up-to-date: /home/lhc/fishros-/p2/p2_ws/src/install/demo_cpp_pkg/share/ament_index/resource_index/parent_prefix_path/demo_cpp_pkg
-- Up-to-date: /home/lhc/fishros-/p2/p2_ws/src/install/demo_cpp_pkg/share/demo_cpp_pkg/environment/ament_prefix_path.sh
-- Installing: /home/lhc/fishros-/p2/p2_ws/src/install/demo_cpp_pkg/share/demo_cpp_pkg/environment/ament_prefix_path.dsv
-- Up-to-date: /home/lhc/fishros-/p2/p2_ws/src/install/demo_cpp_pkg/share/demo_cpp_pkg/environment/path.sh
-- Installing: /home/lhc/fishros-/p2/p2_ws/src/install/demo_cpp_pkg/share/demo_cpp_pkg/environment/path.dsv
-- Up-to-date: /home/lhc/fishros-/p2/p2_ws/src/install/demo_cpp_pkg/share/demo_cpp_pkg/local_setup.bash
-- Up-to-date: /home/lhc/fishros-/p2/p2_ws/src/install/demo_cpp_pkg/share/demo_cpp_pkg/local_setup.sh
-- Up-to-date: /home/lhc/fishros-/p2/p2_ws/src/install/demo_cpp_pkg/share/demo_cpp_pkg/local_setup.zsh
-- Installing: /home/lhc/fishros-/p2/p2_ws/src/install/demo_cpp_pkg/share/demo_cpp_pkg/local_setup.dsv
-- Installing: /home/lhc/fishros-/p2/p2_ws/src/install/demo_cpp_pkg/share/demo_cpp_pkg/package.dsv
-- Up-to-date: /home/lhc/fishros-/p2/p2_ws/src/install/demo_cpp_pkg/share/ament_index/resource_index/packages/demo_cpp_pkg
-- Up-to-date: /home/lhc/fishros-/p2/p2_ws/src/install/demo_cpp_pkg/share/demo_cpp_pkg/cmake/demo_cpp_pkgConfig.cmake
-- Up-to-date: /home/lhc/fishros-/p2/p2_ws/src/install/demo_cpp_pkg/share/demo_cpp_pkg/cmake/demo_cpp_pkgConfig-version.cmake
-- Up-to-date: /home/lhc/fishros-/p2/p2_ws/src/install/demo_cpp_pkg/share/demo_cpp_pkg/package.xml
