[0.013s] Invoking command in '/home/lhc/fishros-/p3/topic_practice_ws/build/status_interfaces': CMAKE_PREFIX_PATH=${CMAKE_PREFIX_PATH}:/home/lhc/fishros-/p3/topic_practice_ws/install/status_publisher:/opt/ros/foxy /usr/bin/cmake --build /home/lhc/fishros-/p3/topic_practice_ws/build/status_interfaces -- -j12 -l12
[0.040s] -- Found ament_cmake: 0.9.12 (/opt/ros/foxy/share/ament_cmake/cmake)
[0.062s] -- Found PythonInterp: /usr/bin/python3 (found suitable version "3.8.10", minimum required is "3") 
[0.063s] -- Using PYTHON_EXECUTABLE: /usr/bin/python3
[0.207s] -- Found builtin_interfaces: 1.0.0 (/opt/ros/foxy/share/builtin_interfaces/cmake)
[0.223s] -- Using all available rosidl_typesupport_c: rosidl_typesupport_fastrtps_c;rosidl_typesupport_introspection_c
[0.226s] -- Found rosidl_adapter: 1.3.1 (/opt/ros/foxy/share/rosidl_adapter/cmake)
[0.325s] -- Using all available rosidl_typesupport_cpp: rosidl_typesupport_fastrtps_cpp;rosidl_typesupport_introspection_cpp
[0.341s] -- Found rosidl_default_generators: 1.0.1 (/opt/ros/foxy/share/rosidl_default_generators/cmake)
[0.348s] CMake Error at /opt/ros/foxy/share/rosidl_cmake/cmake/rosidl_generate_interfaces.cmake:93 (message):
[0.348s]   rosidl_generate_interfaces() the passed file 'msg/SystemStatus.msg' doesn't
[0.348s]   exist relative to the CMAKE_CURRENT_SOURCE_DIR
[0.348s]   '/home/lhc/fishros-/p3/topic_practice_ws/src/status_interfaces'
[0.348s] Call Stack (most recent call first):
[0.348s]   CMakeLists.txt:24 (rosidl_generate_interfaces)
[0.349s] 
[0.349s] 
[0.349s] -- Configuring incomplete, errors occurred!
[0.349s] See also "/home/lhc/fishros-/p3/topic_practice_ws/build/status_interfaces/CMakeFiles/CMakeOutput.log".
[0.355s] make: *** [Makefile:748：cmake_check_build_system] 错误 1
[0.357s] Invoked command in '/home/lhc/fishros-/p3/topic_practice_ws/build/status_interfaces' returned '2': CMAKE_PREFIX_PATH=${CMAKE_PREFIX_PATH}:/home/lhc/fishros-/p3/topic_practice_ws/install/status_publisher:/opt/ros/foxy /usr/bin/cmake --build /home/lhc/fishros-/p3/topic_practice_ws/build/status_interfaces -- -j12 -l12
