[0.537s] Invoking command in '/home/lhc/fishros-/p4/p4_ws/src/demo_python_service': AMENT_PREFIX_PATH=/home/lhc/fishros-/p4/p4_ws/install/p4_interfaces_python:${AMENT_PREFIX_PATH} CMAKE_PREFIX_PATH=/home/lhc/fishros-/p4/p4_ws/install/p4_interfaces_python LD_LIBRARY_PATH=/home/lhc/fishros-/p4/p4_ws/install/p4_interfaces_python/lib:${LD_LIBRARY_PATH} PYTHONPATH=/home/lhc/fishros-/p4/p4_ws/build/demo_python_service/prefix_override:/usr/lib/python3/dist-packages/colcon_core/task/python/colcon_distutils_commands:/home/lhc/fishros-/p4/p4_ws/install/demo_python_service/lib/python3.8/site-packages:/home/lhc/fishros-/p4/p4_ws/install/p4_interfaces_python/lib/python3.8/site-packages:${PYTHONPATH} /usr/bin/python3 -W ignore:setup.py install is deprecated -W ignore:easy_install command is deprecated setup.py egg_info --egg-base ../../build/demo_python_service build --build-base /home/lhc/fishros-/p4/p4_ws/build/demo_python_service/build install --record /home/lhc/fishros-/p4/p4_ws/build/demo_python_service/install.log --install-scripts $base/lib/demo_python_service --single-version-externally-managed install_data
[0.704s] running egg_info
[0.705s] creating ../../build/demo_python_service/demo_python_service.egg-info
[0.705s] writing ../../build/demo_python_service/demo_python_service.egg-info/PKG-INFO
[0.705s] writing dependency_links to ../../build/demo_python_service/demo_python_service.egg-info/dependency_links.txt
[0.705s] writing entry points to ../../build/demo_python_service/demo_python_service.egg-info/entry_points.txt
[0.705s] writing requirements to ../../build/demo_python_service/demo_python_service.egg-info/requires.txt
[0.705s] writing top-level names to ../../build/demo_python_service/demo_python_service.egg-info/top_level.txt
[0.707s] writing manifest file '../../build/demo_python_service/demo_python_service.egg-info/SOURCES.txt'
[0.730s] reading manifest file '../../build/demo_python_service/demo_python_service.egg-info/SOURCES.txt'
[0.730s] writing manifest file '../../build/demo_python_service/demo_python_service.egg-info/SOURCES.txt'
[0.731s] running build
[0.731s] running build_py
[0.731s] creating /home/lhc/fishros-/p4/p4_ws/build/demo_python_service/build
[0.731s] creating /home/lhc/fishros-/p4/p4_ws/build/demo_python_service/build/lib
[0.731s] creating /home/lhc/fishros-/p4/p4_ws/build/demo_python_service/build/lib/demo_python_service
[0.731s] copying demo_python_service/__init__.py -> /home/lhc/fishros-/p4/p4_ws/build/demo_python_service/build/lib/demo_python_service
[0.731s] running install
[0.732s] running install_lib
[0.732s] creating /home/lhc/fishros-/p4/p4_ws/install/demo_python_service/lib/python3.8/site-packages/demo_python_service
[0.732s] copying /home/lhc/fishros-/p4/p4_ws/build/demo_python_service/build/lib/demo_python_service/__init__.py -> /home/lhc/fishros-/p4/p4_ws/install/demo_python_service/lib/python3.8/site-packages/demo_python_service
[0.733s] byte-compiling /home/lhc/fishros-/p4/p4_ws/install/demo_python_service/lib/python3.8/site-packages/demo_python_service/__init__.py to __init__.cpython-38.pyc
[0.734s] running install_data
[0.734s] creating /home/lhc/fishros-/p4/p4_ws/install/demo_python_service/share/ament_index
[0.734s] creating /home/lhc/fishros-/p4/p4_ws/install/demo_python_service/share/ament_index/resource_index
[0.734s] creating /home/lhc/fishros-/p4/p4_ws/install/demo_python_service/share/ament_index/resource_index/packages
[0.734s] copying resource/demo_python_service -> /home/lhc/fishros-/p4/p4_ws/install/demo_python_service/share/ament_index/resource_index/packages
[0.734s] copying package.xml -> /home/lhc/fishros-/p4/p4_ws/install/demo_python_service/share/demo_python_service
[0.734s] running install_egg_info
[0.735s] Copying ../../build/demo_python_service/demo_python_service.egg-info to /home/lhc/fishros-/p4/p4_ws/install/demo_python_service/lib/python3.8/site-packages/demo_python_service-0.0.0-py3.8.egg-info
[0.736s] running install_scripts
[0.754s] writing list of installed files to '/home/lhc/fishros-/p4/p4_ws/build/demo_python_service/install.log'
[0.773s] Invoked command in '/home/lhc/fishros-/p4/p4_ws/src/demo_python_service' returned '0': AMENT_PREFIX_PATH=/home/lhc/fishros-/p4/p4_ws/install/p4_interfaces_python:${AMENT_PREFIX_PATH} CMAKE_PREFIX_PATH=/home/lhc/fishros-/p4/p4_ws/install/p4_interfaces_python LD_LIBRARY_PATH=/home/lhc/fishros-/p4/p4_ws/install/p4_interfaces_python/lib:${LD_LIBRARY_PATH} PYTHONPATH=/home/lhc/fishros-/p4/p4_ws/build/demo_python_service/prefix_override:/usr/lib/python3/dist-packages/colcon_core/task/python/colcon_distutils_commands:/home/lhc/fishros-/p4/p4_ws/install/demo_python_service/lib/python3.8/site-packages:/home/lhc/fishros-/p4/p4_ws/install/p4_interfaces_python/lib/python3.8/site-packages:${PYTHONPATH} /usr/bin/python3 -W ignore:setup.py install is deprecated -W ignore:easy_install command is deprecated setup.py egg_info --egg-base ../../build/demo_python_service build --build-base /home/lhc/fishros-/p4/p4_ws/build/demo_python_service/build install --record /home/lhc/fishros-/p4/p4_ws/build/demo_python_service/install.log --install-scripts $base/lib/demo_python_service --single-version-externally-managed install_data
