[0.013s] Invoking command in '/home/lhc/fishros-/p4/p4_ws/build/p4_interfaces_python': CMAKE_PREFIX_PATH=/opt/ros/foxy /usr/bin/cmake --build /home/lhc/fishros-/p4/p4_ws/build/p4_interfaces_python -- -j12 -l12
[0.068s] -- Found ament_cmake: 0.9.12 (/opt/ros/foxy/share/ament_cmake/cmake)
[0.089s] -- Found PythonInterp: /usr/bin/python3 (found suitable version "3.8.10", minimum required is "3") 
[0.089s] -- Using PYTHON_EXECUTABLE: /usr/bin/python3
[0.275s] -- Found sensor_msgs: 2.0.5 (/opt/ros/foxy/share/sensor_msgs/cmake)
[0.299s] -- Using all available rosidl_typesupport_c: rosidl_typesupport_fastrtps_c;rosidl_typesupport_introspection_c
[0.303s] -- Found rosidl_adapter: 1.3.1 (/opt/ros/foxy/share/rosidl_adapter/cmake)
[0.434s] -- Using all available rosidl_typesupport_cpp: rosidl_typesupport_fastrtps_cpp;rosidl_typesupport_introspection_cpp
[0.556s] -- Found rosidl_default_generators: 1.0.1 (/opt/ros/foxy/share/rosidl_default_generators/cmake)
[0.583s] -- Found PythonInterp: /usr/bin/python3 (found version "3.8.10") 
[0.753s] -- Found ament_cmake_ros: 0.9.2 (/opt/ros/foxy/share/ament_cmake_ros/cmake)
[0.995s] -- Using all available rosidl_typesupport_c: rosidl_typesupport_fastrtps_c;rosidl_typesupport_introspection_c
[1.116s] -- Using all available rosidl_typesupport_cpp: rosidl_typesupport_fastrtps_cpp;rosidl_typesupport_introspection_cpp
[1.141s] -- Found PythonInterp: /usr/bin/python3 (found suitable version "3.8.10", minimum required is "3.5") 
[1.141s] -- Found python_cmake_module: 0.8.1 (/opt/ros/foxy/share/python_cmake_module/cmake)
[1.169s] -- Using PYTHON_EXECUTABLE: /usr/bin/python3
[1.169s] -- Using PYTHON_INCLUDE_DIRS: /usr/include/python3.8
[1.169s] -- Using PYTHON_LIBRARIES: /usr/lib/x86_64-linux-gnu/libpython3.8.so
[1.224s] -- Found ament_lint_auto: 0.9.8 (/opt/ros/foxy/share/ament_lint_auto/cmake)
[1.239s] -- Added test 'copyright' to check source files copyright and LICENSE
[1.241s] -- Added test 'lint_cmake' to check CMake code style
[1.242s] -- Added test 'xmllint' to check XML markup files
[1.246s] -- Configuring done
[1.332s] -- Generating done
[1.348s] -- Build files have been written to: /home/lhc/fishros-/p4/p4_ws/build/p4_interfaces_python
[1.391s] [  3%] Built target p4_interfaces_python__cpp
[1.394s] [ 12%] Built target p4_interfaces_python__rosidl_generator_c
[1.418s] [ 48%] Built target p4_interfaces_python__rosidl_typesupport_introspection_c
[1.418s] [ 48%] Built target p4_interfaces_python__rosidl_typesupport_c
[1.418s] [ 48%] Built target p4_interfaces_python__rosidl_typesupport_introspection_cpp
[1.418s] [ 51%] Built target p4_interfaces_python__rosidl_typesupport_cpp
[1.420s] [ 61%] Built target p4_interfaces_python__rosidl_typesupport_fastrtps_cpp
[1.450s] [ 70%] Built target p4_interfaces_python__rosidl_typesupport_fastrtps_c
[1.474s] [ 70%] Built target p4_interfaces_python
[1.498s] [ 74%] Built target p4_interfaces_python__py
[1.537s] [ 80%] Built target p4_interfaces_python__python
[1.566s] [100%] Built target p4_interfaces_python__rosidl_typesupport_fastrtps_c__pyext
[1.566s] [100%] Built target p4_interfaces_python__rosidl_typesupport_introspection_c__pyext
[1.566s] [100%] Built target p4_interfaces_python__rosidl_typesupport_c__pyext
[1.576s] Invoked command in '/home/lhc/fishros-/p4/p4_ws/build/p4_interfaces_python' returned '0': CMAKE_PREFIX_PATH=/opt/ros/foxy /usr/bin/cmake --build /home/lhc/fishros-/p4/p4_ws/build/p4_interfaces_python -- -j12 -l12
[1.592s] Invoking command in '/home/lhc/fishros-/p4/p4_ws/build/p4_interfaces_python': CMAKE_PREFIX_PATH=/opt/ros/foxy /usr/bin/cmake --install /home/lhc/fishros-/p4/p4_ws/build/p4_interfaces_python
[1.604s] -- Install configuration: ""
[1.604s] -- Up-to-date: /home/lhc/fishros-/p4/p4_ws/install/p4_interfaces_python/share/ament_index/resource_index/rosidl_interfaces/p4_interfaces_python
[1.604s] -- Up-to-date: /home/lhc/fishros-/p4/p4_ws/install/p4_interfaces_python/include/p4_interfaces_python
[1.604s] -- Up-to-date: /home/lhc/fishros-/p4/p4_ws/install/p4_interfaces_python/include/p4_interfaces_python/srv
[1.604s] -- Up-to-date: /home/lhc/fishros-/p4/p4_ws/install/p4_interfaces_python/include/p4_interfaces_python/srv/detail
[1.604s] -- Up-to-date: /home/lhc/fishros-/p4/p4_ws/install/p4_interfaces_python/include/p4_interfaces_python/srv/detail/face_detector__type_support.h
[1.604s] -- Up-to-date: /home/lhc/fishros-/p4/p4_ws/install/p4_interfaces_python/include/p4_interfaces_python/srv/detail/face_detector__struct.h
[1.605s] -- Up-to-date: /home/lhc/fishros-/p4/p4_ws/install/p4_interfaces_python/include/p4_interfaces_python/srv/detail/face_detector__functions.h
[1.605s] -- Up-to-date: /home/lhc/fishros-/p4/p4_ws/install/p4_interfaces_python/include/p4_interfaces_python/srv/detail/face_detector__functions.c
[1.605s] -- Up-to-date: /home/lhc/fishros-/p4/p4_ws/install/p4_interfaces_python/include/p4_interfaces_python/srv/face_detector.h
[1.605s] -- Up-to-date: /home/lhc/fishros-/p4/p4_ws/install/p4_interfaces_python/include/p4_interfaces_python/msg
[1.605s] -- Up-to-date: /home/lhc/fishros-/p4/p4_ws/install/p4_interfaces_python/include/p4_interfaces_python/msg/rosidl_generator_c__visibility_control.h
[1.605s] -- Up-to-date: /home/lhc/fishros-/p4/p4_ws/install/p4_interfaces_python/share/p4_interfaces_python/environment/library_path.sh
[1.605s] -- Installing: /home/lhc/fishros-/p4/p4_ws/install/p4_interfaces_python/share/p4_interfaces_python/environment/library_path.dsv
[1.605s] -- Up-to-date: /home/lhc/fishros-/p4/p4_ws/install/p4_interfaces_python/lib/libp4_interfaces_python__rosidl_generator_c.so
[1.605s] -- Up-to-date: /home/lhc/fishros-/p4/p4_ws/install/p4_interfaces_python/include/p4_interfaces_python
[1.605s] -- Up-to-date: /home/lhc/fishros-/p4/p4_ws/install/p4_interfaces_python/include/p4_interfaces_python/srv
[1.606s] -- Up-to-date: /home/lhc/fishros-/p4/p4_ws/install/p4_interfaces_python/include/p4_interfaces_python/srv/detail
[1.606s] -- Up-to-date: /home/lhc/fishros-/p4/p4_ws/install/p4_interfaces_python/include/p4_interfaces_python/srv/detail/face_detector__rosidl_typesupport_fastrtps_c.h
[1.606s] -- Up-to-date: /home/lhc/fishros-/p4/p4_ws/install/p4_interfaces_python/include/p4_interfaces_python/msg
[1.606s] -- Up-to-date: /home/lhc/fishros-/p4/p4_ws/install/p4_interfaces_python/include/p4_interfaces_python/msg/rosidl_typesupport_fastrtps_c__visibility_control.h
[1.606s] -- Up-to-date: /home/lhc/fishros-/p4/p4_ws/install/p4_interfaces_python/lib/libp4_interfaces_python__rosidl_typesupport_fastrtps_c.so
[1.606s] -- Up-to-date: /home/lhc/fishros-/p4/p4_ws/install/p4_interfaces_python/include/p4_interfaces_python
[1.606s] -- Up-to-date: /home/lhc/fishros-/p4/p4_ws/install/p4_interfaces_python/include/p4_interfaces_python/srv
[1.606s] -- Up-to-date: /home/lhc/fishros-/p4/p4_ws/install/p4_interfaces_python/include/p4_interfaces_python/srv/detail
[1.606s] -- Up-to-date: /home/lhc/fishros-/p4/p4_ws/install/p4_interfaces_python/include/p4_interfaces_python/srv/detail/dds_fastrtps
[1.606s] -- Up-to-date: /home/lhc/fishros-/p4/p4_ws/install/p4_interfaces_python/include/p4_interfaces_python/srv/detail/face_detector__rosidl_typesupport_fastrtps_cpp.hpp
[1.606s] -- Up-to-date: /home/lhc/fishros-/p4/p4_ws/install/p4_interfaces_python/include/p4_interfaces_python/msg
[1.606s] -- Up-to-date: /home/lhc/fishros-/p4/p4_ws/install/p4_interfaces_python/include/p4_interfaces_python/msg/rosidl_typesupport_fastrtps_cpp__visibility_control.h
[1.606s] -- Up-to-date: /home/lhc/fishros-/p4/p4_ws/install/p4_interfaces_python/lib/libp4_interfaces_python__rosidl_typesupport_fastrtps_cpp.so
[1.607s] -- Up-to-date: /home/lhc/fishros-/p4/p4_ws/install/p4_interfaces_python/include/p4_interfaces_python
[1.607s] -- Up-to-date: /home/lhc/fishros-/p4/p4_ws/install/p4_interfaces_python/include/p4_interfaces_python/srv
[1.607s] -- Up-to-date: /home/lhc/fishros-/p4/p4_ws/install/p4_interfaces_python/include/p4_interfaces_python/srv/detail
[1.607s] -- Up-to-date: /home/lhc/fishros-/p4/p4_ws/install/p4_interfaces_python/include/p4_interfaces_python/srv/detail/face_detector__type_support.c
[1.607s] -- Up-to-date: /home/lhc/fishros-/p4/p4_ws/install/p4_interfaces_python/include/p4_interfaces_python/srv/detail/face_detector__rosidl_typesupport_introspection_c.h
[1.607s] -- Up-to-date: /home/lhc/fishros-/p4/p4_ws/install/p4_interfaces_python/include/p4_interfaces_python/msg
[1.607s] -- Up-to-date: /home/lhc/fishros-/p4/p4_ws/install/p4_interfaces_python/include/p4_interfaces_python/msg/rosidl_typesupport_introspection_c__visibility_control.h
[1.607s] -- Up-to-date: /home/lhc/fishros-/p4/p4_ws/install/p4_interfaces_python/lib/libp4_interfaces_python__rosidl_typesupport_introspection_c.so
[1.607s] -- Up-to-date: /home/lhc/fishros-/p4/p4_ws/install/p4_interfaces_python/lib/libp4_interfaces_python__rosidl_typesupport_c.so
[1.607s] -- Up-to-date: /home/lhc/fishros-/p4/p4_ws/install/p4_interfaces_python/include/p4_interfaces_python
[1.607s] -- Up-to-date: /home/lhc/fishros-/p4/p4_ws/install/p4_interfaces_python/include/p4_interfaces_python/srv
[1.607s] -- Up-to-date: /home/lhc/fishros-/p4/p4_ws/install/p4_interfaces_python/include/p4_interfaces_python/srv/detail
[1.607s] -- Up-to-date: /home/lhc/fishros-/p4/p4_ws/install/p4_interfaces_python/include/p4_interfaces_python/srv/detail/face_detector__type_support.hpp
[1.608s] -- Up-to-date: /home/lhc/fishros-/p4/p4_ws/install/p4_interfaces_python/include/p4_interfaces_python/srv/detail/face_detector__struct.hpp
[1.608s] -- Up-to-date: /home/lhc/fishros-/p4/p4_ws/install/p4_interfaces_python/include/p4_interfaces_python/srv/detail/face_detector__builder.hpp
[1.608s] -- Up-to-date: /home/lhc/fishros-/p4/p4_ws/install/p4_interfaces_python/include/p4_interfaces_python/srv/detail/face_detector__traits.hpp
[1.608s] -- Up-to-date: /home/lhc/fishros-/p4/p4_ws/install/p4_interfaces_python/include/p4_interfaces_python/srv/face_detector.hpp
[1.608s] -- Up-to-date: /home/lhc/fishros-/p4/p4_ws/install/p4_interfaces_python/include/p4_interfaces_python/msg
[1.608s] -- Up-to-date: /home/lhc/fishros-/p4/p4_ws/install/p4_interfaces_python/include/p4_interfaces_python/msg/rosidl_generator_cpp__visibility_control.hpp
[1.608s] -- Up-to-date: /home/lhc/fishros-/p4/p4_ws/install/p4_interfaces_python/include/p4_interfaces_python
[1.608s] -- Up-to-date: /home/lhc/fishros-/p4/p4_ws/install/p4_interfaces_python/include/p4_interfaces_python/srv
[1.608s] -- Up-to-date: /home/lhc/fishros-/p4/p4_ws/install/p4_interfaces_python/include/p4_interfaces_python/srv/detail
[1.608s] -- Up-to-date: /home/lhc/fishros-/p4/p4_ws/install/p4_interfaces_python/include/p4_interfaces_python/srv/detail/face_detector__type_support.cpp
[1.608s] -- Up-to-date: /home/lhc/fishros-/p4/p4_ws/install/p4_interfaces_python/include/p4_interfaces_python/srv/detail/face_detector__rosidl_typesupport_introspection_cpp.hpp
[1.609s] -- Up-to-date: /home/lhc/fishros-/p4/p4_ws/install/p4_interfaces_python/lib/libp4_interfaces_python__rosidl_typesupport_introspection_cpp.so
[1.609s] -- Up-to-date: /home/lhc/fishros-/p4/p4_ws/install/p4_interfaces_python/lib/libp4_interfaces_python__rosidl_typesupport_cpp.so
[1.609s] -- Up-to-date: /home/lhc/fishros-/p4/p4_ws/install/p4_interfaces_python/share/p4_interfaces_python/environment/pythonpath.sh
[1.609s] -- Installing: /home/lhc/fishros-/p4/p4_ws/install/p4_interfaces_python/share/p4_interfaces_python/environment/pythonpath.dsv
[1.609s] -- Installing: /home/lhc/fishros-/p4/p4_ws/install/p4_interfaces_python/lib/python3.8/site-packages/p4_interfaces_python/__init__.py
[1.638s] Compiling '/home/lhc/fishros-/p4/p4_ws/install/p4_interfaces_python/lib/python3.8/site-packages/p4_interfaces_python/__init__.py'...
[1.641s] -- Up-to-date: /home/lhc/fishros-/p4/p4_ws/install/p4_interfaces_python/lib/python3.8/site-packages/p4_interfaces_python/srv
[1.642s] -- Up-to-date: /home/lhc/fishros-/p4/p4_ws/install/p4_interfaces_python/lib/python3.8/site-packages/p4_interfaces_python/srv/_face_detector.py
[1.642s] -- Up-to-date: /home/lhc/fishros-/p4/p4_ws/install/p4_interfaces_python/lib/python3.8/site-packages/p4_interfaces_python/srv/_face_detector_s.c
[1.642s] -- Up-to-date: /home/lhc/fishros-/p4/p4_ws/install/p4_interfaces_python/lib/python3.8/site-packages/p4_interfaces_python/srv/__init__.py
[1.642s] -- Up-to-date: /home/lhc/fishros-/p4/p4_ws/install/p4_interfaces_python/lib/python3.8/site-packages/p4_interfaces_python/p4_interfaces_python_s__rosidl_typesupport_fastrtps_c.cpython-38-x86_64-linux-gnu.so
[1.643s] -- Up-to-date: /home/lhc/fishros-/p4/p4_ws/install/p4_interfaces_python/lib/python3.8/site-packages/p4_interfaces_python/p4_interfaces_python_s__rosidl_typesupport_introspection_c.cpython-38-x86_64-linux-gnu.so
[1.644s] -- Up-to-date: /home/lhc/fishros-/p4/p4_ws/install/p4_interfaces_python/lib/python3.8/site-packages/p4_interfaces_python/p4_interfaces_python_s__rosidl_typesupport_c.cpython-38-x86_64-linux-gnu.so
[1.645s] -- Up-to-date: /home/lhc/fishros-/p4/p4_ws/install/p4_interfaces_python/lib/libp4_interfaces_python__python.so
[1.645s] -- Up-to-date: /home/lhc/fishros-/p4/p4_ws/install/p4_interfaces_python/share/p4_interfaces_python/srv/FaceDetector.idl
[1.645s] -- Up-to-date: /home/lhc/fishros-/p4/p4_ws/install/p4_interfaces_python/share/p4_interfaces_python/srv/FaceDetector.srv
[1.645s] -- Up-to-date: /home/lhc/fishros-/p4/p4_ws/install/p4_interfaces_python/share/p4_interfaces_python/srv/FaceDetector_Request.msg
[1.646s] -- Up-to-date: /home/lhc/fishros-/p4/p4_ws/install/p4_interfaces_python/share/p4_interfaces_python/srv/FaceDetector_Response.msg
[1.646s] -- Up-to-date: /home/lhc/fishros-/p4/p4_ws/install/p4_interfaces_python/share/ament_index/resource_index/package_run_dependencies/p4_interfaces_python
[1.646s] -- Up-to-date: /home/lhc/fishros-/p4/p4_ws/install/p4_interfaces_python/share/ament_index/resource_index/parent_prefix_path/p4_interfaces_python
[1.646s] -- Up-to-date: /home/lhc/fishros-/p4/p4_ws/install/p4_interfaces_python/share/p4_interfaces_python/environment/ament_prefix_path.sh
[1.646s] -- Installing: /home/lhc/fishros-/p4/p4_ws/install/p4_interfaces_python/share/p4_interfaces_python/environment/ament_prefix_path.dsv
[1.646s] -- Up-to-date: /home/lhc/fishros-/p4/p4_ws/install/p4_interfaces_python/share/p4_interfaces_python/environment/path.sh
[1.646s] -- Installing: /home/lhc/fishros-/p4/p4_ws/install/p4_interfaces_python/share/p4_interfaces_python/environment/path.dsv
[1.647s] -- Up-to-date: /home/lhc/fishros-/p4/p4_ws/install/p4_interfaces_python/share/p4_interfaces_python/local_setup.bash
[1.647s] -- Up-to-date: /home/lhc/fishros-/p4/p4_ws/install/p4_interfaces_python/share/p4_interfaces_python/local_setup.sh
[1.647s] -- Up-to-date: /home/lhc/fishros-/p4/p4_ws/install/p4_interfaces_python/share/p4_interfaces_python/local_setup.zsh
[1.647s] -- Installing: /home/lhc/fishros-/p4/p4_ws/install/p4_interfaces_python/share/p4_interfaces_python/local_setup.dsv
[1.647s] -- Installing: /home/lhc/fishros-/p4/p4_ws/install/p4_interfaces_python/share/p4_interfaces_python/package.dsv
[1.647s] -- Up-to-date: /home/lhc/fishros-/p4/p4_ws/install/p4_interfaces_python/share/ament_index/resource_index/packages/p4_interfaces_python
[1.648s] -- Up-to-date: /home/lhc/fishros-/p4/p4_ws/install/p4_interfaces_python/share/p4_interfaces_python/cmake/p4_interfaces_python__rosidl_generator_cExport.cmake
[1.648s] -- Installing: /home/lhc/fishros-/p4/p4_ws/install/p4_interfaces_python/share/p4_interfaces_python/cmake/p4_interfaces_python__rosidl_generator_cExport-noconfig.cmake
[1.648s] -- Up-to-date: /home/lhc/fishros-/p4/p4_ws/install/p4_interfaces_python/share/p4_interfaces_python/cmake/p4_interfaces_python__rosidl_typesupport_introspection_cExport.cmake
[1.648s] -- Installing: /home/lhc/fishros-/p4/p4_ws/install/p4_interfaces_python/share/p4_interfaces_python/cmake/p4_interfaces_python__rosidl_typesupport_introspection_cExport-noconfig.cmake
[1.648s] -- Up-to-date: /home/lhc/fishros-/p4/p4_ws/install/p4_interfaces_python/share/p4_interfaces_python/cmake/p4_interfaces_python__rosidl_typesupport_cExport.cmake
[1.649s] -- Installing: /home/lhc/fishros-/p4/p4_ws/install/p4_interfaces_python/share/p4_interfaces_python/cmake/p4_interfaces_python__rosidl_typesupport_cExport-noconfig.cmake
[1.649s] -- Up-to-date: /home/lhc/fishros-/p4/p4_ws/install/p4_interfaces_python/share/p4_interfaces_python/cmake/p4_interfaces_python__rosidl_generator_cppExport.cmake
[1.649s] -- Up-to-date: /home/lhc/fishros-/p4/p4_ws/install/p4_interfaces_python/share/p4_interfaces_python/cmake/p4_interfaces_python__rosidl_typesupport_introspection_cppExport.cmake
[1.649s] -- Installing: /home/lhc/fishros-/p4/p4_ws/install/p4_interfaces_python/share/p4_interfaces_python/cmake/p4_interfaces_python__rosidl_typesupport_introspection_cppExport-noconfig.cmake
[1.650s] -- Up-to-date: /home/lhc/fishros-/p4/p4_ws/install/p4_interfaces_python/share/p4_interfaces_python/cmake/p4_interfaces_python__rosidl_typesupport_cppExport.cmake
[1.650s] -- Installing: /home/lhc/fishros-/p4/p4_ws/install/p4_interfaces_python/share/p4_interfaces_python/cmake/p4_interfaces_python__rosidl_typesupport_cppExport-noconfig.cmake
[1.650s] -- Up-to-date: /home/lhc/fishros-/p4/p4_ws/install/p4_interfaces_python/share/p4_interfaces_python/cmake/rosidl_cmake-extras.cmake
[1.650s] -- Up-to-date: /home/lhc/fishros-/p4/p4_ws/install/p4_interfaces_python/share/p4_interfaces_python/cmake/ament_cmake_export_dependencies-extras.cmake
[1.650s] -- Up-to-date: /home/lhc/fishros-/p4/p4_ws/install/p4_interfaces_python/share/p4_interfaces_python/cmake/ament_cmake_export_libraries-extras.cmake
[1.651s] -- Up-to-date: /home/lhc/fishros-/p4/p4_ws/install/p4_interfaces_python/share/p4_interfaces_python/cmake/ament_cmake_export_targets-extras.cmake
[1.651s] -- Up-to-date: /home/lhc/fishros-/p4/p4_ws/install/p4_interfaces_python/share/p4_interfaces_python/cmake/ament_cmake_export_include_directories-extras.cmake
[1.651s] -- Up-to-date: /home/lhc/fishros-/p4/p4_ws/install/p4_interfaces_python/share/p4_interfaces_python/cmake/rosidl_cmake_export_typesupport_libraries-extras.cmake
[1.651s] -- Up-to-date: /home/lhc/fishros-/p4/p4_ws/install/p4_interfaces_python/share/p4_interfaces_python/cmake/rosidl_cmake_export_typesupport_targets-extras.cmake
[1.651s] -- Up-to-date: /home/lhc/fishros-/p4/p4_ws/install/p4_interfaces_python/share/p4_interfaces_python/cmake/p4_interfaces_pythonConfig.cmake
[1.651s] -- Up-to-date: /home/lhc/fishros-/p4/p4_ws/install/p4_interfaces_python/share/p4_interfaces_python/cmake/p4_interfaces_pythonConfig-version.cmake
[1.651s] -- Installing: /home/lhc/fishros-/p4/p4_ws/install/p4_interfaces_python/share/p4_interfaces_python/package.xml
[1.653s] Invoked command in '/home/lhc/fishros-/p4/p4_ws/build/p4_interfaces_python' returned '0': CMAKE_PREFIX_PATH=/opt/ros/foxy /usr/bin/cmake --install /home/lhc/fishros-/p4/p4_ws/build/p4_interfaces_python
