[0.024s] Invoking command in '/home/lhc/fishros-/p3/topic_practice_ws/build/status_display': CMAKE_PREFIX_PATH=${CMAKE_PREFIX_PATH}:/home/lhc/fishros-/p3/topic_practice_ws/install/status_publisher:/opt/ros/foxy PYTHONPATH=/home/lhc/fishros-/p3/topic_practice_ws/install/status_interfaces/lib/python3.8/site-packages:/home/lhc/fishros-/p3/topic_practice_ws/install/status_publisher/lib/python3.8/site-packages:/opt/ros/foxy/lib/python3.8/site-packages /usr/bin/cmake /home/lhc/fishros-/p3/topic_practice_ws/src/status_display -DCMAKE_INSTALL_PREFIX=/home/lhc/fishros-/p3/topic_practice_ws/install/status_display
[0.036s] -- Found ament_cmake: 0.9.12 (/opt/ros/foxy/share/ament_cmake/cmake)
[0.058s] -- Using PYTHON_EXECUTABLE: /usr/bin/python3
[0.214s] -- Found rclcpp: 2.4.3 (/opt/ros/foxy/share/rclcpp/cmake)
[0.251s] -- Using all available rosidl_typesupport_c: rosidl_typesupport_fastrtps_c;rosidl_typesupport_introspection_c
[0.254s] -- Found rosidl_adapter: 1.3.1 (/opt/ros/foxy/share/rosidl_adapter/cmake)
[0.360s] -- Using all available rosidl_typesupport_cpp: rosidl_typesupport_fastrtps_cpp;rosidl_typesupport_introspection_cpp
[0.402s] -- Found rmw_implementation_cmake: 1.0.4 (/opt/ros/foxy/share/rmw_implementation_cmake/cmake)
[0.403s] -- Using RMW implementation 'rmw_fastrtps_cpp' as default
[0.510s] -- Found status_interfaces: 0.0.0 (/home/lhc/fishros-/p3/topic_practice_ws/install/status_interfaces/share/status_interfaces/cmake)
[0.527s] -- Found ament_lint_auto: 0.9.8 (/opt/ros/foxy/share/ament_lint_auto/cmake)
[0.585s] -- Added test 'copyright' to check source files copyright and LICENSE
[0.586s] -- Added test 'cppcheck' to perform static code analysis on C / C++ code
[0.586s] -- Configured cppcheck include dirs: 
[0.586s] -- Configured cppcheck exclude dirs and/or files: 
[0.587s] -- Added test 'cpplint' to check C / C++ code against the Google style
[0.587s] -- Configured cpplint exclude dirs and/or files: 
[0.587s] -- Added test 'lint_cmake' to check CMake code style
[0.589s] -- Added test 'uncrustify' to check C / C++ code style
[0.589s] -- Configured uncrustify additional arguments: 
[0.589s] -- Added test 'xmllint' to check XML markup files
[0.592s] -- Configuring done
[0.593s] CMake Error at CMakeLists.txt:24 (add_executable):
[0.593s]   Target "hello_qt" links to target "QT5::Widgets" but the target was not
[0.593s]   found.  Perhaps a find_package() call is missing for an IMPORTED target, or
[0.593s]   an ALIAS target is missing?
[0.593s] 
[0.594s] 
[0.596s] -- Generating done
[0.597s] CMake Generate step failed.  Build files cannot be regenerated correctly.
[0.605s] Invoked command in '/home/lhc/fishros-/p3/topic_practice_ws/build/status_display' returned '1': CMAKE_PREFIX_PATH=${CMAKE_PREFIX_PATH}:/home/lhc/fishros-/p3/topic_practice_ws/install/status_publisher:/opt/ros/foxy PYTHONPATH=/home/lhc/fishros-/p3/topic_practice_ws/install/status_interfaces/lib/python3.8/site-packages:/home/lhc/fishros-/p3/topic_practice_ws/install/status_publisher/lib/python3.8/site-packages:/opt/ros/foxy/lib/python3.8/site-packages /usr/bin/cmake /home/lhc/fishros-/p3/topic_practice_ws/src/status_display -DCMAKE_INSTALL_PREFIX=/home/lhc/fishros-/p3/topic_practice_ws/install/status_display
