[0.008s] Invoking command in '/home/lhc/fishros-/p2/p2_ws/src/build/demo_cpp_pkg': CMAKE_PREFIX_PATH=${CMAKE_PREFIX_PATH}:/opt/ros/foxy /usr/bin/cmake --build /home/lhc/fishros-/p2/p2_ws/src/build/demo_cpp_pkg -- -j12 -l12
[0.031s] -- Found ament_cmake: 0.9.12 (/opt/ros/foxy/share/ament_cmake/cmake)
[0.053s] -- Using PYTHON_EXECUTABLE: /usr/bin/python3
[0.181s] -- Found rclcpp: 2.4.3 (/opt/ros/foxy/share/rclcpp/cmake)
[0.202s] -- Using all available rosidl_typesupport_c: rosidl_typesupport_fastrtps_c;rosidl_typesupport_introspection_c
[0.204s] -- Found rosidl_adapter: 1.3.1 (/opt/ros/foxy/share/rosidl_adapter/cmake)
[0.287s] -- Using all available rosidl_typesupport_cpp: rosidl_typesupport_fastrtps_cpp;rosidl_typesupport_introspection_cpp
[0.321s] -- Found rmw_implementation_cmake: 1.0.4 (/opt/ros/foxy/share/rmw_implementation_cmake/cmake)
[0.322s] -- Using RMW implementation 'rmw_fastrtps_cpp' as default
[0.428s] -- Found ament_lint_auto: 0.9.8 (/opt/ros/foxy/share/ament_lint_auto/cmake)
[0.483s] -- Added test 'cppcheck' to perform static code analysis on C / C++ code
[0.483s] -- Configured cppcheck include dirs: /home/lhc/fishros-/p2/p2_ws/src/demo_cpp_pkg/include
[0.483s] -- Configured cppcheck exclude dirs and/or files: 
[0.484s] -- Added test 'flake8' to check Python code syntax and style conventions
[0.484s] -- Added test 'lint_cmake' to check CMake code style
[0.485s] -- Added test 'pep257' to check Python code against some of the style conventions in PEP 257
[0.488s] -- Added test 'uncrustify' to check C / C++ code style
[0.488s] -- Configured uncrustify additional arguments: 
[0.488s] -- Added test 'xmllint' to check XML markup files
[0.489s] -- Configuring done
[0.502s] -- Generating done
[0.508s] -- Build files have been written to: /home/lhc/fishros-/p2/p2_ws/src/build/demo_cpp_pkg
[0.541s] [ 64%] Built target learn_lambda
[0.541s] [ 64%] Built target learn_auto
[0.541s] [ 64%] Built target learn_shared
[0.541s] [ 64%] [32m[1mLinking CXX executable learn_thread[0m
[0.541s] [ 64%] Built target learn_functional
[0.546s] [ 78%] Built target cpp_node
[0.547s] [ 92%] Built target person_node
[0.642s] /usr/bin/ld: CMakeFiles/learn_thread.dir/src/learn_thread.cpp.o: in function `std::thread::thread<std::_Bind<void (Download::*(Download*, std::_Placeholder<1>, std::_Placeholder<2>, std::_Placeholder<3>))(std::__cxx11::basic_string<char, std::char_traits<char>, std::allocator<char> > const&, std::__cxx11::basic_string<char, std::char_traits<char>, std::allocator<char> > const&, std::function<void (std::__cxx11::basic_string<char, std::char_traits<char>, std::allocator<char> > const&, std::__cxx11::basic_string<char, std::char_traits<char>, std::allocator<char> > const&)> const&)>&, std::__cxx11::basic_string<char, std::char_traits<char>, std::allocator<char> > const&, std::__cxx11::basic_string<char, std::char_traits<char>, std::allocator<char> > const&, std::function<void (std::__cxx11::basic_string<char, std::char_traits<char>, std::allocator<char> > const&, std::__cxx11::basic_string<char, std::char_traits<char>, std::allocator<char> > const&)> const&, void>(std::_Bind<void (Download::*(Download*, std::_Placeholder<1>, std::_Placeholder<2>, std::_Placeholder<3>))(std::__cxx11::basic_string<char, std::char_traits<char>, std::allocator<char> > const&, std::__cxx11::basic_string<char, std::char_traits<char>, std::allocator<char> > const&, std::function<void (std::__cxx11::basic_string<char, std::char_traits<char>, std::allocator<char> > const&, std::__cxx11::basic_string<char, std::char_traits<char>, std::allocator<char> > const&)> const&)>&, std::__cxx11::basic_string<char, std::char_traits<char>, std::allocator<char> > const&, std::__cxx11::basic_string<char, std::char_traits<char>, std::allocator<char> > const&, std::function<void (std::__cxx11::basic_string<char, std::char_traits<char>, std::allocator<char> > const&, std::__cxx11::basic_string<char, std::char_traits<char>, std::allocator<char> > const&)> const&)':
[0.643s] learn_thread.cpp:(.text._ZNSt6threadC2IRSt5_BindIFM8DownloadFvRKNSt7__cxx1112basic_stringIcSt11char_traitsIcESaIcEEESA_RKSt8functionIFvSA_SA_EEEPS2_St12_PlaceholderILi1EESJ_ILi2EESJ_ILi3EEEEJSA_SA_SF_EvEEOT_DpOT0_[_ZNSt6threadC5IRSt5_BindIFM8DownloadFvRKNSt7__cxx1112basic_stringIcSt11char_traitsIcESaIcEEESA_RKSt8functionIFvSA_SA_EEEPS2_St12_PlaceholderILi1EESJ_ILi2EESJ_ILi3EEEEJSA_SA_SF_EvEEOT_DpOT0_]+0x58): undefined reference to `pthread_create'
[0.643s] collect2: error: ld returned 1 exit status
[0.644s] make[2]: *** [CMakeFiles/learn_thread.dir/build.make:84：learn_thread] 错误 1
[0.644s] make[1]: *** [CMakeFiles/Makefile2:306：CMakeFiles/learn_thread.dir/all] 错误 2
[0.644s] make: *** [Makefile:141：all] 错误 2
[0.647s] Invoked command in '/home/lhc/fishros-/p2/p2_ws/src/build/demo_cpp_pkg' returned '2': CMAKE_PREFIX_PATH=${CMAKE_PREFIX_PATH}:/opt/ros/foxy /usr/bin/cmake --build /home/lhc/fishros-/p2/p2_ws/src/build/demo_cpp_pkg -- -j12 -l12
