[0.013s] Invoking command in '/home/lhc/fishros-/p4/p4_ws/build/p4_interfaces_python': CMAKE_PREFIX_PATH=/opt/ros/foxy /usr/bin/cmake --build /home/lhc/fishros-/p4/p4_ws/build/p4_interfaces_python -- -j12 -l12
[0.071s] [  9%] Built target p4_interfaces_python__cpp
[0.071s] [ 12%] Built target p4_interfaces_python__rosidl_generator_c
[0.096s] [ 41%] Built target p4_interfaces_python__rosidl_typesupport_introspection_cpp
[0.096s] [ 41%] Built target p4_interfaces_python__rosidl_typesupport_introspection_c
[0.096s] [ 41%] Built target p4_interfaces_python__rosidl_typesupport_c
[0.097s] [ 51%] Built target p4_interfaces_python__rosidl_typesupport_cpp
[0.101s] [ 61%] Built target p4_interfaces_python__rosidl_typesupport_fastrtps_cpp
[0.134s] [ 70%] Built target p4_interfaces_python__rosidl_typesupport_fastrtps_c
[0.159s] [ 70%] Built target p4_interfaces_python
[0.187s] [ 74%] Built target p4_interfaces_python__py
[0.221s] [ 80%] Built target p4_interfaces_python__python
[0.248s] [100%] Built target p4_interfaces_python__rosidl_typesupport_fastrtps_c__pyext
[0.248s] [100%] Built target p4_interfaces_python__rosidl_typesupport_c__pyext
[0.248s] [100%] Built target p4_interfaces_python__rosidl_typesupport_introspection_c__pyext
[0.260s] Invoked command in '/home/lhc/fishros-/p4/p4_ws/build/p4_interfaces_python' returned '0': CMAKE_PREFIX_PATH=/opt/ros/foxy /usr/bin/cmake --build /home/lhc/fishros-/p4/p4_ws/build/p4_interfaces_python -- -j12 -l12
[0.281s] Invoking command in '/home/lhc/fishros-/p4/p4_ws/build/p4_interfaces_python': CMAKE_PREFIX_PATH=/opt/ros/foxy /usr/bin/cmake --install /home/lhc/fishros-/p4/p4_ws/build/p4_interfaces_python
[0.294s] -- Install configuration: ""
[0.295s] -- Up-to-date: /home/lhc/fishros-/p4/p4_ws/install/p4_interfaces_python/share/ament_index/resource_index/rosidl_interfaces/p4_interfaces_python
[0.295s] -- Up-to-date: /home/lhc/fishros-/p4/p4_ws/install/p4_interfaces_python/include/p4_interfaces_python
[0.295s] -- Up-to-date: /home/lhc/fishros-/p4/p4_ws/install/p4_interfaces_python/include/p4_interfaces_python/srv
[0.295s] -- Up-to-date: /home/lhc/fishros-/p4/p4_ws/install/p4_interfaces_python/include/p4_interfaces_python/srv/detail
[0.295s] -- Up-to-date: /home/lhc/fishros-/p4/p4_ws/install/p4_interfaces_python/include/p4_interfaces_python/srv/detail/face_detector__type_support.h
[0.295s] -- Up-to-date: /home/lhc/fishros-/p4/p4_ws/install/p4_interfaces_python/include/p4_interfaces_python/srv/detail/face_detector__struct.h
[0.295s] -- Up-to-date: /home/lhc/fishros-/p4/p4_ws/install/p4_interfaces_python/include/p4_interfaces_python/srv/detail/face_detector__functions.h
[0.295s] -- Up-to-date: /home/lhc/fishros-/p4/p4_ws/install/p4_interfaces_python/include/p4_interfaces_python/srv/detail/face_detector__functions.c
[0.295s] -- Up-to-date: /home/lhc/fishros-/p4/p4_ws/install/p4_interfaces_python/include/p4_interfaces_python/srv/face_detector.h
[0.295s] -- Up-to-date: /home/lhc/fishros-/p4/p4_ws/install/p4_interfaces_python/include/p4_interfaces_python/msg
[0.295s] -- Up-to-date: /home/lhc/fishros-/p4/p4_ws/install/p4_interfaces_python/include/p4_interfaces_python/msg/rosidl_generator_c__visibility_control.h
[0.295s] -- Up-to-date: /home/lhc/fishros-/p4/p4_ws/install/p4_interfaces_python/share/p4_interfaces_python/environment/library_path.sh
[0.296s] -- Up-to-date: /home/lhc/fishros-/p4/p4_ws/install/p4_interfaces_python/share/p4_interfaces_python/environment/library_path.dsv
[0.296s] -- Up-to-date: /home/lhc/fishros-/p4/p4_ws/install/p4_interfaces_python/lib/libp4_interfaces_python__rosidl_generator_c.so
[0.296s] -- Up-to-date: /home/lhc/fishros-/p4/p4_ws/install/p4_interfaces_python/include/p4_interfaces_python
[0.296s] -- Up-to-date: /home/lhc/fishros-/p4/p4_ws/install/p4_interfaces_python/include/p4_interfaces_python/srv
[0.296s] -- Up-to-date: /home/lhc/fishros-/p4/p4_ws/install/p4_interfaces_python/include/p4_interfaces_python/srv/detail
[0.296s] -- Up-to-date: /home/lhc/fishros-/p4/p4_ws/install/p4_interfaces_python/include/p4_interfaces_python/srv/detail/face_detector__rosidl_typesupport_fastrtps_c.h
[0.296s] -- Up-to-date: /home/lhc/fishros-/p4/p4_ws/install/p4_interfaces_python/include/p4_interfaces_python/msg
[0.296s] -- Up-to-date: /home/lhc/fishros-/p4/p4_ws/install/p4_interfaces_python/include/p4_interfaces_python/msg/rosidl_typesupport_fastrtps_c__visibility_control.h
[0.296s] -- Up-to-date: /home/lhc/fishros-/p4/p4_ws/install/p4_interfaces_python/lib/libp4_interfaces_python__rosidl_typesupport_fastrtps_c.so
[0.296s] -- Up-to-date: /home/lhc/fishros-/p4/p4_ws/install/p4_interfaces_python/include/p4_interfaces_python
[0.296s] -- Up-to-date: /home/lhc/fishros-/p4/p4_ws/install/p4_interfaces_python/include/p4_interfaces_python/srv
[0.296s] -- Up-to-date: /home/lhc/fishros-/p4/p4_ws/install/p4_interfaces_python/include/p4_interfaces_python/srv/detail
[0.296s] -- Up-to-date: /home/lhc/fishros-/p4/p4_ws/install/p4_interfaces_python/include/p4_interfaces_python/srv/detail/dds_fastrtps
[0.297s] -- Up-to-date: /home/lhc/fishros-/p4/p4_ws/install/p4_interfaces_python/include/p4_interfaces_python/srv/detail/face_detector__rosidl_typesupport_fastrtps_cpp.hpp
[0.297s] -- Up-to-date: /home/lhc/fishros-/p4/p4_ws/install/p4_interfaces_python/include/p4_interfaces_python/msg
[0.297s] -- Up-to-date: /home/lhc/fishros-/p4/p4_ws/install/p4_interfaces_python/include/p4_interfaces_python/msg/rosidl_typesupport_fastrtps_cpp__visibility_control.h
[0.297s] -- Up-to-date: /home/lhc/fishros-/p4/p4_ws/install/p4_interfaces_python/lib/libp4_interfaces_python__rosidl_typesupport_fastrtps_cpp.so
[0.297s] -- Up-to-date: /home/lhc/fishros-/p4/p4_ws/install/p4_interfaces_python/include/p4_interfaces_python
[0.297s] -- Up-to-date: /home/lhc/fishros-/p4/p4_ws/install/p4_interfaces_python/include/p4_interfaces_python/srv
[0.297s] -- Up-to-date: /home/lhc/fishros-/p4/p4_ws/install/p4_interfaces_python/include/p4_interfaces_python/srv/detail
[0.297s] -- Up-to-date: /home/lhc/fishros-/p4/p4_ws/install/p4_interfaces_python/include/p4_interfaces_python/srv/detail/face_detector__type_support.c
[0.297s] -- Up-to-date: /home/lhc/fishros-/p4/p4_ws/install/p4_interfaces_python/include/p4_interfaces_python/srv/detail/face_detector__rosidl_typesupport_introspection_c.h
[0.297s] -- Up-to-date: /home/lhc/fishros-/p4/p4_ws/install/p4_interfaces_python/include/p4_interfaces_python/msg
[0.297s] -- Up-to-date: /home/lhc/fishros-/p4/p4_ws/install/p4_interfaces_python/include/p4_interfaces_python/msg/rosidl_typesupport_introspection_c__visibility_control.h
[0.297s] -- Up-to-date: /home/lhc/fishros-/p4/p4_ws/install/p4_interfaces_python/lib/libp4_interfaces_python__rosidl_typesupport_introspection_c.so
[0.297s] -- Up-to-date: /home/lhc/fishros-/p4/p4_ws/install/p4_interfaces_python/lib/libp4_interfaces_python__rosidl_typesupport_c.so
[0.297s] -- Up-to-date: /home/lhc/fishros-/p4/p4_ws/install/p4_interfaces_python/include/p4_interfaces_python
[0.298s] -- Up-to-date: /home/lhc/fishros-/p4/p4_ws/install/p4_interfaces_python/include/p4_interfaces_python/srv
[0.298s] -- Up-to-date: /home/lhc/fishros-/p4/p4_ws/install/p4_interfaces_python/include/p4_interfaces_python/srv/detail
[0.298s] -- Up-to-date: /home/lhc/fishros-/p4/p4_ws/install/p4_interfaces_python/include/p4_interfaces_python/srv/detail/face_detector__type_support.hpp
[0.298s] -- Up-to-date: /home/lhc/fishros-/p4/p4_ws/install/p4_interfaces_python/include/p4_interfaces_python/srv/detail/face_detector__struct.hpp
[0.298s] -- Up-to-date: /home/lhc/fishros-/p4/p4_ws/install/p4_interfaces_python/include/p4_interfaces_python/srv/detail/face_detector__builder.hpp
[0.298s] -- Up-to-date: /home/lhc/fishros-/p4/p4_ws/install/p4_interfaces_python/include/p4_interfaces_python/srv/detail/face_detector__traits.hpp
[0.298s] -- Up-to-date: /home/lhc/fishros-/p4/p4_ws/install/p4_interfaces_python/include/p4_interfaces_python/srv/face_detector.hpp
[0.298s] -- Up-to-date: /home/lhc/fishros-/p4/p4_ws/install/p4_interfaces_python/include/p4_interfaces_python/msg
[0.298s] -- Up-to-date: /home/lhc/fishros-/p4/p4_ws/install/p4_interfaces_python/include/p4_interfaces_python/msg/rosidl_generator_cpp__visibility_control.hpp
[0.298s] -- Up-to-date: /home/lhc/fishros-/p4/p4_ws/install/p4_interfaces_python/include/p4_interfaces_python
[0.298s] -- Up-to-date: /home/lhc/fishros-/p4/p4_ws/install/p4_interfaces_python/include/p4_interfaces_python/srv
[0.298s] -- Up-to-date: /home/lhc/fishros-/p4/p4_ws/install/p4_interfaces_python/include/p4_interfaces_python/srv/detail
[0.299s] -- Up-to-date: /home/lhc/fishros-/p4/p4_ws/install/p4_interfaces_python/include/p4_interfaces_python/srv/detail/face_detector__type_support.cpp
[0.299s] -- Up-to-date: /home/lhc/fishros-/p4/p4_ws/install/p4_interfaces_python/include/p4_interfaces_python/srv/detail/face_detector__rosidl_typesupport_introspection_cpp.hpp
[0.299s] -- Up-to-date: /home/lhc/fishros-/p4/p4_ws/install/p4_interfaces_python/lib/libp4_interfaces_python__rosidl_typesupport_introspection_cpp.so
[0.299s] -- Up-to-date: /home/lhc/fishros-/p4/p4_ws/install/p4_interfaces_python/lib/libp4_interfaces_python__rosidl_typesupport_cpp.so
[0.299s] -- Up-to-date: /home/lhc/fishros-/p4/p4_ws/install/p4_interfaces_python/share/p4_interfaces_python/environment/pythonpath.sh
[0.299s] -- Up-to-date: /home/lhc/fishros-/p4/p4_ws/install/p4_interfaces_python/share/p4_interfaces_python/environment/pythonpath.dsv
[0.299s] -- Up-to-date: /home/lhc/fishros-/p4/p4_ws/install/p4_interfaces_python/lib/python3.8/site-packages/p4_interfaces_python/__init__.py
[0.325s] -- Up-to-date: /home/lhc/fishros-/p4/p4_ws/install/p4_interfaces_python/lib/python3.8/site-packages/p4_interfaces_python/srv
[0.326s] -- Up-to-date: /home/lhc/fishros-/p4/p4_ws/install/p4_interfaces_python/lib/python3.8/site-packages/p4_interfaces_python/srv/_face_detector.py
[0.326s] -- Up-to-date: /home/lhc/fishros-/p4/p4_ws/install/p4_interfaces_python/lib/python3.8/site-packages/p4_interfaces_python/srv/_face_detector_s.c
[0.326s] -- Up-to-date: /home/lhc/fishros-/p4/p4_ws/install/p4_interfaces_python/lib/python3.8/site-packages/p4_interfaces_python/srv/__init__.py
[0.326s] -- Up-to-date: /home/lhc/fishros-/p4/p4_ws/install/p4_interfaces_python/lib/python3.8/site-packages/p4_interfaces_python/p4_interfaces_python_s__rosidl_typesupport_fastrtps_c.cpython-38-x86_64-linux-gnu.so
[0.327s] -- Up-to-date: /home/lhc/fishros-/p4/p4_ws/install/p4_interfaces_python/lib/python3.8/site-packages/p4_interfaces_python/p4_interfaces_python_s__rosidl_typesupport_introspection_c.cpython-38-x86_64-linux-gnu.so
[0.328s] -- Up-to-date: /home/lhc/fishros-/p4/p4_ws/install/p4_interfaces_python/lib/python3.8/site-packages/p4_interfaces_python/p4_interfaces_python_s__rosidl_typesupport_c.cpython-38-x86_64-linux-gnu.so
[0.328s] -- Up-to-date: /home/lhc/fishros-/p4/p4_ws/install/p4_interfaces_python/lib/libp4_interfaces_python__python.so
[0.329s] -- Up-to-date: /home/lhc/fishros-/p4/p4_ws/install/p4_interfaces_python/share/p4_interfaces_python/srv/FaceDetector.idl
[0.329s] -- Up-to-date: /home/lhc/fishros-/p4/p4_ws/install/p4_interfaces_python/share/p4_interfaces_python/srv/FaceDetector.srv
[0.329s] -- Up-to-date: /home/lhc/fishros-/p4/p4_ws/install/p4_interfaces_python/share/p4_interfaces_python/srv/FaceDetector_Request.msg
[0.329s] -- Up-to-date: /home/lhc/fishros-/p4/p4_ws/install/p4_interfaces_python/share/p4_interfaces_python/srv/FaceDetector_Response.msg
[0.329s] -- Up-to-date: /home/lhc/fishros-/p4/p4_ws/install/p4_interfaces_python/share/ament_index/resource_index/package_run_dependencies/p4_interfaces_python
[0.329s] -- Up-to-date: /home/lhc/fishros-/p4/p4_ws/install/p4_interfaces_python/share/ament_index/resource_index/parent_prefix_path/p4_interfaces_python
[0.330s] -- Up-to-date: /home/lhc/fishros-/p4/p4_ws/install/p4_interfaces_python/share/p4_interfaces_python/environment/ament_prefix_path.sh
[0.330s] -- Up-to-date: /home/lhc/fishros-/p4/p4_ws/install/p4_interfaces_python/share/p4_interfaces_python/environment/ament_prefix_path.dsv
[0.330s] -- Up-to-date: /home/lhc/fishros-/p4/p4_ws/install/p4_interfaces_python/share/p4_interfaces_python/environment/path.sh
[0.330s] -- Up-to-date: /home/lhc/fishros-/p4/p4_ws/install/p4_interfaces_python/share/p4_interfaces_python/environment/path.dsv
[0.330s] -- Up-to-date: /home/lhc/fishros-/p4/p4_ws/install/p4_interfaces_python/share/p4_interfaces_python/local_setup.bash
[0.330s] -- Up-to-date: /home/lhc/fishros-/p4/p4_ws/install/p4_interfaces_python/share/p4_interfaces_python/local_setup.sh
[0.330s] -- Up-to-date: /home/lhc/fishros-/p4/p4_ws/install/p4_interfaces_python/share/p4_interfaces_python/local_setup.zsh
[0.330s] -- Up-to-date: /home/lhc/fishros-/p4/p4_ws/install/p4_interfaces_python/share/p4_interfaces_python/local_setup.dsv
[0.331s] -- Up-to-date: /home/lhc/fishros-/p4/p4_ws/install/p4_interfaces_python/share/p4_interfaces_python/package.dsv
[0.331s] -- Up-to-date: /home/lhc/fishros-/p4/p4_ws/install/p4_interfaces_python/share/ament_index/resource_index/packages/p4_interfaces_python
[0.331s] -- Up-to-date: /home/lhc/fishros-/p4/p4_ws/install/p4_interfaces_python/share/p4_interfaces_python/cmake/p4_interfaces_python__rosidl_generator_cExport.cmake
[0.331s] -- Up-to-date: /home/lhc/fishros-/p4/p4_ws/install/p4_interfaces_python/share/p4_interfaces_python/cmake/p4_interfaces_python__rosidl_generator_cExport-noconfig.cmake
[0.331s] -- Up-to-date: /home/lhc/fishros-/p4/p4_ws/install/p4_interfaces_python/share/p4_interfaces_python/cmake/p4_interfaces_python__rosidl_typesupport_introspection_cExport.cmake
[0.331s] -- Up-to-date: /home/lhc/fishros-/p4/p4_ws/install/p4_interfaces_python/share/p4_interfaces_python/cmake/p4_interfaces_python__rosidl_typesupport_introspection_cExport-noconfig.cmake
[0.331s] -- Up-to-date: /home/lhc/fishros-/p4/p4_ws/install/p4_interfaces_python/share/p4_interfaces_python/cmake/p4_interfaces_python__rosidl_typesupport_cExport.cmake
[0.331s] -- Up-to-date: /home/lhc/fishros-/p4/p4_ws/install/p4_interfaces_python/share/p4_interfaces_python/cmake/p4_interfaces_python__rosidl_typesupport_cExport-noconfig.cmake
[0.331s] -- Up-to-date: /home/lhc/fishros-/p4/p4_ws/install/p4_interfaces_python/share/p4_interfaces_python/cmake/p4_interfaces_python__rosidl_generator_cppExport.cmake
[0.331s] -- Up-to-date: /home/lhc/fishros-/p4/p4_ws/install/p4_interfaces_python/share/p4_interfaces_python/cmake/p4_interfaces_python__rosidl_typesupport_introspection_cppExport.cmake
[0.331s] -- Up-to-date: /home/lhc/fishros-/p4/p4_ws/install/p4_interfaces_python/share/p4_interfaces_python/cmake/p4_interfaces_python__rosidl_typesupport_introspection_cppExport-noconfig.cmake
[0.332s] -- Up-to-date: /home/lhc/fishros-/p4/p4_ws/install/p4_interfaces_python/share/p4_interfaces_python/cmake/p4_interfaces_python__rosidl_typesupport_cppExport.cmake
[0.332s] -- Up-to-date: /home/lhc/fishros-/p4/p4_ws/install/p4_interfaces_python/share/p4_interfaces_python/cmake/p4_interfaces_python__rosidl_typesupport_cppExport-noconfig.cmake
[0.332s] -- Up-to-date: /home/lhc/fishros-/p4/p4_ws/install/p4_interfaces_python/share/p4_interfaces_python/cmake/rosidl_cmake-extras.cmake
[0.332s] -- Up-to-date: /home/lhc/fishros-/p4/p4_ws/install/p4_interfaces_python/share/p4_interfaces_python/cmake/ament_cmake_export_dependencies-extras.cmake
[0.332s] -- Up-to-date: /home/lhc/fishros-/p4/p4_ws/install/p4_interfaces_python/share/p4_interfaces_python/cmake/ament_cmake_export_libraries-extras.cmake
[0.332s] -- Up-to-date: /home/lhc/fishros-/p4/p4_ws/install/p4_interfaces_python/share/p4_interfaces_python/cmake/ament_cmake_export_targets-extras.cmake
[0.332s] -- Up-to-date: /home/lhc/fishros-/p4/p4_ws/install/p4_interfaces_python/share/p4_interfaces_python/cmake/ament_cmake_export_include_directories-extras.cmake
[0.332s] -- Up-to-date: /home/lhc/fishros-/p4/p4_ws/install/p4_interfaces_python/share/p4_interfaces_python/cmake/rosidl_cmake_export_typesupport_libraries-extras.cmake
[0.332s] -- Up-to-date: /home/lhc/fishros-/p4/p4_ws/install/p4_interfaces_python/share/p4_interfaces_python/cmake/rosidl_cmake_export_typesupport_targets-extras.cmake
[0.332s] -- Up-to-date: /home/lhc/fishros-/p4/p4_ws/install/p4_interfaces_python/share/p4_interfaces_python/cmake/p4_interfaces_pythonConfig.cmake
[0.332s] -- Up-to-date: /home/lhc/fishros-/p4/p4_ws/install/p4_interfaces_python/share/p4_interfaces_python/cmake/p4_interfaces_pythonConfig-version.cmake
[0.332s] -- Up-to-date: /home/lhc/fishros-/p4/p4_ws/install/p4_interfaces_python/share/p4_interfaces_python/package.xml
[0.336s] Invoked command in '/home/lhc/fishros-/p4/p4_ws/build/p4_interfaces_python' returned '0': CMAKE_PREFIX_PATH=/opt/ros/foxy /usr/bin/cmake --install /home/lhc/fishros-/p4/p4_ws/build/p4_interfaces_python
