-- Found ament_cmake: 0.9.12 (/opt/ros/foxy/share/ament_cmake/cmake)
-- Using PYTHON_EXECUTABLE: /usr/bin/python3
-- Found rclcpp: 2.4.3 (/opt/ros/foxy/share/rclcpp/cmake)
-- Using all available rosidl_typesupport_c: rosidl_typesupport_fastrtps_c;rosidl_typesupport_introspection_c
-- Found rosidl_adapter: 1.3.1 (/opt/ros/foxy/share/rosidl_adapter/cmake)
-- Using all available rosidl_typesupport_cpp: rosidl_typesupport_fastrtps_cpp;rosidl_typesupport_introspection_cpp
-- Found rmw_implementation_cmake: 1.0.4 (/opt/ros/foxy/share/rmw_implementation_cmake/cmake)
-- Using RMW implementation 'rmw_fastrtps_cpp' as default
-- Found ament_lint_auto: 0.9.8 (/opt/ros/foxy/share/ament_lint_auto/cmake)
-- Added test 'cppcheck' to perform static code analysis on C / C++ code
-- Configured cppcheck include dirs: /home/lhc/fishros-/p2/p2_ws/src/demo_cpp_pkg/include
-- Configured cppcheck exclude dirs and/or files: 
-- Added test 'flake8' to check Python code syntax and style conventions
-- Added test 'lint_cmake' to check CMake code style
-- Added test 'pep257' to check Python code against some of the style conventions in PEP 257
-- Added test 'uncrustify' to check C / C++ code style
-- Configured uncrustify additional arguments: 
-- Added test 'xmllint' to check XML markup files
-- Configuring done
-- Generating done
-- Build files have been written to: /home/lhc/fishros-/p2/p2_ws/src/build/demo_cpp_pkg
[35m[1mScanning dependencies of target learn_thread[0m
[35m[1mScanning dependencies of target learn_shared[0m
[35m[1mScanning dependencies of target learn_auto[0m
[35m[1mScanning dependencies of target learn_lambda[0m
[35m[1mScanning dependencies of target learn_functional[0m
[35m[1mScanning dependencies of target person_node[0m
[35m[1mScanning dependencies of target cpp_node[0m
[ 28%] [32mBuilding CXX object CMakeFiles/learn_auto.dir/src/learn_auto.cpp.o[0m
[ 28%] [32mBuilding CXX object CMakeFiles/learn_thread.dir/src/learn_thread.cpp.o[0m
[ 35%] [32mBuilding CXX object CMakeFiles/learn_functional.dir/src/learn_functional.cpp.o[0m
[ 35%] [32mBuilding CXX object CMakeFiles/learn_shared.dir/src/learn_shared.cpp.o[0m
[ 35%] [32mBuilding CXX object CMakeFiles/learn_lambda.dir/src/learn_lambda.cpp.o[0m
[ 50%] [32mBuilding CXX object CMakeFiles/person_node.dir/src/person_node.cpp.o[0m
[ 50%] [32mBuilding CXX object CMakeFiles/cpp_node.dir/src/cpp_node.cpp.o[0m
[ 57%] [32m[1mLinking CXX executable learn_auto[0m
[ 57%] Built target learn_auto
[ 64%] [32m[1mLinking CXX executable learn_shared[0m
[ 64%] Built target learn_shared
[ 71%] [32m[1mLinking CXX executable learn_lambda[0m
[ 71%] Built target learn_lambda
[ 78%] [32m[1mLinking CXX executable learn_functional[0m
[ 78%] Built target learn_functional
[ 85%] [32m[1mLinking CXX executable cpp_node[0m
[ 92%] [32m[1mLinking CXX executable person_node[0m
[ 92%] Built target cpp_node
[ 92%] Built target person_node
