[0.009s] Invoking command in '/home/lhc/fishros-/p2/p2_ws/src/build/demo_cpp_pkg': CMAKE_PREFIX_PATH=${CMAKE_PREFIX_PATH}:/opt/ros/foxy /usr/bin/cmake --build /home/lhc/fishros-/p2/p2_ws/src/build/demo_cpp_pkg -- -j12 -l12
[0.048s] -- Found ament_cmake: 0.9.12 (/opt/ros/foxy/share/ament_cmake/cmake)
[0.065s] -- Using PYTHON_EXECUTABLE: /usr/bin/python3
[0.191s] -- Found rclcpp: 2.4.3 (/opt/ros/foxy/share/rclcpp/cmake)
[0.223s] -- Using all available rosidl_typesupport_c: rosidl_typesupport_fastrtps_c;rosidl_typesupport_introspection_c
[0.226s] -- Found rosidl_adapter: 1.3.1 (/opt/ros/foxy/share/rosidl_adapter/cmake)
[0.326s] -- Using all available rosidl_typesupport_cpp: rosidl_typesupport_fastrtps_cpp;rosidl_typesupport_introspection_cpp
[0.365s] -- Found rmw_implementation_cmake: 1.0.4 (/opt/ros/foxy/share/rmw_implementation_cmake/cmake)
[0.366s] -- Using RMW implementation 'rmw_fastrtps_cpp' as default
[0.471s] -- Found ament_lint_auto: 0.9.8 (/opt/ros/foxy/share/ament_lint_auto/cmake)
[0.544s] -- Added test 'cppcheck' to perform static code analysis on C / C++ code
[0.544s] -- Configured cppcheck include dirs: /home/lhc/fishros-/p2/p2_ws/src/demo_cpp_pkg/include
[0.545s] -- Configured cppcheck exclude dirs and/or files: 
[0.545s] -- Added test 'flake8' to check Python code syntax and style conventions
[0.546s] -- Added test 'lint_cmake' to check CMake code style
[0.547s] -- Added test 'pep257' to check Python code against some of the style conventions in PEP 257
[0.550s] -- Added test 'uncrustify' to check C / C++ code style
[0.550s] -- Configured uncrustify additional arguments: 
[0.551s] -- Added test 'xmllint' to check XML markup files
[0.553s] -- Configuring done
[0.563s] -- Generating done
[0.567s] -- Build files have been written to: /home/lhc/fishros-/p2/p2_ws/src/build/demo_cpp_pkg
[0.586s] [35m[1mScanning dependencies of target learn_thread[0m
[0.586s] [35m[1mScanning dependencies of target learn_shared[0m
[0.586s] [35m[1mScanning dependencies of target learn_auto[0m
[0.586s] [35m[1mScanning dependencies of target learn_lambda[0m
[0.586s] [35m[1mScanning dependencies of target learn_functional[0m
[0.586s] [35m[1mScanning dependencies of target person_node[0m
[0.586s] [35m[1mScanning dependencies of target cpp_node[0m
[0.594s] [ 28%] [32mBuilding CXX object CMakeFiles/learn_auto.dir/src/learn_auto.cpp.o[0m
[0.594s] [ 28%] [32mBuilding CXX object CMakeFiles/learn_thread.dir/src/learn_thread.cpp.o[0m
[0.595s] [ 35%] [32mBuilding CXX object CMakeFiles/learn_functional.dir/src/learn_functional.cpp.o[0m
[0.595s] [ 35%] [32mBuilding CXX object CMakeFiles/learn_shared.dir/src/learn_shared.cpp.o[0m
[0.595s] [ 35%] [32mBuilding CXX object CMakeFiles/learn_lambda.dir/src/learn_lambda.cpp.o[0m
[0.602s] [ 50%] [32mBuilding CXX object CMakeFiles/person_node.dir/src/person_node.cpp.o[0m
[0.602s] [ 50%] [32mBuilding CXX object CMakeFiles/cpp_node.dir/src/cpp_node.cpp.o[0m
[0.863s] [ 57%] [32m[1mLinking CXX executable learn_auto[0m
[0.965s] [ 57%] Built target learn_auto
[0.979s] [ 64%] [32m[1mLinking CXX executable learn_shared[0m
[1.063s] [ 64%] Built target learn_shared
[1.073s] [ 71%] [32m[1mLinking CXX executable learn_lambda[0m
[1.140s] [ 71%] Built target learn_lambda
[1.220s] [ 78%] [32m[1mLinking CXX executable learn_functional[0m
[1.291s] [ 78%] Built target learn_functional
[1.626s] [01m[K/home/lhc/fishros-/p2/p2_ws/src/demo_cpp_pkg/src/learn_thread.cpp:11:75:[m[K [01;31m[Kerror: [m[Kduplicate ‘[01m[Kconst[m[K’
[1.626s]    11 |     void download(const std::string &host, const std::string &path, const [01;31m[Kconst[m[K std::function<void(const std::string &, const std::string &)> &call_back_world_count)
[1.626s]       |                                                                           [01;31m[K^~~~~[m[K
[1.627s]       |                                                                           [31m[K-----[m[K
[1.627s] [01m[K/home/lhc/fishros-/p2/p2_ws/src/demo_cpp_pkg/src/learn_thread.cpp:22:81:[m[K [01;31m[Kerror: [m[Kduplicate ‘[01m[Kconst[m[K’
[1.627s]    22 |     void start_download(const std::string &host, const std::string &path, const [01;31m[Kconst[m[K std::function<void(const std::string &, const std::string &)> &call_back_word_count)
[1.627s]       |                                                                                 [01;31m[K^~~~~[m[K
[1.627s]       |                                                                                 [31m[K-----[m[K
[1.629s] [01m[K/home/lhc/fishros-/p2/p2_ws/src/demo_cpp_pkg/src/learn_thread.cpp:[m[K In member function ‘[01m[Kvoid Download::download(const string&, const string&, const std::function<void(const std::__cxx11::basic_string<char>&, const std::__cxx11::basic_string<char>&)>&)[m[K’:
[1.629s] [01m[K/home/lhc/fishros-/p2/p2_ws/src/demo_cpp_pkg/src/learn_thread.cpp:18:13:[m[K [01;31m[Kerror: [m[K‘[01m[Kcall_back_word_count[m[K’ was not declared in this scope; did you mean ‘[01m[Kcall_back_world_count[m[K’?
[1.629s]    18 |             [01;31m[Kcall_back_word_count[m[K(path, response->body);
[1.629s]       |             [01;31m[K^~~~~~~~~~~~~~~~~~~~[m[K
[1.629s]       |             [32m[Kcall_back_world_count[m[K
[1.629s] [01m[K/home/lhc/fishros-/p2/p2_ws/src/demo_cpp_pkg/src/learn_thread.cpp:11:144:[m[K [01;35m[Kwarning: [m[Kunused parameter ‘[01m[Kcall_back_world_count[m[K’ [[01;35m[K-Wunused-parameter[m[K]
[1.629s]    11 |     void download(const std::string &host, const std::string &path, [01;35m[Kconst const std::function<void(const std::string &, const std::string &)> &call_back_world_count[m[K)
[1.629s]       |                                                                     [01;35m[K~~~~~~~~~~~~~~~~~~~~~~~~~~~~~~~~~~~~~~~~~~~~~~~~~~~~~~~~~~~~~~~~~~~~~~~~~~~^~~~~~~~~~~~~~~~~~~~~[m[K
[1.629s] [01m[K/home/lhc/fishros-/p2/p2_ws/src/demo_cpp_pkg/src/learn_thread.cpp:[m[K In member function ‘[01m[Kvoid Download::start_download(const string&, const string&, const std::function<void(const std::__cxx11::basic_string<char>&, const std::__cxx11::basic_string<char>&)>&)[m[K’:
[1.629s] [01m[K/home/lhc/fishros-/p2/p2_ws/src/demo_cpp_pkg/src/learn_thread.cpp:24:71:[m[K [01;31m[Kerror: [m[K‘[01m[Kplaceholders_1[m[K’ is not a member of ‘[01m[Kstd[m[K’; did you mean ‘[01m[Kplaceholders[m[K’?
[1.630s]    24 |         auto download_fun = std::bind(&Download::download, this, std::[01;31m[Kplaceholders_1[m[K.std::placeholders_2, std::placeholders_3);
[1.630s]       |                                                                       [01;31m[K^~~~~~~~~~~~~~[m[K
[1.630s]       |                                                                       [32m[Kplaceholders[m[K
[1.630s] [01m[K/home/lhc/fishros-/p2/p2_ws/src/demo_cpp_pkg/src/learn_thread.cpp:24:86:[m[K [01;31m[Kerror: [m[K‘[01m[Kstd::placeholders_2[m[K’ is not a class member
[1.630s]    24 |         auto download_fun = std::bind(&Download::download, this, std::placeholders_1.[01;31m[Kstd[m[K::placeholders_2, std::placeholders_3);
[1.630s]       |                                                                                      [01;31m[K^~~[m[K
[1.630s] [01m[K/home/lhc/fishros-/p2/p2_ws/src/demo_cpp_pkg/src/learn_thread.cpp:24:112:[m[K [01;31m[Kerror: [m[K‘[01m[Kplaceholders_3[m[K’ is not a member of ‘[01m[Kstd[m[K’; did you mean ‘[01m[Kplaceholders[m[K’?
[1.630s]    24 |         auto download_fun = std::bind(&Download::download, this, std::placeholders_1.std::placeholders_2, std::[01;31m[Kplaceholders_3[m[K);
[1.630s]       |                                                                                                                [01;31m[K^~~~~~~~~~~~~~[m[K
[1.630s]       |                                                                                                                [32m[Kplaceholders[m[K
[2.198s] [ 85%] [32m[1mLinking CXX executable cpp_node[0m
[2.278s] [ 92%] [32m[1mLinking CXX executable person_node[0m
[2.296s] [ 92%] Built target cpp_node
[2.365s] [ 92%] Built target person_node
[2.661s] make[2]: *** [CMakeFiles/learn_thread.dir/build.make:63：CMakeFiles/learn_thread.dir/src/learn_thread.cpp.o] 错误 1
[2.661s] make[1]: *** [CMakeFiles/Makefile2:306：CMakeFiles/learn_thread.dir/all] 错误 2
[2.662s] make: *** [Makefile:141：all] 错误 2
[2.663s] Invoked command in '/home/lhc/fishros-/p2/p2_ws/src/build/demo_cpp_pkg' returned '2': CMAKE_PREFIX_PATH=${CMAKE_PREFIX_PATH}:/opt/ros/foxy /usr/bin/cmake --build /home/lhc/fishros-/p2/p2_ws/src/build/demo_cpp_pkg -- -j12 -l12
