[0.517s] Invoking command in '/home/lhc/fishros-/p4/p4_ws/src/demo_python_service': AMENT_PREFIX_PATH=/home/lhc/fishros-/p4/p4_ws/install/p4_interfaces_python:${AMENT_PREFIX_PATH} CMAKE_PREFIX_PATH=/home/lhc/fishros-/p4/p4_ws/install/p4_interfaces_python LD_LIBRARY_PATH=/home/lhc/fishros-/p4/p4_ws/install/p4_interfaces_python/lib:${LD_LIBRARY_PATH} PYTHONPATH=/home/lhc/fishros-/p4/p4_ws/build/demo_python_service/prefix_override:/usr/lib/python3/dist-packages/colcon_core/task/python/colcon_distutils_commands:/home/lhc/fishros-/p4/p4_ws/install/demo_python_service/lib/python3.8/site-packages:/home/lhc/fishros-/p4/p4_ws/install/p4_interfaces_python/lib/python3.8/site-packages:${PYTHONPATH} /usr/bin/python3 -W ignore:setup.py install is deprecated -W ignore:easy_install command is deprecated setup.py egg_info --egg-base ../../build/demo_python_service build --build-base /home/lhc/fishros-/p4/p4_ws/build/demo_python_service/build install --record /home/lhc/fishros-/p4/p4_ws/build/demo_python_service/install.log --install-scripts $base/lib/demo_python_service --single-version-externally-managed install_data
[0.678s] running egg_info
[0.678s] writing ../../build/demo_python_service/demo_python_service.egg-info/PKG-INFO
[0.678s] writing dependency_links to ../../build/demo_python_service/demo_python_service.egg-info/dependency_links.txt
[0.678s] writing entry points to ../../build/demo_python_service/demo_python_service.egg-info/entry_points.txt
[0.678s] writing requirements to ../../build/demo_python_service/demo_python_service.egg-info/requires.txt
[0.678s] writing top-level names to ../../build/demo_python_service/demo_python_service.egg-info/top_level.txt
[0.701s] reading manifest file '../../build/demo_python_service/demo_python_service.egg-info/SOURCES.txt'
[0.702s] writing manifest file '../../build/demo_python_service/demo_python_service.egg-info/SOURCES.txt'
[0.702s] running build
[0.702s] running build_py
[0.702s] running install
[0.703s] running install_lib
[0.703s] running install_data
[0.703s] creating /home/lhc/fishros-/p4/p4_ws/install/demo_python_service/share/demo_python_service/resource
[0.704s] copying resource/default.jpg -> /home/lhc/fishros-/p4/p4_ws/install/demo_python_service/share/demo_python_service/resource
[0.704s] running install_egg_info
[0.705s] removing '/home/lhc/fishros-/p4/p4_ws/install/demo_python_service/lib/python3.8/site-packages/demo_python_service-0.0.0-py3.8.egg-info' (and everything under it)
[0.705s] Copying ../../build/demo_python_service/demo_python_service.egg-info to /home/lhc/fishros-/p4/p4_ws/install/demo_python_service/lib/python3.8/site-packages/demo_python_service-0.0.0-py3.8.egg-info
[0.706s] running install_scripts
[0.719s] writing list of installed files to '/home/lhc/fishros-/p4/p4_ws/build/demo_python_service/install.log'
[0.736s] Invoked command in '/home/lhc/fishros-/p4/p4_ws/src/demo_python_service' returned '0': AMENT_PREFIX_PATH=/home/lhc/fishros-/p4/p4_ws/install/p4_interfaces_python:${AMENT_PREFIX_PATH} CMAKE_PREFIX_PATH=/home/lhc/fishros-/p4/p4_ws/install/p4_interfaces_python LD_LIBRARY_PATH=/home/lhc/fishros-/p4/p4_ws/install/p4_interfaces_python/lib:${LD_LIBRARY_PATH} PYTHONPATH=/home/lhc/fishros-/p4/p4_ws/build/demo_python_service/prefix_override:/usr/lib/python3/dist-packages/colcon_core/task/python/colcon_distutils_commands:/home/lhc/fishros-/p4/p4_ws/install/demo_python_service/lib/python3.8/site-packages:/home/lhc/fishros-/p4/p4_ws/install/p4_interfaces_python/lib/python3.8/site-packages:${PYTHONPATH} /usr/bin/python3 -W ignore:setup.py install is deprecated -W ignore:easy_install command is deprecated setup.py egg_info --egg-base ../../build/demo_python_service build --build-base /home/lhc/fishros-/p4/p4_ws/build/demo_python_service/build install --record /home/lhc/fishros-/p4/p4_ws/build/demo_python_service/install.log --install-scripts $base/lib/demo_python_service --single-version-externally-managed install_data
