[0.017s] Invoking command in '/home/lhc/fishros-/p3/topic_practice_ws/build/status_display': AMENT_PREFIX_PATH=/home/lhc/fishros-/p3/topic_practice_ws/install/status_interfaces:${AMENT_PREFIX_PATH} CMAKE_PREFIX_PATH=/home/lhc/fishros-/p3/topic_practice_ws/install/status_interfaces:/opt/ros/foxy LD_LIBRARY_PATH=/home/lhc/fishros-/p3/topic_practice_ws/install/status_interfaces/lib:${LD_LIBRARY_PATH} PYTHONPATH=/home/lhc/fishros-/p3/topic_practice_ws/install/status_interfaces/lib/python3.8/site-packages:${PYTHONPATH} /usr/bin/cmake --build /home/lhc/fishros-/p3/topic_practice_ws/build/status_display -- -j12 -l12
[0.049s] -- Found ament_cmake: 0.9.12 (/opt/ros/foxy/share/ament_cmake/cmake)
[0.071s] -- Using PYTHON_EXECUTABLE: /usr/bin/python3
[0.243s] -- Found rclcpp: 2.4.3 (/opt/ros/foxy/share/rclcpp/cmake)
[0.281s] -- Using all available rosidl_typesupport_c: rosidl_typesupport_fastrtps_c;rosidl_typesupport_introspection_c
[0.285s] -- Found rosidl_adapter: 1.3.1 (/opt/ros/foxy/share/rosidl_adapter/cmake)
[0.403s] -- Using all available rosidl_typesupport_cpp: rosidl_typesupport_fastrtps_cpp;rosidl_typesupport_introspection_cpp
[0.456s] -- Found rmw_implementation_cmake: 1.0.4 (/opt/ros/foxy/share/rmw_implementation_cmake/cmake)
[0.457s] -- Using RMW implementation 'rmw_fastrtps_cpp' as default
[0.569s] -- Found status_interfaces: 0.0.0 (/home/lhc/fishros-/p3/topic_practice_ws/install/status_interfaces/share/status_interfaces/cmake)
[0.593s] CMake Error at CMakeLists.txt:27 (target_link_libraries):
[0.593s]   Cannot specify link libraries for target "sys_status_display" which is not
[0.593s]   built by this project.
[0.593s] 
[0.593s] 
[0.595s] -- Configuring incomplete, errors occurred!
[0.595s] See also "/home/lhc/fishros-/p3/topic_practice_ws/build/status_display/CMakeFiles/CMakeOutput.log".
[0.595s] See also "/home/lhc/fishros-/p3/topic_practice_ws/build/status_display/CMakeFiles/CMakeError.log".
[0.601s] make: *** [Makefile:266：cmake_check_build_system] 错误 1
[0.603s] Invoked command in '/home/lhc/fishros-/p3/topic_practice_ws/build/status_display' returned '2': AMENT_PREFIX_PATH=/home/lhc/fishros-/p3/topic_practice_ws/install/status_interfaces:${AMENT_PREFIX_PATH} CMAKE_PREFIX_PATH=/home/lhc/fishros-/p3/topic_practice_ws/install/status_interfaces:/opt/ros/foxy LD_LIBRARY_PATH=/home/lhc/fishros-/p3/topic_practice_ws/install/status_interfaces/lib:${LD_LIBRARY_PATH} PYTHONPATH=/home/lhc/fishros-/p3/topic_practice_ws/install/status_interfaces/lib/python3.8/site-packages:${PYTHONPATH} /usr/bin/cmake --build /home/lhc/fishros-/p3/topic_practice_ws/build/status_display -- -j12 -l12
