-- Found ament_cmake: 0.9.12 (/opt/ros/foxy/share/ament_cmake/cmake)
-- Using PYTHON_EXECUTABLE: /usr/bin/python3
-- Found rclcpp: 2.4.3 (/opt/ros/foxy/share/rclcpp/cmake)
-- Using all available rosidl_typesupport_c: rosidl_typesupport_fastrtps_c;rosidl_typesupport_introspection_c
-- Found rosidl_adapter: 1.3.1 (/opt/ros/foxy/share/rosidl_adapter/cmake)
-- Using all available rosidl_typesupport_cpp: rosidl_typesupport_fastrtps_cpp;rosidl_typesupport_introspection_cpp
-- Found rmw_implementation_cmake: 1.0.4 (/opt/ros/foxy/share/rmw_implementation_cmake/cmake)
-- Using RMW implementation 'rmw_fastrtps_cpp' as default
-- Found status_interfaces: 0.0.0 (/home/lhc/fishros-/p3/topic_practice_ws/install/status_interfaces/share/status_interfaces/cmake)
-- Found ament_lint_auto: 0.9.8 (/opt/ros/foxy/share/ament_lint_auto/cmake)
-- Added test 'copyright' to check source files copyright and LICENSE
-- Added test 'cppcheck' to perform static code analysis on C / C++ code
-- Configured cppcheck include dirs: 
-- Configured cppcheck exclude dirs and/or files: 
-- Added test 'cpplint' to check C / C++ code against the Google style
-- Configured cpplint exclude dirs and/or files: 
-- Added test 'lint_cmake' to check CMake code style
-- Added test 'uncrustify' to check C / C++ code style
-- Configured uncrustify additional arguments: 
-- Added test 'xmllint' to check XML markup files
-- Configuring done
-- Generating done
-- Build files have been written to: /home/lhc/fishros-/p3/topic_practice_ws/build/status_display
[ 50%] Built target hello_qt
[ 75%] [32m[1mLinking CXX executable sys_status_display[0m
[100%] Built target sys_status_display
-- Install configuration: ""
-- Up-to-date: /home/lhc/fishros-/p3/topic_practice_ws/install/status_display/lib/status_display/hello_qt
-- Installing: /home/lhc/fishros-/p3/topic_practice_ws/install/status_display/lib/status_display/sys_status_display
-- Set runtime path of "/home/lhc/fishros-/p3/topic_practice_ws/install/status_display/lib/status_display/sys_status_display" to ""
-- Up-to-date: /home/lhc/fishros-/p3/topic_practice_ws/install/status_display/share/ament_index/resource_index/package_run_dependencies/status_display
-- Installing: /home/lhc/fishros-/p3/topic_practice_ws/install/status_display/share/ament_index/resource_index/parent_prefix_path/status_display
-- Up-to-date: /home/lhc/fishros-/p3/topic_practice_ws/install/status_display/share/status_display/environment/ament_prefix_path.sh
-- Installing: /home/lhc/fishros-/p3/topic_practice_ws/install/status_display/share/status_display/environment/ament_prefix_path.dsv
-- Up-to-date: /home/lhc/fishros-/p3/topic_practice_ws/install/status_display/share/status_display/environment/path.sh
-- Installing: /home/lhc/fishros-/p3/topic_practice_ws/install/status_display/share/status_display/environment/path.dsv
-- Up-to-date: /home/lhc/fishros-/p3/topic_practice_ws/install/status_display/share/status_display/local_setup.bash
-- Up-to-date: /home/lhc/fishros-/p3/topic_practice_ws/install/status_display/share/status_display/local_setup.sh
-- Up-to-date: /home/lhc/fishros-/p3/topic_practice_ws/install/status_display/share/status_display/local_setup.zsh
-- Installing: /home/lhc/fishros-/p3/topic_practice_ws/install/status_display/share/status_display/local_setup.dsv
-- Installing: /home/lhc/fishros-/p3/topic_practice_ws/install/status_display/share/status_display/package.dsv
-- Up-to-date: /home/lhc/fishros-/p3/topic_practice_ws/install/status_display/share/ament_index/resource_index/packages/status_display
-- Up-to-date: /home/lhc/fishros-/p3/topic_practice_ws/install/status_display/share/status_display/cmake/status_displayConfig.cmake
-- Up-to-date: /home/lhc/fishros-/p3/topic_practice_ws/install/status_display/share/status_display/cmake/status_displayConfig-version.cmake
-- Up-to-date: /home/lhc/fishros-/p3/topic_practice_ws/install/status_display/share/status_display/package.xml
