[0.014s] Invoking command in '/home/lhc/fishros-/p3/topic_practice_ws/build/status_interfaces': CMAKE_PREFIX_PATH=${CMAKE_PREFIX_PATH}:/home/lhc/fishros-/p3/topic_practice_ws/install/status_publisher:/opt/ros/foxy /usr/bin/cmake --build /home/lhc/fishros-/p3/topic_practice_ws/build/status_interfaces -- -j12 -l12
[0.064s] [ 12%] Built target status_interfaces__cpp
[0.064s] [ 12%] Built target status_interfaces__rosidl_generator_c
[0.085s] [ 41%] Built target status_interfaces__rosidl_typesupport_cpp
[0.085s] [ 41%] Built target status_interfaces__rosidl_typesupport_c
[0.085s] [ 41%] Built target status_interfaces__rosidl_typesupport_introspection_c
[0.104s] [ 58%] Built target status_interfaces__rosidl_typesupport_introspection_cpp
[0.105s] [ 61%] Built target status_interfaces__rosidl_typesupport_fastrtps_cpp
[0.134s] [ 70%] Built target status_interfaces__rosidl_typesupport_fastrtps_c
[0.161s] [ 70%] Built target status_interfaces
[0.188s] [ 74%] Built target status_interfaces__py
[0.223s] [ 80%] Built target status_interfaces__python
[0.250s] [100%] Built target status_interfaces__rosidl_typesupport_fastrtps_c__pyext
[0.250s] [100%] Built target status_interfaces__rosidl_typesupport_c__pyext
[0.250s] [100%] Built target status_interfaces__rosidl_typesupport_introspection_c__pyext
[0.259s] Invoked command in '/home/lhc/fishros-/p3/topic_practice_ws/build/status_interfaces' returned '0': CMAKE_PREFIX_PATH=${CMAKE_PREFIX_PATH}:/home/lhc/fishros-/p3/topic_practice_ws/install/status_publisher:/opt/ros/foxy /usr/bin/cmake --build /home/lhc/fishros-/p3/topic_practice_ws/build/status_interfaces -- -j12 -l12
[0.276s] Invoking command in '/home/lhc/fishros-/p3/topic_practice_ws/build/status_interfaces': CMAKE_PREFIX_PATH=${CMAKE_PREFIX_PATH}:/home/lhc/fishros-/p3/topic_practice_ws/install/status_publisher:/opt/ros/foxy /usr/bin/cmake --install /home/lhc/fishros-/p3/topic_practice_ws/build/status_interfaces
[0.290s] -- Install configuration: ""
[0.290s] -- Up-to-date: /home/lhc/fishros-/p3/topic_practice_ws/install/status_interfaces/share/ament_index/resource_index/rosidl_interfaces/status_interfaces
[0.290s] -- Up-to-date: /home/lhc/fishros-/p3/topic_practice_ws/install/status_interfaces/include/status_interfaces
[0.290s] -- Up-to-date: /home/lhc/fishros-/p3/topic_practice_ws/install/status_interfaces/include/status_interfaces/msg
[0.291s] -- Up-to-date: /home/lhc/fishros-/p3/topic_practice_ws/install/status_interfaces/include/status_interfaces/msg/detail
[0.291s] -- Up-to-date: /home/lhc/fishros-/p3/topic_practice_ws/install/status_interfaces/include/status_interfaces/msg/detail/system_status__struct.h
[0.291s] -- Up-to-date: /home/lhc/fishros-/p3/topic_practice_ws/install/status_interfaces/include/status_interfaces/msg/detail/system_status__functions.c
[0.291s] -- Up-to-date: /home/lhc/fishros-/p3/topic_practice_ws/install/status_interfaces/include/status_interfaces/msg/detail/system_status__functions.h
[0.291s] -- Up-to-date: /home/lhc/fishros-/p3/topic_practice_ws/install/status_interfaces/include/status_interfaces/msg/detail/system_status__type_support.h
[0.291s] -- Up-to-date: /home/lhc/fishros-/p3/topic_practice_ws/install/status_interfaces/include/status_interfaces/msg/rosidl_generator_c__visibility_control.h
[0.291s] -- Up-to-date: /home/lhc/fishros-/p3/topic_practice_ws/install/status_interfaces/include/status_interfaces/msg/system_status.h
[0.291s] -- Up-to-date: /home/lhc/fishros-/p3/topic_practice_ws/install/status_interfaces/share/status_interfaces/environment/library_path.sh
[0.291s] -- Up-to-date: /home/lhc/fishros-/p3/topic_practice_ws/install/status_interfaces/share/status_interfaces/environment/library_path.dsv
[0.291s] -- Up-to-date: /home/lhc/fishros-/p3/topic_practice_ws/install/status_interfaces/lib/libstatus_interfaces__rosidl_generator_c.so
[0.291s] -- Up-to-date: /home/lhc/fishros-/p3/topic_practice_ws/install/status_interfaces/include/status_interfaces
[0.291s] -- Up-to-date: /home/lhc/fishros-/p3/topic_practice_ws/install/status_interfaces/include/status_interfaces/msg
[0.291s] -- Up-to-date: /home/lhc/fishros-/p3/topic_practice_ws/install/status_interfaces/include/status_interfaces/msg/detail
[0.292s] -- Up-to-date: /home/lhc/fishros-/p3/topic_practice_ws/install/status_interfaces/include/status_interfaces/msg/detail/system_status__rosidl_typesupport_fastrtps_c.h
[0.292s] -- Up-to-date: /home/lhc/fishros-/p3/topic_practice_ws/install/status_interfaces/include/status_interfaces/msg/rosidl_typesupport_fastrtps_c__visibility_control.h
[0.292s] -- Up-to-date: /home/lhc/fishros-/p3/topic_practice_ws/install/status_interfaces/lib/libstatus_interfaces__rosidl_typesupport_fastrtps_c.so
[0.292s] -- Up-to-date: /home/lhc/fishros-/p3/topic_practice_ws/install/status_interfaces/include/status_interfaces
[0.292s] -- Up-to-date: /home/lhc/fishros-/p3/topic_practice_ws/install/status_interfaces/include/status_interfaces/msg
[0.292s] -- Up-to-date: /home/lhc/fishros-/p3/topic_practice_ws/install/status_interfaces/include/status_interfaces/msg/detail
[0.292s] -- Up-to-date: /home/lhc/fishros-/p3/topic_practice_ws/install/status_interfaces/include/status_interfaces/msg/detail/dds_fastrtps
[0.292s] -- Up-to-date: /home/lhc/fishros-/p3/topic_practice_ws/install/status_interfaces/include/status_interfaces/msg/detail/system_status__rosidl_typesupport_fastrtps_cpp.hpp
[0.292s] -- Up-to-date: /home/lhc/fishros-/p3/topic_practice_ws/install/status_interfaces/include/status_interfaces/msg/rosidl_typesupport_fastrtps_cpp__visibility_control.h
[0.292s] -- Up-to-date: /home/lhc/fishros-/p3/topic_practice_ws/install/status_interfaces/lib/libstatus_interfaces__rosidl_typesupport_fastrtps_cpp.so
[0.292s] -- Up-to-date: /home/lhc/fishros-/p3/topic_practice_ws/install/status_interfaces/include/status_interfaces
[0.292s] -- Up-to-date: /home/lhc/fishros-/p3/topic_practice_ws/install/status_interfaces/include/status_interfaces/msg
[0.292s] -- Up-to-date: /home/lhc/fishros-/p3/topic_practice_ws/install/status_interfaces/include/status_interfaces/msg/detail
[0.293s] -- Up-to-date: /home/lhc/fishros-/p3/topic_practice_ws/install/status_interfaces/include/status_interfaces/msg/detail/system_status__rosidl_typesupport_introspection_c.h
[0.293s] -- Up-to-date: /home/lhc/fishros-/p3/topic_practice_ws/install/status_interfaces/include/status_interfaces/msg/detail/system_status__type_support.c
[0.293s] -- Up-to-date: /home/lhc/fishros-/p3/topic_practice_ws/install/status_interfaces/include/status_interfaces/msg/rosidl_typesupport_introspection_c__visibility_control.h
[0.293s] -- Up-to-date: /home/lhc/fishros-/p3/topic_practice_ws/install/status_interfaces/lib/libstatus_interfaces__rosidl_typesupport_introspection_c.so
[0.293s] -- Up-to-date: /home/lhc/fishros-/p3/topic_practice_ws/install/status_interfaces/lib/libstatus_interfaces__rosidl_typesupport_c.so
[0.293s] -- Up-to-date: /home/lhc/fishros-/p3/topic_practice_ws/install/status_interfaces/include/status_interfaces
[0.293s] -- Up-to-date: /home/lhc/fishros-/p3/topic_practice_ws/install/status_interfaces/include/status_interfaces/msg
[0.293s] -- Up-to-date: /home/lhc/fishros-/p3/topic_practice_ws/install/status_interfaces/include/status_interfaces/msg/detail
[0.293s] -- Up-to-date: /home/lhc/fishros-/p3/topic_practice_ws/install/status_interfaces/include/status_interfaces/msg/detail/system_status__type_support.hpp
[0.293s] -- Up-to-date: /home/lhc/fishros-/p3/topic_practice_ws/install/status_interfaces/include/status_interfaces/msg/detail/system_status__builder.hpp
[0.293s] -- Up-to-date: /home/lhc/fishros-/p3/topic_practice_ws/install/status_interfaces/include/status_interfaces/msg/detail/system_status__traits.hpp
[0.293s] -- Up-to-date: /home/lhc/fishros-/p3/topic_practice_ws/install/status_interfaces/include/status_interfaces/msg/detail/system_status__struct.hpp
[0.293s] -- Up-to-date: /home/lhc/fishros-/p3/topic_practice_ws/install/status_interfaces/include/status_interfaces/msg/system_status.hpp
[0.293s] -- Up-to-date: /home/lhc/fishros-/p3/topic_practice_ws/install/status_interfaces/include/status_interfaces/msg/rosidl_generator_cpp__visibility_control.hpp
[0.294s] -- Up-to-date: /home/lhc/fishros-/p3/topic_practice_ws/install/status_interfaces/include/status_interfaces
[0.294s] -- Up-to-date: /home/lhc/fishros-/p3/topic_practice_ws/install/status_interfaces/include/status_interfaces/msg
[0.294s] -- Up-to-date: /home/lhc/fishros-/p3/topic_practice_ws/install/status_interfaces/include/status_interfaces/msg/detail
[0.294s] -- Up-to-date: /home/lhc/fishros-/p3/topic_practice_ws/install/status_interfaces/include/status_interfaces/msg/detail/system_status__rosidl_typesupport_introspection_cpp.hpp
[0.294s] -- Up-to-date: /home/lhc/fishros-/p3/topic_practice_ws/install/status_interfaces/include/status_interfaces/msg/detail/system_status__type_support.cpp
[0.294s] -- Up-to-date: /home/lhc/fishros-/p3/topic_practice_ws/install/status_interfaces/lib/libstatus_interfaces__rosidl_typesupport_introspection_cpp.so
[0.294s] -- Up-to-date: /home/lhc/fishros-/p3/topic_practice_ws/install/status_interfaces/lib/libstatus_interfaces__rosidl_typesupport_cpp.so
[0.294s] -- Up-to-date: /home/lhc/fishros-/p3/topic_practice_ws/install/status_interfaces/share/status_interfaces/environment/pythonpath.sh
[0.294s] -- Up-to-date: /home/lhc/fishros-/p3/topic_practice_ws/install/status_interfaces/share/status_interfaces/environment/pythonpath.dsv
[0.294s] -- Up-to-date: /home/lhc/fishros-/p3/topic_practice_ws/install/status_interfaces/lib/python3.8/site-packages/status_interfaces/__init__.py
[0.321s] -- Up-to-date: /home/lhc/fishros-/p3/topic_practice_ws/install/status_interfaces/lib/python3.8/site-packages/status_interfaces/msg
[0.321s] -- Up-to-date: /home/lhc/fishros-/p3/topic_practice_ws/install/status_interfaces/lib/python3.8/site-packages/status_interfaces/msg/_system_status.py
[0.321s] -- Up-to-date: /home/lhc/fishros-/p3/topic_practice_ws/install/status_interfaces/lib/python3.8/site-packages/status_interfaces/msg/_system_status_s.c
[0.321s] -- Up-to-date: /home/lhc/fishros-/p3/topic_practice_ws/install/status_interfaces/lib/python3.8/site-packages/status_interfaces/msg/__init__.py
[0.322s] -- Up-to-date: /home/lhc/fishros-/p3/topic_practice_ws/install/status_interfaces/lib/python3.8/site-packages/status_interfaces/status_interfaces_s__rosidl_typesupport_fastrtps_c.cpython-38-x86_64-linux-gnu.so
[0.322s] -- Up-to-date: /home/lhc/fishros-/p3/topic_practice_ws/install/status_interfaces/lib/python3.8/site-packages/status_interfaces/status_interfaces_s__rosidl_typesupport_introspection_c.cpython-38-x86_64-linux-gnu.so
[0.323s] -- Up-to-date: /home/lhc/fishros-/p3/topic_practice_ws/install/status_interfaces/lib/python3.8/site-packages/status_interfaces/status_interfaces_s__rosidl_typesupport_c.cpython-38-x86_64-linux-gnu.so
[0.323s] -- Up-to-date: /home/lhc/fishros-/p3/topic_practice_ws/install/status_interfaces/lib/libstatus_interfaces__python.so
[0.324s] -- Up-to-date: /home/lhc/fishros-/p3/topic_practice_ws/install/status_interfaces/share/status_interfaces/msg/SystemStatus.idl
[0.324s] -- Up-to-date: /home/lhc/fishros-/p3/topic_practice_ws/install/status_interfaces/share/status_interfaces/msg/SystemStatus.msg
[0.324s] -- Up-to-date: /home/lhc/fishros-/p3/topic_practice_ws/install/status_interfaces/share/ament_index/resource_index/package_run_dependencies/status_interfaces
[0.324s] -- Up-to-date: /home/lhc/fishros-/p3/topic_practice_ws/install/status_interfaces/share/ament_index/resource_index/parent_prefix_path/status_interfaces
[0.324s] -- Up-to-date: /home/lhc/fishros-/p3/topic_practice_ws/install/status_interfaces/share/status_interfaces/environment/ament_prefix_path.sh
[0.325s] -- Up-to-date: /home/lhc/fishros-/p3/topic_practice_ws/install/status_interfaces/share/status_interfaces/environment/ament_prefix_path.dsv
[0.325s] -- Up-to-date: /home/lhc/fishros-/p3/topic_practice_ws/install/status_interfaces/share/status_interfaces/environment/path.sh
[0.325s] -- Up-to-date: /home/lhc/fishros-/p3/topic_practice_ws/install/status_interfaces/share/status_interfaces/environment/path.dsv
[0.325s] -- Up-to-date: /home/lhc/fishros-/p3/topic_practice_ws/install/status_interfaces/share/status_interfaces/local_setup.bash
[0.325s] -- Up-to-date: /home/lhc/fishros-/p3/topic_practice_ws/install/status_interfaces/share/status_interfaces/local_setup.sh
[0.325s] -- Up-to-date: /home/lhc/fishros-/p3/topic_practice_ws/install/status_interfaces/share/status_interfaces/local_setup.zsh
[0.325s] -- Up-to-date: /home/lhc/fishros-/p3/topic_practice_ws/install/status_interfaces/share/status_interfaces/local_setup.dsv
[0.325s] -- Installing: /home/lhc/fishros-/p3/topic_practice_ws/install/status_interfaces/share/status_interfaces/package.dsv
[0.325s] -- Up-to-date: /home/lhc/fishros-/p3/topic_practice_ws/install/status_interfaces/share/ament_index/resource_index/packages/status_interfaces
[0.325s] -- Up-to-date: /home/lhc/fishros-/p3/topic_practice_ws/install/status_interfaces/share/status_interfaces/cmake/status_interfaces__rosidl_generator_cExport.cmake
[0.326s] -- Up-to-date: /home/lhc/fishros-/p3/topic_practice_ws/install/status_interfaces/share/status_interfaces/cmake/status_interfaces__rosidl_generator_cExport-noconfig.cmake
[0.326s] -- Up-to-date: /home/lhc/fishros-/p3/topic_practice_ws/install/status_interfaces/share/status_interfaces/cmake/status_interfaces__rosidl_typesupport_introspection_cExport.cmake
[0.326s] -- Up-to-date: /home/lhc/fishros-/p3/topic_practice_ws/install/status_interfaces/share/status_interfaces/cmake/status_interfaces__rosidl_typesupport_introspection_cExport-noconfig.cmake
[0.326s] -- Up-to-date: /home/lhc/fishros-/p3/topic_practice_ws/install/status_interfaces/share/status_interfaces/cmake/status_interfaces__rosidl_typesupport_cExport.cmake
[0.326s] -- Up-to-date: /home/lhc/fishros-/p3/topic_practice_ws/install/status_interfaces/share/status_interfaces/cmake/status_interfaces__rosidl_typesupport_cExport-noconfig.cmake
[0.326s] -- Up-to-date: /home/lhc/fishros-/p3/topic_practice_ws/install/status_interfaces/share/status_interfaces/cmake/status_interfaces__rosidl_generator_cppExport.cmake
[0.326s] -- Up-to-date: /home/lhc/fishros-/p3/topic_practice_ws/install/status_interfaces/share/status_interfaces/cmake/status_interfaces__rosidl_typesupport_introspection_cppExport.cmake
[0.326s] -- Up-to-date: /home/lhc/fishros-/p3/topic_practice_ws/install/status_interfaces/share/status_interfaces/cmake/status_interfaces__rosidl_typesupport_introspection_cppExport-noconfig.cmake
[0.326s] -- Up-to-date: /home/lhc/fishros-/p3/topic_practice_ws/install/status_interfaces/share/status_interfaces/cmake/status_interfaces__rosidl_typesupport_cppExport.cmake
[0.326s] -- Up-to-date: /home/lhc/fishros-/p3/topic_practice_ws/install/status_interfaces/share/status_interfaces/cmake/status_interfaces__rosidl_typesupport_cppExport-noconfig.cmake
[0.327s] -- Up-to-date: /home/lhc/fishros-/p3/topic_practice_ws/install/status_interfaces/share/status_interfaces/cmake/rosidl_cmake-extras.cmake
[0.327s] -- Up-to-date: /home/lhc/fishros-/p3/topic_practice_ws/install/status_interfaces/share/status_interfaces/cmake/ament_cmake_export_dependencies-extras.cmake
[0.327s] -- Up-to-date: /home/lhc/fishros-/p3/topic_practice_ws/install/status_interfaces/share/status_interfaces/cmake/ament_cmake_export_libraries-extras.cmake
[0.327s] -- Up-to-date: /home/lhc/fishros-/p3/topic_practice_ws/install/status_interfaces/share/status_interfaces/cmake/ament_cmake_export_targets-extras.cmake
[0.327s] -- Up-to-date: /home/lhc/fishros-/p3/topic_practice_ws/install/status_interfaces/share/status_interfaces/cmake/ament_cmake_export_include_directories-extras.cmake
[0.327s] -- Up-to-date: /home/lhc/fishros-/p3/topic_practice_ws/install/status_interfaces/share/status_interfaces/cmake/rosidl_cmake_export_typesupport_libraries-extras.cmake
[0.328s] -- Up-to-date: /home/lhc/fishros-/p3/topic_practice_ws/install/status_interfaces/share/status_interfaces/cmake/rosidl_cmake_export_typesupport_targets-extras.cmake
[0.328s] -- Up-to-date: /home/lhc/fishros-/p3/topic_practice_ws/install/status_interfaces/share/status_interfaces/cmake/status_interfacesConfig.cmake
[0.328s] -- Up-to-date: /home/lhc/fishros-/p3/topic_practice_ws/install/status_interfaces/share/status_interfaces/cmake/status_interfacesConfig-version.cmake
[0.328s] -- Up-to-date: /home/lhc/fishros-/p3/topic_practice_ws/install/status_interfaces/share/status_interfaces/package.xml
[0.332s] Invoked command in '/home/lhc/fishros-/p3/topic_practice_ws/build/status_interfaces' returned '0': CMAKE_PREFIX_PATH=${CMAKE_PREFIX_PATH}:/home/lhc/fishros-/p3/topic_practice_ws/install/status_publisher:/opt/ros/foxy /usr/bin/cmake --install /home/lhc/fishros-/p3/topic_practice_ws/build/status_interfaces
