[0.016s] Invoking command in '/home/lhc/fishros-/p2/p2_ws/src/build/demo_cpp_pkg': CMAKE_PREFIX_PATH=${CMAKE_PREFIX_PATH}:/opt/ros/foxy /usr/bin/cmake --build /home/lhc/fishros-/p2/p2_ws/src/build/demo_cpp_pkg -- -j12 -l12
[0.041s] -- Found ament_cmake: 0.9.12 (/opt/ros/foxy/share/ament_cmake/cmake)
[0.058s] -- Using PYTHON_EXECUTABLE: /usr/bin/python3
[0.185s] -- Found rclcpp: 2.4.3 (/opt/ros/foxy/share/rclcpp/cmake)
[0.213s] -- Using all available rosidl_typesupport_c: rosidl_typesupport_fastrtps_c;rosidl_typesupport_introspection_c
[0.215s] -- Found rosidl_adapter: 1.3.1 (/opt/ros/foxy/share/rosidl_adapter/cmake)
[0.299s] -- Using all available rosidl_typesupport_cpp: rosidl_typesupport_fastrtps_cpp;rosidl_typesupport_introspection_cpp
[0.335s] -- Found rmw_implementation_cmake: 1.0.4 (/opt/ros/foxy/share/rmw_implementation_cmake/cmake)
[0.336s] -- Using RMW implementation 'rmw_fastrtps_cpp' as default
[0.438s] -- Found ament_lint_auto: 0.9.8 (/opt/ros/foxy/share/ament_lint_auto/cmake)
[0.501s] -- Added test 'cppcheck' to perform static code analysis on C / C++ code
[0.501s] -- Configured cppcheck include dirs: 
[0.501s] -- Configured cppcheck exclude dirs and/or files: 
[0.502s] -- Added test 'lint_cmake' to check CMake code style
[0.503s] -- Added test 'uncrustify' to check C / C++ code style
[0.503s] -- Configured uncrustify additional arguments: 
[0.503s] -- Added test 'xmllint' to check XML markup files
[0.505s] -- Configuring done
[0.506s] CMake Error at CMakeLists.txt:16 (add_executable):
[0.506s]   Cannot find source file:
[0.506s] 
[0.506s]     src/learn_node.cpp
[0.506s] 
[0.506s]   Tried extensions .c .C .c++ .cc .cpp .cxx .cu .m .M .mm .h .hh .h++ .hm
[0.506s]   .hpp .hxx .in .txx
[0.506s] 
[0.506s] 
[0.506s] CMake Error at CMakeLists.txt:16 (add_executable):
[0.506s]   No SOURCES given to target: learn_node
[0.506s] 
[0.506s] 
[0.506s] CMake Generate step failed.  Build files cannot be regenerated correctly.
[0.511s] make: *** [Makefile:310：cmake_check_build_system] 错误 1
[0.513s] Invoked command in '/home/lhc/fishros-/p2/p2_ws/src/build/demo_cpp_pkg' returned '2': CMAKE_PREFIX_PATH=${CMAKE_PREFIX_PATH}:/opt/ros/foxy /usr/bin/cmake --build /home/lhc/fishros-/p2/p2_ws/src/build/demo_cpp_pkg -- -j12 -l12
