[0.469s] Invoking command in '/home/lhc/fishros-/p3/topic_practice_ws/src/status_publisher': PYTHONPATH=/home/lhc/fishros-/p3/topic_practice_ws/build/status_publisher/prefix_override:/usr/lib/python3/dist-packages/colcon_core/task/python/colcon_distutils_commands:/home/lhc/fishros-/p3/topic_practice_ws/install/status_publisher/lib/python3.8/site-packages:/home/lhc/fishros-/p3/topic_practice_ws/install/status_interfaces/lib/python3.8/site-packages:/home/lhc/fishros-/p3/topic_practice_ws/install/status_publisher/lib/python3.8/site-packages:/opt/ros/foxy/lib/python3.8/site-packages /usr/bin/python3 -W ignore:setup.py install is deprecated -W ignore:easy_install command is deprecated setup.py egg_info --egg-base ../../build/status_publisher build --build-base /home/lhc/fishros-/p3/topic_practice_ws/build/status_publisher/build install --record /home/lhc/fishros-/p3/topic_practice_ws/build/status_publisher/install.log --install-scripts $base/lib/status_publisher --single-version-externally-managed install_data
[0.625s] running egg_info
[0.625s] writing ../../build/status_publisher/status_publisher.egg-info/PKG-INFO
[0.625s] writing dependency_links to ../../build/status_publisher/status_publisher.egg-info/dependency_links.txt
[0.626s] writing entry points to ../../build/status_publisher/status_publisher.egg-info/entry_points.txt
[0.626s] writing requirements to ../../build/status_publisher/status_publisher.egg-info/requires.txt
[0.626s] writing top-level names to ../../build/status_publisher/status_publisher.egg-info/top_level.txt
[0.649s] reading manifest file '../../build/status_publisher/status_publisher.egg-info/SOURCES.txt'
[0.650s] writing manifest file '../../build/status_publisher/status_publisher.egg-info/SOURCES.txt'
[0.650s] running build
[0.650s] running build_py
[0.650s] copying status_publisher/System_status_pub.py -> /home/lhc/fishros-/p3/topic_practice_ws/build/status_publisher/build/lib/status_publisher
[0.650s] running install
[0.651s] running install_lib
[0.651s] copying /home/lhc/fishros-/p3/topic_practice_ws/build/status_publisher/build/lib/status_publisher/System_status_pub.py -> /home/lhc/fishros-/p3/topic_practice_ws/install/status_publisher/lib/python3.8/site-packages/status_publisher
[0.652s] byte-compiling /home/lhc/fishros-/p3/topic_practice_ws/install/status_publisher/lib/python3.8/site-packages/status_publisher/System_status_pub.py to System_status_pub.cpython-38.pyc
[0.652s] running install_data
[0.653s] running install_egg_info
[0.654s] removing '/home/lhc/fishros-/p3/topic_practice_ws/install/status_publisher/lib/python3.8/site-packages/status_publisher-0.0.0-py3.8.egg-info' (and everything under it)
[0.654s] Copying ../../build/status_publisher/status_publisher.egg-info to /home/lhc/fishros-/p3/topic_practice_ws/install/status_publisher/lib/python3.8/site-packages/status_publisher-0.0.0-py3.8.egg-info
[0.655s] running install_scripts
[0.666s] Installing System_status_pub script to /home/lhc/fishros-/p3/topic_practice_ws/install/status_publisher/lib/status_publisher
[0.666s] writing list of installed files to '/home/lhc/fishros-/p3/topic_practice_ws/build/status_publisher/install.log'
[0.682s] Invoked command in '/home/lhc/fishros-/p3/topic_practice_ws/src/status_publisher' returned '0': PYTHONPATH=/home/lhc/fishros-/p3/topic_practice_ws/build/status_publisher/prefix_override:/usr/lib/python3/dist-packages/colcon_core/task/python/colcon_distutils_commands:/home/lhc/fishros-/p3/topic_practice_ws/install/status_publisher/lib/python3.8/site-packages:/home/lhc/fishros-/p3/topic_practice_ws/install/status_interfaces/lib/python3.8/site-packages:/home/lhc/fishros-/p3/topic_practice_ws/install/status_publisher/lib/python3.8/site-packages:/opt/ros/foxy/lib/python3.8/site-packages /usr/bin/python3 -W ignore:setup.py install is deprecated -W ignore:easy_install command is deprecated setup.py egg_info --egg-base ../../build/status_publisher build --build-base /home/lhc/fishros-/p3/topic_practice_ws/build/status_publisher/build install --record /home/lhc/fishros-/p3/topic_practice_ws/build/status_publisher/install.log --install-scripts $base/lib/status_publisher --single-version-externally-managed install_data
