[0.152s] DEBUG:colcon:Command line arguments: ['/usr/bin/colcon', 'build']
[0.152s] DEBUG:colcon:Parsed command line arguments: Namespace(allow_overriding=[], ament_cmake_args=None, base_paths=['.'], build_base='build', catkin_cmake_args=None, catkin_skip_building_tests=False, cmake_args=None, cmake_clean_cache=False, cmake_clean_first=False, cmake_force_configure=False, cmake_target=None, cmake_target_skip_unavailable=False, continue_on_error=False, event_handlers=None, executor='parallel', ignore_user_meta=False, install_base='install', log_base=None, log_level=None, main=<bound method BuildVerb.main of <colcon_core.verb.build.BuildVerb object at 0x7fc23d909610>>, merge_install=False, metas=['./colcon.meta'], packages_above=None, packages_above_and_dependencies=None, packages_above_depth=None, packages_end=None, packages_ignore=None, packages_ignore_regex=None, packages_select=None, packages_select_build_failed=False, packages_select_by_dep=None, packages_select_regex=None, packages_select_test_failures=False, packages_skip=None, packages_skip_build_finished=False, packages_skip_by_dep=None, packages_skip_regex=None, packages_skip_test_passed=False, packages_skip_up_to=None, packages_start=None, packages_up_to=None, packages_up_to_regex=None, parallel_workers=12, paths=None, symlink_install=False, test_result_base=None, verb_extension=<colcon_core.verb.build.BuildVerb object at 0x7fc23d909610>, verb_name='build', verb_parser=<colcon_defaults.argument_parser.defaults.DefaultArgumentsDecorator object at 0x7fc23d827af0>)
[0.278s] Level 1:colcon.colcon_core.package_discovery:discover_packages(colcon_meta) check parameters
[0.278s] Level 1:colcon.colcon_core.package_discovery:discover_packages(recursive) check parameters
[0.278s] Level 1:colcon.colcon_core.package_discovery:discover_packages(ignore) check parameters
[0.278s] Level 1:colcon.colcon_core.package_discovery:discover_packages(path) check parameters
[0.278s] Level 1:colcon.colcon_core.package_discovery:discover_packages(colcon_meta) discover
[0.278s] Level 1:colcon.colcon_core.package_discovery:discover_packages(recursive) discover
[0.279s] INFO:colcon.colcon_core.package_discovery:Crawling recursively for packages in '/home/lhc/fishros-/p4/p4_ws'
[0.279s] Level 1:colcon.colcon_core.package_identification:_identify(.) by extensions ['ignore', 'ignore_ament_install']
[0.279s] Level 1:colcon.colcon_core.package_identification:_identify(.) by extension 'ignore'
[0.279s] Level 1:colcon.colcon_core.package_identification:_identify(.) by extension 'ignore_ament_install'
[0.279s] Level 1:colcon.colcon_core.package_identification:_identify(.) by extensions ['colcon_pkg']
[0.279s] Level 1:colcon.colcon_core.package_identification:_identify(.) by extension 'colcon_pkg'
[0.279s] Level 1:colcon.colcon_core.package_identification:_identify(.) by extensions ['colcon_meta']
[0.279s] Level 1:colcon.colcon_core.package_identification:_identify(.) by extension 'colcon_meta'
[0.279s] Level 1:colcon.colcon_core.package_identification:_identify(.) by extensions ['ros']
[0.279s] Level 1:colcon.colcon_core.package_identification:_identify(.) by extension 'ros'
[0.290s] Level 1:colcon.colcon_core.package_identification:_identify(.) by extensions ['cmake', 'python']
[0.290s] Level 1:colcon.colcon_core.package_identification:_identify(.) by extension 'cmake'
[0.290s] Level 1:colcon.colcon_core.package_identification:_identify(.) by extension 'python'
[0.290s] Level 1:colcon.colcon_core.package_identification:_identify(.) by extensions ['python_setup_py']
[0.290s] Level 1:colcon.colcon_core.package_identification:_identify(.) by extension 'python_setup_py'
[0.290s] Level 1:colcon.colcon_core.package_identification:_identify(build) by extensions ['ignore', 'ignore_ament_install']
[0.290s] Level 1:colcon.colcon_core.package_identification:_identify(build) by extension 'ignore'
[0.290s] Level 1:colcon.colcon_core.package_identification:_identify(build) ignored
[0.290s] Level 1:colcon.colcon_core.package_identification:_identify(install) by extensions ['ignore', 'ignore_ament_install']
[0.290s] Level 1:colcon.colcon_core.package_identification:_identify(install) by extension 'ignore'
[0.290s] Level 1:colcon.colcon_core.package_identification:_identify(install) ignored
[0.290s] Level 1:colcon.colcon_core.package_identification:_identify(log) by extensions ['ignore', 'ignore_ament_install']
[0.290s] Level 1:colcon.colcon_core.package_identification:_identify(log) by extension 'ignore'
[0.290s] Level 1:colcon.colcon_core.package_identification:_identify(log) ignored
[0.291s] Level 1:colcon.colcon_core.package_identification:_identify(src) by extensions ['ignore', 'ignore_ament_install']
[0.291s] Level 1:colcon.colcon_core.package_identification:_identify(src) by extension 'ignore'
[0.291s] Level 1:colcon.colcon_core.package_identification:_identify(src) by extension 'ignore_ament_install'
[0.291s] Level 1:colcon.colcon_core.package_identification:_identify(src) by extensions ['colcon_pkg']
[0.291s] Level 1:colcon.colcon_core.package_identification:_identify(src) by extension 'colcon_pkg'
[0.291s] Level 1:colcon.colcon_core.package_identification:_identify(src) by extensions ['colcon_meta']
[0.291s] Level 1:colcon.colcon_core.package_identification:_identify(src) by extension 'colcon_meta'
[0.291s] Level 1:colcon.colcon_core.package_identification:_identify(src) by extensions ['ros']
[0.291s] Level 1:colcon.colcon_core.package_identification:_identify(src) by extension 'ros'
[0.291s] Level 1:colcon.colcon_core.package_identification:_identify(src) by extensions ['cmake', 'python']
[0.291s] Level 1:colcon.colcon_core.package_identification:_identify(src) by extension 'cmake'
[0.291s] Level 1:colcon.colcon_core.package_identification:_identify(src) by extension 'python'
[0.291s] Level 1:colcon.colcon_core.package_identification:_identify(src) by extensions ['python_setup_py']
[0.291s] Level 1:colcon.colcon_core.package_identification:_identify(src) by extension 'python_setup_py'
[0.291s] Level 1:colcon.colcon_core.package_identification:_identify(src/demo_python_service) by extensions ['ignore', 'ignore_ament_install']
[0.291s] Level 1:colcon.colcon_core.package_identification:_identify(src/demo_python_service) by extension 'ignore'
[0.291s] Level 1:colcon.colcon_core.package_identification:_identify(src/demo_python_service) by extension 'ignore_ament_install'
[0.291s] Level 1:colcon.colcon_core.package_identification:_identify(src/demo_python_service) by extensions ['colcon_pkg']
[0.291s] Level 1:colcon.colcon_core.package_identification:_identify(src/demo_python_service) by extension 'colcon_pkg'
[0.291s] Level 1:colcon.colcon_core.package_identification:_identify(src/demo_python_service) by extensions ['colcon_meta']
[0.291s] Level 1:colcon.colcon_core.package_identification:_identify(src/demo_python_service) by extension 'colcon_meta'
[0.291s] Level 1:colcon.colcon_core.package_identification:_identify(src/demo_python_service) by extensions ['ros']
[0.292s] Level 1:colcon.colcon_core.package_identification:_identify(src/demo_python_service) by extension 'ros'
[0.293s] DEBUG:colcon.colcon_core.package_identification:Package 'src/demo_python_service' with type 'ros.ament_python' and name 'demo_python_service'
[0.293s] Level 1:colcon.colcon_core.package_identification:_identify(src/p4_interfaces_python) by extensions ['ignore', 'ignore_ament_install']
[0.294s] Level 1:colcon.colcon_core.package_identification:_identify(src/p4_interfaces_python) by extension 'ignore'
[0.294s] Level 1:colcon.colcon_core.package_identification:_identify(src/p4_interfaces_python) by extension 'ignore_ament_install'
[0.294s] Level 1:colcon.colcon_core.package_identification:_identify(src/p4_interfaces_python) by extensions ['colcon_pkg']
[0.294s] Level 1:colcon.colcon_core.package_identification:_identify(src/p4_interfaces_python) by extension 'colcon_pkg'
[0.294s] Level 1:colcon.colcon_core.package_identification:_identify(src/p4_interfaces_python) by extensions ['colcon_meta']
[0.294s] Level 1:colcon.colcon_core.package_identification:_identify(src/p4_interfaces_python) by extension 'colcon_meta'
[0.294s] Level 1:colcon.colcon_core.package_identification:_identify(src/p4_interfaces_python) by extensions ['ros']
[0.294s] Level 1:colcon.colcon_core.package_identification:_identify(src/p4_interfaces_python) by extension 'ros'
[0.294s] DEBUG:colcon.colcon_core.package_identification:Package 'src/p4_interfaces_python' with type 'ros.ament_cmake' and name 'p4_interfaces_python'
[0.294s] Level 1:colcon.colcon_core.package_discovery:discover_packages(recursive) using defaults
[0.294s] Level 1:colcon.colcon_core.package_discovery:discover_packages(ignore) discover
[0.294s] Level 1:colcon.colcon_core.package_discovery:discover_packages(ignore) using defaults
[0.294s] Level 1:colcon.colcon_core.package_discovery:discover_packages(path) discover
[0.294s] Level 1:colcon.colcon_core.package_discovery:discover_packages(path) using defaults
[0.306s] Level 1:colcon.colcon_core.package_discovery:discover_packages(prefix_path) check parameters
[0.306s] Level 1:colcon.colcon_core.package_discovery:discover_packages(prefix_path) discover
[0.308s] DEBUG:colcon.colcon_installed_package_information.package_discovery:Found 263 installed packages in /opt/ros/foxy
[0.309s] Level 1:colcon.colcon_core.package_discovery:discover_packages(prefix_path) using defaults
[0.362s] Level 5:colcon.colcon_core.verb:set package 'p4_interfaces_python' build argument 'cmake_args' from command line to 'None'
[0.362s] Level 5:colcon.colcon_core.verb:set package 'p4_interfaces_python' build argument 'cmake_target' from command line to 'None'
[0.362s] Level 5:colcon.colcon_core.verb:set package 'p4_interfaces_python' build argument 'cmake_target_skip_unavailable' from command line to 'False'
[0.362s] Level 5:colcon.colcon_core.verb:set package 'p4_interfaces_python' build argument 'cmake_clean_cache' from command line to 'False'
[0.362s] Level 5:colcon.colcon_core.verb:set package 'p4_interfaces_python' build argument 'cmake_clean_first' from command line to 'False'
[0.362s] Level 5:colcon.colcon_core.verb:set package 'p4_interfaces_python' build argument 'cmake_force_configure' from command line to 'False'
[0.362s] Level 5:colcon.colcon_core.verb:set package 'p4_interfaces_python' build argument 'ament_cmake_args' from command line to 'None'
[0.362s] Level 5:colcon.colcon_core.verb:set package 'p4_interfaces_python' build argument 'catkin_cmake_args' from command line to 'None'
[0.362s] Level 5:colcon.colcon_core.verb:set package 'p4_interfaces_python' build argument 'catkin_skip_building_tests' from command line to 'False'
[0.362s] DEBUG:colcon.colcon_core.verb:Building package 'p4_interfaces_python' with the following arguments: {'ament_cmake_args': None, 'build_base': '/home/lhc/fishros-/p4/p4_ws/build/p4_interfaces_python', 'catkin_cmake_args': None, 'catkin_skip_building_tests': False, 'cmake_args': None, 'cmake_clean_cache': False, 'cmake_clean_first': False, 'cmake_force_configure': False, 'cmake_target': None, 'cmake_target_skip_unavailable': False, 'install_base': '/home/lhc/fishros-/p4/p4_ws/install/p4_interfaces_python', 'merge_install': False, 'path': '/home/lhc/fishros-/p4/p4_ws/src/p4_interfaces_python', 'symlink_install': False, 'test_result_base': None}
[0.362s] Level 5:colcon.colcon_core.verb:set package 'demo_python_service' build argument 'cmake_args' from command line to 'None'
[0.362s] Level 5:colcon.colcon_core.verb:set package 'demo_python_service' build argument 'cmake_target' from command line to 'None'
[0.362s] Level 5:colcon.colcon_core.verb:set package 'demo_python_service' build argument 'cmake_target_skip_unavailable' from command line to 'False'
[0.362s] Level 5:colcon.colcon_core.verb:set package 'demo_python_service' build argument 'cmake_clean_cache' from command line to 'False'
[0.362s] Level 5:colcon.colcon_core.verb:set package 'demo_python_service' build argument 'cmake_clean_first' from command line to 'False'
[0.362s] Level 5:colcon.colcon_core.verb:set package 'demo_python_service' build argument 'cmake_force_configure' from command line to 'False'
[0.362s] Level 5:colcon.colcon_core.verb:set package 'demo_python_service' build argument 'ament_cmake_args' from command line to 'None'
[0.362s] Level 5:colcon.colcon_core.verb:set package 'demo_python_service' build argument 'catkin_cmake_args' from command line to 'None'
[0.362s] Level 5:colcon.colcon_core.verb:set package 'demo_python_service' build argument 'catkin_skip_building_tests' from command line to 'False'
[0.363s] DEBUG:colcon.colcon_core.verb:Building package 'demo_python_service' with the following arguments: {'ament_cmake_args': None, 'build_base': '/home/lhc/fishros-/p4/p4_ws/build/demo_python_service', 'catkin_cmake_args': None, 'catkin_skip_building_tests': False, 'cmake_args': None, 'cmake_clean_cache': False, 'cmake_clean_first': False, 'cmake_force_configure': False, 'cmake_target': None, 'cmake_target_skip_unavailable': False, 'install_base': '/home/lhc/fishros-/p4/p4_ws/install/demo_python_service', 'merge_install': False, 'path': '/home/lhc/fishros-/p4/p4_ws/src/demo_python_service', 'symlink_install': False, 'test_result_base': None}
[0.363s] INFO:colcon.colcon_core.executor:Executing jobs using 'parallel' executor
[0.364s] DEBUG:colcon.colcon_parallel_executor.executor.parallel:run_until_complete
[0.364s] INFO:colcon.colcon_ros.task.ament_cmake.build:Building ROS package in '/home/lhc/fishros-/p4/p4_ws/src/p4_interfaces_python' with build type 'ament_cmake'
[0.364s] INFO:colcon.colcon_cmake.task.cmake.build:Building CMake package in '/home/lhc/fishros-/p4/p4_ws/src/p4_interfaces_python'
[0.366s] INFO:colcon.colcon_core.plugin_system:Skipping extension 'colcon_core.shell.bat': Not used on non-Windows systems
[0.366s] INFO:colcon.colcon_core.shell:Skip shell extension 'powershell' for command environment: Not usable outside of PowerShell
[0.366s] DEBUG:colcon.colcon_core.shell:Skip shell extension 'dsv' for command environment
[0.377s] DEBUG:colcon.colcon_core.event_handler.log_command:Invoking command in '/home/lhc/fishros-/p4/p4_ws/build/p4_interfaces_python': CMAKE_PREFIX_PATH=/opt/ros/foxy /usr/bin/cmake --build /home/lhc/fishros-/p4/p4_ws/build/p4_interfaces_python -- -j12 -l12
[0.625s] DEBUG:colcon.colcon_core.event_handler.log_command:Invoked command in '/home/lhc/fishros-/p4/p4_ws/build/p4_interfaces_python' returned '0': CMAKE_PREFIX_PATH=/opt/ros/foxy /usr/bin/cmake --build /home/lhc/fishros-/p4/p4_ws/build/p4_interfaces_python -- -j12 -l12
[0.646s] DEBUG:colcon.colcon_core.event_handler.log_command:Invoking command in '/home/lhc/fishros-/p4/p4_ws/build/p4_interfaces_python': CMAKE_PREFIX_PATH=/opt/ros/foxy /usr/bin/cmake --install /home/lhc/fishros-/p4/p4_ws/build/p4_interfaces_python
[0.700s] Level 1:colcon.colcon_core.environment:create_environment_scripts_only(p4_interfaces_python)
[0.700s] DEBUG:colcon.colcon_core.event_handler.log_command:Invoked command in '/home/lhc/fishros-/p4/p4_ws/build/p4_interfaces_python' returned '0': CMAKE_PREFIX_PATH=/opt/ros/foxy /usr/bin/cmake --install /home/lhc/fishros-/p4/p4_ws/build/p4_interfaces_python
[0.702s] Level 1:colcon.colcon_core.environment:checking '/home/lhc/fishros-/p4/p4_ws/install/p4_interfaces_python' for CMake module files
[0.703s] Level 1:colcon.colcon_core.environment:checking '/home/lhc/fishros-/p4/p4_ws/install/p4_interfaces_python' for CMake config files
[0.703s] Level 1:colcon.colcon_core.shell:create_environment_hook('p4_interfaces_python', 'cmake_prefix_path')
[0.703s] INFO:colcon.colcon_core.shell:Creating environment hook '/home/lhc/fishros-/p4/p4_ws/install/p4_interfaces_python/share/p4_interfaces_python/hook/cmake_prefix_path.ps1'
[0.704s] INFO:colcon.colcon_core.shell:Creating environment descriptor '/home/lhc/fishros-/p4/p4_ws/install/p4_interfaces_python/share/p4_interfaces_python/hook/cmake_prefix_path.dsv'
[0.704s] INFO:colcon.colcon_core.shell:Creating environment hook '/home/lhc/fishros-/p4/p4_ws/install/p4_interfaces_python/share/p4_interfaces_python/hook/cmake_prefix_path.sh'
[0.705s] Level 1:colcon.colcon_core.environment:checking '/home/lhc/fishros-/p4/p4_ws/install/p4_interfaces_python/lib'
[0.705s] Level 1:colcon.colcon_core.shell:create_environment_hook('p4_interfaces_python', 'ld_library_path_lib')
[0.706s] INFO:colcon.colcon_core.shell:Creating environment hook '/home/lhc/fishros-/p4/p4_ws/install/p4_interfaces_python/share/p4_interfaces_python/hook/ld_library_path_lib.ps1'
[0.706s] INFO:colcon.colcon_core.shell:Creating environment descriptor '/home/lhc/fishros-/p4/p4_ws/install/p4_interfaces_python/share/p4_interfaces_python/hook/ld_library_path_lib.dsv'
[0.706s] INFO:colcon.colcon_core.shell:Creating environment hook '/home/lhc/fishros-/p4/p4_ws/install/p4_interfaces_python/share/p4_interfaces_python/hook/ld_library_path_lib.sh'
[0.707s] Level 1:colcon.colcon_core.environment:checking '/home/lhc/fishros-/p4/p4_ws/install/p4_interfaces_python/bin'
[0.707s] Level 1:colcon.colcon_core.environment:checking '/home/lhc/fishros-/p4/p4_ws/install/p4_interfaces_python/lib/pkgconfig/p4_interfaces_python.pc'
[0.707s] Level 1:colcon.colcon_core.environment:checking '/home/lhc/fishros-/p4/p4_ws/install/p4_interfaces_python/lib/python3.8/site-packages'
[0.707s] Level 1:colcon.colcon_core.shell:create_environment_hook('p4_interfaces_python', 'pythonpath')
[0.707s] INFO:colcon.colcon_core.shell:Creating environment hook '/home/lhc/fishros-/p4/p4_ws/install/p4_interfaces_python/share/p4_interfaces_python/hook/pythonpath.ps1'
[0.707s] INFO:colcon.colcon_core.shell:Creating environment descriptor '/home/lhc/fishros-/p4/p4_ws/install/p4_interfaces_python/share/p4_interfaces_python/hook/pythonpath.dsv'
[0.708s] INFO:colcon.colcon_core.shell:Creating environment hook '/home/lhc/fishros-/p4/p4_ws/install/p4_interfaces_python/share/p4_interfaces_python/hook/pythonpath.sh'
[0.708s] Level 1:colcon.colcon_core.environment:checking '/home/lhc/fishros-/p4/p4_ws/install/p4_interfaces_python/bin'
[0.708s] INFO:colcon.colcon_core.shell:Creating package script '/home/lhc/fishros-/p4/p4_ws/install/p4_interfaces_python/share/p4_interfaces_python/package.ps1'
[0.709s] INFO:colcon.colcon_core.shell:Creating package descriptor '/home/lhc/fishros-/p4/p4_ws/install/p4_interfaces_python/share/p4_interfaces_python/package.dsv'
[0.709s] INFO:colcon.colcon_core.shell:Creating package script '/home/lhc/fishros-/p4/p4_ws/install/p4_interfaces_python/share/p4_interfaces_python/package.sh'
[0.710s] INFO:colcon.colcon_core.shell:Creating package script '/home/lhc/fishros-/p4/p4_ws/install/p4_interfaces_python/share/p4_interfaces_python/package.bash'
[0.710s] INFO:colcon.colcon_core.shell:Creating package script '/home/lhc/fishros-/p4/p4_ws/install/p4_interfaces_python/share/p4_interfaces_python/package.zsh'
[0.711s] Level 1:colcon.colcon_core.environment:create_file_with_runtime_dependencies(/home/lhc/fishros-/p4/p4_ws/install/p4_interfaces_python/share/colcon-core/packages/p4_interfaces_python)
[0.711s] Level 1:colcon.colcon_core.environment:create_environment_scripts_only(p4_interfaces_python)
[0.712s] Level 1:colcon.colcon_core.environment:checking '/home/lhc/fishros-/p4/p4_ws/install/p4_interfaces_python' for CMake module files
[0.712s] Level 1:colcon.colcon_core.environment:checking '/home/lhc/fishros-/p4/p4_ws/install/p4_interfaces_python' for CMake config files
[0.712s] Level 1:colcon.colcon_core.shell:create_environment_hook('p4_interfaces_python', 'cmake_prefix_path')
[0.712s] INFO:colcon.colcon_core.shell:Creating environment hook '/home/lhc/fishros-/p4/p4_ws/install/p4_interfaces_python/share/p4_interfaces_python/hook/cmake_prefix_path.ps1'
[0.713s] INFO:colcon.colcon_core.shell:Creating environment descriptor '/home/lhc/fishros-/p4/p4_ws/install/p4_interfaces_python/share/p4_interfaces_python/hook/cmake_prefix_path.dsv'
[0.713s] INFO:colcon.colcon_core.shell:Creating environment hook '/home/lhc/fishros-/p4/p4_ws/install/p4_interfaces_python/share/p4_interfaces_python/hook/cmake_prefix_path.sh'
[0.714s] Level 1:colcon.colcon_core.environment:checking '/home/lhc/fishros-/p4/p4_ws/install/p4_interfaces_python/lib'
[0.714s] Level 1:colcon.colcon_core.shell:create_environment_hook('p4_interfaces_python', 'ld_library_path_lib')
[0.714s] INFO:colcon.colcon_core.shell:Creating environment hook '/home/lhc/fishros-/p4/p4_ws/install/p4_interfaces_python/share/p4_interfaces_python/hook/ld_library_path_lib.ps1'
[0.714s] INFO:colcon.colcon_core.shell:Creating environment descriptor '/home/lhc/fishros-/p4/p4_ws/install/p4_interfaces_python/share/p4_interfaces_python/hook/ld_library_path_lib.dsv'
[0.714s] INFO:colcon.colcon_core.shell:Creating environment hook '/home/lhc/fishros-/p4/p4_ws/install/p4_interfaces_python/share/p4_interfaces_python/hook/ld_library_path_lib.sh'
[0.715s] Level 1:colcon.colcon_core.environment:checking '/home/lhc/fishros-/p4/p4_ws/install/p4_interfaces_python/bin'
[0.715s] Level 1:colcon.colcon_core.environment:checking '/home/lhc/fishros-/p4/p4_ws/install/p4_interfaces_python/lib/pkgconfig/p4_interfaces_python.pc'
[0.715s] Level 1:colcon.colcon_core.environment:checking '/home/lhc/fishros-/p4/p4_ws/install/p4_interfaces_python/lib/python3.8/site-packages'
[0.715s] Level 1:colcon.colcon_core.shell:create_environment_hook('p4_interfaces_python', 'pythonpath')
[0.715s] INFO:colcon.colcon_core.shell:Creating environment hook '/home/lhc/fishros-/p4/p4_ws/install/p4_interfaces_python/share/p4_interfaces_python/hook/pythonpath.ps1'
[0.716s] INFO:colcon.colcon_core.shell:Creating environment descriptor '/home/lhc/fishros-/p4/p4_ws/install/p4_interfaces_python/share/p4_interfaces_python/hook/pythonpath.dsv'
[0.716s] INFO:colcon.colcon_core.shell:Creating environment hook '/home/lhc/fishros-/p4/p4_ws/install/p4_interfaces_python/share/p4_interfaces_python/hook/pythonpath.sh'
[0.716s] Level 1:colcon.colcon_core.environment:checking '/home/lhc/fishros-/p4/p4_ws/install/p4_interfaces_python/bin'
[0.717s] INFO:colcon.colcon_core.shell:Creating package script '/home/lhc/fishros-/p4/p4_ws/install/p4_interfaces_python/share/p4_interfaces_python/package.ps1'
[0.718s] INFO:colcon.colcon_core.shell:Creating package descriptor '/home/lhc/fishros-/p4/p4_ws/install/p4_interfaces_python/share/p4_interfaces_python/package.dsv'
[0.719s] INFO:colcon.colcon_core.shell:Creating package script '/home/lhc/fishros-/p4/p4_ws/install/p4_interfaces_python/share/p4_interfaces_python/package.sh'
[0.720s] INFO:colcon.colcon_core.shell:Creating package script '/home/lhc/fishros-/p4/p4_ws/install/p4_interfaces_python/share/p4_interfaces_python/package.bash'
[0.720s] INFO:colcon.colcon_core.shell:Creating package script '/home/lhc/fishros-/p4/p4_ws/install/p4_interfaces_python/share/p4_interfaces_python/package.zsh'
[0.720s] Level 1:colcon.colcon_core.environment:create_file_with_runtime_dependencies(/home/lhc/fishros-/p4/p4_ws/install/p4_interfaces_python/share/colcon-core/packages/p4_interfaces_python)
[0.721s] INFO:colcon.colcon_ros.task.ament_python.build:Building ROS package in '/home/lhc/fishros-/p4/p4_ws/src/demo_python_service' with build type 'ament_python'
[0.721s] Level 1:colcon.colcon_core.shell:create_environment_hook('demo_python_service', 'ament_prefix_path')
[0.721s] INFO:colcon.colcon_core.shell:Creating environment hook '/home/lhc/fishros-/p4/p4_ws/install/demo_python_service/share/demo_python_service/hook/ament_prefix_path.ps1'
[0.722s] INFO:colcon.colcon_core.shell:Creating environment descriptor '/home/lhc/fishros-/p4/p4_ws/install/demo_python_service/share/demo_python_service/hook/ament_prefix_path.dsv'
[0.722s] INFO:colcon.colcon_core.shell:Creating environment hook '/home/lhc/fishros-/p4/p4_ws/install/demo_python_service/share/demo_python_service/hook/ament_prefix_path.sh'
[0.723s] INFO:colcon.colcon_core.shell:Skip shell extension 'powershell' for command environment: Not usable outside of PowerShell
[0.723s] DEBUG:colcon.colcon_core.shell:Skip shell extension 'dsv' for command environment
[0.908s] INFO:colcon.colcon_core.task.python.build:Building Python package in '/home/lhc/fishros-/p4/p4_ws/src/demo_python_service'
[0.909s] INFO:colcon.colcon_core.shell:Skip shell extension 'powershell' for command environment: Not usable outside of PowerShell
[0.909s] DEBUG:colcon.colcon_core.shell:Skip shell extension 'dsv' for command environment
[1.239s] DEBUG:colcon.colcon_core.event_handler.log_command:Invoking command in '/home/lhc/fishros-/p4/p4_ws/src/demo_python_service': AMENT_PREFIX_PATH=/home/lhc/fishros-/p4/p4_ws/install/p4_interfaces_python:${AMENT_PREFIX_PATH} CMAKE_PREFIX_PATH=/home/lhc/fishros-/p4/p4_ws/install/p4_interfaces_python LD_LIBRARY_PATH=/home/lhc/fishros-/p4/p4_ws/install/p4_interfaces_python/lib:${LD_LIBRARY_PATH} PYTHONPATH=/home/lhc/fishros-/p4/p4_ws/build/demo_python_service/prefix_override:/usr/lib/python3/dist-packages/colcon_core/task/python/colcon_distutils_commands:/home/lhc/fishros-/p4/p4_ws/install/demo_python_service/lib/python3.8/site-packages:/home/lhc/fishros-/p4/p4_ws/install/p4_interfaces_python/lib/python3.8/site-packages:${PYTHONPATH} /usr/bin/python3 -W ignore:setup.py install is deprecated -W ignore:easy_install command is deprecated setup.py egg_info --egg-base ../../build/demo_python_service build --build-base /home/lhc/fishros-/p4/p4_ws/build/demo_python_service/build install --record /home/lhc/fishros-/p4/p4_ws/build/demo_python_service/install.log --install-scripts $base/lib/demo_python_service --single-version-externally-managed install_data
[1.457s] Level 1:colcon.colcon_core.environment:checking '/home/lhc/fishros-/p4/p4_ws/install/demo_python_service' for CMake module files
[1.458s] DEBUG:colcon.colcon_core.event_handler.log_command:Invoked command in '/home/lhc/fishros-/p4/p4_ws/src/demo_python_service' returned '0': AMENT_PREFIX_PATH=/home/lhc/fishros-/p4/p4_ws/install/p4_interfaces_python:${AMENT_PREFIX_PATH} CMAKE_PREFIX_PATH=/home/lhc/fishros-/p4/p4_ws/install/p4_interfaces_python LD_LIBRARY_PATH=/home/lhc/fishros-/p4/p4_ws/install/p4_interfaces_python/lib:${LD_LIBRARY_PATH} PYTHONPATH=/home/lhc/fishros-/p4/p4_ws/build/demo_python_service/prefix_override:/usr/lib/python3/dist-packages/colcon_core/task/python/colcon_distutils_commands:/home/lhc/fishros-/p4/p4_ws/install/demo_python_service/lib/python3.8/site-packages:/home/lhc/fishros-/p4/p4_ws/install/p4_interfaces_python/lib/python3.8/site-packages:${PYTHONPATH} /usr/bin/python3 -W ignore:setup.py install is deprecated -W ignore:easy_install command is deprecated setup.py egg_info --egg-base ../../build/demo_python_service build --build-base /home/lhc/fishros-/p4/p4_ws/build/demo_python_service/build install --record /home/lhc/fishros-/p4/p4_ws/build/demo_python_service/install.log --install-scripts $base/lib/demo_python_service --single-version-externally-managed install_data
[1.458s] Level 1:colcon.colcon_core.environment:checking '/home/lhc/fishros-/p4/p4_ws/install/demo_python_service' for CMake config files
[1.458s] Level 1:colcon.colcon_core.environment:checking '/home/lhc/fishros-/p4/p4_ws/install/demo_python_service/lib'
[1.458s] Level 1:colcon.colcon_core.environment:checking '/home/lhc/fishros-/p4/p4_ws/install/demo_python_service/bin'
[1.459s] Level 1:colcon.colcon_core.environment:checking '/home/lhc/fishros-/p4/p4_ws/install/demo_python_service/lib/pkgconfig/demo_python_service.pc'
[1.459s] Level 1:colcon.colcon_core.environment:checking '/home/lhc/fishros-/p4/p4_ws/install/demo_python_service/lib/python3.8/site-packages'
[1.459s] Level 1:colcon.colcon_core.shell:create_environment_hook('demo_python_service', 'pythonpath')
[1.459s] INFO:colcon.colcon_core.shell:Creating environment hook '/home/lhc/fishros-/p4/p4_ws/install/demo_python_service/share/demo_python_service/hook/pythonpath.ps1'
[1.460s] INFO:colcon.colcon_core.shell:Creating environment descriptor '/home/lhc/fishros-/p4/p4_ws/install/demo_python_service/share/demo_python_service/hook/pythonpath.dsv'
[1.460s] INFO:colcon.colcon_core.shell:Creating environment hook '/home/lhc/fishros-/p4/p4_ws/install/demo_python_service/share/demo_python_service/hook/pythonpath.sh'
[1.460s] Level 1:colcon.colcon_core.environment:checking '/home/lhc/fishros-/p4/p4_ws/install/demo_python_service/bin'
[1.460s] Level 1:colcon.colcon_core.environment:create_environment_scripts_only(demo_python_service)
[1.461s] INFO:colcon.colcon_core.shell:Creating package script '/home/lhc/fishros-/p4/p4_ws/install/demo_python_service/share/demo_python_service/package.ps1'
[1.461s] INFO:colcon.colcon_core.shell:Creating package descriptor '/home/lhc/fishros-/p4/p4_ws/install/demo_python_service/share/demo_python_service/package.dsv'
[1.461s] INFO:colcon.colcon_core.shell:Creating package script '/home/lhc/fishros-/p4/p4_ws/install/demo_python_service/share/demo_python_service/package.sh'
[1.462s] INFO:colcon.colcon_core.shell:Creating package script '/home/lhc/fishros-/p4/p4_ws/install/demo_python_service/share/demo_python_service/package.bash'
[1.462s] INFO:colcon.colcon_core.shell:Creating package script '/home/lhc/fishros-/p4/p4_ws/install/demo_python_service/share/demo_python_service/package.zsh'
[1.462s] Level 1:colcon.colcon_core.environment:create_file_with_runtime_dependencies(/home/lhc/fishros-/p4/p4_ws/install/demo_python_service/share/colcon-core/packages/demo_python_service)
[1.462s] DEBUG:colcon.colcon_parallel_executor.executor.parallel:closing loop
[1.463s] DEBUG:colcon.colcon_parallel_executor.executor.parallel:loop closed
[1.463s] DEBUG:colcon.colcon_parallel_executor.executor.parallel:run_until_complete finished with '0'
[1.463s] DEBUG:colcon.colcon_core.event_reactor:joining thread
[1.468s] INFO:colcon.colcon_core.plugin_system:Skipping extension 'colcon_notification.desktop_notification.terminal_notifier': Not used on non-Darwin systems
[1.468s] INFO:colcon.colcon_core.plugin_system:Skipping extension 'colcon_notification.desktop_notification.win32': Not used on non-Windows systems
[1.468s] INFO:colcon.colcon_notification.desktop_notification:Sending desktop notification using 'notify2'
[1.483s] DEBUG:colcon.colcon_core.event_reactor:joined thread
[1.484s] INFO:colcon.colcon_core.shell:Creating prefix script '/home/lhc/fishros-/p4/p4_ws/install/local_setup.ps1'
[1.485s] INFO:colcon.colcon_core.shell:Creating prefix util module '/home/lhc/fishros-/p4/p4_ws/install/_local_setup_util_ps1.py'
[1.486s] INFO:colcon.colcon_core.shell:Creating prefix chain script '/home/lhc/fishros-/p4/p4_ws/install/setup.ps1'
[1.486s] INFO:colcon.colcon_core.shell:Creating prefix script '/home/lhc/fishros-/p4/p4_ws/install/local_setup.sh'
[1.487s] INFO:colcon.colcon_core.shell:Creating prefix util module '/home/lhc/fishros-/p4/p4_ws/install/_local_setup_util_sh.py'
[1.487s] INFO:colcon.colcon_core.shell:Creating prefix chain script '/home/lhc/fishros-/p4/p4_ws/install/setup.sh'
[1.488s] INFO:colcon.colcon_core.shell:Creating prefix script '/home/lhc/fishros-/p4/p4_ws/install/local_setup.bash'
[1.489s] INFO:colcon.colcon_core.shell:Creating prefix chain script '/home/lhc/fishros-/p4/p4_ws/install/setup.bash'
[1.489s] INFO:colcon.colcon_core.shell:Creating prefix script '/home/lhc/fishros-/p4/p4_ws/install/local_setup.zsh'
[1.490s] INFO:colcon.colcon_core.shell:Creating prefix chain script '/home/lhc/fishros-/p4/p4_ws/install/setup.zsh'
