[0.007s] Invoking command in '/home/lhc/fishros-/p2/src/build/demo_cpp_pkg': /usr/bin/cmake /home/lhc/fishros-/p2/src/demo_cpp_pkg -DCMAKE_INSTALL_PREFIX=/home/lhc/fishros-/p2/src/install/demo_cpp_pkg
[0.077s] -- The C compiler identification is GNU 9.4.0
[0.135s] -- The CXX compiler identification is GNU 9.4.0
[0.142s] -- Check for working C compiler: /usr/bin/cc
[0.207s] -- Check for working C compiler: /usr/bin/cc -- works
[0.208s] -- Detecting C compiler ABI info
[0.263s] -- Detecting C compiler ABI info - done
[0.272s] -- Detecting C compile features
[0.272s] -- Detecting C compile features - done
[0.274s] -- Check for working CXX compiler: /usr/bin/c++
[0.340s] -- Check for working CXX compiler: /usr/bin/c++ -- works
[0.341s] -- Detecting CXX compiler ABI info
[0.412s] -- Detecting CXX compiler ABI info - done
[0.426s] -- Detecting CXX compile features
[0.427s] -- Detecting CXX compile features - done
[0.428s] -- Found ament_cmake: 0.9.12 (/opt/ros/foxy/share/ament_cmake/cmake)
[0.449s] -- Found PythonInterp: /usr/bin/python3 (found suitable version "3.8.10", minimum required is "3") 
[0.449s] -- Using PYTHON_EXECUTABLE: /usr/bin/python3
[0.591s] -- Found rclcpp: 2.4.3 (/opt/ros/foxy/share/rclcpp/cmake)
[0.627s] -- Using all available rosidl_typesupport_c: rosidl_typesupport_fastrtps_c;rosidl_typesupport_introspection_c
[0.632s] -- Found rosidl_adapter: 1.3.1 (/opt/ros/foxy/share/rosidl_adapter/cmake)
[0.690s] -- Found OpenSSL: /usr/lib/x86_64-linux-gnu/libcrypto.so (found version "1.1.1f")  
[0.710s] -- Found FastRTPS: /opt/ros/foxy/include  
[0.768s] -- Using all available rosidl_typesupport_cpp: rosidl_typesupport_fastrtps_cpp;rosidl_typesupport_introspection_cpp
[0.812s] -- Found rmw_implementation_cmake: 1.0.4 (/opt/ros/foxy/share/rmw_implementation_cmake/cmake)
[0.813s] -- Using RMW implementation 'rmw_fastrtps_cpp' as default
[0.814s] -- Looking for pthread.h
[0.877s] -- Looking for pthread.h - found
[0.878s] -- Performing Test CMAKE_HAVE_LIBC_PTHREAD
[0.944s] -- Performing Test CMAKE_HAVE_LIBC_PTHREAD - Failed
[0.945s] -- Looking for pthread_create in pthreads
[0.996s] -- Looking for pthread_create in pthreads - not found
[0.996s] -- Looking for pthread_create in pthread
[1.060s] -- Looking for pthread_create in pthread - found
[1.061s] -- Found Threads: TRUE  
[1.171s] -- Found ament_lint_auto: 0.9.8 (/opt/ros/foxy/share/ament_lint_auto/cmake)
[1.235s] -- Added test 'cppcheck' to perform static code analysis on C / C++ code
[1.235s] -- Configured cppcheck include dirs: 
[1.235s] -- Configured cppcheck exclude dirs and/or files: 
[1.235s] -- Added test 'lint_cmake' to check CMake code style
[1.236s] -- Added test 'uncrustify' to check C / C++ code style
[1.236s] -- Configured uncrustify additional arguments: 
[1.236s] -- Added test 'xmllint' to check XML markup files
[1.238s] -- Configuring done
[1.242s] -- Generating done
[1.244s] -- Build files have been written to: /home/lhc/fishros-/p2/src/build/demo_cpp_pkg
[1.249s] Invoked command in '/home/lhc/fishros-/p2/src/build/demo_cpp_pkg' returned '0': /usr/bin/cmake /home/lhc/fishros-/p2/src/demo_cpp_pkg -DCMAKE_INSTALL_PREFIX=/home/lhc/fishros-/p2/src/install/demo_cpp_pkg
[1.252s] Invoking command in '/home/lhc/fishros-/p2/src/build/demo_cpp_pkg': /usr/bin/cmake --build /home/lhc/fishros-/p2/src/build/demo_cpp_pkg -- -j12 -l12
[1.284s] [35m[1mScanning dependencies of target p2[0m
[1.330s] [ 50%] [32mBuilding CXX object CMakeFiles/p2.dir/src/cpp_node.cpp.o[0m
[2.689s] [100%] [32m[1mLinking CXX executable p2[0m
[2.779s] [100%] Built target p2
[2.790s] Invoked command in '/home/lhc/fishros-/p2/src/build/demo_cpp_pkg' returned '0': /usr/bin/cmake --build /home/lhc/fishros-/p2/src/build/demo_cpp_pkg -- -j12 -l12
[2.798s] Invoking command in '/home/lhc/fishros-/p2/src/build/demo_cpp_pkg': /usr/bin/cmake --install /home/lhc/fishros-/p2/src/build/demo_cpp_pkg
[2.803s] -- Install configuration: ""
[2.803s] -- Installing: /home/lhc/fishros-/p2/src/install/demo_cpp_pkg/lib/demo_cpp_pkg/p2
[2.804s] -- Set runtime path of "/home/lhc/fishros-/p2/src/install/demo_cpp_pkg/lib/demo_cpp_pkg/p2" to ""
[2.804s] -- Installing: /home/lhc/fishros-/p2/src/install/demo_cpp_pkg/share/ament_index/resource_index/package_run_dependencies/demo_cpp_pkg
[2.804s] -- Installing: /home/lhc/fishros-/p2/src/install/demo_cpp_pkg/share/ament_index/resource_index/parent_prefix_path/demo_cpp_pkg
[2.804s] -- Installing: /home/lhc/fishros-/p2/src/install/demo_cpp_pkg/share/demo_cpp_pkg/environment/ament_prefix_path.sh
[2.804s] -- Installing: /home/lhc/fishros-/p2/src/install/demo_cpp_pkg/share/demo_cpp_pkg/environment/ament_prefix_path.dsv
[2.804s] -- Installing: /home/lhc/fishros-/p2/src/install/demo_cpp_pkg/share/demo_cpp_pkg/environment/path.sh
[2.804s] -- Installing: /home/lhc/fishros-/p2/src/install/demo_cpp_pkg/share/demo_cpp_pkg/environment/path.dsv
[2.804s] -- Installing: /home/lhc/fishros-/p2/src/install/demo_cpp_pkg/share/demo_cpp_pkg/local_setup.bash
[2.804s] -- Installing: /home/lhc/fishros-/p2/src/install/demo_cpp_pkg/share/demo_cpp_pkg/local_setup.sh
[2.804s] -- Installing: /home/lhc/fishros-/p2/src/install/demo_cpp_pkg/share/demo_cpp_pkg/local_setup.zsh
[2.804s] -- Installing: /home/lhc/fishros-/p2/src/install/demo_cpp_pkg/share/demo_cpp_pkg/local_setup.dsv
[2.805s] -- Installing: /home/lhc/fishros-/p2/src/install/demo_cpp_pkg/share/demo_cpp_pkg/package.dsv
[2.805s] -- Installing: /home/lhc/fishros-/p2/src/install/demo_cpp_pkg/share/ament_index/resource_index/packages/demo_cpp_pkg
[2.805s] -- Installing: /home/lhc/fishros-/p2/src/install/demo_cpp_pkg/share/demo_cpp_pkg/cmake/demo_cpp_pkgConfig.cmake
[2.805s] -- Installing: /home/lhc/fishros-/p2/src/install/demo_cpp_pkg/share/demo_cpp_pkg/cmake/demo_cpp_pkgConfig-version.cmake
[2.805s] -- Installing: /home/lhc/fishros-/p2/src/install/demo_cpp_pkg/share/demo_cpp_pkg/package.xml
[2.806s] Invoked command in '/home/lhc/fishros-/p2/src/build/demo_cpp_pkg' returned '0': /usr/bin/cmake --install /home/lhc/fishros-/p2/src/build/demo_cpp_pkg
