[0.276s] DEBUG:colcon:Command line arguments: ['/usr/bin/colcon', 'build']
[0.276s] DEBUG:colcon:Parsed command line arguments: Namespace(allow_overriding=[], ament_cmake_args=None, base_paths=['.'], build_base='build', catkin_cmake_args=None, catkin_skip_building_tests=False, cmake_args=None, cmake_clean_cache=False, cmake_clean_first=False, cmake_force_configure=False, cmake_target=None, cmake_target_skip_unavailable=False, continue_on_error=False, event_handlers=None, executor='parallel', ignore_user_meta=False, install_base='install', log_base=None, log_level=None, main=<bound method BuildVerb.main of <colcon_core.verb.build.BuildVerb object at 0x7f05252f9610>>, merge_install=False, metas=['./colcon.meta'], packages_above=None, packages_above_and_dependencies=None, packages_above_depth=None, packages_end=None, packages_ignore=None, packages_ignore_regex=None, packages_select=None, packages_select_build_failed=False, packages_select_by_dep=None, packages_select_regex=None, packages_select_test_failures=False, packages_skip=None, packages_skip_build_finished=False, packages_skip_by_dep=None, packages_skip_regex=None, packages_skip_test_passed=False, packages_skip_up_to=None, packages_start=None, packages_up_to=None, packages_up_to_regex=None, parallel_workers=12, paths=None, symlink_install=False, test_result_base=None, verb_extension=<colcon_core.verb.build.BuildVerb object at 0x7f05252f9610>, verb_name='build', verb_parser=<colcon_defaults.argument_parser.defaults.DefaultArgumentsDecorator object at 0x7f0525217af0>)
[0.408s] Level 1:colcon.colcon_core.package_discovery:discover_packages(colcon_meta) check parameters
[0.408s] Level 1:colcon.colcon_core.package_discovery:discover_packages(recursive) check parameters
[0.408s] Level 1:colcon.colcon_core.package_discovery:discover_packages(ignore) check parameters
[0.408s] Level 1:colcon.colcon_core.package_discovery:discover_packages(path) check parameters
[0.408s] Level 1:colcon.colcon_core.package_discovery:discover_packages(colcon_meta) discover
[0.408s] Level 1:colcon.colcon_core.package_discovery:discover_packages(recursive) discover
[0.408s] INFO:colcon.colcon_core.package_discovery:Crawling recursively for packages in '/home/lhc/fishros-/p4/p4_ws'
[0.408s] Level 1:colcon.colcon_core.package_identification:_identify(.) by extensions ['ignore', 'ignore_ament_install']
[0.408s] Level 1:colcon.colcon_core.package_identification:_identify(.) by extension 'ignore'
[0.408s] Level 1:colcon.colcon_core.package_identification:_identify(.) by extension 'ignore_ament_install'
[0.408s] Level 1:colcon.colcon_core.package_identification:_identify(.) by extensions ['colcon_pkg']
[0.408s] Level 1:colcon.colcon_core.package_identification:_identify(.) by extension 'colcon_pkg'
[0.408s] Level 1:colcon.colcon_core.package_identification:_identify(.) by extensions ['colcon_meta']
[0.408s] Level 1:colcon.colcon_core.package_identification:_identify(.) by extension 'colcon_meta'
[0.408s] Level 1:colcon.colcon_core.package_identification:_identify(.) by extensions ['ros']
[0.408s] Level 1:colcon.colcon_core.package_identification:_identify(.) by extension 'ros'
[0.417s] Level 1:colcon.colcon_core.package_identification:_identify(.) by extensions ['cmake', 'python']
[0.417s] Level 1:colcon.colcon_core.package_identification:_identify(.) by extension 'cmake'
[0.417s] Level 1:colcon.colcon_core.package_identification:_identify(.) by extension 'python'
[0.417s] Level 1:colcon.colcon_core.package_identification:_identify(.) by extensions ['python_setup_py']
[0.417s] Level 1:colcon.colcon_core.package_identification:_identify(.) by extension 'python_setup_py'
[0.417s] Level 1:colcon.colcon_core.package_identification:_identify(build) by extensions ['ignore', 'ignore_ament_install']
[0.417s] Level 1:colcon.colcon_core.package_identification:_identify(build) by extension 'ignore'
[0.418s] Level 1:colcon.colcon_core.package_identification:_identify(build) ignored
[0.418s] Level 1:colcon.colcon_core.package_identification:_identify(install) by extensions ['ignore', 'ignore_ament_install']
[0.418s] Level 1:colcon.colcon_core.package_identification:_identify(install) by extension 'ignore'
[0.418s] Level 1:colcon.colcon_core.package_identification:_identify(install) ignored
[0.418s] Level 1:colcon.colcon_core.package_identification:_identify(log) by extensions ['ignore', 'ignore_ament_install']
[0.418s] Level 1:colcon.colcon_core.package_identification:_identify(log) by extension 'ignore'
[0.418s] Level 1:colcon.colcon_core.package_identification:_identify(log) ignored
[0.418s] Level 1:colcon.colcon_core.package_identification:_identify(src) by extensions ['ignore', 'ignore_ament_install']
[0.418s] Level 1:colcon.colcon_core.package_identification:_identify(src) by extension 'ignore'
[0.418s] Level 1:colcon.colcon_core.package_identification:_identify(src) by extension 'ignore_ament_install'
[0.418s] Level 1:colcon.colcon_core.package_identification:_identify(src) by extensions ['colcon_pkg']
[0.418s] Level 1:colcon.colcon_core.package_identification:_identify(src) by extension 'colcon_pkg'
[0.418s] Level 1:colcon.colcon_core.package_identification:_identify(src) by extensions ['colcon_meta']
[0.418s] Level 1:colcon.colcon_core.package_identification:_identify(src) by extension 'colcon_meta'
[0.418s] Level 1:colcon.colcon_core.package_identification:_identify(src) by extensions ['ros']
[0.418s] Level 1:colcon.colcon_core.package_identification:_identify(src) by extension 'ros'
[0.418s] Level 1:colcon.colcon_core.package_identification:_identify(src) by extensions ['cmake', 'python']
[0.418s] Level 1:colcon.colcon_core.package_identification:_identify(src) by extension 'cmake'
[0.418s] Level 1:colcon.colcon_core.package_identification:_identify(src) by extension 'python'
[0.418s] Level 1:colcon.colcon_core.package_identification:_identify(src) by extensions ['python_setup_py']
[0.418s] Level 1:colcon.colcon_core.package_identification:_identify(src) by extension 'python_setup_py'
[0.419s] Level 1:colcon.colcon_core.package_identification:_identify(src/demo_python_service) by extensions ['ignore', 'ignore_ament_install']
[0.419s] Level 1:colcon.colcon_core.package_identification:_identify(src/demo_python_service) by extension 'ignore'
[0.419s] Level 1:colcon.colcon_core.package_identification:_identify(src/demo_python_service) by extension 'ignore_ament_install'
[0.419s] Level 1:colcon.colcon_core.package_identification:_identify(src/demo_python_service) by extensions ['colcon_pkg']
[0.419s] Level 1:colcon.colcon_core.package_identification:_identify(src/demo_python_service) by extension 'colcon_pkg'
[0.419s] Level 1:colcon.colcon_core.package_identification:_identify(src/demo_python_service) by extensions ['colcon_meta']
[0.419s] Level 1:colcon.colcon_core.package_identification:_identify(src/demo_python_service) by extension 'colcon_meta'
[0.419s] Level 1:colcon.colcon_core.package_identification:_identify(src/demo_python_service) by extensions ['ros']
[0.419s] Level 1:colcon.colcon_core.package_identification:_identify(src/demo_python_service) by extension 'ros'
[0.421s] DEBUG:colcon.colcon_core.package_identification:Package 'src/demo_python_service' with type 'ros.ament_python' and name 'demo_python_service'
[0.421s] Level 1:colcon.colcon_core.package_identification:_identify(src/p4_interfaces_python) by extensions ['ignore', 'ignore_ament_install']
[0.422s] Level 1:colcon.colcon_core.package_identification:_identify(src/p4_interfaces_python) by extension 'ignore'
[0.422s] Level 1:colcon.colcon_core.package_identification:_identify(src/p4_interfaces_python) by extension 'ignore_ament_install'
[0.422s] Level 1:colcon.colcon_core.package_identification:_identify(src/p4_interfaces_python) by extensions ['colcon_pkg']
[0.422s] Level 1:colcon.colcon_core.package_identification:_identify(src/p4_interfaces_python) by extension 'colcon_pkg'
[0.422s] Level 1:colcon.colcon_core.package_identification:_identify(src/p4_interfaces_python) by extensions ['colcon_meta']
[0.422s] Level 1:colcon.colcon_core.package_identification:_identify(src/p4_interfaces_python) by extension 'colcon_meta'
[0.422s] Level 1:colcon.colcon_core.package_identification:_identify(src/p4_interfaces_python) by extensions ['ros']
[0.422s] Level 1:colcon.colcon_core.package_identification:_identify(src/p4_interfaces_python) by extension 'ros'
[0.422s] DEBUG:colcon.colcon_core.package_identification:Package 'src/p4_interfaces_python' with type 'ros.ament_cmake' and name 'p4_interfaces_python'
[0.423s] Level 1:colcon.colcon_core.package_discovery:discover_packages(recursive) using defaults
[0.423s] Level 1:colcon.colcon_core.package_discovery:discover_packages(ignore) discover
[0.423s] Level 1:colcon.colcon_core.package_discovery:discover_packages(ignore) using defaults
[0.423s] Level 1:colcon.colcon_core.package_discovery:discover_packages(path) discover
[0.423s] Level 1:colcon.colcon_core.package_discovery:discover_packages(path) using defaults
[0.437s] Level 1:colcon.colcon_core.package_discovery:discover_packages(prefix_path) check parameters
[0.437s] Level 1:colcon.colcon_core.package_discovery:discover_packages(prefix_path) discover
[0.440s] DEBUG:colcon.colcon_installed_package_information.package_discovery:Found 263 installed packages in /opt/ros/foxy
[0.441s] Level 1:colcon.colcon_core.package_discovery:discover_packages(prefix_path) using defaults
[0.503s] Level 5:colcon.colcon_core.verb:set package 'p4_interfaces_python' build argument 'cmake_args' from command line to 'None'
[0.503s] Level 5:colcon.colcon_core.verb:set package 'p4_interfaces_python' build argument 'cmake_target' from command line to 'None'
[0.503s] Level 5:colcon.colcon_core.verb:set package 'p4_interfaces_python' build argument 'cmake_target_skip_unavailable' from command line to 'False'
[0.503s] Level 5:colcon.colcon_core.verb:set package 'p4_interfaces_python' build argument 'cmake_clean_cache' from command line to 'False'
[0.503s] Level 5:colcon.colcon_core.verb:set package 'p4_interfaces_python' build argument 'cmake_clean_first' from command line to 'False'
[0.503s] Level 5:colcon.colcon_core.verb:set package 'p4_interfaces_python' build argument 'cmake_force_configure' from command line to 'False'
[0.503s] Level 5:colcon.colcon_core.verb:set package 'p4_interfaces_python' build argument 'ament_cmake_args' from command line to 'None'
[0.503s] Level 5:colcon.colcon_core.verb:set package 'p4_interfaces_python' build argument 'catkin_cmake_args' from command line to 'None'
[0.503s] Level 5:colcon.colcon_core.verb:set package 'p4_interfaces_python' build argument 'catkin_skip_building_tests' from command line to 'False'
[0.503s] DEBUG:colcon.colcon_core.verb:Building package 'p4_interfaces_python' with the following arguments: {'ament_cmake_args': None, 'build_base': '/home/lhc/fishros-/p4/p4_ws/build/p4_interfaces_python', 'catkin_cmake_args': None, 'catkin_skip_building_tests': False, 'cmake_args': None, 'cmake_clean_cache': False, 'cmake_clean_first': False, 'cmake_force_configure': False, 'cmake_target': None, 'cmake_target_skip_unavailable': False, 'install_base': '/home/lhc/fishros-/p4/p4_ws/install/p4_interfaces_python', 'merge_install': False, 'path': '/home/lhc/fishros-/p4/p4_ws/src/p4_interfaces_python', 'symlink_install': False, 'test_result_base': None}
[0.504s] Level 5:colcon.colcon_core.verb:set package 'demo_python_service' build argument 'cmake_args' from command line to 'None'
[0.504s] Level 5:colcon.colcon_core.verb:set package 'demo_python_service' build argument 'cmake_target' from command line to 'None'
[0.504s] Level 5:colcon.colcon_core.verb:set package 'demo_python_service' build argument 'cmake_target_skip_unavailable' from command line to 'False'
[0.504s] Level 5:colcon.colcon_core.verb:set package 'demo_python_service' build argument 'cmake_clean_cache' from command line to 'False'
[0.504s] Level 5:colcon.colcon_core.verb:set package 'demo_python_service' build argument 'cmake_clean_first' from command line to 'False'
[0.504s] Level 5:colcon.colcon_core.verb:set package 'demo_python_service' build argument 'cmake_force_configure' from command line to 'False'
[0.504s] Level 5:colcon.colcon_core.verb:set package 'demo_python_service' build argument 'ament_cmake_args' from command line to 'None'
[0.504s] Level 5:colcon.colcon_core.verb:set package 'demo_python_service' build argument 'catkin_cmake_args' from command line to 'None'
[0.504s] Level 5:colcon.colcon_core.verb:set package 'demo_python_service' build argument 'catkin_skip_building_tests' from command line to 'False'
[0.504s] DEBUG:colcon.colcon_core.verb:Building package 'demo_python_service' with the following arguments: {'ament_cmake_args': None, 'build_base': '/home/lhc/fishros-/p4/p4_ws/build/demo_python_service', 'catkin_cmake_args': None, 'catkin_skip_building_tests': False, 'cmake_args': None, 'cmake_clean_cache': False, 'cmake_clean_first': False, 'cmake_force_configure': False, 'cmake_target': None, 'cmake_target_skip_unavailable': False, 'install_base': '/home/lhc/fishros-/p4/p4_ws/install/demo_python_service', 'merge_install': False, 'path': '/home/lhc/fishros-/p4/p4_ws/src/demo_python_service', 'symlink_install': False, 'test_result_base': None}
[0.504s] INFO:colcon.colcon_core.executor:Executing jobs using 'parallel' executor
[0.505s] DEBUG:colcon.colcon_parallel_executor.executor.parallel:run_until_complete
[0.505s] INFO:colcon.colcon_ros.task.ament_cmake.build:Building ROS package in '/home/lhc/fishros-/p4/p4_ws/src/p4_interfaces_python' with build type 'ament_cmake'
[0.505s] INFO:colcon.colcon_cmake.task.cmake.build:Building CMake package in '/home/lhc/fishros-/p4/p4_ws/src/p4_interfaces_python'
[0.508s] INFO:colcon.colcon_core.plugin_system:Skipping extension 'colcon_core.shell.bat': Not used on non-Windows systems
[0.509s] INFO:colcon.colcon_core.shell:Skip shell extension 'powershell' for command environment: Not usable outside of PowerShell
[0.509s] DEBUG:colcon.colcon_core.shell:Skip shell extension 'dsv' for command environment
[0.521s] DEBUG:colcon.colcon_core.event_handler.log_command:Invoking command in '/home/lhc/fishros-/p4/p4_ws/build/p4_interfaces_python': CMAKE_PREFIX_PATH=/opt/ros/foxy /usr/bin/cmake --build /home/lhc/fishros-/p4/p4_ws/build/p4_interfaces_python -- -j12 -l12
[2.081s] DEBUG:colcon.colcon_core.event_handler.log_command:Invoked command in '/home/lhc/fishros-/p4/p4_ws/build/p4_interfaces_python' returned '0': CMAKE_PREFIX_PATH=/opt/ros/foxy /usr/bin/cmake --build /home/lhc/fishros-/p4/p4_ws/build/p4_interfaces_python -- -j12 -l12
[2.097s] DEBUG:colcon.colcon_core.event_handler.log_command:Invoking command in '/home/lhc/fishros-/p4/p4_ws/build/p4_interfaces_python': CMAKE_PREFIX_PATH=/opt/ros/foxy /usr/bin/cmake --install /home/lhc/fishros-/p4/p4_ws/build/p4_interfaces_python
[2.158s] Level 1:colcon.colcon_core.environment:create_environment_scripts_only(p4_interfaces_python)
[2.159s] DEBUG:colcon.colcon_core.event_handler.log_command:Invoked command in '/home/lhc/fishros-/p4/p4_ws/build/p4_interfaces_python' returned '0': CMAKE_PREFIX_PATH=/opt/ros/foxy /usr/bin/cmake --install /home/lhc/fishros-/p4/p4_ws/build/p4_interfaces_python
[2.163s] Level 1:colcon.colcon_core.environment:checking '/home/lhc/fishros-/p4/p4_ws/install/p4_interfaces_python' for CMake module files
[2.164s] Level 1:colcon.colcon_core.environment:checking '/home/lhc/fishros-/p4/p4_ws/install/p4_interfaces_python' for CMake config files
[2.164s] Level 1:colcon.colcon_core.shell:create_environment_hook('p4_interfaces_python', 'cmake_prefix_path')
[2.165s] INFO:colcon.colcon_core.shell:Creating environment hook '/home/lhc/fishros-/p4/p4_ws/install/p4_interfaces_python/share/p4_interfaces_python/hook/cmake_prefix_path.ps1'
[2.166s] INFO:colcon.colcon_core.shell:Creating environment descriptor '/home/lhc/fishros-/p4/p4_ws/install/p4_interfaces_python/share/p4_interfaces_python/hook/cmake_prefix_path.dsv'
[2.166s] INFO:colcon.colcon_core.shell:Creating environment hook '/home/lhc/fishros-/p4/p4_ws/install/p4_interfaces_python/share/p4_interfaces_python/hook/cmake_prefix_path.sh'
[2.167s] Level 1:colcon.colcon_core.environment:checking '/home/lhc/fishros-/p4/p4_ws/install/p4_interfaces_python/lib'
[2.167s] Level 1:colcon.colcon_core.shell:create_environment_hook('p4_interfaces_python', 'ld_library_path_lib')
[2.167s] INFO:colcon.colcon_core.shell:Creating environment hook '/home/lhc/fishros-/p4/p4_ws/install/p4_interfaces_python/share/p4_interfaces_python/hook/ld_library_path_lib.ps1'
[2.168s] INFO:colcon.colcon_core.shell:Creating environment descriptor '/home/lhc/fishros-/p4/p4_ws/install/p4_interfaces_python/share/p4_interfaces_python/hook/ld_library_path_lib.dsv'
[2.168s] INFO:colcon.colcon_core.shell:Creating environment hook '/home/lhc/fishros-/p4/p4_ws/install/p4_interfaces_python/share/p4_interfaces_python/hook/ld_library_path_lib.sh'
[2.168s] Level 1:colcon.colcon_core.environment:checking '/home/lhc/fishros-/p4/p4_ws/install/p4_interfaces_python/bin'
[2.168s] Level 1:colcon.colcon_core.environment:checking '/home/lhc/fishros-/p4/p4_ws/install/p4_interfaces_python/lib/pkgconfig/p4_interfaces_python.pc'
[2.168s] Level 1:colcon.colcon_core.environment:checking '/home/lhc/fishros-/p4/p4_ws/install/p4_interfaces_python/lib/python3.8/site-packages'
[2.168s] Level 1:colcon.colcon_core.shell:create_environment_hook('p4_interfaces_python', 'pythonpath')
[2.169s] INFO:colcon.colcon_core.shell:Creating environment hook '/home/lhc/fishros-/p4/p4_ws/install/p4_interfaces_python/share/p4_interfaces_python/hook/pythonpath.ps1'
[2.169s] INFO:colcon.colcon_core.shell:Creating environment descriptor '/home/lhc/fishros-/p4/p4_ws/install/p4_interfaces_python/share/p4_interfaces_python/hook/pythonpath.dsv'
[2.169s] INFO:colcon.colcon_core.shell:Creating environment hook '/home/lhc/fishros-/p4/p4_ws/install/p4_interfaces_python/share/p4_interfaces_python/hook/pythonpath.sh'
[2.170s] Level 1:colcon.colcon_core.environment:checking '/home/lhc/fishros-/p4/p4_ws/install/p4_interfaces_python/bin'
[2.170s] INFO:colcon.colcon_core.shell:Creating package script '/home/lhc/fishros-/p4/p4_ws/install/p4_interfaces_python/share/p4_interfaces_python/package.ps1'
[2.171s] INFO:colcon.colcon_core.shell:Creating package descriptor '/home/lhc/fishros-/p4/p4_ws/install/p4_interfaces_python/share/p4_interfaces_python/package.dsv'
[2.172s] INFO:colcon.colcon_core.shell:Creating package script '/home/lhc/fishros-/p4/p4_ws/install/p4_interfaces_python/share/p4_interfaces_python/package.sh'
[2.172s] INFO:colcon.colcon_core.shell:Creating package script '/home/lhc/fishros-/p4/p4_ws/install/p4_interfaces_python/share/p4_interfaces_python/package.bash'
[2.173s] INFO:colcon.colcon_core.shell:Creating package script '/home/lhc/fishros-/p4/p4_ws/install/p4_interfaces_python/share/p4_interfaces_python/package.zsh'
[2.174s] Level 1:colcon.colcon_core.environment:create_file_with_runtime_dependencies(/home/lhc/fishros-/p4/p4_ws/install/p4_interfaces_python/share/colcon-core/packages/p4_interfaces_python)
[2.174s] Level 1:colcon.colcon_core.environment:create_environment_scripts_only(p4_interfaces_python)
[2.174s] Level 1:colcon.colcon_core.environment:checking '/home/lhc/fishros-/p4/p4_ws/install/p4_interfaces_python' for CMake module files
[2.175s] Level 1:colcon.colcon_core.environment:checking '/home/lhc/fishros-/p4/p4_ws/install/p4_interfaces_python' for CMake config files
[2.175s] Level 1:colcon.colcon_core.shell:create_environment_hook('p4_interfaces_python', 'cmake_prefix_path')
[2.175s] INFO:colcon.colcon_core.shell:Creating environment hook '/home/lhc/fishros-/p4/p4_ws/install/p4_interfaces_python/share/p4_interfaces_python/hook/cmake_prefix_path.ps1'
[2.176s] INFO:colcon.colcon_core.shell:Creating environment descriptor '/home/lhc/fishros-/p4/p4_ws/install/p4_interfaces_python/share/p4_interfaces_python/hook/cmake_prefix_path.dsv'
[2.176s] INFO:colcon.colcon_core.shell:Creating environment hook '/home/lhc/fishros-/p4/p4_ws/install/p4_interfaces_python/share/p4_interfaces_python/hook/cmake_prefix_path.sh'
[2.177s] Level 1:colcon.colcon_core.environment:checking '/home/lhc/fishros-/p4/p4_ws/install/p4_interfaces_python/lib'
[2.177s] Level 1:colcon.colcon_core.shell:create_environment_hook('p4_interfaces_python', 'ld_library_path_lib')
[2.177s] INFO:colcon.colcon_core.shell:Creating environment hook '/home/lhc/fishros-/p4/p4_ws/install/p4_interfaces_python/share/p4_interfaces_python/hook/ld_library_path_lib.ps1'
[2.177s] INFO:colcon.colcon_core.shell:Creating environment descriptor '/home/lhc/fishros-/p4/p4_ws/install/p4_interfaces_python/share/p4_interfaces_python/hook/ld_library_path_lib.dsv'
[2.178s] INFO:colcon.colcon_core.shell:Creating environment hook '/home/lhc/fishros-/p4/p4_ws/install/p4_interfaces_python/share/p4_interfaces_python/hook/ld_library_path_lib.sh'
[2.178s] Level 1:colcon.colcon_core.environment:checking '/home/lhc/fishros-/p4/p4_ws/install/p4_interfaces_python/bin'
[2.178s] Level 1:colcon.colcon_core.environment:checking '/home/lhc/fishros-/p4/p4_ws/install/p4_interfaces_python/lib/pkgconfig/p4_interfaces_python.pc'
[2.178s] Level 1:colcon.colcon_core.environment:checking '/home/lhc/fishros-/p4/p4_ws/install/p4_interfaces_python/lib/python3.8/site-packages'
[2.178s] Level 1:colcon.colcon_core.shell:create_environment_hook('p4_interfaces_python', 'pythonpath')
[2.178s] INFO:colcon.colcon_core.shell:Creating environment hook '/home/lhc/fishros-/p4/p4_ws/install/p4_interfaces_python/share/p4_interfaces_python/hook/pythonpath.ps1'
[2.179s] INFO:colcon.colcon_core.shell:Creating environment descriptor '/home/lhc/fishros-/p4/p4_ws/install/p4_interfaces_python/share/p4_interfaces_python/hook/pythonpath.dsv'
[2.179s] INFO:colcon.colcon_core.shell:Creating environment hook '/home/lhc/fishros-/p4/p4_ws/install/p4_interfaces_python/share/p4_interfaces_python/hook/pythonpath.sh'
[2.179s] Level 1:colcon.colcon_core.environment:checking '/home/lhc/fishros-/p4/p4_ws/install/p4_interfaces_python/bin'
[2.180s] INFO:colcon.colcon_core.shell:Creating package script '/home/lhc/fishros-/p4/p4_ws/install/p4_interfaces_python/share/p4_interfaces_python/package.ps1'
[2.180s] INFO:colcon.colcon_core.shell:Creating package descriptor '/home/lhc/fishros-/p4/p4_ws/install/p4_interfaces_python/share/p4_interfaces_python/package.dsv'
[2.181s] INFO:colcon.colcon_core.shell:Creating package script '/home/lhc/fishros-/p4/p4_ws/install/p4_interfaces_python/share/p4_interfaces_python/package.sh'
[2.181s] INFO:colcon.colcon_core.shell:Creating package script '/home/lhc/fishros-/p4/p4_ws/install/p4_interfaces_python/share/p4_interfaces_python/package.bash'
[2.181s] INFO:colcon.colcon_core.shell:Creating package script '/home/lhc/fishros-/p4/p4_ws/install/p4_interfaces_python/share/p4_interfaces_python/package.zsh'
[2.182s] Level 1:colcon.colcon_core.environment:create_file_with_runtime_dependencies(/home/lhc/fishros-/p4/p4_ws/install/p4_interfaces_python/share/colcon-core/packages/p4_interfaces_python)
[2.182s] INFO:colcon.colcon_ros.task.ament_python.build:Building ROS package in '/home/lhc/fishros-/p4/p4_ws/src/demo_python_service' with build type 'ament_python'
[2.182s] Level 1:colcon.colcon_core.shell:create_environment_hook('demo_python_service', 'ament_prefix_path')
[2.182s] INFO:colcon.colcon_core.shell:Creating environment hook '/home/lhc/fishros-/p4/p4_ws/install/demo_python_service/share/demo_python_service/hook/ament_prefix_path.ps1'
[2.183s] INFO:colcon.colcon_core.shell:Creating environment descriptor '/home/lhc/fishros-/p4/p4_ws/install/demo_python_service/share/demo_python_service/hook/ament_prefix_path.dsv'
[2.183s] INFO:colcon.colcon_core.shell:Creating environment hook '/home/lhc/fishros-/p4/p4_ws/install/demo_python_service/share/demo_python_service/hook/ament_prefix_path.sh'
[2.184s] INFO:colcon.colcon_core.shell:Skip shell extension 'powershell' for command environment: Not usable outside of PowerShell
[2.184s] DEBUG:colcon.colcon_core.shell:Skip shell extension 'dsv' for command environment
[2.371s] INFO:colcon.colcon_core.task.python.build:Building Python package in '/home/lhc/fishros-/p4/p4_ws/src/demo_python_service'
[2.372s] INFO:colcon.colcon_core.shell:Skip shell extension 'powershell' for command environment: Not usable outside of PowerShell
[2.372s] DEBUG:colcon.colcon_core.shell:Skip shell extension 'dsv' for command environment
[2.720s] DEBUG:colcon.colcon_core.event_handler.log_command:Invoking command in '/home/lhc/fishros-/p4/p4_ws/src/demo_python_service': AMENT_PREFIX_PATH=/home/lhc/fishros-/p4/p4_ws/install/p4_interfaces_python:${AMENT_PREFIX_PATH} CMAKE_PREFIX_PATH=/home/lhc/fishros-/p4/p4_ws/install/p4_interfaces_python LD_LIBRARY_PATH=/home/lhc/fishros-/p4/p4_ws/install/p4_interfaces_python/lib:${LD_LIBRARY_PATH} PYTHONPATH=/home/lhc/fishros-/p4/p4_ws/build/demo_python_service/prefix_override:/usr/lib/python3/dist-packages/colcon_core/task/python/colcon_distutils_commands:/home/lhc/fishros-/p4/p4_ws/install/demo_python_service/lib/python3.8/site-packages:/home/lhc/fishros-/p4/p4_ws/install/p4_interfaces_python/lib/python3.8/site-packages:${PYTHONPATH} /usr/bin/python3 -W ignore:setup.py install is deprecated -W ignore:easy_install command is deprecated setup.py egg_info --egg-base ../../build/demo_python_service build --build-base /home/lhc/fishros-/p4/p4_ws/build/demo_python_service/build install --record /home/lhc/fishros-/p4/p4_ws/build/demo_python_service/install.log --install-scripts $base/lib/demo_python_service --single-version-externally-managed install_data
[2.956s] Level 1:colcon.colcon_core.environment:checking '/home/lhc/fishros-/p4/p4_ws/install/demo_python_service' for CMake module files
[2.956s] DEBUG:colcon.colcon_core.event_handler.log_command:Invoked command in '/home/lhc/fishros-/p4/p4_ws/src/demo_python_service' returned '0': AMENT_PREFIX_PATH=/home/lhc/fishros-/p4/p4_ws/install/p4_interfaces_python:${AMENT_PREFIX_PATH} CMAKE_PREFIX_PATH=/home/lhc/fishros-/p4/p4_ws/install/p4_interfaces_python LD_LIBRARY_PATH=/home/lhc/fishros-/p4/p4_ws/install/p4_interfaces_python/lib:${LD_LIBRARY_PATH} PYTHONPATH=/home/lhc/fishros-/p4/p4_ws/build/demo_python_service/prefix_override:/usr/lib/python3/dist-packages/colcon_core/task/python/colcon_distutils_commands:/home/lhc/fishros-/p4/p4_ws/install/demo_python_service/lib/python3.8/site-packages:/home/lhc/fishros-/p4/p4_ws/install/p4_interfaces_python/lib/python3.8/site-packages:${PYTHONPATH} /usr/bin/python3 -W ignore:setup.py install is deprecated -W ignore:easy_install command is deprecated setup.py egg_info --egg-base ../../build/demo_python_service build --build-base /home/lhc/fishros-/p4/p4_ws/build/demo_python_service/build install --record /home/lhc/fishros-/p4/p4_ws/build/demo_python_service/install.log --install-scripts $base/lib/demo_python_service --single-version-externally-managed install_data
[2.957s] Level 1:colcon.colcon_core.environment:checking '/home/lhc/fishros-/p4/p4_ws/install/demo_python_service' for CMake config files
[2.957s] Level 1:colcon.colcon_core.environment:checking '/home/lhc/fishros-/p4/p4_ws/install/demo_python_service/lib'
[2.957s] Level 1:colcon.colcon_core.environment:checking '/home/lhc/fishros-/p4/p4_ws/install/demo_python_service/bin'
[2.957s] Level 1:colcon.colcon_core.environment:checking '/home/lhc/fishros-/p4/p4_ws/install/demo_python_service/lib/pkgconfig/demo_python_service.pc'
[2.958s] Level 1:colcon.colcon_core.environment:checking '/home/lhc/fishros-/p4/p4_ws/install/demo_python_service/lib/python3.8/site-packages'
[2.958s] Level 1:colcon.colcon_core.shell:create_environment_hook('demo_python_service', 'pythonpath')
[2.958s] INFO:colcon.colcon_core.shell:Creating environment hook '/home/lhc/fishros-/p4/p4_ws/install/demo_python_service/share/demo_python_service/hook/pythonpath.ps1'
[2.959s] INFO:colcon.colcon_core.shell:Creating environment descriptor '/home/lhc/fishros-/p4/p4_ws/install/demo_python_service/share/demo_python_service/hook/pythonpath.dsv'
[2.959s] INFO:colcon.colcon_core.shell:Creating environment hook '/home/lhc/fishros-/p4/p4_ws/install/demo_python_service/share/demo_python_service/hook/pythonpath.sh'
[2.960s] Level 1:colcon.colcon_core.environment:checking '/home/lhc/fishros-/p4/p4_ws/install/demo_python_service/bin'
[2.960s] Level 1:colcon.colcon_core.environment:create_environment_scripts_only(demo_python_service)
[2.960s] INFO:colcon.colcon_core.shell:Creating package script '/home/lhc/fishros-/p4/p4_ws/install/demo_python_service/share/demo_python_service/package.ps1'
[2.961s] INFO:colcon.colcon_core.shell:Creating package descriptor '/home/lhc/fishros-/p4/p4_ws/install/demo_python_service/share/demo_python_service/package.dsv'
[2.961s] INFO:colcon.colcon_core.shell:Creating package script '/home/lhc/fishros-/p4/p4_ws/install/demo_python_service/share/demo_python_service/package.sh'
[2.962s] INFO:colcon.colcon_core.shell:Creating package script '/home/lhc/fishros-/p4/p4_ws/install/demo_python_service/share/demo_python_service/package.bash'
[2.962s] INFO:colcon.colcon_core.shell:Creating package script '/home/lhc/fishros-/p4/p4_ws/install/demo_python_service/share/demo_python_service/package.zsh'
[2.962s] Level 1:colcon.colcon_core.environment:create_file_with_runtime_dependencies(/home/lhc/fishros-/p4/p4_ws/install/demo_python_service/share/colcon-core/packages/demo_python_service)
[2.963s] DEBUG:colcon.colcon_parallel_executor.executor.parallel:closing loop
[2.963s] DEBUG:colcon.colcon_parallel_executor.executor.parallel:loop closed
[2.964s] DEBUG:colcon.colcon_parallel_executor.executor.parallel:run_until_complete finished with '0'
[2.964s] DEBUG:colcon.colcon_core.event_reactor:joining thread
[2.970s] INFO:colcon.colcon_core.plugin_system:Skipping extension 'colcon_notification.desktop_notification.terminal_notifier': Not used on non-Darwin systems
[2.970s] INFO:colcon.colcon_core.plugin_system:Skipping extension 'colcon_notification.desktop_notification.win32': Not used on non-Windows systems
[2.970s] INFO:colcon.colcon_notification.desktop_notification:Sending desktop notification using 'notify2'
[2.989s] DEBUG:colcon.colcon_core.event_reactor:joined thread
[2.989s] INFO:colcon.colcon_core.shell:Creating prefix script '/home/lhc/fishros-/p4/p4_ws/install/local_setup.ps1'
[2.990s] INFO:colcon.colcon_core.shell:Creating prefix util module '/home/lhc/fishros-/p4/p4_ws/install/_local_setup_util_ps1.py'
[2.991s] INFO:colcon.colcon_core.shell:Creating prefix chain script '/home/lhc/fishros-/p4/p4_ws/install/setup.ps1'
[2.992s] INFO:colcon.colcon_core.shell:Creating prefix script '/home/lhc/fishros-/p4/p4_ws/install/local_setup.sh'
[2.992s] INFO:colcon.colcon_core.shell:Creating prefix util module '/home/lhc/fishros-/p4/p4_ws/install/_local_setup_util_sh.py'
[2.993s] INFO:colcon.colcon_core.shell:Creating prefix chain script '/home/lhc/fishros-/p4/p4_ws/install/setup.sh'
[2.993s] INFO:colcon.colcon_core.shell:Creating prefix script '/home/lhc/fishros-/p4/p4_ws/install/local_setup.bash'
[2.994s] INFO:colcon.colcon_core.shell:Creating prefix chain script '/home/lhc/fishros-/p4/p4_ws/install/setup.bash'
[2.995s] INFO:colcon.colcon_core.shell:Creating prefix script '/home/lhc/fishros-/p4/p4_ws/install/local_setup.zsh'
[2.995s] INFO:colcon.colcon_core.shell:Creating prefix chain script '/home/lhc/fishros-/p4/p4_ws/install/setup.zsh'
