[0.011s] Invoking command in '/home/lhc/fishros-/p3/topic_ws/src/build/demo_topic_cpp': CMAKE_PREFIX_PATH=${CMAKE_PREFIX_PATH}:/opt/ros/foxy /usr/bin/cmake --build /home/lhc/fishros-/p3/topic_ws/src/build/demo_topic_cpp -- -j12 -l12
[0.077s] [100%] Built target turtle_circle
[0.078s] [100%] Built target turtle_control
[0.090s] Invoked command in '/home/lhc/fishros-/p3/topic_ws/src/build/demo_topic_cpp' returned '0': CMAKE_PREFIX_PATH=${CMAKE_PREFIX_PATH}:/opt/ros/foxy /usr/bin/cmake --build /home/lhc/fishros-/p3/topic_ws/src/build/demo_topic_cpp -- -j12 -l12
[0.104s] Invoking command in '/home/lhc/fishros-/p3/topic_ws/src/build/demo_topic_cpp': CMAKE_PREFIX_PATH=${CMAKE_PREFIX_PATH}:/opt/ros/foxy /usr/bin/cmake --install /home/lhc/fishros-/p3/topic_ws/src/build/demo_topic_cpp
[0.113s] -- Install configuration: ""
[0.114s] -- Up-to-date: /home/lhc/fishros-/p3/topic_ws/src/install/demo_topic_cpp/lib/demo_topic_cpp/turtle_circle
[0.115s] -- Up-to-date: /home/lhc/fishros-/p3/topic_ws/src/install/demo_topic_cpp/lib/demo_topic_cpp/turtle_control
[0.115s] -- Up-to-date: /home/lhc/fishros-/p3/topic_ws/src/install/demo_topic_cpp/share/ament_index/resource_index/package_run_dependencies/demo_topic_cpp
[0.115s] -- Up-to-date: /home/lhc/fishros-/p3/topic_ws/src/install/demo_topic_cpp/share/ament_index/resource_index/parent_prefix_path/demo_topic_cpp
[0.115s] -- Up-to-date: /home/lhc/fishros-/p3/topic_ws/src/install/demo_topic_cpp/share/demo_topic_cpp/environment/ament_prefix_path.sh
[0.116s] -- Up-to-date: /home/lhc/fishros-/p3/topic_ws/src/install/demo_topic_cpp/share/demo_topic_cpp/environment/ament_prefix_path.dsv
[0.116s] -- Up-to-date: /home/lhc/fishros-/p3/topic_ws/src/install/demo_topic_cpp/share/demo_topic_cpp/environment/path.sh
[0.116s] -- Up-to-date: /home/lhc/fishros-/p3/topic_ws/src/install/demo_topic_cpp/share/demo_topic_cpp/environment/path.dsv
[0.116s] -- Up-to-date: /home/lhc/fishros-/p3/topic_ws/src/install/demo_topic_cpp/share/demo_topic_cpp/local_setup.bash
[0.117s] -- Up-to-date: /home/lhc/fishros-/p3/topic_ws/src/install/demo_topic_cpp/share/demo_topic_cpp/local_setup.sh
[0.117s] -- Up-to-date: /home/lhc/fishros-/p3/topic_ws/src/install/demo_topic_cpp/share/demo_topic_cpp/local_setup.zsh
[0.117s] -- Up-to-date: /home/lhc/fishros-/p3/topic_ws/src/install/demo_topic_cpp/share/demo_topic_cpp/local_setup.dsv
[0.117s] -- Installing: /home/lhc/fishros-/p3/topic_ws/src/install/demo_topic_cpp/share/demo_topic_cpp/package.dsv
[0.117s] -- Up-to-date: /home/lhc/fishros-/p3/topic_ws/src/install/demo_topic_cpp/share/ament_index/resource_index/packages/demo_topic_cpp
[0.118s] -- Up-to-date: /home/lhc/fishros-/p3/topic_ws/src/install/demo_topic_cpp/share/demo_topic_cpp/cmake/demo_topic_cppConfig.cmake
[0.118s] -- Up-to-date: /home/lhc/fishros-/p3/topic_ws/src/install/demo_topic_cpp/share/demo_topic_cpp/cmake/demo_topic_cppConfig-version.cmake
[0.118s] -- Up-to-date: /home/lhc/fishros-/p3/topic_ws/src/install/demo_topic_cpp/share/demo_topic_cpp/package.xml
[0.121s] Invoked command in '/home/lhc/fishros-/p3/topic_ws/src/build/demo_topic_cpp' returned '0': CMAKE_PREFIX_PATH=${CMAKE_PREFIX_PATH}:/opt/ros/foxy /usr/bin/cmake --install /home/lhc/fishros-/p3/topic_ws/src/build/demo_topic_cpp
