[0.009s] Invoking command in '/home/lhc/fishros-/p3/topic_ws/src/build/demo_topic_cpp': CMAKE_PREFIX_PATH=${CMAKE_PREFIX_PATH}:/opt/ros/foxy /usr/bin/cmake /home/lhc/fishros-/p3/topic_ws/src/demo_topic_cpp -DCMAKE_INSTALL_PREFIX=/home/lhc/fishros-/p3/topic_ws/src/install/demo_topic_cpp
[0.063s] -- The C compiler identification is GNU 9.4.0
[0.109s] -- The CXX compiler identification is GNU 9.4.0
[0.114s] -- Check for working C compiler: /usr/bin/cc
[0.167s] -- Check for working C compiler: /usr/bin/cc -- works
[0.168s] -- Detecting C compiler ABI info
[0.225s] -- Detecting C compiler ABI info - done
[0.234s] -- Detecting C compile features
[0.234s] -- Detecting C compile features - done
[0.235s] -- Check for working CXX compiler: /usr/bin/c++
[0.294s] -- Check for working CXX compiler: /usr/bin/c++ -- works
[0.295s] -- Detecting CXX compiler ABI info
[0.369s] -- Detecting CXX compiler ABI info - done
[0.382s] -- Detecting CXX compile features
[0.382s] -- Detecting CXX compile features - done
[0.383s] -- Found ament_cmake: 0.9.12 (/opt/ros/foxy/share/ament_cmake/cmake)
[0.401s] -- Found PythonInterp: /usr/bin/python3 (found suitable version "3.8.10", minimum required is "3") 
[0.401s] -- Using PYTHON_EXECUTABLE: /usr/bin/python3
[0.534s] -- Found rclcpp: 2.4.3 (/opt/ros/foxy/share/rclcpp/cmake)
[0.561s] -- Using all available rosidl_typesupport_c: rosidl_typesupport_fastrtps_c;rosidl_typesupport_introspection_c
[0.565s] -- Found rosidl_adapter: 1.3.1 (/opt/ros/foxy/share/rosidl_adapter/cmake)
[0.612s] -- Found OpenSSL: /usr/lib/x86_64-linux-gnu/libcrypto.so (found version "1.1.1f")  
[0.634s] -- Found FastRTPS: /opt/ros/foxy/include  
[0.684s] -- Using all available rosidl_typesupport_cpp: rosidl_typesupport_fastrtps_cpp;rosidl_typesupport_introspection_cpp
[0.720s] -- Found rmw_implementation_cmake: 1.0.4 (/opt/ros/foxy/share/rmw_implementation_cmake/cmake)
[0.721s] -- Using RMW implementation 'rmw_fastrtps_cpp' as default
[0.722s] -- Looking for pthread.h
[0.784s] -- Looking for pthread.h - found
[0.784s] -- Performing Test CMAKE_HAVE_LIBC_PTHREAD
[0.846s] -- Performing Test CMAKE_HAVE_LIBC_PTHREAD - Failed
[0.846s] -- Looking for pthread_create in pthreads
[0.891s] -- Looking for pthread_create in pthreads - not found
[0.891s] -- Looking for pthread_create in pthread
[0.950s] -- Looking for pthread_create in pthread - found
[0.951s] -- Found Threads: TRUE  
[1.064s] -- Found geometry_msgs: 2.0.5 (/opt/ros/foxy/share/geometry_msgs/cmake)
[1.087s] -- Found turtlesim: 1.2.6 (/opt/ros/foxy/share/turtlesim/cmake)
[1.159s] -- Found ament_lint_auto: 0.9.8 (/opt/ros/foxy/share/ament_lint_auto/cmake)
[1.210s] -- Added test 'cppcheck' to perform static code analysis on C / C++ code
[1.210s] -- Configured cppcheck include dirs: 
[1.210s] -- Configured cppcheck exclude dirs and/or files: 
[1.210s] -- Added test 'lint_cmake' to check CMake code style
[1.210s] -- Added test 'uncrustify' to check C / C++ code style
[1.210s] -- Configured uncrustify additional arguments: 
[1.211s] -- Added test 'xmllint' to check XML markup files
[1.213s] -- Configuring done
[1.218s] -- Generating done
[1.221s] -- Build files have been written to: /home/lhc/fishros-/p3/topic_ws/src/build/demo_topic_cpp
[1.228s] Invoked command in '/home/lhc/fishros-/p3/topic_ws/src/build/demo_topic_cpp' returned '0': CMAKE_PREFIX_PATH=${CMAKE_PREFIX_PATH}:/opt/ros/foxy /usr/bin/cmake /home/lhc/fishros-/p3/topic_ws/src/demo_topic_cpp -DCMAKE_INSTALL_PREFIX=/home/lhc/fishros-/p3/topic_ws/src/install/demo_topic_cpp
[1.230s] Invoking command in '/home/lhc/fishros-/p3/topic_ws/src/build/demo_topic_cpp': CMAKE_PREFIX_PATH=${CMAKE_PREFIX_PATH}:/opt/ros/foxy /usr/bin/cmake --build /home/lhc/fishros-/p3/topic_ws/src/build/demo_topic_cpp -- -j12 -l12
[1.264s] [35m[1mScanning dependencies of target turtle_circle[0m
[1.291s] [ 50%] [32mBuilding CXX object CMakeFiles/turtle_circle.dir/src/turtle_circle.cpp.o[0m
[3.425s] [100%] [32m[1mLinking CXX executable turtle_circle[0m
[3.537s] [100%] Built target turtle_circle
[3.547s] Invoked command in '/home/lhc/fishros-/p3/topic_ws/src/build/demo_topic_cpp' returned '0': CMAKE_PREFIX_PATH=${CMAKE_PREFIX_PATH}:/opt/ros/foxy /usr/bin/cmake --build /home/lhc/fishros-/p3/topic_ws/src/build/demo_topic_cpp -- -j12 -l12
[3.561s] Invoking command in '/home/lhc/fishros-/p3/topic_ws/src/build/demo_topic_cpp': CMAKE_PREFIX_PATH=${CMAKE_PREFIX_PATH}:/opt/ros/foxy /usr/bin/cmake --install /home/lhc/fishros-/p3/topic_ws/src/build/demo_topic_cpp
[3.567s] -- Install configuration: ""
[3.567s] -- Installing: /home/lhc/fishros-/p3/topic_ws/src/install/demo_topic_cpp/lib/demo_topic_cpp/turtle_circle
[3.567s] -- Set runtime path of "/home/lhc/fishros-/p3/topic_ws/src/install/demo_topic_cpp/lib/demo_topic_cpp/turtle_circle" to ""
[3.567s] -- Installing: /home/lhc/fishros-/p3/topic_ws/src/install/demo_topic_cpp/share/ament_index/resource_index/package_run_dependencies/demo_topic_cpp
[3.567s] -- Installing: /home/lhc/fishros-/p3/topic_ws/src/install/demo_topic_cpp/share/ament_index/resource_index/parent_prefix_path/demo_topic_cpp
[3.567s] -- Installing: /home/lhc/fishros-/p3/topic_ws/src/install/demo_topic_cpp/share/demo_topic_cpp/environment/ament_prefix_path.sh
[3.567s] -- Installing: /home/lhc/fishros-/p3/topic_ws/src/install/demo_topic_cpp/share/demo_topic_cpp/environment/ament_prefix_path.dsv
[3.568s] -- Installing: /home/lhc/fishros-/p3/topic_ws/src/install/demo_topic_cpp/share/demo_topic_cpp/environment/path.sh
[3.568s] -- Installing: /home/lhc/fishros-/p3/topic_ws/src/install/demo_topic_cpp/share/demo_topic_cpp/environment/path.dsv
[3.568s] -- Installing: /home/lhc/fishros-/p3/topic_ws/src/install/demo_topic_cpp/share/demo_topic_cpp/local_setup.bash
[3.568s] -- Installing: /home/lhc/fishros-/p3/topic_ws/src/install/demo_topic_cpp/share/demo_topic_cpp/local_setup.sh
[3.568s] -- Installing: /home/lhc/fishros-/p3/topic_ws/src/install/demo_topic_cpp/share/demo_topic_cpp/local_setup.zsh
[3.568s] -- Installing: /home/lhc/fishros-/p3/topic_ws/src/install/demo_topic_cpp/share/demo_topic_cpp/local_setup.dsv
[3.568s] -- Installing: /home/lhc/fishros-/p3/topic_ws/src/install/demo_topic_cpp/share/demo_topic_cpp/package.dsv
[3.568s] -- Installing: /home/lhc/fishros-/p3/topic_ws/src/install/demo_topic_cpp/share/ament_index/resource_index/packages/demo_topic_cpp
[3.568s] -- Installing: /home/lhc/fishros-/p3/topic_ws/src/install/demo_topic_cpp/share/demo_topic_cpp/cmake/demo_topic_cppConfig.cmake
[3.568s] -- Installing: /home/lhc/fishros-/p3/topic_ws/src/install/demo_topic_cpp/share/demo_topic_cpp/cmake/demo_topic_cppConfig-version.cmake
[3.568s] -- Installing: /home/lhc/fishros-/p3/topic_ws/src/install/demo_topic_cpp/share/demo_topic_cpp/package.xml
[3.570s] Invoked command in '/home/lhc/fishros-/p3/topic_ws/src/build/demo_topic_cpp' returned '0': CMAKE_PREFIX_PATH=${CMAKE_PREFIX_PATH}:/opt/ros/foxy /usr/bin/cmake --install /home/lhc/fishros-/p3/topic_ws/src/build/demo_topic_cpp
