[0.009s] Invoking command in '/home/lhc/fishros-/p3/topic_ws/src/build/demo_topic_cpp': CMAKE_PREFIX_PATH=${CMAKE_PREFIX_PATH}:/opt/ros/foxy /usr/bin/cmake --build /home/lhc/fishros-/p3/topic_ws/src/build/demo_topic_cpp -- -j12 -l12
[0.033s] -- Found ament_cmake: 0.9.12 (/opt/ros/foxy/share/ament_cmake/cmake)
[0.049s] -- Using PYTHON_EXECUTABLE: /usr/bin/python3
[0.174s] -- Found rclcpp: 2.4.3 (/opt/ros/foxy/share/rclcpp/cmake)
[0.196s] -- Using all available rosidl_typesupport_c: rosidl_typesupport_fastrtps_c;rosidl_typesupport_introspection_c
[0.198s] -- Found rosidl_adapter: 1.3.1 (/opt/ros/foxy/share/rosidl_adapter/cmake)
[0.281s] -- Using all available rosidl_typesupport_cpp: rosidl_typesupport_fastrtps_cpp;rosidl_typesupport_introspection_cpp
[0.312s] -- Found rmw_implementation_cmake: 1.0.4 (/opt/ros/foxy/share/rmw_implementation_cmake/cmake)
[0.313s] -- Using RMW implementation 'rmw_fastrtps_cpp' as default
[0.414s] -- Found geometry_msgs: 2.0.5 (/opt/ros/foxy/share/geometry_msgs/cmake)
[0.437s] -- Found turtlesim: 1.2.6 (/opt/ros/foxy/share/turtlesim/cmake)
[0.505s] CMake Error at /opt/ros/foxy/share/ament_cmake_target_dependencies/cmake/ament_target_dependencies.cmake:77 (message):
[0.505s]   ament_target_dependencies() the passed package name 'turtle_control' was
[0.505s]   not found before
[0.505s] Call Stack (most recent call first):
[0.505s]   CMakeLists.txt:27 (ament_target_dependencies)
[0.505s] 
[0.505s] 
[0.505s] -- Configuring incomplete, errors occurred!
[0.505s] See also "/home/lhc/fishros-/p3/topic_ws/src/build/demo_topic_cpp/CMakeFiles/CMakeOutput.log".
[0.505s] See also "/home/lhc/fishros-/p3/topic_ws/src/build/demo_topic_cpp/CMakeFiles/CMakeError.log".
[0.510s] make: *** [Makefile:266：cmake_check_build_system] 错误 1
[0.512s] Invoked command in '/home/lhc/fishros-/p3/topic_ws/src/build/demo_topic_cpp' returned '2': CMAKE_PREFIX_PATH=${CMAKE_PREFIX_PATH}:/opt/ros/foxy /usr/bin/cmake --build /home/lhc/fishros-/p3/topic_ws/src/build/demo_topic_cpp -- -j12 -l12
