[0.008s] Invoking command in '/home/lhc/fishros-/p2/p2_ws/src/build/demo_cpp_pkg': CMAKE_PREFIX_PATH=/opt/ros/foxy /usr/bin/cmake /home/lhc/fishros-/p2/p2_ws/src/demo_cpp_pkg -DCMAKE_INSTALL_PREFIX=/home/lhc/fishros-/p2/p2_ws/src/install/demo_cpp_pkg
[0.079s] -- The C compiler identification is GNU 9.4.0
[0.135s] -- The CXX compiler identification is GNU 9.4.0
[0.141s] -- Check for working C compiler: /usr/bin/cc
[0.201s] -- Check for working C compiler: /usr/bin/cc -- works
[0.202s] -- Detecting C compiler ABI info
[0.265s] -- Detecting C compiler ABI info - done
[0.273s] -- Detecting C compile features
[0.273s] -- Detecting C compile features - done
[0.276s] -- Check for working CXX compiler: /usr/bin/c++
[0.342s] -- Check for working CXX compiler: /usr/bin/c++ -- works
[0.342s] -- Detecting CXX compiler ABI info
[0.405s] -- Detecting CXX compiler ABI info - done
[0.414s] -- Detecting CXX compile features
[0.414s] -- Detecting CXX compile features - done
[0.419s] -- Found ament_cmake: 0.9.12 (/opt/ros/foxy/share/ament_cmake/cmake)
[0.439s] -- Found PythonInterp: /usr/bin/python3 (found suitable version "3.8.10", minimum required is "3") 
[0.439s] -- Using PYTHON_EXECUTABLE: /usr/bin/python3
[0.578s] -- Found rclcpp: 2.4.3 (/opt/ros/foxy/share/rclcpp/cmake)
[0.622s] -- Using all available rosidl_typesupport_c: rosidl_typesupport_fastrtps_c;rosidl_typesupport_introspection_c
[0.629s] -- Found rosidl_adapter: 1.3.1 (/opt/ros/foxy/share/rosidl_adapter/cmake)
[0.691s] -- Found OpenSSL: /usr/lib/x86_64-linux-gnu/libcrypto.so (found version "1.1.1f")  
[0.713s] -- Found FastRTPS: /opt/ros/foxy/include  
[0.770s] -- Using all available rosidl_typesupport_cpp: rosidl_typesupport_fastrtps_cpp;rosidl_typesupport_introspection_cpp
[0.816s] -- Found rmw_implementation_cmake: 1.0.4 (/opt/ros/foxy/share/rmw_implementation_cmake/cmake)
[0.818s] -- Using RMW implementation 'rmw_fastrtps_cpp' as default
[0.819s] -- Looking for pthread.h
[0.876s] -- Looking for pthread.h - found
[0.876s] -- Performing Test CMAKE_HAVE_LIBC_PTHREAD
[0.943s] -- Performing Test CMAKE_HAVE_LIBC_PTHREAD - Failed
[0.943s] -- Looking for pthread_create in pthreads
[0.993s] -- Looking for pthread_create in pthreads - not found
[0.993s] -- Looking for pthread_create in pthread
[1.049s] -- Looking for pthread_create in pthread - found
[1.050s] -- Found Threads: TRUE  
[1.162s] -- Found ament_lint_auto: 0.9.8 (/opt/ros/foxy/share/ament_lint_auto/cmake)
[1.225s] -- Added test 'cppcheck' to perform static code analysis on C / C++ code
[1.225s] -- Configured cppcheck include dirs: 
[1.225s] -- Configured cppcheck exclude dirs and/or files: 
[1.226s] -- Added test 'lint_cmake' to check CMake code style
[1.226s] -- Added test 'uncrustify' to check C / C++ code style
[1.226s] -- Configured uncrustify additional arguments: 
[1.227s] -- Added test 'xmllint' to check XML markup files
[1.229s] -- Configuring done
[1.238s] -- Generating done
[1.242s] -- Build files have been written to: /home/lhc/fishros-/p2/p2_ws/src/build/demo_cpp_pkg
[1.249s] Invoked command in '/home/lhc/fishros-/p2/p2_ws/src/build/demo_cpp_pkg' returned '0': CMAKE_PREFIX_PATH=/opt/ros/foxy /usr/bin/cmake /home/lhc/fishros-/p2/p2_ws/src/demo_cpp_pkg -DCMAKE_INSTALL_PREFIX=/home/lhc/fishros-/p2/p2_ws/src/install/demo_cpp_pkg
[1.251s] Invoking command in '/home/lhc/fishros-/p2/p2_ws/src/build/demo_cpp_pkg': CMAKE_PREFIX_PATH=/opt/ros/foxy /usr/bin/cmake --build /home/lhc/fishros-/p2/p2_ws/src/build/demo_cpp_pkg -- -j12 -l12
[1.286s] [35m[1mScanning dependencies of target cpp_node[0m
[1.286s] [35m[1mScanning dependencies of target person_node[0m
[1.310s] [ 50%] [32mBuilding CXX object CMakeFiles/cpp_node.dir/src/cpp_node.cpp.o[0m
[1.310s] [ 50%] [32mBuilding CXX object CMakeFiles/person_node.dir/src/person_node.cpp.o[0m
[2.585s] In file included from [01m[K/usr/include/x86_64-linux-gnu/c++/9/bits/c++allocator.h:33[m[K,
[2.585s]                  from [01m[K/usr/include/c++/9/bits/allocator.h:46[m[K,
[2.585s]                  from [01m[K/usr/include/c++/9/memory:63[m[K,
[2.585s]                  from [01m[K/opt/ros/foxy/include/rclcpp/rclcpp.hpp:144[m[K,
[2.586s]                  from [01m[K/home/lhc/fishros-/p2/p2_ws/src/demo_cpp_pkg/src/person_node.cpp:1[m[K:
[2.586s] /usr/include/c++/9/ext/new_allocator.h: In instantiation of ‘[01m[Kvoid __gnu_cxx::new_allocator<_Tp>::construct(_Up*, _Args&& ...) [with _Up = person_node; _Args = {const char (&)[12]}; _Tp = person_node][m[K’:
[2.586s] [01m[K/usr/include/c++/9/bits/alloc_traits.h:483:4:[m[K   required from ‘[01m[Kstatic void std::allocator_traits<std::allocator<_Tp1> >::construct(std::allocator_traits<std::allocator<_Tp1> >::allocator_type&, _Up*, _Args&& ...) [with _Up = person_node; _Args = {const char (&)[12]}; _Tp = person_node; std::allocator_traits<std::allocator<_Tp1> >::allocator_type = std::allocator<person_node>][m[K’
[2.586s] [01m[K/usr/include/c++/9/bits/shared_ptr_base.h:548:39:[m[K   required from ‘[01m[Kstd::_Sp_counted_ptr_inplace<_Tp, _Alloc, _Lp>::_Sp_counted_ptr_inplace(_Alloc, _Args&& ...) [with _Args = {const char (&)[12]}; _Tp = person_node; _Alloc = std::allocator<person_node>; __gnu_cxx::_Lock_policy _Lp = __gnu_cxx::_S_atomic][m[K’
[2.586s] [01m[K/usr/include/c++/9/bits/shared_ptr_base.h:679:16:[m[K   required from ‘[01m[Kstd::__shared_count<_Lp>::__shared_count(_Tp*&, std::_Sp_alloc_shared_tag<_Alloc>, _Args&& ...) [with _Tp = person_node; _Alloc = std::allocator<person_node>; _Args = {const char (&)[12]}; __gnu_cxx::_Lock_policy _Lp = __gnu_cxx::_S_atomic][m[K’
[2.586s] [01m[K/usr/include/c++/9/bits/shared_ptr_base.h:1344:71:[m[K   required from ‘[01m[Kstd::__shared_ptr<_Tp, _Lp>::__shared_ptr(std::_Sp_alloc_shared_tag<_Tp>, _Args&& ...) [with _Alloc = std::allocator<person_node>; _Args = {const char (&)[12]}; _Tp = person_node; __gnu_cxx::_Lock_policy _Lp = __gnu_cxx::_S_atomic][m[K’
[2.586s] [01m[K/usr/include/c++/9/bits/shared_ptr.h:359:59:[m[K   required from ‘[01m[Kstd::shared_ptr<_Tp>::shared_ptr(std::_Sp_alloc_shared_tag<_Tp>, _Args&& ...) [with _Alloc = std::allocator<person_node>; _Args = {const char (&)[12]}; _Tp = person_node][m[K’
[2.586s] [01m[K/usr/include/c++/9/bits/shared_ptr.h:701:14:[m[K   required from ‘[01m[Kstd::shared_ptr<_Tp> std::allocate_shared(const _Alloc&, _Args&& ...) [with _Tp = person_node; _Alloc = std::allocator<person_node>; _Args = {const char (&)[12]}][m[K’
[2.586s] [01m[K/usr/include/c++/9/bits/shared_ptr.h:717:39:[m[K   required from ‘[01m[Kstd::shared_ptr<_Tp> std::make_shared(_Args&& ...) [with _Tp = person_node; _Args = {const char (&)[12]}][m[K’
[2.586s] [01m[K/home/lhc/fishros-/p2/p2_ws/src/demo_cpp_pkg/src/person_node.cpp:38:61:[m[K   required from here
[2.586s] [01m[K/usr/include/c++/9/ext/new_allocator.h:146:4:[m[K [01;31m[Kerror: [m[Kno matching function for call to ‘[01m[Kperson_node::person_node(const char [12])[m[K’
[2.586s]   146 |  { [01;31m[K::new((void *)__p) _Up(std::forward<_Args>(__args)...)[m[K; }
[2.586s]       |    [01;31m[K^~~~~~~~~~~~~~~~~~~~~~~~~~~~~~~~~~~~~~~~~~~~~~~~~~~~~~[m[K
[2.586s] [01m[K/home/lhc/fishros-/p2/p2_ws/src/demo_cpp_pkg/src/person_node.cpp:14:5:[m[K [01;36m[Knote: [m[Kcandidate: ‘[01m[Kperson_node::person_node(const string&, std::string, const int&)[m[K’
[2.586s]    14 |     [01;36m[Kperson_node[m[K(const std::string &node_name, const std::string name, const int &age)
[2.586s]       |     [01;36m[K^~~~~~~~~~~[m[K
[2.586s] [01m[K/home/lhc/fishros-/p2/p2_ws/src/demo_cpp_pkg/src/person_node.cpp:14:5:[m[K [01;36m[Knote: [m[K  candidate expects 3 arguments, 1 provided
[2.636s] make[2]: *** [CMakeFiles/person_node.dir/build.make:63：CMakeFiles/person_node.dir/src/person_node.cpp.o] 错误 1
[2.636s] make[1]: *** [CMakeFiles/Makefile2:80：CMakeFiles/person_node.dir/all] 错误 2
[2.636s] make[1]: *** 正在等待未完成的任务....
[2.689s] [ 75%] [32m[1mLinking CXX executable cpp_node[0m
[2.786s] [ 75%] Built target cpp_node
[2.787s] make: *** [Makefile:141：all] 错误 2
[2.789s] Invoked command in '/home/lhc/fishros-/p2/p2_ws/src/build/demo_cpp_pkg' returned '2': CMAKE_PREFIX_PATH=/opt/ros/foxy /usr/bin/cmake --build /home/lhc/fishros-/p2/p2_ws/src/build/demo_cpp_pkg -- -j12 -l12
