[0.018s] Invoking command in '/home/lhc/fishros-/p3/topic_practice_ws/build/status_display': CMAKE_PREFIX_PATH=${CMAKE_PREFIX_PATH}:/home/lhc/fishros-/p3/topic_practice_ws/install/status_publisher:/opt/ros/foxy PYTHONPATH=/home/lhc/fishros-/p3/topic_practice_ws/install/status_interfaces/lib/python3.8/site-packages:/home/lhc/fishros-/p3/topic_practice_ws/install/status_publisher/lib/python3.8/site-packages:/opt/ros/foxy/lib/python3.8/site-packages /usr/bin/cmake /home/lhc/fishros-/p3/topic_practice_ws/src/status_display -DCMAKE_INSTALL_PREFIX=/home/lhc/fishros-/p3/topic_practice_ws/install/status_display
[0.030s] -- Found ament_cmake: 0.9.12 (/opt/ros/foxy/share/ament_cmake/cmake)
[0.050s] -- Using PYTHON_EXECUTABLE: /usr/bin/python3
[0.193s] -- Found rclcpp: 2.4.3 (/opt/ros/foxy/share/rclcpp/cmake)
[0.220s] -- Using all available rosidl_typesupport_c: rosidl_typesupport_fastrtps_c;rosidl_typesupport_introspection_c
[0.222s] -- Found rosidl_adapter: 1.3.1 (/opt/ros/foxy/share/rosidl_adapter/cmake)
[0.326s] -- Using all available rosidl_typesupport_cpp: rosidl_typesupport_fastrtps_cpp;rosidl_typesupport_introspection_cpp
[0.361s] -- Found rmw_implementation_cmake: 1.0.4 (/opt/ros/foxy/share/rmw_implementation_cmake/cmake)
[0.362s] -- Using RMW implementation 'rmw_fastrtps_cpp' as default
[0.465s] -- Found status_interfaces: 0.0.0 (/home/lhc/fishros-/p3/topic_practice_ws/install/status_interfaces/share/status_interfaces/cmake)
[0.480s] -- Found ament_lint_auto: 0.9.8 (/opt/ros/foxy/share/ament_lint_auto/cmake)
[0.536s] -- Added test 'copyright' to check source files copyright and LICENSE
[0.537s] -- Added test 'cppcheck' to perform static code analysis on C / C++ code
[0.537s] -- Configured cppcheck include dirs: 
[0.537s] -- Configured cppcheck exclude dirs and/or files: 
[0.538s] -- Added test 'cpplint' to check C / C++ code against the Google style
[0.538s] -- Configured cpplint exclude dirs and/or files: 
[0.539s] -- Added test 'lint_cmake' to check CMake code style
[0.539s] -- Added test 'uncrustify' to check C / C++ code style
[0.540s] -- Configured uncrustify additional arguments: 
[0.540s] -- Added test 'xmllint' to check XML markup files
[0.543s] -- Configuring done
[0.548s] -- Generating done
[0.551s] -- Build files have been written to: /home/lhc/fishros-/p3/topic_practice_ws/build/status_display
[0.558s] Invoked command in '/home/lhc/fishros-/p3/topic_practice_ws/build/status_display' returned '0': CMAKE_PREFIX_PATH=${CMAKE_PREFIX_PATH}:/home/lhc/fishros-/p3/topic_practice_ws/install/status_publisher:/opt/ros/foxy PYTHONPATH=/home/lhc/fishros-/p3/topic_practice_ws/install/status_interfaces/lib/python3.8/site-packages:/home/lhc/fishros-/p3/topic_practice_ws/install/status_publisher/lib/python3.8/site-packages:/opt/ros/foxy/lib/python3.8/site-packages /usr/bin/cmake /home/lhc/fishros-/p3/topic_practice_ws/src/status_display -DCMAKE_INSTALL_PREFIX=/home/lhc/fishros-/p3/topic_practice_ws/install/status_display
[0.561s] Invoking command in '/home/lhc/fishros-/p3/topic_practice_ws/build/status_display': CMAKE_PREFIX_PATH=${CMAKE_PREFIX_PATH}:/home/lhc/fishros-/p3/topic_practice_ws/install/status_publisher:/opt/ros/foxy PYTHONPATH=/home/lhc/fishros-/p3/topic_practice_ws/install/status_interfaces/lib/python3.8/site-packages:/home/lhc/fishros-/p3/topic_practice_ws/install/status_publisher/lib/python3.8/site-packages:/opt/ros/foxy/lib/python3.8/site-packages /usr/bin/cmake --build /home/lhc/fishros-/p3/topic_practice_ws/build/status_display -- -j12 -l12
[0.601s] [35m[1mScanning dependencies of target hello_qt[0m
[0.628s] [ 50%] [32mBuilding CXX object CMakeFiles/hello_qt.dir/src/hello_qt.cpp.o[0m
[1.398s] [100%] [32m[1mLinking CXX executable hello_qt[0m
[1.679s] [100%] Built target hello_qt
[1.698s] Invoked command in '/home/lhc/fishros-/p3/topic_practice_ws/build/status_display' returned '0': CMAKE_PREFIX_PATH=${CMAKE_PREFIX_PATH}:/home/lhc/fishros-/p3/topic_practice_ws/install/status_publisher:/opt/ros/foxy PYTHONPATH=/home/lhc/fishros-/p3/topic_practice_ws/install/status_interfaces/lib/python3.8/site-packages:/home/lhc/fishros-/p3/topic_practice_ws/install/status_publisher/lib/python3.8/site-packages:/opt/ros/foxy/lib/python3.8/site-packages /usr/bin/cmake --build /home/lhc/fishros-/p3/topic_practice_ws/build/status_display -- -j12 -l12
[1.701s] Invoking command in '/home/lhc/fishros-/p3/topic_practice_ws/build/status_display': CMAKE_PREFIX_PATH=${CMAKE_PREFIX_PATH}:/home/lhc/fishros-/p3/topic_practice_ws/install/status_publisher:/opt/ros/foxy PYTHONPATH=/home/lhc/fishros-/p3/topic_practice_ws/install/status_interfaces/lib/python3.8/site-packages:/home/lhc/fishros-/p3/topic_practice_ws/install/status_publisher/lib/python3.8/site-packages:/opt/ros/foxy/lib/python3.8/site-packages /usr/bin/cmake --install /home/lhc/fishros-/p3/topic_practice_ws/build/status_display
[1.710s] -- Install configuration: ""
[1.710s] -- Installing: /home/lhc/fishros-/p3/topic_practice_ws/install/status_display/lib/status_display/hello_qt
[1.710s] -- Installing: /home/lhc/fishros-/p3/topic_practice_ws/install/status_display/share/ament_index/resource_index/package_run_dependencies/status_display
[1.711s] -- Installing: /home/lhc/fishros-/p3/topic_practice_ws/install/status_display/share/ament_index/resource_index/parent_prefix_path/status_display
[1.711s] -- Installing: /home/lhc/fishros-/p3/topic_practice_ws/install/status_display/share/status_display/environment/ament_prefix_path.sh
[1.711s] -- Installing: /home/lhc/fishros-/p3/topic_practice_ws/install/status_display/share/status_display/environment/ament_prefix_path.dsv
[1.711s] -- Installing: /home/lhc/fishros-/p3/topic_practice_ws/install/status_display/share/status_display/environment/path.sh
[1.711s] -- Installing: /home/lhc/fishros-/p3/topic_practice_ws/install/status_display/share/status_display/environment/path.dsv
[1.711s] -- Installing: /home/lhc/fishros-/p3/topic_practice_ws/install/status_display/share/status_display/local_setup.bash
[1.711s] -- Installing: /home/lhc/fishros-/p3/topic_practice_ws/install/status_display/share/status_display/local_setup.sh
[1.712s] -- Installing: /home/lhc/fishros-/p3/topic_practice_ws/install/status_display/share/status_display/local_setup.zsh
[1.712s] -- Installing: /home/lhc/fishros-/p3/topic_practice_ws/install/status_display/share/status_display/local_setup.dsv
[1.712s] -- Installing: /home/lhc/fishros-/p3/topic_practice_ws/install/status_display/share/status_display/package.dsv
[1.712s] -- Installing: /home/lhc/fishros-/p3/topic_practice_ws/install/status_display/share/ament_index/resource_index/packages/status_display
[1.712s] -- Installing: /home/lhc/fishros-/p3/topic_practice_ws/install/status_display/share/status_display/cmake/status_displayConfig.cmake
[1.712s] -- Installing: /home/lhc/fishros-/p3/topic_practice_ws/install/status_display/share/status_display/cmake/status_displayConfig-version.cmake
[1.712s] -- Installing: /home/lhc/fishros-/p3/topic_practice_ws/install/status_display/share/status_display/package.xml
[1.715s] Invoked command in '/home/lhc/fishros-/p3/topic_practice_ws/build/status_display' returned '0': CMAKE_PREFIX_PATH=${CMAKE_PREFIX_PATH}:/home/lhc/fishros-/p3/topic_practice_ws/install/status_publisher:/opt/ros/foxy PYTHONPATH=/home/lhc/fishros-/p3/topic_practice_ws/install/status_interfaces/lib/python3.8/site-packages:/home/lhc/fishros-/p3/topic_practice_ws/install/status_publisher/lib/python3.8/site-packages:/opt/ros/foxy/lib/python3.8/site-packages /usr/bin/cmake --install /home/lhc/fishros-/p3/topic_practice_ws/build/status_display
