[0.011s] Invoking command in '/home/lhc/fishros-/p3/topic_practice_ws/build/status_interfaces': CMAKE_PREFIX_PATH=${CMAKE_PREFIX_PATH}:/home/lhc/fishros-/p3/topic_practice_ws/install/status_publisher:/opt/ros/foxy /usr/bin/cmake --build /home/lhc/fishros-/p3/topic_practice_ws/build/status_interfaces -- -j12 -l12
[0.042s] -- Found ament_cmake: 0.9.12 (/opt/ros/foxy/share/ament_cmake/cmake)
[0.064s] -- Found PythonInterp: /usr/bin/python3 (found suitable version "3.8.10", minimum required is "3") 
[0.064s] -- Using PYTHON_EXECUTABLE: /usr/bin/python3
[0.206s] -- Found builtin_interfaces: 1.0.0 (/opt/ros/foxy/share/builtin_interfaces/cmake)
[0.225s] -- Using all available rosidl_typesupport_c: rosidl_typesupport_fastrtps_c;rosidl_typesupport_introspection_c
[0.227s] -- Found rosidl_adapter: 1.3.1 (/opt/ros/foxy/share/rosidl_adapter/cmake)
[0.328s] -- Using all available rosidl_typesupport_cpp: rosidl_typesupport_fastrtps_cpp;rosidl_typesupport_introspection_cpp
[0.352s] -- Found rosidl_default_generators: 1.0.1 (/opt/ros/foxy/share/rosidl_default_generators/cmake)
[0.380s] -- Found PythonInterp: /usr/bin/python3 (found version "3.8.10") 
[0.476s] -- Found ament_cmake_ros: 0.9.2 (/opt/ros/foxy/share/ament_cmake_ros/cmake)
[0.565s] -- Using all available rosidl_typesupport_c: rosidl_typesupport_fastrtps_c;rosidl_typesupport_introspection_c
[0.573s] -- Using all available rosidl_typesupport_cpp: rosidl_typesupport_fastrtps_cpp;rosidl_typesupport_introspection_cpp
[0.594s] -- Found PythonInterp: /usr/bin/python3 (found suitable version "3.8.10", minimum required is "3.5") 
[0.594s] -- Found python_cmake_module: 0.8.1 (/opt/ros/foxy/share/python_cmake_module/cmake)
[0.617s] -- Using PYTHON_EXECUTABLE: /usr/bin/python3
[0.617s] -- Using PYTHON_INCLUDE_DIRS: /usr/include/python3.8
[0.617s] -- Using PYTHON_LIBRARIES: /usr/lib/x86_64-linux-gnu/libpython3.8.so
[0.630s] -- Found ament_lint_auto: 0.9.8 (/opt/ros/foxy/share/ament_lint_auto/cmake)
[0.637s] -- Added test 'copyright' to check source files copyright and LICENSE
[0.639s] -- Added test 'lint_cmake' to check CMake code style
[0.640s] -- Added test 'xmllint' to check XML markup files
[0.643s] -- Configuring done
[0.673s] -- Generating done
[0.684s] -- Build files have been written to: /home/lhc/fishros-/p3/topic_practice_ws/build/status_interfaces
[0.714s] [  3%] [34m[1mGenerating C code for ROS interfaces[0m
[0.727s] [  6%] [34m[1mGenerating C++ code for ROS interfaces[0m
[0.930s] [35m[1mScanning dependencies of target status_interfaces__rosidl_generator_c[0m
[0.937s] [  6%] Built target status_interfaces__cpp
[0.940s] [  9%] [32mBuilding C object CMakeFiles/status_interfaces__rosidl_generator_c.dir/rosidl_generator_c/status_interfaces/msg/detail/system_status__functions.c.o[0m
[0.946s] [ 16%] [34m[1mGenerating C++ type support dispatch for ROS interfaces[0m
[0.946s] [ 16%] [34m[1mGenerating C++ type support for eProsima Fast-RTPS[0m
[0.946s] [ 19%] [34m[1mGenerating C++ introspection for ROS interfaces[0m
[0.983s] [ 22%] [32m[1mLinking C shared library libstatus_interfaces__rosidl_generator_c.so[0m
[1.019s] [ 22%] Built target status_interfaces__rosidl_generator_c
[1.030s] [ 29%] [34m[1mGenerating C introspection for ROS interfaces[0m
[1.030s] [ 29%] [34m[1mGenerating C type support dispatch for ROS interfaces[0m
[1.135s] [35m[1mScanning dependencies of target status_interfaces__rosidl_typesupport_cpp[0m
[1.147s] [ 32%] [32mBuilding CXX object CMakeFiles/status_interfaces__rosidl_typesupport_cpp.dir/rosidl_typesupport_cpp/status_interfaces/msg/system_status__type_support.cpp.o[0m
[1.148s] [35m[1mScanning dependencies of target status_interfaces__rosidl_typesupport_introspection_cpp[0m
[1.155s] [35m[1mScanning dependencies of target status_interfaces__rosidl_typesupport_fastrtps_cpp[0m
[1.159s] [ 35%] [32mBuilding CXX object CMakeFiles/status_interfaces__rosidl_typesupport_introspection_cpp.dir/rosidl_typesupport_introspection_cpp/status_interfaces/msg/detail/system_status__type_support.cpp.o[0m
[1.167s] [ 38%] [32mBuilding CXX object CMakeFiles/status_interfaces__rosidl_typesupport_fastrtps_cpp.dir/rosidl_typesupport_fastrtps_cpp/status_interfaces/msg/detail/dds_fastrtps/system_status__type_support.cpp.o[0m
[1.216s] [35m[1mScanning dependencies of target status_interfaces__rosidl_typesupport_c[0m
[1.229s] [ 41%] [32mBuilding CXX object CMakeFiles/status_interfaces__rosidl_typesupport_c.dir/rosidl_typesupport_c/status_interfaces/msg/system_status__type_support.cpp.o[0m
[1.251s] [35m[1mScanning dependencies of target status_interfaces__rosidl_typesupport_introspection_c[0m
[1.260s] [ 45%] [32m[1mLinking CXX shared library libstatus_interfaces__rosidl_typesupport_c.so[0m
[1.263s] [ 48%] [32mBuilding C object CMakeFiles/status_interfaces__rosidl_typesupport_introspection_c.dir/rosidl_typesupport_introspection_c/status_interfaces/msg/detail/system_status__type_support.c.o[0m
[1.293s] [ 51%] [32m[1mLinking C shared library libstatus_interfaces__rosidl_typesupport_introspection_c.so[0m
[1.297s] [ 51%] Built target status_interfaces__rosidl_typesupport_c
[1.323s] [ 51%] Built target status_interfaces__rosidl_typesupport_introspection_c
[1.366s] [ 54%] [32m[1mLinking CXX shared library libstatus_interfaces__rosidl_typesupport_cpp.so[0m
[1.383s] [ 58%] [32m[1mLinking CXX shared library libstatus_interfaces__rosidl_typesupport_introspection_cpp.so[0m
[1.402s] [ 58%] Built target status_interfaces__rosidl_typesupport_cpp
[1.437s] [ 58%] Built target status_interfaces__rosidl_typesupport_introspection_cpp
[1.497s] [ 61%] [32m[1mLinking CXX shared library libstatus_interfaces__rosidl_typesupport_fastrtps_cpp.so[0m
[1.574s] [ 61%] Built target status_interfaces__rosidl_typesupport_fastrtps_cpp
[1.589s] [ 64%] [34m[1mGenerating C type support for eProsima Fast-RTPS[0m
[1.786s] [35m[1mScanning dependencies of target status_interfaces__rosidl_typesupport_fastrtps_c[0m
[1.800s] [ 67%] [32mBuilding CXX object CMakeFiles/status_interfaces__rosidl_typesupport_fastrtps_c.dir/rosidl_typesupport_fastrtps_c/status_interfaces/msg/detail/system_status__type_support_c.cpp.o[0m
[2.091s] [ 70%] [32m[1mLinking CXX shared library libstatus_interfaces__rosidl_typesupport_fastrtps_c.so[0m
[2.168s] [ 70%] Built target status_interfaces__rosidl_typesupport_fastrtps_c
[2.197s] [ 70%] Built target status_interfaces
[2.222s] [ 74%] [34m[1mGenerating Python code for ROS interfaces[0m
[2.599s] [ 74%] Built target status_interfaces__py
[2.608s] [35m[1mScanning dependencies of target status_interfaces__python[0m
[2.629s] [ 77%] [32mBuilding C object CMakeFiles/status_interfaces__python.dir/rosidl_generator_py/status_interfaces/msg/_system_status_s.c.o[0m
[2.709s] [ 80%] [32m[1mLinking C shared library rosidl_generator_py/status_interfaces/libstatus_interfaces__python.so[0m
[2.753s] [ 80%] Built target status_interfaces__python
[2.770s] [35m[1mScanning dependencies of target status_interfaces__rosidl_typesupport_c__pyext[0m
[2.770s] [35m[1mScanning dependencies of target status_interfaces__rosidl_typesupport_introspection_c__pyext[0m
[2.770s] [35m[1mScanning dependencies of target status_interfaces__rosidl_typesupport_fastrtps_c__pyext[0m
[2.784s] [ 87%] [32mBuilding C object CMakeFiles/status_interfaces__rosidl_typesupport_c__pyext.dir/rosidl_generator_py/status_interfaces/_status_interfaces_s.ep.rosidl_typesupport_c.c.o[0m
[2.784s] [ 87%] [32mBuilding C object CMakeFiles/status_interfaces__rosidl_typesupport_introspection_c__pyext.dir/rosidl_generator_py/status_interfaces/_status_interfaces_s.ep.rosidl_typesupport_introspection_c.c.o[0m
[2.785s] [ 90%] [32mBuilding C object CMakeFiles/status_interfaces__rosidl_typesupport_fastrtps_c__pyext.dir/rosidl_generator_py/status_interfaces/_status_interfaces_s.ep.rosidl_typesupport_fastrtps_c.c.o[0m
[2.848s] [ 96%] [32m[1mLinking CXX shared library rosidl_generator_py/status_interfaces/status_interfaces_s__rosidl_typesupport_fastrtps_c.cpython-38-x86_64-linux-gnu.so[0m
[2.848s] [ 96%] [32m[1mLinking C shared library rosidl_generator_py/status_interfaces/status_interfaces_s__rosidl_typesupport_introspection_c.cpython-38-x86_64-linux-gnu.so[0m
[2.848s] [100%] [32m[1mLinking C shared library rosidl_generator_py/status_interfaces/status_interfaces_s__rosidl_typesupport_c.cpython-38-x86_64-linux-gnu.so[0m
[2.881s] [100%] Built target status_interfaces__rosidl_typesupport_introspection_c__pyext
[2.881s] [100%] Built target status_interfaces__rosidl_typesupport_c__pyext
[2.904s] [100%] Built target status_interfaces__rosidl_typesupport_fastrtps_c__pyext
[2.914s] Invoked command in '/home/lhc/fishros-/p3/topic_practice_ws/build/status_interfaces' returned '0': CMAKE_PREFIX_PATH=${CMAKE_PREFIX_PATH}:/home/lhc/fishros-/p3/topic_practice_ws/install/status_publisher:/opt/ros/foxy /usr/bin/cmake --build /home/lhc/fishros-/p3/topic_practice_ws/build/status_interfaces -- -j12 -l12
[2.927s] Invoking command in '/home/lhc/fishros-/p3/topic_practice_ws/build/status_interfaces': CMAKE_PREFIX_PATH=${CMAKE_PREFIX_PATH}:/home/lhc/fishros-/p3/topic_practice_ws/install/status_publisher:/opt/ros/foxy /usr/bin/cmake --install /home/lhc/fishros-/p3/topic_practice_ws/build/status_interfaces
[2.936s] -- Install configuration: ""
[2.936s] -- Up-to-date: /home/lhc/fishros-/p3/topic_practice_ws/install/status_interfaces/share/ament_index/resource_index/rosidl_interfaces/status_interfaces
[2.937s] -- Up-to-date: /home/lhc/fishros-/p3/topic_practice_ws/install/status_interfaces/include/status_interfaces
[2.937s] -- Up-to-date: /home/lhc/fishros-/p3/topic_practice_ws/install/status_interfaces/include/status_interfaces/msg
[2.937s] -- Up-to-date: /home/lhc/fishros-/p3/topic_practice_ws/install/status_interfaces/include/status_interfaces/msg/detail
[2.937s] -- Installing: /home/lhc/fishros-/p3/topic_practice_ws/install/status_interfaces/include/status_interfaces/msg/detail/system_status__struct.h
[2.937s] -- Installing: /home/lhc/fishros-/p3/topic_practice_ws/install/status_interfaces/include/status_interfaces/msg/detail/system_status__functions.c
[2.937s] -- Installing: /home/lhc/fishros-/p3/topic_practice_ws/install/status_interfaces/include/status_interfaces/msg/detail/system_status__functions.h
[2.937s] -- Installing: /home/lhc/fishros-/p3/topic_practice_ws/install/status_interfaces/include/status_interfaces/msg/detail/system_status__type_support.h
[2.938s] -- Up-to-date: /home/lhc/fishros-/p3/topic_practice_ws/install/status_interfaces/include/status_interfaces/msg/rosidl_generator_c__visibility_control.h
[2.938s] -- Installing: /home/lhc/fishros-/p3/topic_practice_ws/install/status_interfaces/include/status_interfaces/msg/system_status.h
[2.938s] -- Up-to-date: /home/lhc/fishros-/p3/topic_practice_ws/install/status_interfaces/share/status_interfaces/environment/library_path.sh
[2.938s] -- Installing: /home/lhc/fishros-/p3/topic_practice_ws/install/status_interfaces/share/status_interfaces/environment/library_path.dsv
[2.939s] -- Installing: /home/lhc/fishros-/p3/topic_practice_ws/install/status_interfaces/lib/libstatus_interfaces__rosidl_generator_c.so
[2.940s] -- Set runtime path of "/home/lhc/fishros-/p3/topic_practice_ws/install/status_interfaces/lib/libstatus_interfaces__rosidl_generator_c.so" to ""
[2.940s] -- Up-to-date: /home/lhc/fishros-/p3/topic_practice_ws/install/status_interfaces/include/status_interfaces
[2.940s] -- Up-to-date: /home/lhc/fishros-/p3/topic_practice_ws/install/status_interfaces/include/status_interfaces/msg
[2.940s] -- Up-to-date: /home/lhc/fishros-/p3/topic_practice_ws/install/status_interfaces/include/status_interfaces/msg/detail
[2.941s] -- Installing: /home/lhc/fishros-/p3/topic_practice_ws/install/status_interfaces/include/status_interfaces/msg/detail/system_status__rosidl_typesupport_fastrtps_c.h
[2.941s] -- Up-to-date: /home/lhc/fishros-/p3/topic_practice_ws/install/status_interfaces/include/status_interfaces/msg/rosidl_typesupport_fastrtps_c__visibility_control.h
[2.941s] -- Installing: /home/lhc/fishros-/p3/topic_practice_ws/install/status_interfaces/lib/libstatus_interfaces__rosidl_typesupport_fastrtps_c.so
[2.941s] -- Set runtime path of "/home/lhc/fishros-/p3/topic_practice_ws/install/status_interfaces/lib/libstatus_interfaces__rosidl_typesupport_fastrtps_c.so" to ""
[2.941s] -- Up-to-date: /home/lhc/fishros-/p3/topic_practice_ws/install/status_interfaces/include/status_interfaces
[2.941s] -- Up-to-date: /home/lhc/fishros-/p3/topic_practice_ws/install/status_interfaces/include/status_interfaces/msg
[2.941s] -- Up-to-date: /home/lhc/fishros-/p3/topic_practice_ws/install/status_interfaces/include/status_interfaces/msg/detail
[2.941s] -- Up-to-date: /home/lhc/fishros-/p3/topic_practice_ws/install/status_interfaces/include/status_interfaces/msg/detail/dds_fastrtps
[2.941s] -- Installing: /home/lhc/fishros-/p3/topic_practice_ws/install/status_interfaces/include/status_interfaces/msg/detail/system_status__rosidl_typesupport_fastrtps_cpp.hpp
[2.941s] -- Up-to-date: /home/lhc/fishros-/p3/topic_practice_ws/install/status_interfaces/include/status_interfaces/msg/rosidl_typesupport_fastrtps_cpp__visibility_control.h
[2.942s] -- Installing: /home/lhc/fishros-/p3/topic_practice_ws/install/status_interfaces/lib/libstatus_interfaces__rosidl_typesupport_fastrtps_cpp.so
[2.942s] -- Set runtime path of "/home/lhc/fishros-/p3/topic_practice_ws/install/status_interfaces/lib/libstatus_interfaces__rosidl_typesupport_fastrtps_cpp.so" to ""
[2.942s] -- Up-to-date: /home/lhc/fishros-/p3/topic_practice_ws/install/status_interfaces/include/status_interfaces
[2.942s] -- Up-to-date: /home/lhc/fishros-/p3/topic_practice_ws/install/status_interfaces/include/status_interfaces/msg
[2.942s] -- Up-to-date: /home/lhc/fishros-/p3/topic_practice_ws/install/status_interfaces/include/status_interfaces/msg/detail
[2.942s] -- Installing: /home/lhc/fishros-/p3/topic_practice_ws/install/status_interfaces/include/status_interfaces/msg/detail/system_status__rosidl_typesupport_introspection_c.h
[2.942s] -- Installing: /home/lhc/fishros-/p3/topic_practice_ws/install/status_interfaces/include/status_interfaces/msg/detail/system_status__type_support.c
[2.942s] -- Up-to-date: /home/lhc/fishros-/p3/topic_practice_ws/install/status_interfaces/include/status_interfaces/msg/rosidl_typesupport_introspection_c__visibility_control.h
[2.942s] -- Installing: /home/lhc/fishros-/p3/topic_practice_ws/install/status_interfaces/lib/libstatus_interfaces__rosidl_typesupport_introspection_c.so
[2.943s] -- Set runtime path of "/home/lhc/fishros-/p3/topic_practice_ws/install/status_interfaces/lib/libstatus_interfaces__rosidl_typesupport_introspection_c.so" to ""
[2.943s] -- Installing: /home/lhc/fishros-/p3/topic_practice_ws/install/status_interfaces/lib/libstatus_interfaces__rosidl_typesupport_c.so
[2.943s] -- Set runtime path of "/home/lhc/fishros-/p3/topic_practice_ws/install/status_interfaces/lib/libstatus_interfaces__rosidl_typesupport_c.so" to ""
[2.944s] -- Up-to-date: /home/lhc/fishros-/p3/topic_practice_ws/install/status_interfaces/include/status_interfaces
[2.944s] -- Up-to-date: /home/lhc/fishros-/p3/topic_practice_ws/install/status_interfaces/include/status_interfaces/msg
[2.944s] -- Up-to-date: /home/lhc/fishros-/p3/topic_practice_ws/install/status_interfaces/include/status_interfaces/msg/detail
[2.944s] -- Installing: /home/lhc/fishros-/p3/topic_practice_ws/install/status_interfaces/include/status_interfaces/msg/detail/system_status__type_support.hpp
[2.944s] -- Installing: /home/lhc/fishros-/p3/topic_practice_ws/install/status_interfaces/include/status_interfaces/msg/detail/system_status__builder.hpp
[2.944s] -- Installing: /home/lhc/fishros-/p3/topic_practice_ws/install/status_interfaces/include/status_interfaces/msg/detail/system_status__traits.hpp
[2.944s] -- Installing: /home/lhc/fishros-/p3/topic_practice_ws/install/status_interfaces/include/status_interfaces/msg/detail/system_status__struct.hpp
[2.944s] -- Installing: /home/lhc/fishros-/p3/topic_practice_ws/install/status_interfaces/include/status_interfaces/msg/system_status.hpp
[2.944s] -- Up-to-date: /home/lhc/fishros-/p3/topic_practice_ws/install/status_interfaces/include/status_interfaces/msg/rosidl_generator_cpp__visibility_control.hpp
[2.945s] -- Up-to-date: /home/lhc/fishros-/p3/topic_practice_ws/install/status_interfaces/include/status_interfaces
[2.945s] -- Up-to-date: /home/lhc/fishros-/p3/topic_practice_ws/install/status_interfaces/include/status_interfaces/msg
[2.945s] -- Up-to-date: /home/lhc/fishros-/p3/topic_practice_ws/install/status_interfaces/include/status_interfaces/msg/detail
[2.945s] -- Installing: /home/lhc/fishros-/p3/topic_practice_ws/install/status_interfaces/include/status_interfaces/msg/detail/system_status__rosidl_typesupport_introspection_cpp.hpp
[2.945s] -- Installing: /home/lhc/fishros-/p3/topic_practice_ws/install/status_interfaces/include/status_interfaces/msg/detail/system_status__type_support.cpp
[2.945s] -- Installing: /home/lhc/fishros-/p3/topic_practice_ws/install/status_interfaces/lib/libstatus_interfaces__rosidl_typesupport_introspection_cpp.so
[2.946s] -- Set runtime path of "/home/lhc/fishros-/p3/topic_practice_ws/install/status_interfaces/lib/libstatus_interfaces__rosidl_typesupport_introspection_cpp.so" to ""
[2.946s] -- Installing: /home/lhc/fishros-/p3/topic_practice_ws/install/status_interfaces/lib/libstatus_interfaces__rosidl_typesupport_cpp.so
[2.946s] -- Set runtime path of "/home/lhc/fishros-/p3/topic_practice_ws/install/status_interfaces/lib/libstatus_interfaces__rosidl_typesupport_cpp.so" to ""
[2.946s] -- Up-to-date: /home/lhc/fishros-/p3/topic_practice_ws/install/status_interfaces/share/status_interfaces/environment/pythonpath.sh
[2.947s] -- Installing: /home/lhc/fishros-/p3/topic_practice_ws/install/status_interfaces/share/status_interfaces/environment/pythonpath.dsv
[2.947s] -- Installing: /home/lhc/fishros-/p3/topic_practice_ws/install/status_interfaces/lib/python3.8/site-packages/status_interfaces/__init__.py
[2.970s] Compiling '/home/lhc/fishros-/p3/topic_practice_ws/install/status_interfaces/lib/python3.8/site-packages/status_interfaces/__init__.py'...
[2.972s] -- Up-to-date: /home/lhc/fishros-/p3/topic_practice_ws/install/status_interfaces/lib/python3.8/site-packages/status_interfaces/msg
[2.973s] -- Installing: /home/lhc/fishros-/p3/topic_practice_ws/install/status_interfaces/lib/python3.8/site-packages/status_interfaces/msg/_system_status.py
[2.973s] -- Installing: /home/lhc/fishros-/p3/topic_practice_ws/install/status_interfaces/lib/python3.8/site-packages/status_interfaces/msg/_system_status_s.c
[2.973s] -- Installing: /home/lhc/fishros-/p3/topic_practice_ws/install/status_interfaces/lib/python3.8/site-packages/status_interfaces/msg/__init__.py
[2.973s] -- Installing: /home/lhc/fishros-/p3/topic_practice_ws/install/status_interfaces/lib/python3.8/site-packages/status_interfaces/status_interfaces_s__rosidl_typesupport_fastrtps_c.cpython-38-x86_64-linux-gnu.so
[2.974s] -- Set runtime path of "/home/lhc/fishros-/p3/topic_practice_ws/install/status_interfaces/lib/python3.8/site-packages/status_interfaces/status_interfaces_s__rosidl_typesupport_fastrtps_c.cpython-38-x86_64-linux-gnu.so" to ""
[2.975s] -- Installing: /home/lhc/fishros-/p3/topic_practice_ws/install/status_interfaces/lib/python3.8/site-packages/status_interfaces/status_interfaces_s__rosidl_typesupport_introspection_c.cpython-38-x86_64-linux-gnu.so
[2.976s] -- Set runtime path of "/home/lhc/fishros-/p3/topic_practice_ws/install/status_interfaces/lib/python3.8/site-packages/status_interfaces/status_interfaces_s__rosidl_typesupport_introspection_c.cpython-38-x86_64-linux-gnu.so" to ""
[2.976s] -- Installing: /home/lhc/fishros-/p3/topic_practice_ws/install/status_interfaces/lib/python3.8/site-packages/status_interfaces/status_interfaces_s__rosidl_typesupport_c.cpython-38-x86_64-linux-gnu.so
[2.977s] -- Set runtime path of "/home/lhc/fishros-/p3/topic_practice_ws/install/status_interfaces/lib/python3.8/site-packages/status_interfaces/status_interfaces_s__rosidl_typesupport_c.cpython-38-x86_64-linux-gnu.so" to ""
[2.978s] -- Installing: /home/lhc/fishros-/p3/topic_practice_ws/install/status_interfaces/lib/libstatus_interfaces__python.so
[2.978s] -- Set runtime path of "/home/lhc/fishros-/p3/topic_practice_ws/install/status_interfaces/lib/libstatus_interfaces__python.so" to ""
[2.979s] -- Installing: /home/lhc/fishros-/p3/topic_practice_ws/install/status_interfaces/share/status_interfaces/msg/SystemStatus.idl
[2.979s] -- Installing: /home/lhc/fishros-/p3/topic_practice_ws/install/status_interfaces/share/status_interfaces/msg/SystemStatus.msg
[2.979s] -- Up-to-date: /home/lhc/fishros-/p3/topic_practice_ws/install/status_interfaces/share/ament_index/resource_index/package_run_dependencies/status_interfaces
[2.980s] -- Up-to-date: /home/lhc/fishros-/p3/topic_practice_ws/install/status_interfaces/share/ament_index/resource_index/parent_prefix_path/status_interfaces
[2.980s] -- Up-to-date: /home/lhc/fishros-/p3/topic_practice_ws/install/status_interfaces/share/status_interfaces/environment/ament_prefix_path.sh
[2.980s] -- Installing: /home/lhc/fishros-/p3/topic_practice_ws/install/status_interfaces/share/status_interfaces/environment/ament_prefix_path.dsv
[2.980s] -- Up-to-date: /home/lhc/fishros-/p3/topic_practice_ws/install/status_interfaces/share/status_interfaces/environment/path.sh
[2.980s] -- Installing: /home/lhc/fishros-/p3/topic_practice_ws/install/status_interfaces/share/status_interfaces/environment/path.dsv
[2.981s] -- Up-to-date: /home/lhc/fishros-/p3/topic_practice_ws/install/status_interfaces/share/status_interfaces/local_setup.bash
[2.981s] -- Up-to-date: /home/lhc/fishros-/p3/topic_practice_ws/install/status_interfaces/share/status_interfaces/local_setup.sh
[2.981s] -- Up-to-date: /home/lhc/fishros-/p3/topic_practice_ws/install/status_interfaces/share/status_interfaces/local_setup.zsh
[2.981s] -- Installing: /home/lhc/fishros-/p3/topic_practice_ws/install/status_interfaces/share/status_interfaces/local_setup.dsv
[2.981s] -- Installing: /home/lhc/fishros-/p3/topic_practice_ws/install/status_interfaces/share/status_interfaces/package.dsv
[2.981s] -- Up-to-date: /home/lhc/fishros-/p3/topic_practice_ws/install/status_interfaces/share/ament_index/resource_index/packages/status_interfaces
[2.981s] -- Up-to-date: /home/lhc/fishros-/p3/topic_practice_ws/install/status_interfaces/share/status_interfaces/cmake/status_interfaces__rosidl_generator_cExport.cmake
[2.981s] -- Installing: /home/lhc/fishros-/p3/topic_practice_ws/install/status_interfaces/share/status_interfaces/cmake/status_interfaces__rosidl_generator_cExport-noconfig.cmake
[2.982s] -- Up-to-date: /home/lhc/fishros-/p3/topic_practice_ws/install/status_interfaces/share/status_interfaces/cmake/status_interfaces__rosidl_typesupport_introspection_cExport.cmake
[2.982s] -- Installing: /home/lhc/fishros-/p3/topic_practice_ws/install/status_interfaces/share/status_interfaces/cmake/status_interfaces__rosidl_typesupport_introspection_cExport-noconfig.cmake
[2.982s] -- Up-to-date: /home/lhc/fishros-/p3/topic_practice_ws/install/status_interfaces/share/status_interfaces/cmake/status_interfaces__rosidl_typesupport_cExport.cmake
[2.982s] -- Installing: /home/lhc/fishros-/p3/topic_practice_ws/install/status_interfaces/share/status_interfaces/cmake/status_interfaces__rosidl_typesupport_cExport-noconfig.cmake
[2.982s] -- Up-to-date: /home/lhc/fishros-/p3/topic_practice_ws/install/status_interfaces/share/status_interfaces/cmake/status_interfaces__rosidl_generator_cppExport.cmake
[2.983s] -- Up-to-date: /home/lhc/fishros-/p3/topic_practice_ws/install/status_interfaces/share/status_interfaces/cmake/status_interfaces__rosidl_typesupport_introspection_cppExport.cmake
[2.983s] -- Installing: /home/lhc/fishros-/p3/topic_practice_ws/install/status_interfaces/share/status_interfaces/cmake/status_interfaces__rosidl_typesupport_introspection_cppExport-noconfig.cmake
[2.983s] -- Up-to-date: /home/lhc/fishros-/p3/topic_practice_ws/install/status_interfaces/share/status_interfaces/cmake/status_interfaces__rosidl_typesupport_cppExport.cmake
[2.983s] -- Installing: /home/lhc/fishros-/p3/topic_practice_ws/install/status_interfaces/share/status_interfaces/cmake/status_interfaces__rosidl_typesupport_cppExport-noconfig.cmake
[2.983s] -- Up-to-date: /home/lhc/fishros-/p3/topic_practice_ws/install/status_interfaces/share/status_interfaces/cmake/rosidl_cmake-extras.cmake
[2.983s] -- Up-to-date: /home/lhc/fishros-/p3/topic_practice_ws/install/status_interfaces/share/status_interfaces/cmake/ament_cmake_export_dependencies-extras.cmake
[2.984s] -- Up-to-date: /home/lhc/fishros-/p3/topic_practice_ws/install/status_interfaces/share/status_interfaces/cmake/ament_cmake_export_libraries-extras.cmake
[2.984s] -- Up-to-date: /home/lhc/fishros-/p3/topic_practice_ws/install/status_interfaces/share/status_interfaces/cmake/ament_cmake_export_targets-extras.cmake
[2.984s] -- Up-to-date: /home/lhc/fishros-/p3/topic_practice_ws/install/status_interfaces/share/status_interfaces/cmake/ament_cmake_export_include_directories-extras.cmake
[2.984s] -- Up-to-date: /home/lhc/fishros-/p3/topic_practice_ws/install/status_interfaces/share/status_interfaces/cmake/rosidl_cmake_export_typesupport_libraries-extras.cmake
[2.984s] -- Up-to-date: /home/lhc/fishros-/p3/topic_practice_ws/install/status_interfaces/share/status_interfaces/cmake/rosidl_cmake_export_typesupport_targets-extras.cmake
[2.984s] -- Up-to-date: /home/lhc/fishros-/p3/topic_practice_ws/install/status_interfaces/share/status_interfaces/cmake/status_interfacesConfig.cmake
[2.984s] -- Up-to-date: /home/lhc/fishros-/p3/topic_practice_ws/install/status_interfaces/share/status_interfaces/cmake/status_interfacesConfig-version.cmake
[2.984s] -- Up-to-date: /home/lhc/fishros-/p3/topic_practice_ws/install/status_interfaces/share/status_interfaces/package.xml
[2.986s] Invoked command in '/home/lhc/fishros-/p3/topic_practice_ws/build/status_interfaces' returned '0': CMAKE_PREFIX_PATH=${CMAKE_PREFIX_PATH}:/home/lhc/fishros-/p3/topic_practice_ws/install/status_publisher:/opt/ros/foxy /usr/bin/cmake --install /home/lhc/fishros-/p3/topic_practice_ws/build/status_interfaces
