[0.009s] Invoking command in '/home/lhc/fishros-/p2/p2_ws/src/build/demo_cpp_pkg': CMAKE_PREFIX_PATH=${CMAKE_PREFIX_PATH}:/opt/ros/foxy /usr/bin/cmake --build /home/lhc/fishros-/p2/p2_ws/src/build/demo_cpp_pkg -- -j12 -l12
[0.032s] -- Found ament_cmake: 0.9.12 (/opt/ros/foxy/share/ament_cmake/cmake)
[0.048s] -- Using PYTHON_EXECUTABLE: /usr/bin/python3
[0.175s] -- Found rclcpp: 2.4.3 (/opt/ros/foxy/share/rclcpp/cmake)
[0.198s] -- Using all available rosidl_typesupport_c: rosidl_typesupport_fastrtps_c;rosidl_typesupport_introspection_c
[0.200s] -- Found rosidl_adapter: 1.3.1 (/opt/ros/foxy/share/rosidl_adapter/cmake)
[0.277s] -- Using all available rosidl_typesupport_cpp: rosidl_typesupport_fastrtps_cpp;rosidl_typesupport_introspection_cpp
[0.311s] -- Found rmw_implementation_cmake: 1.0.4 (/opt/ros/foxy/share/rmw_implementation_cmake/cmake)
[0.312s] -- Using RMW implementation 'rmw_fastrtps_cpp' as default
[0.409s] -- Found ament_lint_auto: 0.9.8 (/opt/ros/foxy/share/ament_lint_auto/cmake)
[0.463s] -- Added test 'cppcheck' to perform static code analysis on C / C++ code
[0.463s] -- Configured cppcheck include dirs: /home/lhc/fishros-/p2/p2_ws/src/demo_cpp_pkg/include
[0.463s] -- Configured cppcheck exclude dirs and/or files: 
[0.464s] -- Added test 'flake8' to check Python code syntax and style conventions
[0.465s] -- Added test 'lint_cmake' to check CMake code style
[0.465s] -- Added test 'pep257' to check Python code against some of the style conventions in PEP 257
[0.468s] -- Added test 'uncrustify' to check C / C++ code style
[0.468s] -- Configured uncrustify additional arguments: 
[0.468s] -- Added test 'xmllint' to check XML markup files
[0.469s] -- Configuring done
[0.478s] -- Generating done
[0.482s] -- Build files have been written to: /home/lhc/fishros-/p2/p2_ws/src/build/demo_cpp_pkg
[0.511s] [ 57%] Built target learn_shared
[0.512s] [ 57%] Built target learn_functional
[0.512s] [ 57%] Built target learn_lambda
[0.512s] [ 57%] Built target learn_auto
[0.512s] [ 64%] [32m[1mLinking CXX executable learn_thread[0m
[0.518s] [ 92%] Built target person_node
[0.518s] [ 92%] Built target cpp_node
[0.618s] /usr/bin/ld: CMakeFiles/learn_thread.dir/src/learn_thread.cpp.o: in function `std::thread::thread<std::_Bind<void (Download::*(Download*, std::_Placeholder<1>, std::_Placeholder<2>, std::_Placeholder<3>))(std::__cxx11::basic_string<char, std::char_traits<char>, std::allocator<char> > const&, std::__cxx11::basic_string<char, std::char_traits<char>, std::allocator<char> > const&, std::function<void (std::__cxx11::basic_string<char, std::char_traits<char>, std::allocator<char> > const&, std::__cxx11::basic_string<char, std::char_traits<char>, std::allocator<char> > const&)> const&)>&, std::__cxx11::basic_string<char, std::char_traits<char>, std::allocator<char> > const&, std::__cxx11::basic_string<char, std::char_traits<char>, std::allocator<char> > const&, std::function<void (std::__cxx11::basic_string<char, std::char_traits<char>, std::allocator<char> > const&, std::__cxx11::basic_string<char, std::char_traits<char>, std::allocator<char> > const&)> const&, void>(std::_Bind<void (Download::*(Download*, std::_Placeholder<1>, std::_Placeholder<2>, std::_Placeholder<3>))(std::__cxx11::basic_string<char, std::char_traits<char>, std::allocator<char> > const&, std::__cxx11::basic_string<char, std::char_traits<char>, std::allocator<char> > const&, std::function<void (std::__cxx11::basic_string<char, std::char_traits<char>, std::allocator<char> > const&, std::__cxx11::basic_string<char, std::char_traits<char>, std::allocator<char> > const&)> const&)>&, std::__cxx11::basic_string<char, std::char_traits<char>, std::allocator<char> > const&, std::__cxx11::basic_string<char, std::char_traits<char>, std::allocator<char> > const&, std::function<void (std::__cxx11::basic_string<char, std::char_traits<char>, std::allocator<char> > const&, std::__cxx11::basic_string<char, std::char_traits<char>, std::allocator<char> > const&)> const&)':
[0.618s] learn_thread.cpp:(.text._ZNSt6threadC2IRSt5_BindIFM8DownloadFvRKNSt7__cxx1112basic_stringIcSt11char_traitsIcESaIcEEESA_RKSt8functionIFvSA_SA_EEEPS2_St12_PlaceholderILi1EESJ_ILi2EESJ_ILi3EEEEJSA_SA_SF_EvEEOT_DpOT0_[_ZNSt6threadC5IRSt5_BindIFM8DownloadFvRKNSt7__cxx1112basic_stringIcSt11char_traitsIcESaIcEEESA_RKSt8functionIFvSA_SA_EEEPS2_St12_PlaceholderILi1EESJ_ILi2EESJ_ILi3EEEEJSA_SA_SF_EvEEOT_DpOT0_]+0x58): undefined reference to `pthread_create'
[0.618s] collect2: error: ld returned 1 exit status
[0.619s] make[2]: *** [CMakeFiles/learn_thread.dir/build.make:84：learn_thread] 错误 1
[0.619s] make[1]: *** [CMakeFiles/Makefile2:306：CMakeFiles/learn_thread.dir/all] 错误 2
[0.620s] make: *** [Makefile:141：all] 错误 2
[0.622s] Invoked command in '/home/lhc/fishros-/p2/p2_ws/src/build/demo_cpp_pkg' returned '2': CMAKE_PREFIX_PATH=${CMAKE_PREFIX_PATH}:/opt/ros/foxy /usr/bin/cmake --build /home/lhc/fishros-/p2/p2_ws/src/build/demo_cpp_pkg -- -j12 -l12
