[0.007s] Invoking command in '/home/lhc/fishros-/p2/p2_ws/build/demo_cpp_pkg': CMAKE_PREFIX_PATH=/opt/ros/foxy /usr/bin/cmake /home/lhc/fishros-/p2/p2_ws/src/demo_cpp_pkg -DCMAKE_INSTALL_PREFIX=/home/lhc/fishros-/p2/p2_ws/install/demo_cpp_pkg
[0.054s] -- The C compiler identification is GNU 9.4.0
[0.098s] -- The CXX compiler identification is GNU 9.4.0
[0.103s] -- Check for working C compiler: /usr/bin/cc
[0.157s] -- Check for working C compiler: /usr/bin/cc -- works
[0.158s] -- Detecting C compiler ABI info
[0.220s] -- Detecting C compiler ABI info - done
[0.227s] -- Detecting C compile features
[0.227s] -- Detecting C compile features - done
[0.229s] -- Check for working CXX compiler: /usr/bin/c++
[0.292s] -- Check for working CXX compiler: /usr/bin/c++ -- works
[0.293s] -- Detecting CXX compiler ABI info
[0.361s] -- Detecting CXX compiler ABI info - done
[0.374s] -- Detecting CXX compile features
[0.374s] -- Detecting CXX compile features - done
[0.375s] -- Found ament_cmake: 0.9.12 (/opt/ros/foxy/share/ament_cmake/cmake)
[0.393s] -- Found PythonInterp: /usr/bin/python3 (found suitable version "3.8.10", minimum required is "3") 
[0.394s] -- Using PYTHON_EXECUTABLE: /usr/bin/python3
[0.542s] -- Found rclcpp: 2.4.3 (/opt/ros/foxy/share/rclcpp/cmake)
[0.575s] -- Using all available rosidl_typesupport_c: rosidl_typesupport_fastrtps_c;rosidl_typesupport_introspection_c
[0.580s] -- Found rosidl_adapter: 1.3.1 (/opt/ros/foxy/share/rosidl_adapter/cmake)
[0.634s] -- Found OpenSSL: /usr/lib/x86_64-linux-gnu/libcrypto.so (found version "1.1.1f")  
[0.656s] -- Found FastRTPS: /opt/ros/foxy/include  
[0.710s] -- Using all available rosidl_typesupport_cpp: rosidl_typesupport_fastrtps_cpp;rosidl_typesupport_introspection_cpp
[0.752s] -- Found rmw_implementation_cmake: 1.0.4 (/opt/ros/foxy/share/rmw_implementation_cmake/cmake)
[0.754s] -- Using RMW implementation 'rmw_fastrtps_cpp' as default
[0.755s] -- Looking for pthread.h
[0.822s] -- Looking for pthread.h - found
[0.822s] -- Performing Test CMAKE_HAVE_LIBC_PTHREAD
[0.879s] -- Performing Test CMAKE_HAVE_LIBC_PTHREAD - Failed
[0.879s] -- Looking for pthread_create in pthreads
[0.933s] -- Looking for pthread_create in pthreads - not found
[0.934s] -- Looking for pthread_create in pthread
[0.996s] -- Looking for pthread_create in pthread - found
[0.997s] -- Found Threads: TRUE  
[1.112s] -- Found ament_lint_auto: 0.9.8 (/opt/ros/foxy/share/ament_lint_auto/cmake)
[1.181s] -- Added test 'cppcheck' to perform static code analysis on C / C++ code
[1.181s] -- Configured cppcheck include dirs: 
[1.181s] -- Configured cppcheck exclude dirs and/or files: 
[1.181s] -- Added test 'lint_cmake' to check CMake code style
[1.182s] -- Added test 'uncrustify' to check C / C++ code style
[1.182s] -- Configured uncrustify additional arguments: 
[1.182s] -- Added test 'xmllint' to check XML markup files
[1.184s] -- Configuring done
[1.188s] -- Generating done
[1.190s] -- Build files have been written to: /home/lhc/fishros-/p2/p2_ws/build/demo_cpp_pkg
[1.194s] Invoked command in '/home/lhc/fishros-/p2/p2_ws/build/demo_cpp_pkg' returned '0': CMAKE_PREFIX_PATH=/opt/ros/foxy /usr/bin/cmake /home/lhc/fishros-/p2/p2_ws/src/demo_cpp_pkg -DCMAKE_INSTALL_PREFIX=/home/lhc/fishros-/p2/p2_ws/install/demo_cpp_pkg
[1.197s] Invoking command in '/home/lhc/fishros-/p2/p2_ws/build/demo_cpp_pkg': CMAKE_PREFIX_PATH=/opt/ros/foxy /usr/bin/cmake --build /home/lhc/fishros-/p2/p2_ws/build/demo_cpp_pkg -- -j12 -l12
[1.234s] [35m[1mScanning dependencies of target p2[0m
[1.258s] [ 50%] [32mBuilding CXX object CMakeFiles/p2.dir/src/cpp_node.cpp.o[0m
[2.850s] [100%] [32m[1mLinking CXX executable p2[0m
[2.934s] [100%] Built target p2
[2.944s] Invoked command in '/home/lhc/fishros-/p2/p2_ws/build/demo_cpp_pkg' returned '0': CMAKE_PREFIX_PATH=/opt/ros/foxy /usr/bin/cmake --build /home/lhc/fishros-/p2/p2_ws/build/demo_cpp_pkg -- -j12 -l12
[2.957s] Invoking command in '/home/lhc/fishros-/p2/p2_ws/build/demo_cpp_pkg': CMAKE_PREFIX_PATH=/opt/ros/foxy /usr/bin/cmake --install /home/lhc/fishros-/p2/p2_ws/build/demo_cpp_pkg
[2.963s] -- Install configuration: ""
[2.963s] -- Installing: /home/lhc/fishros-/p2/p2_ws/install/demo_cpp_pkg/lib/demo_cpp_pkg/p2
[2.963s] -- Set runtime path of "/home/lhc/fishros-/p2/p2_ws/install/demo_cpp_pkg/lib/demo_cpp_pkg/p2" to ""
[2.963s] -- Installing: /home/lhc/fishros-/p2/p2_ws/install/demo_cpp_pkg/share/ament_index/resource_index/package_run_dependencies/demo_cpp_pkg
[2.963s] -- Installing: /home/lhc/fishros-/p2/p2_ws/install/demo_cpp_pkg/share/ament_index/resource_index/parent_prefix_path/demo_cpp_pkg
[2.963s] -- Installing: /home/lhc/fishros-/p2/p2_ws/install/demo_cpp_pkg/share/demo_cpp_pkg/environment/ament_prefix_path.sh
[2.964s] -- Installing: /home/lhc/fishros-/p2/p2_ws/install/demo_cpp_pkg/share/demo_cpp_pkg/environment/ament_prefix_path.dsv
[2.964s] -- Installing: /home/lhc/fishros-/p2/p2_ws/install/demo_cpp_pkg/share/demo_cpp_pkg/environment/path.sh
[2.964s] -- Installing: /home/lhc/fishros-/p2/p2_ws/install/demo_cpp_pkg/share/demo_cpp_pkg/environment/path.dsv
[2.964s] -- Installing: /home/lhc/fishros-/p2/p2_ws/install/demo_cpp_pkg/share/demo_cpp_pkg/local_setup.bash
[2.964s] -- Installing: /home/lhc/fishros-/p2/p2_ws/install/demo_cpp_pkg/share/demo_cpp_pkg/local_setup.sh
[2.964s] -- Installing: /home/lhc/fishros-/p2/p2_ws/install/demo_cpp_pkg/share/demo_cpp_pkg/local_setup.zsh
[2.964s] -- Installing: /home/lhc/fishros-/p2/p2_ws/install/demo_cpp_pkg/share/demo_cpp_pkg/local_setup.dsv
[2.964s] -- Installing: /home/lhc/fishros-/p2/p2_ws/install/demo_cpp_pkg/share/demo_cpp_pkg/package.dsv
[2.964s] -- Installing: /home/lhc/fishros-/p2/p2_ws/install/demo_cpp_pkg/share/ament_index/resource_index/packages/demo_cpp_pkg
[2.964s] -- Installing: /home/lhc/fishros-/p2/p2_ws/install/demo_cpp_pkg/share/demo_cpp_pkg/cmake/demo_cpp_pkgConfig.cmake
[2.964s] -- Installing: /home/lhc/fishros-/p2/p2_ws/install/demo_cpp_pkg/share/demo_cpp_pkg/cmake/demo_cpp_pkgConfig-version.cmake
[2.965s] -- Installing: /home/lhc/fishros-/p2/p2_ws/install/demo_cpp_pkg/share/demo_cpp_pkg/package.xml
[2.966s] Invoked command in '/home/lhc/fishros-/p2/p2_ws/build/demo_cpp_pkg' returned '0': CMAKE_PREFIX_PATH=/opt/ros/foxy /usr/bin/cmake --install /home/lhc/fishros-/p2/p2_ws/build/demo_cpp_pkg
