[0.125s] DEBUG:colcon:Command line arguments: ['/usr/bin/colcon', 'build']
[0.125s] DEBUG:colcon:Parsed command line arguments: Namespace(allow_overriding=[], ament_cmake_args=None, base_paths=['.'], build_base='build', catkin_cmake_args=None, catkin_skip_building_tests=False, cmake_args=None, cmake_clean_cache=False, cmake_clean_first=False, cmake_force_configure=False, cmake_target=None, cmake_target_skip_unavailable=False, continue_on_error=False, event_handlers=None, executor='parallel', ignore_user_meta=False, install_base='install', log_base=None, log_level=None, main=<bound method BuildVerb.main of <colcon_core.verb.build.BuildVerb object at 0x7f71980104c0>>, merge_install=False, metas=['./colcon.meta'], packages_above=None, packages_above_and_dependencies=None, packages_above_depth=None, packages_end=None, packages_ignore=None, packages_ignore_regex=None, packages_select=None, packages_select_build_failed=False, packages_select_by_dep=None, packages_select_regex=None, packages_select_test_failures=False, packages_skip=None, packages_skip_build_finished=False, packages_skip_by_dep=None, packages_skip_regex=None, packages_skip_test_passed=False, packages_skip_up_to=None, packages_start=None, packages_up_to=None, packages_up_to_regex=None, parallel_workers=12, paths=None, symlink_install=False, test_result_base=None, verb_extension=<colcon_core.verb.build.BuildVerb object at 0x7f71980104c0>, verb_name='build', verb_parser=<colcon_defaults.argument_parser.defaults.DefaultArgumentsDecorator object at 0x7f7197f309a0>)
[0.228s] Level 1:colcon.colcon_core.package_discovery:discover_packages(colcon_meta) check parameters
[0.228s] Level 1:colcon.colcon_core.package_discovery:discover_packages(recursive) check parameters
[0.228s] Level 1:colcon.colcon_core.package_discovery:discover_packages(ignore) check parameters
[0.228s] Level 1:colcon.colcon_core.package_discovery:discover_packages(path) check parameters
[0.228s] Level 1:colcon.colcon_core.package_discovery:discover_packages(colcon_meta) discover
[0.228s] Level 1:colcon.colcon_core.package_discovery:discover_packages(recursive) discover
[0.229s] INFO:colcon.colcon_core.package_discovery:Crawling recursively for packages in '/home/lhc/fishros-/p3/topic_ws/src'
[0.229s] Level 1:colcon.colcon_core.package_identification:_identify(.) by extensions ['ignore', 'ignore_ament_install']
[0.229s] Level 1:colcon.colcon_core.package_identification:_identify(.) by extension 'ignore'
[0.229s] Level 1:colcon.colcon_core.package_identification:_identify(.) by extension 'ignore_ament_install'
[0.229s] Level 1:colcon.colcon_core.package_identification:_identify(.) by extensions ['colcon_pkg']
[0.229s] Level 1:colcon.colcon_core.package_identification:_identify(.) by extension 'colcon_pkg'
[0.229s] Level 1:colcon.colcon_core.package_identification:_identify(.) by extensions ['colcon_meta']
[0.229s] Level 1:colcon.colcon_core.package_identification:_identify(.) by extension 'colcon_meta'
[0.229s] Level 1:colcon.colcon_core.package_identification:_identify(.) by extensions ['ros']
[0.229s] Level 1:colcon.colcon_core.package_identification:_identify(.) by extension 'ros'
[0.237s] Level 1:colcon.colcon_core.package_identification:_identify(.) by extensions ['cmake', 'python']
[0.237s] Level 1:colcon.colcon_core.package_identification:_identify(.) by extension 'cmake'
[0.237s] Level 1:colcon.colcon_core.package_identification:_identify(.) by extension 'python'
[0.237s] Level 1:colcon.colcon_core.package_identification:_identify(.) by extensions ['python_setup_py']
[0.237s] Level 1:colcon.colcon_core.package_identification:_identify(.) by extension 'python_setup_py'
[0.237s] Level 1:colcon.colcon_core.package_identification:_identify(build) by extensions ['ignore', 'ignore_ament_install']
[0.238s] Level 1:colcon.colcon_core.package_identification:_identify(build) by extension 'ignore'
[0.238s] Level 1:colcon.colcon_core.package_identification:_identify(build) ignored
[0.238s] Level 1:colcon.colcon_core.package_identification:_identify(demo_topic_cpp) by extensions ['ignore', 'ignore_ament_install']
[0.238s] Level 1:colcon.colcon_core.package_identification:_identify(demo_topic_cpp) by extension 'ignore'
[0.238s] Level 1:colcon.colcon_core.package_identification:_identify(demo_topic_cpp) by extension 'ignore_ament_install'
[0.238s] Level 1:colcon.colcon_core.package_identification:_identify(demo_topic_cpp) by extensions ['colcon_pkg']
[0.238s] Level 1:colcon.colcon_core.package_identification:_identify(demo_topic_cpp) by extension 'colcon_pkg'
[0.238s] Level 1:colcon.colcon_core.package_identification:_identify(demo_topic_cpp) by extensions ['colcon_meta']
[0.238s] Level 1:colcon.colcon_core.package_identification:_identify(demo_topic_cpp) by extension 'colcon_meta'
[0.238s] Level 1:colcon.colcon_core.package_identification:_identify(demo_topic_cpp) by extensions ['ros']
[0.238s] Level 1:colcon.colcon_core.package_identification:_identify(demo_topic_cpp) by extension 'ros'
[0.240s] DEBUG:colcon.colcon_core.package_identification:Package 'demo_topic_cpp' with type 'ros.ament_cmake' and name 'demo_topic_cpp'
[0.240s] Level 1:colcon.colcon_core.package_identification:_identify(install) by extensions ['ignore', 'ignore_ament_install']
[0.240s] Level 1:colcon.colcon_core.package_identification:_identify(install) by extension 'ignore'
[0.240s] Level 1:colcon.colcon_core.package_identification:_identify(install) ignored
[0.240s] Level 1:colcon.colcon_core.package_identification:_identify(log) by extensions ['ignore', 'ignore_ament_install']
[0.240s] Level 1:colcon.colcon_core.package_identification:_identify(log) by extension 'ignore'
[0.240s] Level 1:colcon.colcon_core.package_identification:_identify(log) ignored
[0.240s] Level 1:colcon.colcon_core.package_discovery:discover_packages(recursive) using defaults
[0.240s] Level 1:colcon.colcon_core.package_discovery:discover_packages(ignore) discover
[0.240s] Level 1:colcon.colcon_core.package_discovery:discover_packages(ignore) using defaults
[0.240s] Level 1:colcon.colcon_core.package_discovery:discover_packages(path) discover
[0.240s] Level 1:colcon.colcon_core.package_discovery:discover_packages(path) using defaults
[0.251s] Level 1:colcon.colcon_core.package_discovery:discover_packages(prefix_path) check parameters
[0.251s] Level 1:colcon.colcon_core.package_discovery:discover_packages(prefix_path) discover
[0.252s] DEBUG:colcon.colcon_installed_package_information.package_discovery:Found 1 installed packages in /home/lhc/fishros-/p3/topic_ws/src/install
[0.252s] DEBUG:colcon.colcon_installed_package_information.package_discovery:Found 263 installed packages in /opt/ros/foxy
[0.253s] Level 1:colcon.colcon_core.package_discovery:discover_packages(prefix_path) using defaults
[0.302s] Level 5:colcon.colcon_core.verb:set package 'demo_topic_cpp' build argument 'cmake_args' from command line to 'None'
[0.302s] Level 5:colcon.colcon_core.verb:set package 'demo_topic_cpp' build argument 'cmake_target' from command line to 'None'
[0.302s] Level 5:colcon.colcon_core.verb:set package 'demo_topic_cpp' build argument 'cmake_target_skip_unavailable' from command line to 'False'
[0.302s] Level 5:colcon.colcon_core.verb:set package 'demo_topic_cpp' build argument 'cmake_clean_cache' from command line to 'False'
[0.302s] Level 5:colcon.colcon_core.verb:set package 'demo_topic_cpp' build argument 'cmake_clean_first' from command line to 'False'
[0.302s] Level 5:colcon.colcon_core.verb:set package 'demo_topic_cpp' build argument 'cmake_force_configure' from command line to 'False'
[0.302s] Level 5:colcon.colcon_core.verb:set package 'demo_topic_cpp' build argument 'ament_cmake_args' from command line to 'None'
[0.302s] Level 5:colcon.colcon_core.verb:set package 'demo_topic_cpp' build argument 'catkin_cmake_args' from command line to 'None'
[0.302s] Level 5:colcon.colcon_core.verb:set package 'demo_topic_cpp' build argument 'catkin_skip_building_tests' from command line to 'False'
[0.302s] DEBUG:colcon.colcon_core.verb:Building package 'demo_topic_cpp' with the following arguments: {'ament_cmake_args': None, 'build_base': '/home/lhc/fishros-/p3/topic_ws/src/build/demo_topic_cpp', 'catkin_cmake_args': None, 'catkin_skip_building_tests': False, 'cmake_args': None, 'cmake_clean_cache': False, 'cmake_clean_first': False, 'cmake_force_configure': False, 'cmake_target': None, 'cmake_target_skip_unavailable': False, 'install_base': '/home/lhc/fishros-/p3/topic_ws/src/install/demo_topic_cpp', 'merge_install': False, 'path': '/home/lhc/fishros-/p3/topic_ws/src/demo_topic_cpp', 'symlink_install': False, 'test_result_base': None}
[0.302s] INFO:colcon.colcon_core.executor:Executing jobs using 'parallel' executor
[0.303s] DEBUG:colcon.colcon_parallel_executor.executor.parallel:run_until_complete
[0.303s] INFO:colcon.colcon_ros.task.ament_cmake.build:Building ROS package in '/home/lhc/fishros-/p3/topic_ws/src/demo_topic_cpp' with build type 'ament_cmake'
[0.303s] INFO:colcon.colcon_cmake.task.cmake.build:Building CMake package in '/home/lhc/fishros-/p3/topic_ws/src/demo_topic_cpp'
[0.304s] INFO:colcon.colcon_core.plugin_system:Skipping extension 'colcon_core.shell.bat': Not used on non-Windows systems
[0.304s] INFO:colcon.colcon_core.shell:Skip shell extension 'powershell' for command environment: Not usable outside of PowerShell
[0.304s] DEBUG:colcon.colcon_core.shell:Skip shell extension 'dsv' for command environment
[0.312s] DEBUG:colcon.colcon_core.event_handler.log_command:Invoking command in '/home/lhc/fishros-/p3/topic_ws/src/build/demo_topic_cpp': CMAKE_PREFIX_PATH=${CMAKE_PREFIX_PATH}:/opt/ros/foxy /usr/bin/cmake --build /home/lhc/fishros-/p3/topic_ws/src/build/demo_topic_cpp -- -j12 -l12
[0.824s] DEBUG:colcon.colcon_core.event_handler.log_command:Invoked command in '/home/lhc/fishros-/p3/topic_ws/src/build/demo_topic_cpp' returned '2': CMAKE_PREFIX_PATH=${CMAKE_PREFIX_PATH}:/opt/ros/foxy /usr/bin/cmake --build /home/lhc/fishros-/p3/topic_ws/src/build/demo_topic_cpp -- -j12 -l12
[0.824s] Level 1:colcon.colcon_core.environment:create_environment_scripts_only(demo_topic_cpp)
[0.827s] Level 1:colcon.colcon_core.environment:checking '/home/lhc/fishros-/p3/topic_ws/src/install/demo_topic_cpp' for CMake module files
[0.827s] Level 1:colcon.colcon_core.environment:checking '/home/lhc/fishros-/p3/topic_ws/src/install/demo_topic_cpp' for CMake config files
[0.828s] Level 1:colcon.colcon_core.shell:create_environment_hook('demo_topic_cpp', 'cmake_prefix_path')
[0.828s] INFO:colcon.colcon_core.shell:Creating environment hook '/home/lhc/fishros-/p3/topic_ws/src/install/demo_topic_cpp/share/demo_topic_cpp/hook/cmake_prefix_path.ps1'
[0.829s] INFO:colcon.colcon_core.shell:Creating environment descriptor '/home/lhc/fishros-/p3/topic_ws/src/install/demo_topic_cpp/share/demo_topic_cpp/hook/cmake_prefix_path.dsv'
[0.830s] INFO:colcon.colcon_core.shell:Creating environment hook '/home/lhc/fishros-/p3/topic_ws/src/install/demo_topic_cpp/share/demo_topic_cpp/hook/cmake_prefix_path.sh'
[0.832s] Level 1:colcon.colcon_core.environment:checking '/home/lhc/fishros-/p3/topic_ws/src/install/demo_topic_cpp/lib'
[0.832s] Level 1:colcon.colcon_core.environment:checking '/home/lhc/fishros-/p3/topic_ws/src/install/demo_topic_cpp/bin'
[0.833s] Level 1:colcon.colcon_core.environment:checking '/home/lhc/fishros-/p3/topic_ws/src/install/demo_topic_cpp/lib/pkgconfig/demo_topic_cpp.pc'
[0.833s] Level 1:colcon.colcon_core.environment:checking '/home/lhc/fishros-/p3/topic_ws/src/install/demo_topic_cpp/lib/python3.8/site-packages'
[0.833s] Level 1:colcon.colcon_core.environment:checking '/home/lhc/fishros-/p3/topic_ws/src/install/demo_topic_cpp/bin'
[0.834s] INFO:colcon.colcon_core.shell:Creating package script '/home/lhc/fishros-/p3/topic_ws/src/install/demo_topic_cpp/share/demo_topic_cpp/package.ps1'
[0.835s] INFO:colcon.colcon_core.shell:Creating package descriptor '/home/lhc/fishros-/p3/topic_ws/src/install/demo_topic_cpp/share/demo_topic_cpp/package.dsv'
[0.836s] INFO:colcon.colcon_core.shell:Creating package script '/home/lhc/fishros-/p3/topic_ws/src/install/demo_topic_cpp/share/demo_topic_cpp/package.sh'
[0.836s] INFO:colcon.colcon_core.shell:Creating package script '/home/lhc/fishros-/p3/topic_ws/src/install/demo_topic_cpp/share/demo_topic_cpp/package.bash'
[0.837s] INFO:colcon.colcon_core.shell:Creating package script '/home/lhc/fishros-/p3/topic_ws/src/install/demo_topic_cpp/share/demo_topic_cpp/package.zsh'
[0.837s] Level 1:colcon.colcon_core.environment:create_file_with_runtime_dependencies(/home/lhc/fishros-/p3/topic_ws/src/install/demo_topic_cpp/share/colcon-core/packages/demo_topic_cpp)
[0.848s] DEBUG:colcon.colcon_parallel_executor.executor.parallel:closing loop
[0.848s] DEBUG:colcon.colcon_parallel_executor.executor.parallel:loop closed
[0.848s] DEBUG:colcon.colcon_parallel_executor.executor.parallel:run_until_complete finished with '2'
[0.848s] DEBUG:colcon.colcon_core.event_reactor:joining thread
[0.856s] INFO:colcon.colcon_core.plugin_system:Skipping extension 'colcon_notification.desktop_notification.terminal_notifier': Not used on non-Darwin systems
[0.856s] INFO:colcon.colcon_core.plugin_system:Skipping extension 'colcon_notification.desktop_notification.win32': Not used on non-Windows systems
[0.856s] INFO:colcon.colcon_notification.desktop_notification:Sending desktop notification using 'notify2'
[0.867s] DEBUG:colcon.colcon_core.event_reactor:joined thread
[0.867s] INFO:colcon.colcon_core.shell:Creating prefix script '/home/lhc/fishros-/p3/topic_ws/src/install/local_setup.ps1'
[0.868s] INFO:colcon.colcon_core.shell:Creating prefix util module '/home/lhc/fishros-/p3/topic_ws/src/install/_local_setup_util_ps1.py'
[0.870s] INFO:colcon.colcon_core.shell:Creating prefix chain script '/home/lhc/fishros-/p3/topic_ws/src/install/setup.ps1'
[0.870s] INFO:colcon.colcon_core.shell:Creating prefix script '/home/lhc/fishros-/p3/topic_ws/src/install/local_setup.sh'
[0.871s] INFO:colcon.colcon_core.shell:Creating prefix util module '/home/lhc/fishros-/p3/topic_ws/src/install/_local_setup_util_sh.py'
[0.871s] INFO:colcon.colcon_core.shell:Creating prefix chain script '/home/lhc/fishros-/p3/topic_ws/src/install/setup.sh'
[0.872s] INFO:colcon.colcon_core.shell:Creating prefix script '/home/lhc/fishros-/p3/topic_ws/src/install/local_setup.bash'
[0.872s] INFO:colcon.colcon_core.shell:Creating prefix chain script '/home/lhc/fishros-/p3/topic_ws/src/install/setup.bash'
[0.873s] INFO:colcon.colcon_core.shell:Creating prefix script '/home/lhc/fishros-/p3/topic_ws/src/install/local_setup.zsh'
[0.873s] INFO:colcon.colcon_core.shell:Creating prefix chain script '/home/lhc/fishros-/p3/topic_ws/src/install/setup.zsh'
