[0.478s] Invoking command in '/home/lhc/fishros-/p4/p4_ws/src/demo_python_service': AMENT_PREFIX_PATH=/home/lhc/fishros-/p4/p4_ws/install/p4_interfaces_python:${AMENT_PREFIX_PATH} CMAKE_PREFIX_PATH=/home/lhc/fishros-/p4/p4_ws/install/p4_interfaces_python LD_LIBRARY_PATH=/home/lhc/fishros-/p4/p4_ws/install/p4_interfaces_python/lib:${LD_LIBRARY_PATH} PYTHONPATH=/home/lhc/fishros-/p4/p4_ws/build/demo_python_service/prefix_override:/usr/lib/python3/dist-packages/colcon_core/task/python/colcon_distutils_commands:/home/lhc/fishros-/p4/p4_ws/install/demo_python_service/lib/python3.8/site-packages:/home/lhc/fishros-/p4/p4_ws/install/p4_interfaces_python/lib/python3.8/site-packages:${PYTHONPATH} /usr/bin/python3 -W ignore:setup.py install is deprecated -W ignore:easy_install command is deprecated setup.py egg_info --egg-base ../../build/demo_python_service build --build-base /home/lhc/fishros-/p4/p4_ws/build/demo_python_service/build install --record /home/lhc/fishros-/p4/p4_ws/build/demo_python_service/install.log --install-scripts $base/lib/demo_python_service --single-version-externally-managed install_data
[0.641s] running egg_info
[0.641s] writing ../../build/demo_python_service/demo_python_service.egg-info/PKG-INFO
[0.641s] writing dependency_links to ../../build/demo_python_service/demo_python_service.egg-info/dependency_links.txt
[0.641s] writing entry points to ../../build/demo_python_service/demo_python_service.egg-info/entry_points.txt
[0.641s] writing requirements to ../../build/demo_python_service/demo_python_service.egg-info/requires.txt
[0.641s] writing top-level names to ../../build/demo_python_service/demo_python_service.egg-info/top_level.txt
[0.667s] reading manifest file '../../build/demo_python_service/demo_python_service.egg-info/SOURCES.txt'
[0.667s] writing manifest file '../../build/demo_python_service/demo_python_service.egg-info/SOURCES.txt'
[0.667s] running build
[0.667s] running build_py
[0.667s] copying demo_python_service/face_detect_client_node.py -> /home/lhc/fishros-/p4/p4_ws/build/demo_python_service/build/lib/demo_python_service
[0.668s] running install
[0.668s] running install_lib
[0.669s] copying /home/lhc/fishros-/p4/p4_ws/build/demo_python_service/build/lib/demo_python_service/face_detect_client_node.py -> /home/lhc/fishros-/p4/p4_ws/install/demo_python_service/lib/python3.8/site-packages/demo_python_service
[0.669s] byte-compiling /home/lhc/fishros-/p4/p4_ws/install/demo_python_service/lib/python3.8/site-packages/demo_python_service/face_detect_client_node.py to face_detect_client_node.cpython-38.pyc
[0.670s] running install_data
[0.671s] running install_egg_info
[0.672s] removing '/home/lhc/fishros-/p4/p4_ws/install/demo_python_service/lib/python3.8/site-packages/demo_python_service-0.0.0-py3.8.egg-info' (and everything under it)
[0.672s] Copying ../../build/demo_python_service/demo_python_service.egg-info to /home/lhc/fishros-/p4/p4_ws/install/demo_python_service/lib/python3.8/site-packages/demo_python_service-0.0.0-py3.8.egg-info
[0.673s] running install_scripts
[0.684s] Installing face_detect_client_node script to /home/lhc/fishros-/p4/p4_ws/install/demo_python_service/lib/demo_python_service
[0.684s] Installing face_detect_node script to /home/lhc/fishros-/p4/p4_ws/install/demo_python_service/lib/demo_python_service
[0.684s] Installing learn_facedetect script to /home/lhc/fishros-/p4/p4_ws/install/demo_python_service/lib/demo_python_service
[0.685s] writing list of installed files to '/home/lhc/fishros-/p4/p4_ws/build/demo_python_service/install.log'
[0.699s] Invoked command in '/home/lhc/fishros-/p4/p4_ws/src/demo_python_service' returned '0': AMENT_PREFIX_PATH=/home/lhc/fishros-/p4/p4_ws/install/p4_interfaces_python:${AMENT_PREFIX_PATH} CMAKE_PREFIX_PATH=/home/lhc/fishros-/p4/p4_ws/install/p4_interfaces_python LD_LIBRARY_PATH=/home/lhc/fishros-/p4/p4_ws/install/p4_interfaces_python/lib:${LD_LIBRARY_PATH} PYTHONPATH=/home/lhc/fishros-/p4/p4_ws/build/demo_python_service/prefix_override:/usr/lib/python3/dist-packages/colcon_core/task/python/colcon_distutils_commands:/home/lhc/fishros-/p4/p4_ws/install/demo_python_service/lib/python3.8/site-packages:/home/lhc/fishros-/p4/p4_ws/install/p4_interfaces_python/lib/python3.8/site-packages:${PYTHONPATH} /usr/bin/python3 -W ignore:setup.py install is deprecated -W ignore:easy_install command is deprecated setup.py egg_info --egg-base ../../build/demo_python_service build --build-base /home/lhc/fishros-/p4/p4_ws/build/demo_python_service/build install --record /home/lhc/fishros-/p4/p4_ws/build/demo_python_service/install.log --install-scripts $base/lib/demo_python_service --single-version-externally-managed install_data
