[0.017s] Invoking command in '/home/lhc/fishros-/p3/topic_practice_ws/build/status_display': AMENT_PREFIX_PATH=/home/lhc/fishros-/p3/topic_practice_ws/install/status_interfaces:${AMENT_PREFIX_PATH} CMAKE_PREFIX_PATH=/home/lhc/fishros-/p3/topic_practice_ws/install/status_interfaces:/opt/ros/foxy LD_LIBRARY_PATH=/home/lhc/fishros-/p3/topic_practice_ws/install/status_interfaces/lib:${LD_LIBRARY_PATH} PYTHONPATH=/home/lhc/fishros-/p3/topic_practice_ws/install/status_interfaces/lib/python3.8/site-packages:${PYTHONPATH} /usr/bin/cmake --build /home/lhc/fishros-/p3/topic_practice_ws/build/status_display -- -j12 -l12
[0.056s] [35m[1mScanning dependencies of target sys_status_display[0m
[0.070s] [ 50%] Built target hello_qt
[0.096s] [ 75%] [32mBuilding CXX object CMakeFiles/sys_status_display.dir/src/sys_status_display.cpp.o[0m
[4.093s] [100%] [32m[1mLinking CXX executable sys_status_display[0m
[4.839s] [100%] Built target sys_status_display
[4.855s] Invoked command in '/home/lhc/fishros-/p3/topic_practice_ws/build/status_display' returned '0': AMENT_PREFIX_PATH=/home/lhc/fishros-/p3/topic_practice_ws/install/status_interfaces:${AMENT_PREFIX_PATH} CMAKE_PREFIX_PATH=/home/lhc/fishros-/p3/topic_practice_ws/install/status_interfaces:/opt/ros/foxy LD_LIBRARY_PATH=/home/lhc/fishros-/p3/topic_practice_ws/install/status_interfaces/lib:${LD_LIBRARY_PATH} PYTHONPATH=/home/lhc/fishros-/p3/topic_practice_ws/install/status_interfaces/lib/python3.8/site-packages:${PYTHONPATH} /usr/bin/cmake --build /home/lhc/fishros-/p3/topic_practice_ws/build/status_display -- -j12 -l12
[4.858s] Invoking command in '/home/lhc/fishros-/p3/topic_practice_ws/build/status_display': AMENT_PREFIX_PATH=/home/lhc/fishros-/p3/topic_practice_ws/install/status_interfaces:${AMENT_PREFIX_PATH} CMAKE_PREFIX_PATH=/home/lhc/fishros-/p3/topic_practice_ws/install/status_interfaces:/opt/ros/foxy LD_LIBRARY_PATH=/home/lhc/fishros-/p3/topic_practice_ws/install/status_interfaces/lib:${LD_LIBRARY_PATH} PYTHONPATH=/home/lhc/fishros-/p3/topic_practice_ws/install/status_interfaces/lib/python3.8/site-packages:${PYTHONPATH} /usr/bin/cmake --install /home/lhc/fishros-/p3/topic_practice_ws/build/status_display
[4.869s] -- Install configuration: ""
[4.869s] -- Up-to-date: /home/lhc/fishros-/p3/topic_practice_ws/install/status_display/lib/status_display/hello_qt
[4.869s] -- Up-to-date: /home/lhc/fishros-/p3/topic_practice_ws/install/status_display/share/ament_index/resource_index/package_run_dependencies/status_display
[4.870s] -- Installing: /home/lhc/fishros-/p3/topic_practice_ws/install/status_display/share/ament_index/resource_index/parent_prefix_path/status_display
[4.870s] -- Up-to-date: /home/lhc/fishros-/p3/topic_practice_ws/install/status_display/share/status_display/environment/ament_prefix_path.sh
[4.870s] -- Installing: /home/lhc/fishros-/p3/topic_practice_ws/install/status_display/share/status_display/environment/ament_prefix_path.dsv
[4.870s] -- Up-to-date: /home/lhc/fishros-/p3/topic_practice_ws/install/status_display/share/status_display/environment/path.sh
[4.870s] -- Installing: /home/lhc/fishros-/p3/topic_practice_ws/install/status_display/share/status_display/environment/path.dsv
[4.870s] -- Up-to-date: /home/lhc/fishros-/p3/topic_practice_ws/install/status_display/share/status_display/local_setup.bash
[4.870s] -- Up-to-date: /home/lhc/fishros-/p3/topic_practice_ws/install/status_display/share/status_display/local_setup.sh
[4.870s] -- Up-to-date: /home/lhc/fishros-/p3/topic_practice_ws/install/status_display/share/status_display/local_setup.zsh
[4.870s] -- Installing: /home/lhc/fishros-/p3/topic_practice_ws/install/status_display/share/status_display/local_setup.dsv
[4.870s] -- Installing: /home/lhc/fishros-/p3/topic_practice_ws/install/status_display/share/status_display/package.dsv
[4.871s] -- Up-to-date: /home/lhc/fishros-/p3/topic_practice_ws/install/status_display/share/ament_index/resource_index/packages/status_display
[4.871s] -- Up-to-date: /home/lhc/fishros-/p3/topic_practice_ws/install/status_display/share/status_display/cmake/status_displayConfig.cmake
[4.871s] -- Up-to-date: /home/lhc/fishros-/p3/topic_practice_ws/install/status_display/share/status_display/cmake/status_displayConfig-version.cmake
[4.871s] -- Up-to-date: /home/lhc/fishros-/p3/topic_practice_ws/install/status_display/share/status_display/package.xml
[4.872s] Invoked command in '/home/lhc/fishros-/p3/topic_practice_ws/build/status_display' returned '0': AMENT_PREFIX_PATH=/home/lhc/fishros-/p3/topic_practice_ws/install/status_interfaces:${AMENT_PREFIX_PATH} CMAKE_PREFIX_PATH=/home/lhc/fishros-/p3/topic_practice_ws/install/status_interfaces:/opt/ros/foxy LD_LIBRARY_PATH=/home/lhc/fishros-/p3/topic_practice_ws/install/status_interfaces/lib:${LD_LIBRARY_PATH} PYTHONPATH=/home/lhc/fishros-/p3/topic_practice_ws/install/status_interfaces/lib/python3.8/site-packages:${PYTHONPATH} /usr/bin/cmake --install /home/lhc/fishros-/p3/topic_practice_ws/build/status_display
