[  3%] Built target p4_interfaces_python__cpp
[ 12%] Built target p4_interfaces_python__rosidl_generator_c
[ 41%] Built target p4_interfaces_python__rosidl_typesupport_cpp
[ 41%] Built target p4_interfaces_python__rosidl_typesupport_c
[ 41%] Built target p4_interfaces_python__rosidl_typesupport_introspection_cpp
[ 51%] Built target p4_interfaces_python__rosidl_typesupport_introspection_c
[ 61%] Built target p4_interfaces_python__rosidl_typesupport_fastrtps_cpp
[ 70%] Built target p4_interfaces_python__rosidl_typesupport_fastrtps_c
[ 70%] Built target p4_interfaces_python
[ 74%] Built target p4_interfaces_python__py
[ 80%] Built target p4_interfaces_python__python
[ 93%] Built target p4_interfaces_python__rosidl_typesupport_introspection_c__pyext
[ 93%] Built target p4_interfaces_python__rosidl_typesupport_fastrtps_c__pyext
[100%] Built target p4_interfaces_python__rosidl_typesupport_c__pyext
-- Install configuration: ""
-- Installing: /home/lhc/fishros-/p4/p4_ws/install/p4_interfaces_python/share/ament_index/resource_index/rosidl_interfaces/p4_interfaces_python
-- Installing: /home/lhc/fishros-/p4/p4_ws/install/p4_interfaces_python/include/p4_interfaces_python
-- Installing: /home/lhc/fishros-/p4/p4_ws/install/p4_interfaces_python/include/p4_interfaces_python/srv
-- Installing: /home/lhc/fishros-/p4/p4_ws/install/p4_interfaces_python/include/p4_interfaces_python/srv/detail
-- Installing: /home/lhc/fishros-/p4/p4_ws/install/p4_interfaces_python/include/p4_interfaces_python/srv/detail/face_detector__type_support.h
-- Installing: /home/lhc/fishros-/p4/p4_ws/install/p4_interfaces_python/include/p4_interfaces_python/srv/detail/face_detector__struct.h
-- Installing: /home/lhc/fishros-/p4/p4_ws/install/p4_interfaces_python/include/p4_interfaces_python/srv/detail/face_detector__functions.h
-- Installing: /home/lhc/fishros-/p4/p4_ws/install/p4_interfaces_python/include/p4_interfaces_python/srv/detail/face_detector__functions.c
-- Installing: /home/lhc/fishros-/p4/p4_ws/install/p4_interfaces_python/include/p4_interfaces_python/srv/face_detector.h
-- Installing: /home/lhc/fishros-/p4/p4_ws/install/p4_interfaces_python/include/p4_interfaces_python/msg
-- Installing: /home/lhc/fishros-/p4/p4_ws/install/p4_interfaces_python/include/p4_interfaces_python/msg/rosidl_generator_c__visibility_control.h
-- Installing: /home/lhc/fishros-/p4/p4_ws/install/p4_interfaces_python/share/p4_interfaces_python/environment/library_path.sh
-- Installing: /home/lhc/fishros-/p4/p4_ws/install/p4_interfaces_python/share/p4_interfaces_python/environment/library_path.dsv
-- Installing: /home/lhc/fishros-/p4/p4_ws/install/p4_interfaces_python/lib/libp4_interfaces_python__rosidl_generator_c.so
-- Set runtime path of "/home/lhc/fishros-/p4/p4_ws/install/p4_interfaces_python/lib/libp4_interfaces_python__rosidl_generator_c.so" to ""
-- Up-to-date: /home/lhc/fishros-/p4/p4_ws/install/p4_interfaces_python/include/p4_interfaces_python
-- Up-to-date: /home/lhc/fishros-/p4/p4_ws/install/p4_interfaces_python/include/p4_interfaces_python/srv
-- Up-to-date: /home/lhc/fishros-/p4/p4_ws/install/p4_interfaces_python/include/p4_interfaces_python/srv/detail
-- Installing: /home/lhc/fishros-/p4/p4_ws/install/p4_interfaces_python/include/p4_interfaces_python/srv/detail/face_detector__rosidl_typesupport_fastrtps_c.h
-- Up-to-date: /home/lhc/fishros-/p4/p4_ws/install/p4_interfaces_python/include/p4_interfaces_python/msg
-- Installing: /home/lhc/fishros-/p4/p4_ws/install/p4_interfaces_python/include/p4_interfaces_python/msg/rosidl_typesupport_fastrtps_c__visibility_control.h
-- Installing: /home/lhc/fishros-/p4/p4_ws/install/p4_interfaces_python/lib/libp4_interfaces_python__rosidl_typesupport_fastrtps_c.so
-- Set runtime path of "/home/lhc/fishros-/p4/p4_ws/install/p4_interfaces_python/lib/libp4_interfaces_python__rosidl_typesupport_fastrtps_c.so" to ""
-- Up-to-date: /home/lhc/fishros-/p4/p4_ws/install/p4_interfaces_python/include/p4_interfaces_python
-- Up-to-date: /home/lhc/fishros-/p4/p4_ws/install/p4_interfaces_python/include/p4_interfaces_python/srv
-- Up-to-date: /home/lhc/fishros-/p4/p4_ws/install/p4_interfaces_python/include/p4_interfaces_python/srv/detail
-- Installing: /home/lhc/fishros-/p4/p4_ws/install/p4_interfaces_python/include/p4_interfaces_python/srv/detail/dds_fastrtps
-- Installing: /home/lhc/fishros-/p4/p4_ws/install/p4_interfaces_python/include/p4_interfaces_python/srv/detail/face_detector__rosidl_typesupport_fastrtps_cpp.hpp
-- Up-to-date: /home/lhc/fishros-/p4/p4_ws/install/p4_interfaces_python/include/p4_interfaces_python/msg
-- Installing: /home/lhc/fishros-/p4/p4_ws/install/p4_interfaces_python/include/p4_interfaces_python/msg/rosidl_typesupport_fastrtps_cpp__visibility_control.h
-- Installing: /home/lhc/fishros-/p4/p4_ws/install/p4_interfaces_python/lib/libp4_interfaces_python__rosidl_typesupport_fastrtps_cpp.so
-- Set runtime path of "/home/lhc/fishros-/p4/p4_ws/install/p4_interfaces_python/lib/libp4_interfaces_python__rosidl_typesupport_fastrtps_cpp.so" to ""
-- Up-to-date: /home/lhc/fishros-/p4/p4_ws/install/p4_interfaces_python/include/p4_interfaces_python
-- Up-to-date: /home/lhc/fishros-/p4/p4_ws/install/p4_interfaces_python/include/p4_interfaces_python/srv
-- Up-to-date: /home/lhc/fishros-/p4/p4_ws/install/p4_interfaces_python/include/p4_interfaces_python/srv/detail
-- Installing: /home/lhc/fishros-/p4/p4_ws/install/p4_interfaces_python/include/p4_interfaces_python/srv/detail/face_detector__type_support.c
-- Installing: /home/lhc/fishros-/p4/p4_ws/install/p4_interfaces_python/include/p4_interfaces_python/srv/detail/face_detector__rosidl_typesupport_introspection_c.h
-- Up-to-date: /home/lhc/fishros-/p4/p4_ws/install/p4_interfaces_python/include/p4_interfaces_python/msg
-- Installing: /home/lhc/fishros-/p4/p4_ws/install/p4_interfaces_python/include/p4_interfaces_python/msg/rosidl_typesupport_introspection_c__visibility_control.h
-- Installing: /home/lhc/fishros-/p4/p4_ws/install/p4_interfaces_python/lib/libp4_interfaces_python__rosidl_typesupport_introspection_c.so
-- Set runtime path of "/home/lhc/fishros-/p4/p4_ws/install/p4_interfaces_python/lib/libp4_interfaces_python__rosidl_typesupport_introspection_c.so" to ""
-- Installing: /home/lhc/fishros-/p4/p4_ws/install/p4_interfaces_python/lib/libp4_interfaces_python__rosidl_typesupport_c.so
-- Set runtime path of "/home/lhc/fishros-/p4/p4_ws/install/p4_interfaces_python/lib/libp4_interfaces_python__rosidl_typesupport_c.so" to ""
-- Up-to-date: /home/lhc/fishros-/p4/p4_ws/install/p4_interfaces_python/include/p4_interfaces_python
-- Up-to-date: /home/lhc/fishros-/p4/p4_ws/install/p4_interfaces_python/include/p4_interfaces_python/srv
-- Up-to-date: /home/lhc/fishros-/p4/p4_ws/install/p4_interfaces_python/include/p4_interfaces_python/srv/detail
-- Installing: /home/lhc/fishros-/p4/p4_ws/install/p4_interfaces_python/include/p4_interfaces_python/srv/detail/face_detector__type_support.hpp
-- Installing: /home/lhc/fishros-/p4/p4_ws/install/p4_interfaces_python/include/p4_interfaces_python/srv/detail/face_detector__struct.hpp
-- Installing: /home/lhc/fishros-/p4/p4_ws/install/p4_interfaces_python/include/p4_interfaces_python/srv/detail/face_detector__builder.hpp
-- Installing: /home/lhc/fishros-/p4/p4_ws/install/p4_interfaces_python/include/p4_interfaces_python/srv/detail/face_detector__traits.hpp
-- Installing: /home/lhc/fishros-/p4/p4_ws/install/p4_interfaces_python/include/p4_interfaces_python/srv/face_detector.hpp
-- Up-to-date: /home/lhc/fishros-/p4/p4_ws/install/p4_interfaces_python/include/p4_interfaces_python/msg
-- Installing: /home/lhc/fishros-/p4/p4_ws/install/p4_interfaces_python/include/p4_interfaces_python/msg/rosidl_generator_cpp__visibility_control.hpp
-- Up-to-date: /home/lhc/fishros-/p4/p4_ws/install/p4_interfaces_python/include/p4_interfaces_python
-- Up-to-date: /home/lhc/fishros-/p4/p4_ws/install/p4_interfaces_python/include/p4_interfaces_python/srv
-- Up-to-date: /home/lhc/fishros-/p4/p4_ws/install/p4_interfaces_python/include/p4_interfaces_python/srv/detail
-- Installing: /home/lhc/fishros-/p4/p4_ws/install/p4_interfaces_python/include/p4_interfaces_python/srv/detail/face_detector__type_support.cpp
-- Installing: /home/lhc/fishros-/p4/p4_ws/install/p4_interfaces_python/include/p4_interfaces_python/srv/detail/face_detector__rosidl_typesupport_introspection_cpp.hpp
-- Installing: /home/lhc/fishros-/p4/p4_ws/install/p4_interfaces_python/lib/libp4_interfaces_python__rosidl_typesupport_introspection_cpp.so
-- Set runtime path of "/home/lhc/fishros-/p4/p4_ws/install/p4_interfaces_python/lib/libp4_interfaces_python__rosidl_typesupport_introspection_cpp.so" to ""
-- Installing: /home/lhc/fishros-/p4/p4_ws/install/p4_interfaces_python/lib/libp4_interfaces_python__rosidl_typesupport_cpp.so
-- Set runtime path of "/home/lhc/fishros-/p4/p4_ws/install/p4_interfaces_python/lib/libp4_interfaces_python__rosidl_typesupport_cpp.so" to ""
-- Installing: /home/lhc/fishros-/p4/p4_ws/install/p4_interfaces_python/share/p4_interfaces_python/environment/pythonpath.sh
-- Installing: /home/lhc/fishros-/p4/p4_ws/install/p4_interfaces_python/share/p4_interfaces_python/environment/pythonpath.dsv
-- Installing: /home/lhc/fishros-/p4/p4_ws/install/p4_interfaces_python/lib/python3.8/site-packages/p4_interfaces_python/__init__.py
Compiling '/home/lhc/fishros-/p4/p4_ws/install/p4_interfaces_python/lib/python3.8/site-packages/p4_interfaces_python/__init__.py'...
-- Installing: /home/lhc/fishros-/p4/p4_ws/install/p4_interfaces_python/lib/python3.8/site-packages/p4_interfaces_python/srv
-- Installing: /home/lhc/fishros-/p4/p4_ws/install/p4_interfaces_python/lib/python3.8/site-packages/p4_interfaces_python/srv/_face_detector.py
-- Installing: /home/lhc/fishros-/p4/p4_ws/install/p4_interfaces_python/lib/python3.8/site-packages/p4_interfaces_python/srv/_face_detector_s.c
-- Installing: /home/lhc/fishros-/p4/p4_ws/install/p4_interfaces_python/lib/python3.8/site-packages/p4_interfaces_python/srv/__init__.py
-- Installing: /home/lhc/fishros-/p4/p4_ws/install/p4_interfaces_python/lib/python3.8/site-packages/p4_interfaces_python/p4_interfaces_python_s__rosidl_typesupport_fastrtps_c.cpython-38-x86_64-linux-gnu.so
-- Set runtime path of "/home/lhc/fishros-/p4/p4_ws/install/p4_interfaces_python/lib/python3.8/site-packages/p4_interfaces_python/p4_interfaces_python_s__rosidl_typesupport_fastrtps_c.cpython-38-x86_64-linux-gnu.so" to ""
-- Installing: /home/lhc/fishros-/p4/p4_ws/install/p4_interfaces_python/lib/python3.8/site-packages/p4_interfaces_python/p4_interfaces_python_s__rosidl_typesupport_introspection_c.cpython-38-x86_64-linux-gnu.so
-- Set runtime path of "/home/lhc/fishros-/p4/p4_ws/install/p4_interfaces_python/lib/python3.8/site-packages/p4_interfaces_python/p4_interfaces_python_s__rosidl_typesupport_introspection_c.cpython-38-x86_64-linux-gnu.so" to ""
-- Installing: /home/lhc/fishros-/p4/p4_ws/install/p4_interfaces_python/lib/python3.8/site-packages/p4_interfaces_python/p4_interfaces_python_s__rosidl_typesupport_c.cpython-38-x86_64-linux-gnu.so
-- Set runtime path of "/home/lhc/fishros-/p4/p4_ws/install/p4_interfaces_python/lib/python3.8/site-packages/p4_interfaces_python/p4_interfaces_python_s__rosidl_typesupport_c.cpython-38-x86_64-linux-gnu.so" to ""
-- Installing: /home/lhc/fishros-/p4/p4_ws/install/p4_interfaces_python/lib/libp4_interfaces_python__python.so
-- Set runtime path of "/home/lhc/fishros-/p4/p4_ws/install/p4_interfaces_python/lib/libp4_interfaces_python__python.so" to ""
-- Installing: /home/lhc/fishros-/p4/p4_ws/install/p4_interfaces_python/share/p4_interfaces_python/srv/FaceDetector.idl
-- Installing: /home/lhc/fishros-/p4/p4_ws/install/p4_interfaces_python/share/p4_interfaces_python/srv/FaceDetector.srv
-- Installing: /home/lhc/fishros-/p4/p4_ws/install/p4_interfaces_python/share/p4_interfaces_python/srv/FaceDetector_Request.msg
-- Installing: /home/lhc/fishros-/p4/p4_ws/install/p4_interfaces_python/share/p4_interfaces_python/srv/FaceDetector_Response.msg
-- Installing: /home/lhc/fishros-/p4/p4_ws/install/p4_interfaces_python/share/ament_index/resource_index/package_run_dependencies/p4_interfaces_python
-- Installing: /home/lhc/fishros-/p4/p4_ws/install/p4_interfaces_python/share/ament_index/resource_index/parent_prefix_path/p4_interfaces_python
-- Installing: /home/lhc/fishros-/p4/p4_ws/install/p4_interfaces_python/share/p4_interfaces_python/environment/ament_prefix_path.sh
-- Installing: /home/lhc/fishros-/p4/p4_ws/install/p4_interfaces_python/share/p4_interfaces_python/environment/ament_prefix_path.dsv
-- Installing: /home/lhc/fishros-/p4/p4_ws/install/p4_interfaces_python/share/p4_interfaces_python/environment/path.sh
-- Installing: /home/lhc/fishros-/p4/p4_ws/install/p4_interfaces_python/share/p4_interfaces_python/environment/path.dsv
-- Installing: /home/lhc/fishros-/p4/p4_ws/install/p4_interfaces_python/share/p4_interfaces_python/local_setup.bash
-- Installing: /home/lhc/fishros-/p4/p4_ws/install/p4_interfaces_python/share/p4_interfaces_python/local_setup.sh
-- Installing: /home/lhc/fishros-/p4/p4_ws/install/p4_interfaces_python/share/p4_interfaces_python/local_setup.zsh
-- Installing: /home/lhc/fishros-/p4/p4_ws/install/p4_interfaces_python/share/p4_interfaces_python/local_setup.dsv
-- Installing: /home/lhc/fishros-/p4/p4_ws/install/p4_interfaces_python/share/p4_interfaces_python/package.dsv
-- Installing: /home/lhc/fishros-/p4/p4_ws/install/p4_interfaces_python/share/ament_index/resource_index/packages/p4_interfaces_python
-- Installing: /home/lhc/fishros-/p4/p4_ws/install/p4_interfaces_python/share/p4_interfaces_python/cmake/p4_interfaces_python__rosidl_generator_cExport.cmake
-- Installing: /home/lhc/fishros-/p4/p4_ws/install/p4_interfaces_python/share/p4_interfaces_python/cmake/p4_interfaces_python__rosidl_generator_cExport-noconfig.cmake
-- Installing: /home/lhc/fishros-/p4/p4_ws/install/p4_interfaces_python/share/p4_interfaces_python/cmake/p4_interfaces_python__rosidl_typesupport_introspection_cExport.cmake
-- Installing: /home/lhc/fishros-/p4/p4_ws/install/p4_interfaces_python/share/p4_interfaces_python/cmake/p4_interfaces_python__rosidl_typesupport_introspection_cExport-noconfig.cmake
-- Installing: /home/lhc/fishros-/p4/p4_ws/install/p4_interfaces_python/share/p4_interfaces_python/cmake/p4_interfaces_python__rosidl_typesupport_cExport.cmake
-- Installing: /home/lhc/fishros-/p4/p4_ws/install/p4_interfaces_python/share/p4_interfaces_python/cmake/p4_interfaces_python__rosidl_typesupport_cExport-noconfig.cmake
-- Installing: /home/lhc/fishros-/p4/p4_ws/install/p4_interfaces_python/share/p4_interfaces_python/cmake/p4_interfaces_python__rosidl_generator_cppExport.cmake
-- Installing: /home/lhc/fishros-/p4/p4_ws/install/p4_interfaces_python/share/p4_interfaces_python/cmake/p4_interfaces_python__rosidl_typesupport_introspection_cppExport.cmake
-- Installing: /home/lhc/fishros-/p4/p4_ws/install/p4_interfaces_python/share/p4_interfaces_python/cmake/p4_interfaces_python__rosidl_typesupport_introspection_cppExport-noconfig.cmake
-- Installing: /home/lhc/fishros-/p4/p4_ws/install/p4_interfaces_python/share/p4_interfaces_python/cmake/p4_interfaces_python__rosidl_typesupport_cppExport.cmake
-- Installing: /home/lhc/fishros-/p4/p4_ws/install/p4_interfaces_python/share/p4_interfaces_python/cmake/p4_interfaces_python__rosidl_typesupport_cppExport-noconfig.cmake
-- Installing: /home/lhc/fishros-/p4/p4_ws/install/p4_interfaces_python/share/p4_interfaces_python/cmake/rosidl_cmake-extras.cmake
-- Installing: /home/lhc/fishros-/p4/p4_ws/install/p4_interfaces_python/share/p4_interfaces_python/cmake/ament_cmake_export_dependencies-extras.cmake
-- Installing: /home/lhc/fishros-/p4/p4_ws/install/p4_interfaces_python/share/p4_interfaces_python/cmake/ament_cmake_export_libraries-extras.cmake
-- Installing: /home/lhc/fishros-/p4/p4_ws/install/p4_interfaces_python/share/p4_interfaces_python/cmake/ament_cmake_export_targets-extras.cmake
-- Installing: /home/lhc/fishros-/p4/p4_ws/install/p4_interfaces_python/share/p4_interfaces_python/cmake/ament_cmake_export_include_directories-extras.cmake
-- Installing: /home/lhc/fishros-/p4/p4_ws/install/p4_interfaces_python/share/p4_interfaces_python/cmake/rosidl_cmake_export_typesupport_libraries-extras.cmake
-- Installing: /home/lhc/fishros-/p4/p4_ws/install/p4_interfaces_python/share/p4_interfaces_python/cmake/rosidl_cmake_export_typesupport_targets-extras.cmake
-- Installing: /home/lhc/fishros-/p4/p4_ws/install/p4_interfaces_python/share/p4_interfaces_python/cmake/p4_interfaces_pythonConfig.cmake
-- Installing: /home/lhc/fishros-/p4/p4_ws/install/p4_interfaces_python/share/p4_interfaces_python/cmake/p4_interfaces_pythonConfig-version.cmake
-- Installing: /home/lhc/fishros-/p4/p4_ws/install/p4_interfaces_python/share/p4_interfaces_python/package.xml
