[0.016s] Invoking command in '/home/lhc/fishros-/p4/p4_ws/build/p4_interfaces_python': CMAKE_PREFIX_PATH=/opt/ros/foxy /usr/bin/cmake --build /home/lhc/fishros-/p4/p4_ws/build/p4_interfaces_python -- -j12 -l12
[0.077s] [  3%] Built target p4_interfaces_python__cpp
[0.078s] [ 12%] Built target p4_interfaces_python__rosidl_generator_c
[0.100s] [ 41%] Built target p4_interfaces_python__rosidl_typesupport_cpp
[0.100s] [ 41%] Built target p4_interfaces_python__rosidl_typesupport_c
[0.101s] [ 41%] Built target p4_interfaces_python__rosidl_typesupport_introspection_cpp
[0.101s] [ 51%] Built target p4_interfaces_python__rosidl_typesupport_introspection_c
[0.103s] [ 61%] Built target p4_interfaces_python__rosidl_typesupport_fastrtps_cpp
[0.139s] [ 70%] Built target p4_interfaces_python__rosidl_typesupport_fastrtps_c
[0.170s] [ 70%] Built target p4_interfaces_python
[0.197s] [ 74%] Built target p4_interfaces_python__py
[0.230s] [ 80%] Built target p4_interfaces_python__python
[0.256s] [ 93%] Built target p4_interfaces_python__rosidl_typesupport_introspection_c__pyext
[0.256s] [ 93%] Built target p4_interfaces_python__rosidl_typesupport_fastrtps_c__pyext
[0.257s] [100%] Built target p4_interfaces_python__rosidl_typesupport_c__pyext
[0.268s] Invoked command in '/home/lhc/fishros-/p4/p4_ws/build/p4_interfaces_python' returned '0': CMAKE_PREFIX_PATH=/opt/ros/foxy /usr/bin/cmake --build /home/lhc/fishros-/p4/p4_ws/build/p4_interfaces_python -- -j12 -l12
[0.282s] Invoking command in '/home/lhc/fishros-/p4/p4_ws/build/p4_interfaces_python': CMAKE_PREFIX_PATH=/opt/ros/foxy /usr/bin/cmake --install /home/lhc/fishros-/p4/p4_ws/build/p4_interfaces_python
[0.291s] -- Install configuration: ""
[0.291s] -- Installing: /home/lhc/fishros-/p4/p4_ws/install/p4_interfaces_python/share/ament_index/resource_index/rosidl_interfaces/p4_interfaces_python
[0.291s] -- Installing: /home/lhc/fishros-/p4/p4_ws/install/p4_interfaces_python/include/p4_interfaces_python
[0.292s] -- Installing: /home/lhc/fishros-/p4/p4_ws/install/p4_interfaces_python/include/p4_interfaces_python/srv
[0.292s] -- Installing: /home/lhc/fishros-/p4/p4_ws/install/p4_interfaces_python/include/p4_interfaces_python/srv/detail
[0.292s] -- Installing: /home/lhc/fishros-/p4/p4_ws/install/p4_interfaces_python/include/p4_interfaces_python/srv/detail/face_detector__type_support.h
[0.292s] -- Installing: /home/lhc/fishros-/p4/p4_ws/install/p4_interfaces_python/include/p4_interfaces_python/srv/detail/face_detector__struct.h
[0.292s] -- Installing: /home/lhc/fishros-/p4/p4_ws/install/p4_interfaces_python/include/p4_interfaces_python/srv/detail/face_detector__functions.h
[0.292s] -- Installing: /home/lhc/fishros-/p4/p4_ws/install/p4_interfaces_python/include/p4_interfaces_python/srv/detail/face_detector__functions.c
[0.292s] -- Installing: /home/lhc/fishros-/p4/p4_ws/install/p4_interfaces_python/include/p4_interfaces_python/srv/face_detector.h
[0.293s] -- Installing: /home/lhc/fishros-/p4/p4_ws/install/p4_interfaces_python/include/p4_interfaces_python/msg
[0.293s] -- Installing: /home/lhc/fishros-/p4/p4_ws/install/p4_interfaces_python/include/p4_interfaces_python/msg/rosidl_generator_c__visibility_control.h
[0.293s] -- Installing: /home/lhc/fishros-/p4/p4_ws/install/p4_interfaces_python/share/p4_interfaces_python/environment/library_path.sh
[0.294s] -- Installing: /home/lhc/fishros-/p4/p4_ws/install/p4_interfaces_python/share/p4_interfaces_python/environment/library_path.dsv
[0.294s] -- Installing: /home/lhc/fishros-/p4/p4_ws/install/p4_interfaces_python/lib/libp4_interfaces_python__rosidl_generator_c.so
[0.294s] -- Set runtime path of "/home/lhc/fishros-/p4/p4_ws/install/p4_interfaces_python/lib/libp4_interfaces_python__rosidl_generator_c.so" to ""
[0.295s] -- Up-to-date: /home/lhc/fishros-/p4/p4_ws/install/p4_interfaces_python/include/p4_interfaces_python
[0.295s] -- Up-to-date: /home/lhc/fishros-/p4/p4_ws/install/p4_interfaces_python/include/p4_interfaces_python/srv
[0.295s] -- Up-to-date: /home/lhc/fishros-/p4/p4_ws/install/p4_interfaces_python/include/p4_interfaces_python/srv/detail
[0.295s] -- Installing: /home/lhc/fishros-/p4/p4_ws/install/p4_interfaces_python/include/p4_interfaces_python/srv/detail/face_detector__rosidl_typesupport_fastrtps_c.h
[0.295s] -- Up-to-date: /home/lhc/fishros-/p4/p4_ws/install/p4_interfaces_python/include/p4_interfaces_python/msg
[0.295s] -- Installing: /home/lhc/fishros-/p4/p4_ws/install/p4_interfaces_python/include/p4_interfaces_python/msg/rosidl_typesupport_fastrtps_c__visibility_control.h
[0.295s] -- Installing: /home/lhc/fishros-/p4/p4_ws/install/p4_interfaces_python/lib/libp4_interfaces_python__rosidl_typesupport_fastrtps_c.so
[0.295s] -- Set runtime path of "/home/lhc/fishros-/p4/p4_ws/install/p4_interfaces_python/lib/libp4_interfaces_python__rosidl_typesupport_fastrtps_c.so" to ""
[0.296s] -- Up-to-date: /home/lhc/fishros-/p4/p4_ws/install/p4_interfaces_python/include/p4_interfaces_python
[0.296s] -- Up-to-date: /home/lhc/fishros-/p4/p4_ws/install/p4_interfaces_python/include/p4_interfaces_python/srv
[0.296s] -- Up-to-date: /home/lhc/fishros-/p4/p4_ws/install/p4_interfaces_python/include/p4_interfaces_python/srv/detail
[0.296s] -- Installing: /home/lhc/fishros-/p4/p4_ws/install/p4_interfaces_python/include/p4_interfaces_python/srv/detail/dds_fastrtps
[0.296s] -- Installing: /home/lhc/fishros-/p4/p4_ws/install/p4_interfaces_python/include/p4_interfaces_python/srv/detail/face_detector__rosidl_typesupport_fastrtps_cpp.hpp
[0.296s] -- Up-to-date: /home/lhc/fishros-/p4/p4_ws/install/p4_interfaces_python/include/p4_interfaces_python/msg
[0.296s] -- Installing: /home/lhc/fishros-/p4/p4_ws/install/p4_interfaces_python/include/p4_interfaces_python/msg/rosidl_typesupport_fastrtps_cpp__visibility_control.h
[0.296s] -- Installing: /home/lhc/fishros-/p4/p4_ws/install/p4_interfaces_python/lib/libp4_interfaces_python__rosidl_typesupport_fastrtps_cpp.so
[0.297s] -- Set runtime path of "/home/lhc/fishros-/p4/p4_ws/install/p4_interfaces_python/lib/libp4_interfaces_python__rosidl_typesupport_fastrtps_cpp.so" to ""
[0.297s] -- Up-to-date: /home/lhc/fishros-/p4/p4_ws/install/p4_interfaces_python/include/p4_interfaces_python
[0.297s] -- Up-to-date: /home/lhc/fishros-/p4/p4_ws/install/p4_interfaces_python/include/p4_interfaces_python/srv
[0.297s] -- Up-to-date: /home/lhc/fishros-/p4/p4_ws/install/p4_interfaces_python/include/p4_interfaces_python/srv/detail
[0.297s] -- Installing: /home/lhc/fishros-/p4/p4_ws/install/p4_interfaces_python/include/p4_interfaces_python/srv/detail/face_detector__type_support.c
[0.297s] -- Installing: /home/lhc/fishros-/p4/p4_ws/install/p4_interfaces_python/include/p4_interfaces_python/srv/detail/face_detector__rosidl_typesupport_introspection_c.h
[0.297s] -- Up-to-date: /home/lhc/fishros-/p4/p4_ws/install/p4_interfaces_python/include/p4_interfaces_python/msg
[0.298s] -- Installing: /home/lhc/fishros-/p4/p4_ws/install/p4_interfaces_python/include/p4_interfaces_python/msg/rosidl_typesupport_introspection_c__visibility_control.h
[0.298s] -- Installing: /home/lhc/fishros-/p4/p4_ws/install/p4_interfaces_python/lib/libp4_interfaces_python__rosidl_typesupport_introspection_c.so
[0.298s] -- Set runtime path of "/home/lhc/fishros-/p4/p4_ws/install/p4_interfaces_python/lib/libp4_interfaces_python__rosidl_typesupport_introspection_c.so" to ""
[0.298s] -- Installing: /home/lhc/fishros-/p4/p4_ws/install/p4_interfaces_python/lib/libp4_interfaces_python__rosidl_typesupport_c.so
[0.299s] -- Set runtime path of "/home/lhc/fishros-/p4/p4_ws/install/p4_interfaces_python/lib/libp4_interfaces_python__rosidl_typesupport_c.so" to ""
[0.299s] -- Up-to-date: /home/lhc/fishros-/p4/p4_ws/install/p4_interfaces_python/include/p4_interfaces_python
[0.299s] -- Up-to-date: /home/lhc/fishros-/p4/p4_ws/install/p4_interfaces_python/include/p4_interfaces_python/srv
[0.299s] -- Up-to-date: /home/lhc/fishros-/p4/p4_ws/install/p4_interfaces_python/include/p4_interfaces_python/srv/detail
[0.299s] -- Installing: /home/lhc/fishros-/p4/p4_ws/install/p4_interfaces_python/include/p4_interfaces_python/srv/detail/face_detector__type_support.hpp
[0.299s] -- Installing: /home/lhc/fishros-/p4/p4_ws/install/p4_interfaces_python/include/p4_interfaces_python/srv/detail/face_detector__struct.hpp
[0.300s] -- Installing: /home/lhc/fishros-/p4/p4_ws/install/p4_interfaces_python/include/p4_interfaces_python/srv/detail/face_detector__builder.hpp
[0.300s] -- Installing: /home/lhc/fishros-/p4/p4_ws/install/p4_interfaces_python/include/p4_interfaces_python/srv/detail/face_detector__traits.hpp
[0.300s] -- Installing: /home/lhc/fishros-/p4/p4_ws/install/p4_interfaces_python/include/p4_interfaces_python/srv/face_detector.hpp
[0.300s] -- Up-to-date: /home/lhc/fishros-/p4/p4_ws/install/p4_interfaces_python/include/p4_interfaces_python/msg
[0.300s] -- Installing: /home/lhc/fishros-/p4/p4_ws/install/p4_interfaces_python/include/p4_interfaces_python/msg/rosidl_generator_cpp__visibility_control.hpp
[0.300s] -- Up-to-date: /home/lhc/fishros-/p4/p4_ws/install/p4_interfaces_python/include/p4_interfaces_python
[0.301s] -- Up-to-date: /home/lhc/fishros-/p4/p4_ws/install/p4_interfaces_python/include/p4_interfaces_python/srv
[0.301s] -- Up-to-date: /home/lhc/fishros-/p4/p4_ws/install/p4_interfaces_python/include/p4_interfaces_python/srv/detail
[0.301s] -- Installing: /home/lhc/fishros-/p4/p4_ws/install/p4_interfaces_python/include/p4_interfaces_python/srv/detail/face_detector__type_support.cpp
[0.301s] -- Installing: /home/lhc/fishros-/p4/p4_ws/install/p4_interfaces_python/include/p4_interfaces_python/srv/detail/face_detector__rosidl_typesupport_introspection_cpp.hpp
[0.301s] -- Installing: /home/lhc/fishros-/p4/p4_ws/install/p4_interfaces_python/lib/libp4_interfaces_python__rosidl_typesupport_introspection_cpp.so
[0.302s] -- Set runtime path of "/home/lhc/fishros-/p4/p4_ws/install/p4_interfaces_python/lib/libp4_interfaces_python__rosidl_typesupport_introspection_cpp.so" to ""
[0.302s] -- Installing: /home/lhc/fishros-/p4/p4_ws/install/p4_interfaces_python/lib/libp4_interfaces_python__rosidl_typesupport_cpp.so
[0.302s] -- Set runtime path of "/home/lhc/fishros-/p4/p4_ws/install/p4_interfaces_python/lib/libp4_interfaces_python__rosidl_typesupport_cpp.so" to ""
[0.302s] -- Installing: /home/lhc/fishros-/p4/p4_ws/install/p4_interfaces_python/share/p4_interfaces_python/environment/pythonpath.sh
[0.302s] -- Installing: /home/lhc/fishros-/p4/p4_ws/install/p4_interfaces_python/share/p4_interfaces_python/environment/pythonpath.dsv
[0.303s] -- Installing: /home/lhc/fishros-/p4/p4_ws/install/p4_interfaces_python/lib/python3.8/site-packages/p4_interfaces_python/__init__.py
[0.328s] Compiling '/home/lhc/fishros-/p4/p4_ws/install/p4_interfaces_python/lib/python3.8/site-packages/p4_interfaces_python/__init__.py'...
[0.331s] -- Installing: /home/lhc/fishros-/p4/p4_ws/install/p4_interfaces_python/lib/python3.8/site-packages/p4_interfaces_python/srv
[0.331s] -- Installing: /home/lhc/fishros-/p4/p4_ws/install/p4_interfaces_python/lib/python3.8/site-packages/p4_interfaces_python/srv/_face_detector.py
[0.331s] -- Installing: /home/lhc/fishros-/p4/p4_ws/install/p4_interfaces_python/lib/python3.8/site-packages/p4_interfaces_python/srv/_face_detector_s.c
[0.331s] -- Installing: /home/lhc/fishros-/p4/p4_ws/install/p4_interfaces_python/lib/python3.8/site-packages/p4_interfaces_python/srv/__init__.py
[0.332s] -- Installing: /home/lhc/fishros-/p4/p4_ws/install/p4_interfaces_python/lib/python3.8/site-packages/p4_interfaces_python/p4_interfaces_python_s__rosidl_typesupport_fastrtps_c.cpython-38-x86_64-linux-gnu.so
[0.333s] -- Set runtime path of "/home/lhc/fishros-/p4/p4_ws/install/p4_interfaces_python/lib/python3.8/site-packages/p4_interfaces_python/p4_interfaces_python_s__rosidl_typesupport_fastrtps_c.cpython-38-x86_64-linux-gnu.so" to ""
[0.333s] -- Installing: /home/lhc/fishros-/p4/p4_ws/install/p4_interfaces_python/lib/python3.8/site-packages/p4_interfaces_python/p4_interfaces_python_s__rosidl_typesupport_introspection_c.cpython-38-x86_64-linux-gnu.so
[0.335s] -- Set runtime path of "/home/lhc/fishros-/p4/p4_ws/install/p4_interfaces_python/lib/python3.8/site-packages/p4_interfaces_python/p4_interfaces_python_s__rosidl_typesupport_introspection_c.cpython-38-x86_64-linux-gnu.so" to ""
[0.336s] -- Installing: /home/lhc/fishros-/p4/p4_ws/install/p4_interfaces_python/lib/python3.8/site-packages/p4_interfaces_python/p4_interfaces_python_s__rosidl_typesupport_c.cpython-38-x86_64-linux-gnu.so
[0.337s] -- Set runtime path of "/home/lhc/fishros-/p4/p4_ws/install/p4_interfaces_python/lib/python3.8/site-packages/p4_interfaces_python/p4_interfaces_python_s__rosidl_typesupport_c.cpython-38-x86_64-linux-gnu.so" to ""
[0.337s] -- Installing: /home/lhc/fishros-/p4/p4_ws/install/p4_interfaces_python/lib/libp4_interfaces_python__python.so
[0.337s] -- Set runtime path of "/home/lhc/fishros-/p4/p4_ws/install/p4_interfaces_python/lib/libp4_interfaces_python__python.so" to ""
[0.337s] -- Installing: /home/lhc/fishros-/p4/p4_ws/install/p4_interfaces_python/share/p4_interfaces_python/srv/FaceDetector.idl
[0.338s] -- Installing: /home/lhc/fishros-/p4/p4_ws/install/p4_interfaces_python/share/p4_interfaces_python/srv/FaceDetector.srv
[0.338s] -- Installing: /home/lhc/fishros-/p4/p4_ws/install/p4_interfaces_python/share/p4_interfaces_python/srv/FaceDetector_Request.msg
[0.338s] -- Installing: /home/lhc/fishros-/p4/p4_ws/install/p4_interfaces_python/share/p4_interfaces_python/srv/FaceDetector_Response.msg
[0.338s] -- Installing: /home/lhc/fishros-/p4/p4_ws/install/p4_interfaces_python/share/ament_index/resource_index/package_run_dependencies/p4_interfaces_python
[0.339s] -- Installing: /home/lhc/fishros-/p4/p4_ws/install/p4_interfaces_python/share/ament_index/resource_index/parent_prefix_path/p4_interfaces_python
[0.339s] -- Installing: /home/lhc/fishros-/p4/p4_ws/install/p4_interfaces_python/share/p4_interfaces_python/environment/ament_prefix_path.sh
[0.339s] -- Installing: /home/lhc/fishros-/p4/p4_ws/install/p4_interfaces_python/share/p4_interfaces_python/environment/ament_prefix_path.dsv
[0.339s] -- Installing: /home/lhc/fishros-/p4/p4_ws/install/p4_interfaces_python/share/p4_interfaces_python/environment/path.sh
[0.339s] -- Installing: /home/lhc/fishros-/p4/p4_ws/install/p4_interfaces_python/share/p4_interfaces_python/environment/path.dsv
[0.340s] -- Installing: /home/lhc/fishros-/p4/p4_ws/install/p4_interfaces_python/share/p4_interfaces_python/local_setup.bash
[0.340s] -- Installing: /home/lhc/fishros-/p4/p4_ws/install/p4_interfaces_python/share/p4_interfaces_python/local_setup.sh
[0.340s] -- Installing: /home/lhc/fishros-/p4/p4_ws/install/p4_interfaces_python/share/p4_interfaces_python/local_setup.zsh
[0.340s] -- Installing: /home/lhc/fishros-/p4/p4_ws/install/p4_interfaces_python/share/p4_interfaces_python/local_setup.dsv
[0.340s] -- Installing: /home/lhc/fishros-/p4/p4_ws/install/p4_interfaces_python/share/p4_interfaces_python/package.dsv
[0.341s] -- Installing: /home/lhc/fishros-/p4/p4_ws/install/p4_interfaces_python/share/ament_index/resource_index/packages/p4_interfaces_python
[0.341s] -- Installing: /home/lhc/fishros-/p4/p4_ws/install/p4_interfaces_python/share/p4_interfaces_python/cmake/p4_interfaces_python__rosidl_generator_cExport.cmake
[0.341s] -- Installing: /home/lhc/fishros-/p4/p4_ws/install/p4_interfaces_python/share/p4_interfaces_python/cmake/p4_interfaces_python__rosidl_generator_cExport-noconfig.cmake
[0.341s] -- Installing: /home/lhc/fishros-/p4/p4_ws/install/p4_interfaces_python/share/p4_interfaces_python/cmake/p4_interfaces_python__rosidl_typesupport_introspection_cExport.cmake
[0.341s] -- Installing: /home/lhc/fishros-/p4/p4_ws/install/p4_interfaces_python/share/p4_interfaces_python/cmake/p4_interfaces_python__rosidl_typesupport_introspection_cExport-noconfig.cmake
[0.342s] -- Installing: /home/lhc/fishros-/p4/p4_ws/install/p4_interfaces_python/share/p4_interfaces_python/cmake/p4_interfaces_python__rosidl_typesupport_cExport.cmake
[0.342s] -- Installing: /home/lhc/fishros-/p4/p4_ws/install/p4_interfaces_python/share/p4_interfaces_python/cmake/p4_interfaces_python__rosidl_typesupport_cExport-noconfig.cmake
[0.342s] -- Installing: /home/lhc/fishros-/p4/p4_ws/install/p4_interfaces_python/share/p4_interfaces_python/cmake/p4_interfaces_python__rosidl_generator_cppExport.cmake
[0.343s] -- Installing: /home/lhc/fishros-/p4/p4_ws/install/p4_interfaces_python/share/p4_interfaces_python/cmake/p4_interfaces_python__rosidl_typesupport_introspection_cppExport.cmake
[0.343s] -- Installing: /home/lhc/fishros-/p4/p4_ws/install/p4_interfaces_python/share/p4_interfaces_python/cmake/p4_interfaces_python__rosidl_typesupport_introspection_cppExport-noconfig.cmake
[0.343s] -- Installing: /home/lhc/fishros-/p4/p4_ws/install/p4_interfaces_python/share/p4_interfaces_python/cmake/p4_interfaces_python__rosidl_typesupport_cppExport.cmake
[0.343s] -- Installing: /home/lhc/fishros-/p4/p4_ws/install/p4_interfaces_python/share/p4_interfaces_python/cmake/p4_interfaces_python__rosidl_typesupport_cppExport-noconfig.cmake
[0.344s] -- Installing: /home/lhc/fishros-/p4/p4_ws/install/p4_interfaces_python/share/p4_interfaces_python/cmake/rosidl_cmake-extras.cmake
[0.344s] -- Installing: /home/lhc/fishros-/p4/p4_ws/install/p4_interfaces_python/share/p4_interfaces_python/cmake/ament_cmake_export_dependencies-extras.cmake
[0.344s] -- Installing: /home/lhc/fishros-/p4/p4_ws/install/p4_interfaces_python/share/p4_interfaces_python/cmake/ament_cmake_export_libraries-extras.cmake
[0.345s] -- Installing: /home/lhc/fishros-/p4/p4_ws/install/p4_interfaces_python/share/p4_interfaces_python/cmake/ament_cmake_export_targets-extras.cmake
[0.345s] -- Installing: /home/lhc/fishros-/p4/p4_ws/install/p4_interfaces_python/share/p4_interfaces_python/cmake/ament_cmake_export_include_directories-extras.cmake
[0.345s] -- Installing: /home/lhc/fishros-/p4/p4_ws/install/p4_interfaces_python/share/p4_interfaces_python/cmake/rosidl_cmake_export_typesupport_libraries-extras.cmake
[0.345s] -- Installing: /home/lhc/fishros-/p4/p4_ws/install/p4_interfaces_python/share/p4_interfaces_python/cmake/rosidl_cmake_export_typesupport_targets-extras.cmake
[0.346s] -- Installing: /home/lhc/fishros-/p4/p4_ws/install/p4_interfaces_python/share/p4_interfaces_python/cmake/p4_interfaces_pythonConfig.cmake
[0.346s] -- Installing: /home/lhc/fishros-/p4/p4_ws/install/p4_interfaces_python/share/p4_interfaces_python/cmake/p4_interfaces_pythonConfig-version.cmake
[0.346s] -- Installing: /home/lhc/fishros-/p4/p4_ws/install/p4_interfaces_python/share/p4_interfaces_python/package.xml
[0.350s] Invoked command in '/home/lhc/fishros-/p4/p4_ws/build/p4_interfaces_python' returned '0': CMAKE_PREFIX_PATH=/opt/ros/foxy /usr/bin/cmake --install /home/lhc/fishros-/p4/p4_ws/build/p4_interfaces_python
