[0.141s] DEBUG:colcon:Command line arguments: ['/usr/bin/colcon', 'build']
[0.141s] DEBUG:colcon:Parsed command line arguments: Namespace(allow_overriding=[], ament_cmake_args=None, base_paths=['.'], build_base='build', catkin_cmake_args=None, catkin_skip_building_tests=False, cmake_args=None, cmake_clean_cache=False, cmake_clean_first=False, cmake_force_configure=False, cmake_target=None, cmake_target_skip_unavailable=False, continue_on_error=False, event_handlers=None, executor='parallel', ignore_user_meta=False, install_base='install', log_base=None, log_level=None, main=<bound method BuildVerb.main of <colcon_core.verb.build.BuildVerb object at 0x7fc0367984f0>>, merge_install=False, metas=['./colcon.meta'], packages_above=None, packages_above_and_dependencies=None, packages_above_depth=None, packages_end=None, packages_ignore=None, packages_ignore_regex=None, packages_select=None, packages_select_build_failed=False, packages_select_by_dep=None, packages_select_regex=None, packages_select_test_failures=False, packages_skip=None, packages_skip_build_finished=False, packages_skip_by_dep=None, packages_skip_regex=None, packages_skip_test_passed=False, packages_skip_up_to=None, packages_start=None, packages_up_to=None, packages_up_to_regex=None, parallel_workers=12, paths=None, symlink_install=False, test_result_base=None, verb_extension=<colcon_core.verb.build.BuildVerb object at 0x7fc0367984f0>, verb_name='build', verb_parser=<colcon_defaults.argument_parser.defaults.DefaultArgumentsDecorator object at 0x7fc0366b79d0>)
[0.253s] Level 1:colcon.colcon_core.package_discovery:discover_packages(colcon_meta) check parameters
[0.253s] Level 1:colcon.colcon_core.package_discovery:discover_packages(recursive) check parameters
[0.253s] Level 1:colcon.colcon_core.package_discovery:discover_packages(ignore) check parameters
[0.253s] Level 1:colcon.colcon_core.package_discovery:discover_packages(path) check parameters
[0.253s] Level 1:colcon.colcon_core.package_discovery:discover_packages(colcon_meta) discover
[0.253s] Level 1:colcon.colcon_core.package_discovery:discover_packages(recursive) discover
[0.253s] INFO:colcon.colcon_core.package_discovery:Crawling recursively for packages in '/home/lhc/fishros-/p3/topic_practice_ws'
[0.253s] Level 1:colcon.colcon_core.package_identification:_identify(.) by extensions ['ignore', 'ignore_ament_install']
[0.253s] Level 1:colcon.colcon_core.package_identification:_identify(.) by extension 'ignore'
[0.253s] Level 1:colcon.colcon_core.package_identification:_identify(.) by extension 'ignore_ament_install'
[0.253s] Level 1:colcon.colcon_core.package_identification:_identify(.) by extensions ['colcon_pkg']
[0.253s] Level 1:colcon.colcon_core.package_identification:_identify(.) by extension 'colcon_pkg'
[0.253s] Level 1:colcon.colcon_core.package_identification:_identify(.) by extensions ['colcon_meta']
[0.253s] Level 1:colcon.colcon_core.package_identification:_identify(.) by extension 'colcon_meta'
[0.253s] Level 1:colcon.colcon_core.package_identification:_identify(.) by extensions ['ros']
[0.253s] Level 1:colcon.colcon_core.package_identification:_identify(.) by extension 'ros'
[0.262s] Level 1:colcon.colcon_core.package_identification:_identify(.) by extensions ['cmake', 'python']
[0.262s] Level 1:colcon.colcon_core.package_identification:_identify(.) by extension 'cmake'
[0.262s] Level 1:colcon.colcon_core.package_identification:_identify(.) by extension 'python'
[0.262s] Level 1:colcon.colcon_core.package_identification:_identify(.) by extensions ['python_setup_py']
[0.262s] Level 1:colcon.colcon_core.package_identification:_identify(.) by extension 'python_setup_py'
[0.262s] Level 1:colcon.colcon_core.package_identification:_identify(build) by extensions ['ignore', 'ignore_ament_install']
[0.262s] Level 1:colcon.colcon_core.package_identification:_identify(build) by extension 'ignore'
[0.262s] Level 1:colcon.colcon_core.package_identification:_identify(build) ignored
[0.262s] Level 1:colcon.colcon_core.package_identification:_identify(install) by extensions ['ignore', 'ignore_ament_install']
[0.262s] Level 1:colcon.colcon_core.package_identification:_identify(install) by extension 'ignore'
[0.262s] Level 1:colcon.colcon_core.package_identification:_identify(install) ignored
[0.263s] Level 1:colcon.colcon_core.package_identification:_identify(log) by extensions ['ignore', 'ignore_ament_install']
[0.263s] Level 1:colcon.colcon_core.package_identification:_identify(log) by extension 'ignore'
[0.263s] Level 1:colcon.colcon_core.package_identification:_identify(log) ignored
[0.263s] Level 1:colcon.colcon_core.package_identification:_identify(src) by extensions ['ignore', 'ignore_ament_install']
[0.263s] Level 1:colcon.colcon_core.package_identification:_identify(src) by extension 'ignore'
[0.263s] Level 1:colcon.colcon_core.package_identification:_identify(src) by extension 'ignore_ament_install'
[0.263s] Level 1:colcon.colcon_core.package_identification:_identify(src) by extensions ['colcon_pkg']
[0.263s] Level 1:colcon.colcon_core.package_identification:_identify(src) by extension 'colcon_pkg'
[0.263s] Level 1:colcon.colcon_core.package_identification:_identify(src) by extensions ['colcon_meta']
[0.263s] Level 1:colcon.colcon_core.package_identification:_identify(src) by extension 'colcon_meta'
[0.263s] Level 1:colcon.colcon_core.package_identification:_identify(src) by extensions ['ros']
[0.263s] Level 1:colcon.colcon_core.package_identification:_identify(src) by extension 'ros'
[0.263s] Level 1:colcon.colcon_core.package_identification:_identify(src) by extensions ['cmake', 'python']
[0.263s] Level 1:colcon.colcon_core.package_identification:_identify(src) by extension 'cmake'
[0.263s] Level 1:colcon.colcon_core.package_identification:_identify(src) by extension 'python'
[0.263s] Level 1:colcon.colcon_core.package_identification:_identify(src) by extensions ['python_setup_py']
[0.263s] Level 1:colcon.colcon_core.package_identification:_identify(src) by extension 'python_setup_py'
[0.263s] Level 1:colcon.colcon_core.package_identification:_identify(src/status_interfaces) by extensions ['ignore', 'ignore_ament_install']
[0.263s] Level 1:colcon.colcon_core.package_identification:_identify(src/status_interfaces) by extension 'ignore'
[0.263s] Level 1:colcon.colcon_core.package_identification:_identify(src/status_interfaces) by extension 'ignore_ament_install'
[0.263s] Level 1:colcon.colcon_core.package_identification:_identify(src/status_interfaces) by extensions ['colcon_pkg']
[0.263s] Level 1:colcon.colcon_core.package_identification:_identify(src/status_interfaces) by extension 'colcon_pkg'
[0.263s] Level 1:colcon.colcon_core.package_identification:_identify(src/status_interfaces) by extensions ['colcon_meta']
[0.263s] Level 1:colcon.colcon_core.package_identification:_identify(src/status_interfaces) by extension 'colcon_meta'
[0.264s] Level 1:colcon.colcon_core.package_identification:_identify(src/status_interfaces) by extensions ['ros']
[0.264s] Level 1:colcon.colcon_core.package_identification:_identify(src/status_interfaces) by extension 'ros'
[0.265s] DEBUG:colcon.colcon_core.package_identification:Package 'src/status_interfaces' with type 'ros.ament_cmake' and name 'status_interfaces'
[0.265s] Level 1:colcon.colcon_core.package_identification:_identify(src/status_publisher) by extensions ['ignore', 'ignore_ament_install']
[0.266s] Level 1:colcon.colcon_core.package_identification:_identify(src/status_publisher) by extension 'ignore'
[0.266s] Level 1:colcon.colcon_core.package_identification:_identify(src/status_publisher) by extension 'ignore_ament_install'
[0.266s] Level 1:colcon.colcon_core.package_identification:_identify(src/status_publisher) by extensions ['colcon_pkg']
[0.266s] Level 1:colcon.colcon_core.package_identification:_identify(src/status_publisher) by extension 'colcon_pkg'
[0.266s] Level 1:colcon.colcon_core.package_identification:_identify(src/status_publisher) by extensions ['colcon_meta']
[0.266s] Level 1:colcon.colcon_core.package_identification:_identify(src/status_publisher) by extension 'colcon_meta'
[0.266s] Level 1:colcon.colcon_core.package_identification:_identify(src/status_publisher) by extensions ['ros']
[0.266s] Level 1:colcon.colcon_core.package_identification:_identify(src/status_publisher) by extension 'ros'
[0.266s] DEBUG:colcon.colcon_core.package_identification:Package 'src/status_publisher' with type 'ros.ament_python' and name 'status_publisher'
[0.266s] Level 1:colcon.colcon_core.package_discovery:discover_packages(recursive) using defaults
[0.266s] Level 1:colcon.colcon_core.package_discovery:discover_packages(ignore) discover
[0.266s] Level 1:colcon.colcon_core.package_discovery:discover_packages(ignore) using defaults
[0.266s] Level 1:colcon.colcon_core.package_discovery:discover_packages(path) discover
[0.266s] Level 1:colcon.colcon_core.package_discovery:discover_packages(path) using defaults
[0.278s] Level 1:colcon.colcon_core.package_discovery:discover_packages(prefix_path) check parameters
[0.278s] Level 1:colcon.colcon_core.package_discovery:discover_packages(prefix_path) discover
[0.280s] DEBUG:colcon.colcon_installed_package_information.package_discovery:Found 263 installed packages in /opt/ros/foxy
[0.281s] Level 1:colcon.colcon_core.package_discovery:discover_packages(prefix_path) using defaults
[0.332s] Level 5:colcon.colcon_core.verb:set package 'status_interfaces' build argument 'cmake_args' from command line to 'None'
[0.332s] Level 5:colcon.colcon_core.verb:set package 'status_interfaces' build argument 'cmake_target' from command line to 'None'
[0.332s] Level 5:colcon.colcon_core.verb:set package 'status_interfaces' build argument 'cmake_target_skip_unavailable' from command line to 'False'
[0.332s] Level 5:colcon.colcon_core.verb:set package 'status_interfaces' build argument 'cmake_clean_cache' from command line to 'False'
[0.332s] Level 5:colcon.colcon_core.verb:set package 'status_interfaces' build argument 'cmake_clean_first' from command line to 'False'
[0.332s] Level 5:colcon.colcon_core.verb:set package 'status_interfaces' build argument 'cmake_force_configure' from command line to 'False'
[0.332s] Level 5:colcon.colcon_core.verb:set package 'status_interfaces' build argument 'ament_cmake_args' from command line to 'None'
[0.332s] Level 5:colcon.colcon_core.verb:set package 'status_interfaces' build argument 'catkin_cmake_args' from command line to 'None'
[0.332s] Level 5:colcon.colcon_core.verb:set package 'status_interfaces' build argument 'catkin_skip_building_tests' from command line to 'False'
[0.332s] DEBUG:colcon.colcon_core.verb:Building package 'status_interfaces' with the following arguments: {'ament_cmake_args': None, 'build_base': '/home/lhc/fishros-/p3/topic_practice_ws/build/status_interfaces', 'catkin_cmake_args': None, 'catkin_skip_building_tests': False, 'cmake_args': None, 'cmake_clean_cache': False, 'cmake_clean_first': False, 'cmake_force_configure': False, 'cmake_target': None, 'cmake_target_skip_unavailable': False, 'install_base': '/home/lhc/fishros-/p3/topic_practice_ws/install/status_interfaces', 'merge_install': False, 'path': '/home/lhc/fishros-/p3/topic_practice_ws/src/status_interfaces', 'symlink_install': False, 'test_result_base': None}
[0.333s] Level 5:colcon.colcon_core.verb:set package 'status_publisher' build argument 'cmake_args' from command line to 'None'
[0.333s] Level 5:colcon.colcon_core.verb:set package 'status_publisher' build argument 'cmake_target' from command line to 'None'
[0.333s] Level 5:colcon.colcon_core.verb:set package 'status_publisher' build argument 'cmake_target_skip_unavailable' from command line to 'False'
[0.333s] Level 5:colcon.colcon_core.verb:set package 'status_publisher' build argument 'cmake_clean_cache' from command line to 'False'
[0.333s] Level 5:colcon.colcon_core.verb:set package 'status_publisher' build argument 'cmake_clean_first' from command line to 'False'
[0.333s] Level 5:colcon.colcon_core.verb:set package 'status_publisher' build argument 'cmake_force_configure' from command line to 'False'
[0.333s] Level 5:colcon.colcon_core.verb:set package 'status_publisher' build argument 'ament_cmake_args' from command line to 'None'
[0.333s] Level 5:colcon.colcon_core.verb:set package 'status_publisher' build argument 'catkin_cmake_args' from command line to 'None'
[0.333s] Level 5:colcon.colcon_core.verb:set package 'status_publisher' build argument 'catkin_skip_building_tests' from command line to 'False'
[0.333s] DEBUG:colcon.colcon_core.verb:Building package 'status_publisher' with the following arguments: {'ament_cmake_args': None, 'build_base': '/home/lhc/fishros-/p3/topic_practice_ws/build/status_publisher', 'catkin_cmake_args': None, 'catkin_skip_building_tests': False, 'cmake_args': None, 'cmake_clean_cache': False, 'cmake_clean_first': False, 'cmake_force_configure': False, 'cmake_target': None, 'cmake_target_skip_unavailable': False, 'install_base': '/home/lhc/fishros-/p3/topic_practice_ws/install/status_publisher', 'merge_install': False, 'path': '/home/lhc/fishros-/p3/topic_practice_ws/src/status_publisher', 'symlink_install': False, 'test_result_base': None}
[0.333s] INFO:colcon.colcon_core.executor:Executing jobs using 'parallel' executor
[0.334s] DEBUG:colcon.colcon_parallel_executor.executor.parallel:run_until_complete
[0.334s] INFO:colcon.colcon_ros.task.ament_cmake.build:Building ROS package in '/home/lhc/fishros-/p3/topic_practice_ws/src/status_interfaces' with build type 'ament_cmake'
[0.334s] INFO:colcon.colcon_cmake.task.cmake.build:Building CMake package in '/home/lhc/fishros-/p3/topic_practice_ws/src/status_interfaces'
[0.335s] INFO:colcon.colcon_core.plugin_system:Skipping extension 'colcon_core.shell.bat': Not used on non-Windows systems
[0.336s] INFO:colcon.colcon_core.shell:Skip shell extension 'powershell' for command environment: Not usable outside of PowerShell
[0.336s] DEBUG:colcon.colcon_core.shell:Skip shell extension 'dsv' for command environment
[0.346s] DEBUG:colcon.colcon_core.event_handler.log_command:Invoking command in '/home/lhc/fishros-/p3/topic_practice_ws/build/status_interfaces': CMAKE_PREFIX_PATH=/opt/ros/foxy /usr/bin/cmake --build /home/lhc/fishros-/p3/topic_practice_ws/build/status_interfaces -- -j12 -l12
[0.558s] DEBUG:colcon.colcon_core.event_handler.log_command:Invoked command in '/home/lhc/fishros-/p3/topic_practice_ws/build/status_interfaces' returned '0': CMAKE_PREFIX_PATH=/opt/ros/foxy /usr/bin/cmake --build /home/lhc/fishros-/p3/topic_practice_ws/build/status_interfaces -- -j12 -l12
[0.573s] DEBUG:colcon.colcon_core.event_handler.log_command:Invoking command in '/home/lhc/fishros-/p3/topic_practice_ws/build/status_interfaces': CMAKE_PREFIX_PATH=/opt/ros/foxy /usr/bin/cmake --install /home/lhc/fishros-/p3/topic_practice_ws/build/status_interfaces
[0.622s] Level 1:colcon.colcon_core.environment:create_environment_scripts_only(status_interfaces)
[0.623s] DEBUG:colcon.colcon_core.event_handler.log_command:Invoked command in '/home/lhc/fishros-/p3/topic_practice_ws/build/status_interfaces' returned '0': CMAKE_PREFIX_PATH=/opt/ros/foxy /usr/bin/cmake --install /home/lhc/fishros-/p3/topic_practice_ws/build/status_interfaces
[0.626s] Level 1:colcon.colcon_core.environment:checking '/home/lhc/fishros-/p3/topic_practice_ws/install/status_interfaces' for CMake module files
[0.627s] Level 1:colcon.colcon_core.environment:checking '/home/lhc/fishros-/p3/topic_practice_ws/install/status_interfaces' for CMake config files
[0.627s] Level 1:colcon.colcon_core.shell:create_environment_hook('status_interfaces', 'cmake_prefix_path')
[0.627s] INFO:colcon.colcon_core.shell:Creating environment hook '/home/lhc/fishros-/p3/topic_practice_ws/install/status_interfaces/share/status_interfaces/hook/cmake_prefix_path.ps1'
[0.628s] INFO:colcon.colcon_core.shell:Creating environment descriptor '/home/lhc/fishros-/p3/topic_practice_ws/install/status_interfaces/share/status_interfaces/hook/cmake_prefix_path.dsv'
[0.628s] INFO:colcon.colcon_core.shell:Creating environment hook '/home/lhc/fishros-/p3/topic_practice_ws/install/status_interfaces/share/status_interfaces/hook/cmake_prefix_path.sh'
[0.629s] Level 1:colcon.colcon_core.environment:checking '/home/lhc/fishros-/p3/topic_practice_ws/install/status_interfaces/lib'
[0.629s] Level 1:colcon.colcon_core.shell:create_environment_hook('status_interfaces', 'ld_library_path_lib')
[0.629s] INFO:colcon.colcon_core.shell:Creating environment hook '/home/lhc/fishros-/p3/topic_practice_ws/install/status_interfaces/share/status_interfaces/hook/ld_library_path_lib.ps1'
[0.630s] INFO:colcon.colcon_core.shell:Creating environment descriptor '/home/lhc/fishros-/p3/topic_practice_ws/install/status_interfaces/share/status_interfaces/hook/ld_library_path_lib.dsv'
[0.630s] INFO:colcon.colcon_core.shell:Creating environment hook '/home/lhc/fishros-/p3/topic_practice_ws/install/status_interfaces/share/status_interfaces/hook/ld_library_path_lib.sh'
[0.630s] Level 1:colcon.colcon_core.environment:checking '/home/lhc/fishros-/p3/topic_practice_ws/install/status_interfaces/bin'
[0.630s] Level 1:colcon.colcon_core.environment:checking '/home/lhc/fishros-/p3/topic_practice_ws/install/status_interfaces/lib/pkgconfig/status_interfaces.pc'
[0.631s] Level 1:colcon.colcon_core.environment:checking '/home/lhc/fishros-/p3/topic_practice_ws/install/status_interfaces/lib/python3.8/site-packages'
[0.631s] Level 1:colcon.colcon_core.shell:create_environment_hook('status_interfaces', 'pythonpath')
[0.631s] INFO:colcon.colcon_core.shell:Creating environment hook '/home/lhc/fishros-/p3/topic_practice_ws/install/status_interfaces/share/status_interfaces/hook/pythonpath.ps1'
[0.631s] INFO:colcon.colcon_core.shell:Creating environment descriptor '/home/lhc/fishros-/p3/topic_practice_ws/install/status_interfaces/share/status_interfaces/hook/pythonpath.dsv'
[0.631s] INFO:colcon.colcon_core.shell:Creating environment hook '/home/lhc/fishros-/p3/topic_practice_ws/install/status_interfaces/share/status_interfaces/hook/pythonpath.sh'
[0.632s] Level 1:colcon.colcon_core.environment:checking '/home/lhc/fishros-/p3/topic_practice_ws/install/status_interfaces/bin'
[0.632s] INFO:colcon.colcon_core.shell:Creating package script '/home/lhc/fishros-/p3/topic_practice_ws/install/status_interfaces/share/status_interfaces/package.ps1'
[0.633s] INFO:colcon.colcon_core.shell:Creating package descriptor '/home/lhc/fishros-/p3/topic_practice_ws/install/status_interfaces/share/status_interfaces/package.dsv'
[0.633s] INFO:colcon.colcon_core.shell:Creating package script '/home/lhc/fishros-/p3/topic_practice_ws/install/status_interfaces/share/status_interfaces/package.sh'
[0.634s] INFO:colcon.colcon_core.shell:Creating package script '/home/lhc/fishros-/p3/topic_practice_ws/install/status_interfaces/share/status_interfaces/package.bash'
[0.634s] INFO:colcon.colcon_core.shell:Creating package script '/home/lhc/fishros-/p3/topic_practice_ws/install/status_interfaces/share/status_interfaces/package.zsh'
[0.635s] Level 1:colcon.colcon_core.environment:create_file_with_runtime_dependencies(/home/lhc/fishros-/p3/topic_practice_ws/install/status_interfaces/share/colcon-core/packages/status_interfaces)
[0.635s] Level 1:colcon.colcon_core.environment:create_environment_scripts_only(status_interfaces)
[0.636s] Level 1:colcon.colcon_core.environment:checking '/home/lhc/fishros-/p3/topic_practice_ws/install/status_interfaces' for CMake module files
[0.636s] Level 1:colcon.colcon_core.environment:checking '/home/lhc/fishros-/p3/topic_practice_ws/install/status_interfaces' for CMake config files
[0.636s] Level 1:colcon.colcon_core.shell:create_environment_hook('status_interfaces', 'cmake_prefix_path')
[0.636s] INFO:colcon.colcon_core.shell:Creating environment hook '/home/lhc/fishros-/p3/topic_practice_ws/install/status_interfaces/share/status_interfaces/hook/cmake_prefix_path.ps1'
[0.637s] INFO:colcon.colcon_core.shell:Creating environment descriptor '/home/lhc/fishros-/p3/topic_practice_ws/install/status_interfaces/share/status_interfaces/hook/cmake_prefix_path.dsv'
[0.637s] INFO:colcon.colcon_core.shell:Creating environment hook '/home/lhc/fishros-/p3/topic_practice_ws/install/status_interfaces/share/status_interfaces/hook/cmake_prefix_path.sh'
[0.637s] Level 1:colcon.colcon_core.environment:checking '/home/lhc/fishros-/p3/topic_practice_ws/install/status_interfaces/lib'
[0.637s] Level 1:colcon.colcon_core.shell:create_environment_hook('status_interfaces', 'ld_library_path_lib')
[0.637s] INFO:colcon.colcon_core.shell:Creating environment hook '/home/lhc/fishros-/p3/topic_practice_ws/install/status_interfaces/share/status_interfaces/hook/ld_library_path_lib.ps1'
[0.638s] INFO:colcon.colcon_core.shell:Creating environment descriptor '/home/lhc/fishros-/p3/topic_practice_ws/install/status_interfaces/share/status_interfaces/hook/ld_library_path_lib.dsv'
[0.638s] INFO:colcon.colcon_core.shell:Creating environment hook '/home/lhc/fishros-/p3/topic_practice_ws/install/status_interfaces/share/status_interfaces/hook/ld_library_path_lib.sh'
[0.638s] Level 1:colcon.colcon_core.environment:checking '/home/lhc/fishros-/p3/topic_practice_ws/install/status_interfaces/bin'
[0.638s] Level 1:colcon.colcon_core.environment:checking '/home/lhc/fishros-/p3/topic_practice_ws/install/status_interfaces/lib/pkgconfig/status_interfaces.pc'
[0.638s] Level 1:colcon.colcon_core.environment:checking '/home/lhc/fishros-/p3/topic_practice_ws/install/status_interfaces/lib/python3.8/site-packages'
[0.638s] Level 1:colcon.colcon_core.shell:create_environment_hook('status_interfaces', 'pythonpath')
[0.639s] INFO:colcon.colcon_core.shell:Creating environment hook '/home/lhc/fishros-/p3/topic_practice_ws/install/status_interfaces/share/status_interfaces/hook/pythonpath.ps1'
[0.639s] INFO:colcon.colcon_core.shell:Creating environment descriptor '/home/lhc/fishros-/p3/topic_practice_ws/install/status_interfaces/share/status_interfaces/hook/pythonpath.dsv'
[0.639s] INFO:colcon.colcon_core.shell:Creating environment hook '/home/lhc/fishros-/p3/topic_practice_ws/install/status_interfaces/share/status_interfaces/hook/pythonpath.sh'
[0.639s] Level 1:colcon.colcon_core.environment:checking '/home/lhc/fishros-/p3/topic_practice_ws/install/status_interfaces/bin'
[0.640s] INFO:colcon.colcon_core.shell:Creating package script '/home/lhc/fishros-/p3/topic_practice_ws/install/status_interfaces/share/status_interfaces/package.ps1'
[0.640s] INFO:colcon.colcon_core.shell:Creating package descriptor '/home/lhc/fishros-/p3/topic_practice_ws/install/status_interfaces/share/status_interfaces/package.dsv'
[0.640s] INFO:colcon.colcon_core.shell:Creating package script '/home/lhc/fishros-/p3/topic_practice_ws/install/status_interfaces/share/status_interfaces/package.sh'
[0.641s] INFO:colcon.colcon_core.shell:Creating package script '/home/lhc/fishros-/p3/topic_practice_ws/install/status_interfaces/share/status_interfaces/package.bash'
[0.641s] INFO:colcon.colcon_core.shell:Creating package script '/home/lhc/fishros-/p3/topic_practice_ws/install/status_interfaces/share/status_interfaces/package.zsh'
[0.642s] Level 1:colcon.colcon_core.environment:create_file_with_runtime_dependencies(/home/lhc/fishros-/p3/topic_practice_ws/install/status_interfaces/share/colcon-core/packages/status_interfaces)
[0.642s] INFO:colcon.colcon_ros.task.ament_python.build:Building ROS package in '/home/lhc/fishros-/p3/topic_practice_ws/src/status_publisher' with build type 'ament_python'
[0.642s] Level 1:colcon.colcon_core.shell:create_environment_hook('status_publisher', 'ament_prefix_path')
[0.642s] INFO:colcon.colcon_core.shell:Creating environment hook '/home/lhc/fishros-/p3/topic_practice_ws/install/status_publisher/share/status_publisher/hook/ament_prefix_path.ps1'
[0.644s] INFO:colcon.colcon_core.shell:Creating environment descriptor '/home/lhc/fishros-/p3/topic_practice_ws/install/status_publisher/share/status_publisher/hook/ament_prefix_path.dsv'
[0.644s] INFO:colcon.colcon_core.shell:Creating environment hook '/home/lhc/fishros-/p3/topic_practice_ws/install/status_publisher/share/status_publisher/hook/ament_prefix_path.sh'
[0.644s] INFO:colcon.colcon_core.shell:Skip shell extension 'powershell' for command environment: Not usable outside of PowerShell
[0.644s] DEBUG:colcon.colcon_core.shell:Skip shell extension 'dsv' for command environment
[0.824s] INFO:colcon.colcon_core.task.python.build:Building Python package in '/home/lhc/fishros-/p3/topic_practice_ws/src/status_publisher'
[0.825s] INFO:colcon.colcon_core.shell:Skip shell extension 'powershell' for command environment: Not usable outside of PowerShell
[0.825s] DEBUG:colcon.colcon_core.shell:Skip shell extension 'dsv' for command environment
[1.113s] DEBUG:colcon.colcon_core.event_handler.log_command:Invoking command in '/home/lhc/fishros-/p3/topic_practice_ws/src/status_publisher': AMENT_PREFIX_PATH=/home/lhc/fishros-/p3/topic_practice_ws/install/status_interfaces:${AMENT_PREFIX_PATH} CMAKE_PREFIX_PATH=/home/lhc/fishros-/p3/topic_practice_ws/install/status_interfaces LD_LIBRARY_PATH=/home/lhc/fishros-/p3/topic_practice_ws/install/status_interfaces/lib:${LD_LIBRARY_PATH} PYTHONPATH=/home/lhc/fishros-/p3/topic_practice_ws/build/status_publisher/prefix_override:/usr/lib/python3/dist-packages/colcon_core/task/python/colcon_distutils_commands:/home/lhc/fishros-/p3/topic_practice_ws/install/status_publisher/lib/python3.8/site-packages:/home/lhc/fishros-/p3/topic_practice_ws/install/status_interfaces/lib/python3.8/site-packages:${PYTHONPATH} /usr/bin/python3 -W ignore:setup.py install is deprecated -W ignore:easy_install command is deprecated setup.py egg_info --egg-base ../../build/status_publisher build --build-base /home/lhc/fishros-/p3/topic_practice_ws/build/status_publisher/build install --record /home/lhc/fishros-/p3/topic_practice_ws/build/status_publisher/install.log --install-scripts $base/lib/status_publisher --single-version-externally-managed install_data
[1.323s] Level 1:colcon.colcon_core.environment:checking '/home/lhc/fishros-/p3/topic_practice_ws/install/status_publisher' for CMake module files
[1.323s] DEBUG:colcon.colcon_core.event_handler.log_command:Invoked command in '/home/lhc/fishros-/p3/topic_practice_ws/src/status_publisher' returned '0': AMENT_PREFIX_PATH=/home/lhc/fishros-/p3/topic_practice_ws/install/status_interfaces:${AMENT_PREFIX_PATH} CMAKE_PREFIX_PATH=/home/lhc/fishros-/p3/topic_practice_ws/install/status_interfaces LD_LIBRARY_PATH=/home/lhc/fishros-/p3/topic_practice_ws/install/status_interfaces/lib:${LD_LIBRARY_PATH} PYTHONPATH=/home/lhc/fishros-/p3/topic_practice_ws/build/status_publisher/prefix_override:/usr/lib/python3/dist-packages/colcon_core/task/python/colcon_distutils_commands:/home/lhc/fishros-/p3/topic_practice_ws/install/status_publisher/lib/python3.8/site-packages:/home/lhc/fishros-/p3/topic_practice_ws/install/status_interfaces/lib/python3.8/site-packages:${PYTHONPATH} /usr/bin/python3 -W ignore:setup.py install is deprecated -W ignore:easy_install command is deprecated setup.py egg_info --egg-base ../../build/status_publisher build --build-base /home/lhc/fishros-/p3/topic_practice_ws/build/status_publisher/build install --record /home/lhc/fishros-/p3/topic_practice_ws/build/status_publisher/install.log --install-scripts $base/lib/status_publisher --single-version-externally-managed install_data
[1.324s] Level 1:colcon.colcon_core.environment:checking '/home/lhc/fishros-/p3/topic_practice_ws/install/status_publisher' for CMake config files
[1.325s] Level 1:colcon.colcon_core.environment:checking '/home/lhc/fishros-/p3/topic_practice_ws/install/status_publisher/lib'
[1.325s] Level 1:colcon.colcon_core.environment:checking '/home/lhc/fishros-/p3/topic_practice_ws/install/status_publisher/bin'
[1.325s] Level 1:colcon.colcon_core.environment:checking '/home/lhc/fishros-/p3/topic_practice_ws/install/status_publisher/lib/pkgconfig/status_publisher.pc'
[1.325s] Level 1:colcon.colcon_core.environment:checking '/home/lhc/fishros-/p3/topic_practice_ws/install/status_publisher/lib/python3.8/site-packages'
[1.325s] Level 1:colcon.colcon_core.shell:create_environment_hook('status_publisher', 'pythonpath')
[1.326s] INFO:colcon.colcon_core.shell:Creating environment hook '/home/lhc/fishros-/p3/topic_practice_ws/install/status_publisher/share/status_publisher/hook/pythonpath.ps1'
[1.327s] INFO:colcon.colcon_core.shell:Creating environment descriptor '/home/lhc/fishros-/p3/topic_practice_ws/install/status_publisher/share/status_publisher/hook/pythonpath.dsv'
[1.327s] INFO:colcon.colcon_core.shell:Creating environment hook '/home/lhc/fishros-/p3/topic_practice_ws/install/status_publisher/share/status_publisher/hook/pythonpath.sh'
[1.328s] Level 1:colcon.colcon_core.environment:checking '/home/lhc/fishros-/p3/topic_practice_ws/install/status_publisher/bin'
[1.328s] Level 1:colcon.colcon_core.environment:create_environment_scripts_only(status_publisher)
[1.329s] INFO:colcon.colcon_core.shell:Creating package script '/home/lhc/fishros-/p3/topic_practice_ws/install/status_publisher/share/status_publisher/package.ps1'
[1.329s] INFO:colcon.colcon_core.shell:Creating package descriptor '/home/lhc/fishros-/p3/topic_practice_ws/install/status_publisher/share/status_publisher/package.dsv'
[1.330s] INFO:colcon.colcon_core.shell:Creating package script '/home/lhc/fishros-/p3/topic_practice_ws/install/status_publisher/share/status_publisher/package.sh'
[1.330s] INFO:colcon.colcon_core.shell:Creating package script '/home/lhc/fishros-/p3/topic_practice_ws/install/status_publisher/share/status_publisher/package.bash'
[1.331s] INFO:colcon.colcon_core.shell:Creating package script '/home/lhc/fishros-/p3/topic_practice_ws/install/status_publisher/share/status_publisher/package.zsh'
[1.331s] Level 1:colcon.colcon_core.environment:create_file_with_runtime_dependencies(/home/lhc/fishros-/p3/topic_practice_ws/install/status_publisher/share/colcon-core/packages/status_publisher)
[1.332s] DEBUG:colcon.colcon_parallel_executor.executor.parallel:closing loop
[1.332s] DEBUG:colcon.colcon_parallel_executor.executor.parallel:loop closed
[1.332s] DEBUG:colcon.colcon_parallel_executor.executor.parallel:run_until_complete finished with '0'
[1.332s] DEBUG:colcon.colcon_core.event_reactor:joining thread
[1.339s] INFO:colcon.colcon_core.plugin_system:Skipping extension 'colcon_notification.desktop_notification.terminal_notifier': Not used on non-Darwin systems
[1.339s] INFO:colcon.colcon_core.plugin_system:Skipping extension 'colcon_notification.desktop_notification.win32': Not used on non-Windows systems
[1.339s] INFO:colcon.colcon_notification.desktop_notification:Sending desktop notification using 'notify2'
[1.355s] DEBUG:colcon.colcon_core.event_reactor:joined thread
[1.355s] INFO:colcon.colcon_core.shell:Creating prefix script '/home/lhc/fishros-/p3/topic_practice_ws/install/local_setup.ps1'
[1.356s] INFO:colcon.colcon_core.shell:Creating prefix util module '/home/lhc/fishros-/p3/topic_practice_ws/install/_local_setup_util_ps1.py'
[1.357s] INFO:colcon.colcon_core.shell:Creating prefix chain script '/home/lhc/fishros-/p3/topic_practice_ws/install/setup.ps1'
[1.358s] INFO:colcon.colcon_core.shell:Creating prefix script '/home/lhc/fishros-/p3/topic_practice_ws/install/local_setup.sh'
[1.359s] INFO:colcon.colcon_core.shell:Creating prefix util module '/home/lhc/fishros-/p3/topic_practice_ws/install/_local_setup_util_sh.py'
[1.359s] INFO:colcon.colcon_core.shell:Creating prefix chain script '/home/lhc/fishros-/p3/topic_practice_ws/install/setup.sh'
[1.360s] INFO:colcon.colcon_core.shell:Creating prefix script '/home/lhc/fishros-/p3/topic_practice_ws/install/local_setup.bash'
[1.361s] INFO:colcon.colcon_core.shell:Creating prefix chain script '/home/lhc/fishros-/p3/topic_practice_ws/install/setup.bash'
[1.362s] INFO:colcon.colcon_core.shell:Creating prefix script '/home/lhc/fishros-/p3/topic_practice_ws/install/local_setup.zsh'
[1.363s] INFO:colcon.colcon_core.shell:Creating prefix chain script '/home/lhc/fishros-/p3/topic_practice_ws/install/setup.zsh'
