[0.513s] Invoking command in '/home/lhc/fishros-/p4/p4_ws/src/demo_python_service': CMAKE_PREFIX_PATH=/home/lhc/fishros-/p4/p4_ws/install/p4_interfaces_python:/home/lhc/fishros-/p4/p4_ws/install/demo_python_service PYTHONPATH=/home/lhc/fishros-/p4/p4_ws/build/demo_python_service/prefix_override:/usr/lib/python3/dist-packages/colcon_core/task/python/colcon_distutils_commands:/home/lhc/fishros-/p4/p4_ws/install/demo_python_service/lib/python3.8/site-packages:/home/lhc/fishros-/p4/p4_ws/install/p4_interfaces_python/lib/python3.8/site-packages:/home/lhc/fishros-/p4/p4_ws/install/demo_python_service/lib/python3.8/site-packages:/opt/ros/foxy/lib/python3.8/site-packages /usr/bin/python3 -W ignore:setup.py install is deprecated -W ignore:easy_install command is deprecated setup.py egg_info --egg-base ../../build/demo_python_service build --build-base /home/lhc/fishros-/p4/p4_ws/build/demo_python_service/build install --record /home/lhc/fishros-/p4/p4_ws/build/demo_python_service/install.log --install-scripts $base/lib/demo_python_service --single-version-externally-managed install_data
[0.668s] running egg_info
[0.668s] writing ../../build/demo_python_service/demo_python_service.egg-info/PKG-INFO
[0.668s] writing dependency_links to ../../build/demo_python_service/demo_python_service.egg-info/dependency_links.txt
[0.668s] writing entry points to ../../build/demo_python_service/demo_python_service.egg-info/entry_points.txt
[0.669s] writing requirements to ../../build/demo_python_service/demo_python_service.egg-info/requires.txt
[0.669s] writing top-level names to ../../build/demo_python_service/demo_python_service.egg-info/top_level.txt
[0.693s] reading manifest file '../../build/demo_python_service/demo_python_service.egg-info/SOURCES.txt'
[0.694s] writing manifest file '../../build/demo_python_service/demo_python_service.egg-info/SOURCES.txt'
[0.694s] running build
[0.694s] running build_py
[0.694s] copying demo_python_service/face_detect_node.py -> /home/lhc/fishros-/p4/p4_ws/build/demo_python_service/build/lib/demo_python_service
[0.694s] copying demo_python_service/learn_facedetect.py -> /home/lhc/fishros-/p4/p4_ws/build/demo_python_service/build/lib/demo_python_service
[0.694s] running install
[0.695s] running install_lib
[0.696s] copying /home/lhc/fishros-/p4/p4_ws/build/demo_python_service/build/lib/demo_python_service/face_detect_node.py -> /home/lhc/fishros-/p4/p4_ws/install/demo_python_service/lib/python3.8/site-packages/demo_python_service
[0.696s] copying /home/lhc/fishros-/p4/p4_ws/build/demo_python_service/build/lib/demo_python_service/learn_facedetect.py -> /home/lhc/fishros-/p4/p4_ws/install/demo_python_service/lib/python3.8/site-packages/demo_python_service
[0.696s] byte-compiling /home/lhc/fishros-/p4/p4_ws/install/demo_python_service/lib/python3.8/site-packages/demo_python_service/face_detect_node.py to face_detect_node.cpython-38.pyc
[0.697s] byte-compiling /home/lhc/fishros-/p4/p4_ws/install/demo_python_service/lib/python3.8/site-packages/demo_python_service/learn_facedetect.py to learn_facedetect.cpython-38.pyc
[0.698s] running install_data
[0.698s] running install_egg_info
[0.699s] removing '/home/lhc/fishros-/p4/p4_ws/install/demo_python_service/lib/python3.8/site-packages/demo_python_service-0.0.0-py3.8.egg-info' (and everything under it)
[0.700s] Copying ../../build/demo_python_service/demo_python_service.egg-info to /home/lhc/fishros-/p4/p4_ws/install/demo_python_service/lib/python3.8/site-packages/demo_python_service-0.0.0-py3.8.egg-info
[0.701s] running install_scripts
[0.713s] Installing face_detect_node script to /home/lhc/fishros-/p4/p4_ws/install/demo_python_service/lib/demo_python_service
[0.713s] Installing learn_facedetect script to /home/lhc/fishros-/p4/p4_ws/install/demo_python_service/lib/demo_python_service
[0.714s] writing list of installed files to '/home/lhc/fishros-/p4/p4_ws/build/demo_python_service/install.log'
[0.731s] Invoked command in '/home/lhc/fishros-/p4/p4_ws/src/demo_python_service' returned '0': CMAKE_PREFIX_PATH=/home/lhc/fishros-/p4/p4_ws/install/p4_interfaces_python:/home/lhc/fishros-/p4/p4_ws/install/demo_python_service PYTHONPATH=/home/lhc/fishros-/p4/p4_ws/build/demo_python_service/prefix_override:/usr/lib/python3/dist-packages/colcon_core/task/python/colcon_distutils_commands:/home/lhc/fishros-/p4/p4_ws/install/demo_python_service/lib/python3.8/site-packages:/home/lhc/fishros-/p4/p4_ws/install/p4_interfaces_python/lib/python3.8/site-packages:/home/lhc/fishros-/p4/p4_ws/install/demo_python_service/lib/python3.8/site-packages:/opt/ros/foxy/lib/python3.8/site-packages /usr/bin/python3 -W ignore:setup.py install is deprecated -W ignore:easy_install command is deprecated setup.py egg_info --egg-base ../../build/demo_python_service build --build-base /home/lhc/fishros-/p4/p4_ws/build/demo_python_service/build install --record /home/lhc/fishros-/p4/p4_ws/build/demo_python_service/install.log --install-scripts $base/lib/demo_python_service --single-version-externally-managed install_data
