[0.023s] Invoking command in '/home/lhc/fishros-/p3/topic_practice_ws/build/status_display': AMENT_PREFIX_PATH=/home/lhc/fishros-/p3/topic_practice_ws/install/status_interfaces:${AMENT_PREFIX_PATH} CMAKE_PREFIX_PATH=/home/lhc/fishros-/p3/topic_practice_ws/install/status_interfaces:/opt/ros/foxy LD_LIBRARY_PATH=/home/lhc/fishros-/p3/topic_practice_ws/install/status_interfaces/lib:${LD_LIBRARY_PATH} PYTHONPATH=/home/lhc/fishros-/p3/topic_practice_ws/install/status_interfaces/lib/python3.8/site-packages:${PYTHONPATH} /usr/bin/cmake --build /home/lhc/fishros-/p3/topic_practice_ws/build/status_display -- -j12 -l12
[0.092s] [100%] Built target hello_qt
[0.208s] Invoked command in '/home/lhc/fishros-/p3/topic_practice_ws/build/status_display' returned '0': AMENT_PREFIX_PATH=/home/lhc/fishros-/p3/topic_practice_ws/install/status_interfaces:${AMENT_PREFIX_PATH} CMAKE_PREFIX_PATH=/home/lhc/fishros-/p3/topic_practice_ws/install/status_interfaces:/opt/ros/foxy LD_LIBRARY_PATH=/home/lhc/fishros-/p3/topic_practice_ws/install/status_interfaces/lib:${LD_LIBRARY_PATH} PYTHONPATH=/home/lhc/fishros-/p3/topic_practice_ws/install/status_interfaces/lib/python3.8/site-packages:${PYTHONPATH} /usr/bin/cmake --build /home/lhc/fishros-/p3/topic_practice_ws/build/status_display -- -j12 -l12
[0.211s] Invoking command in '/home/lhc/fishros-/p3/topic_practice_ws/build/status_display': AMENT_PREFIX_PATH=/home/lhc/fishros-/p3/topic_practice_ws/install/status_interfaces:${AMENT_PREFIX_PATH} CMAKE_PREFIX_PATH=/home/lhc/fishros-/p3/topic_practice_ws/install/status_interfaces:/opt/ros/foxy LD_LIBRARY_PATH=/home/lhc/fishros-/p3/topic_practice_ws/install/status_interfaces/lib:${LD_LIBRARY_PATH} PYTHONPATH=/home/lhc/fishros-/p3/topic_practice_ws/install/status_interfaces/lib/python3.8/site-packages:${PYTHONPATH} /usr/bin/cmake --install /home/lhc/fishros-/p3/topic_practice_ws/build/status_display
[0.224s] -- Install configuration: ""
[0.224s] -- Up-to-date: /home/lhc/fishros-/p3/topic_practice_ws/install/status_display/lib/status_display/hello_qt
[0.224s] -- Up-to-date: /home/lhc/fishros-/p3/topic_practice_ws/install/status_display/share/ament_index/resource_index/package_run_dependencies/status_display
[0.224s] -- Up-to-date: /home/lhc/fishros-/p3/topic_practice_ws/install/status_display/share/ament_index/resource_index/parent_prefix_path/status_display
[0.224s] -- Up-to-date: /home/lhc/fishros-/p3/topic_practice_ws/install/status_display/share/status_display/environment/ament_prefix_path.sh
[0.224s] -- Up-to-date: /home/lhc/fishros-/p3/topic_practice_ws/install/status_display/share/status_display/environment/ament_prefix_path.dsv
[0.225s] -- Up-to-date: /home/lhc/fishros-/p3/topic_practice_ws/install/status_display/share/status_display/environment/path.sh
[0.225s] -- Up-to-date: /home/lhc/fishros-/p3/topic_practice_ws/install/status_display/share/status_display/environment/path.dsv
[0.225s] -- Up-to-date: /home/lhc/fishros-/p3/topic_practice_ws/install/status_display/share/status_display/local_setup.bash
[0.225s] -- Up-to-date: /home/lhc/fishros-/p3/topic_practice_ws/install/status_display/share/status_display/local_setup.sh
[0.225s] -- Up-to-date: /home/lhc/fishros-/p3/topic_practice_ws/install/status_display/share/status_display/local_setup.zsh
[0.225s] -- Up-to-date: /home/lhc/fishros-/p3/topic_practice_ws/install/status_display/share/status_display/local_setup.dsv
[0.225s] -- Installing: /home/lhc/fishros-/p3/topic_practice_ws/install/status_display/share/status_display/package.dsv
[0.225s] -- Up-to-date: /home/lhc/fishros-/p3/topic_practice_ws/install/status_display/share/ament_index/resource_index/packages/status_display
[0.225s] -- Up-to-date: /home/lhc/fishros-/p3/topic_practice_ws/install/status_display/share/status_display/cmake/status_displayConfig.cmake
[0.225s] -- Up-to-date: /home/lhc/fishros-/p3/topic_practice_ws/install/status_display/share/status_display/cmake/status_displayConfig-version.cmake
[0.225s] -- Up-to-date: /home/lhc/fishros-/p3/topic_practice_ws/install/status_display/share/status_display/package.xml
[0.227s] Invoked command in '/home/lhc/fishros-/p3/topic_practice_ws/build/status_display' returned '0': AMENT_PREFIX_PATH=/home/lhc/fishros-/p3/topic_practice_ws/install/status_interfaces:${AMENT_PREFIX_PATH} CMAKE_PREFIX_PATH=/home/lhc/fishros-/p3/topic_practice_ws/install/status_interfaces:/opt/ros/foxy LD_LIBRARY_PATH=/home/lhc/fishros-/p3/topic_practice_ws/install/status_interfaces/lib:${LD_LIBRARY_PATH} PYTHONPATH=/home/lhc/fishros-/p3/topic_practice_ws/install/status_interfaces/lib/python3.8/site-packages:${PYTHONPATH} /usr/bin/cmake --install /home/lhc/fishros-/p3/topic_practice_ws/build/status_display
