[0.209s] DEBUG:colcon:Command line arguments: ['/usr/bin/colcon', 'build']
[0.209s] DEBUG:colcon:Parsed command line arguments: Namespace(allow_overriding=[], ament_cmake_args=None, base_paths=['.'], build_base='build', catkin_cmake_args=None, catkin_skip_building_tests=False, cmake_args=None, cmake_clean_cache=False, cmake_clean_first=False, cmake_force_configure=False, cmake_target=None, cmake_target_skip_unavailable=False, continue_on_error=False, event_handlers=None, executor='parallel', ignore_user_meta=False, install_base='install', log_base=None, log_level=None, main=<bound method BuildVerb.main of <colcon_core.verb.build.BuildVerb object at 0x7fe3e87ac4f0>>, merge_install=False, metas=['./colcon.meta'], packages_above=None, packages_above_and_dependencies=None, packages_above_depth=None, packages_end=None, packages_ignore=None, packages_ignore_regex=None, packages_select=None, packages_select_build_failed=False, packages_select_by_dep=None, packages_select_regex=None, packages_select_test_failures=False, packages_skip=None, packages_skip_build_finished=False, packages_skip_by_dep=None, packages_skip_regex=None, packages_skip_test_passed=False, packages_skip_up_to=None, packages_start=None, packages_up_to=None, packages_up_to_regex=None, parallel_workers=12, paths=None, symlink_install=False, test_result_base=None, verb_extension=<colcon_core.verb.build.BuildVerb object at 0x7fe3e87ac4f0>, verb_name='build', verb_parser=<colcon_defaults.argument_parser.defaults.DefaultArgumentsDecorator object at 0x7fe3e86cc9d0>)
[0.339s] Level 1:colcon.colcon_core.package_discovery:discover_packages(colcon_meta) check parameters
[0.339s] Level 1:colcon.colcon_core.package_discovery:discover_packages(recursive) check parameters
[0.339s] Level 1:colcon.colcon_core.package_discovery:discover_packages(ignore) check parameters
[0.340s] Level 1:colcon.colcon_core.package_discovery:discover_packages(path) check parameters
[0.340s] Level 1:colcon.colcon_core.package_discovery:discover_packages(colcon_meta) discover
[0.340s] Level 1:colcon.colcon_core.package_discovery:discover_packages(recursive) discover
[0.340s] INFO:colcon.colcon_core.package_discovery:Crawling recursively for packages in '/home/lhc/fishros-/p3/topic_practice_ws'
[0.340s] Level 1:colcon.colcon_core.package_identification:_identify(.) by extensions ['ignore', 'ignore_ament_install']
[0.340s] Level 1:colcon.colcon_core.package_identification:_identify(.) by extension 'ignore'
[0.340s] Level 1:colcon.colcon_core.package_identification:_identify(.) by extension 'ignore_ament_install'
[0.340s] Level 1:colcon.colcon_core.package_identification:_identify(.) by extensions ['colcon_pkg']
[0.340s] Level 1:colcon.colcon_core.package_identification:_identify(.) by extension 'colcon_pkg'
[0.340s] Level 1:colcon.colcon_core.package_identification:_identify(.) by extensions ['colcon_meta']
[0.340s] Level 1:colcon.colcon_core.package_identification:_identify(.) by extension 'colcon_meta'
[0.340s] Level 1:colcon.colcon_core.package_identification:_identify(.) by extensions ['ros']
[0.340s] Level 1:colcon.colcon_core.package_identification:_identify(.) by extension 'ros'
[0.349s] Level 1:colcon.colcon_core.package_identification:_identify(.) by extensions ['cmake', 'python']
[0.349s] Level 1:colcon.colcon_core.package_identification:_identify(.) by extension 'cmake'
[0.349s] Level 1:colcon.colcon_core.package_identification:_identify(.) by extension 'python'
[0.349s] Level 1:colcon.colcon_core.package_identification:_identify(.) by extensions ['python_setup_py']
[0.349s] Level 1:colcon.colcon_core.package_identification:_identify(.) by extension 'python_setup_py'
[0.349s] Level 1:colcon.colcon_core.package_identification:_identify(build) by extensions ['ignore', 'ignore_ament_install']
[0.349s] Level 1:colcon.colcon_core.package_identification:_identify(build) by extension 'ignore'
[0.349s] Level 1:colcon.colcon_core.package_identification:_identify(build) ignored
[0.349s] Level 1:colcon.colcon_core.package_identification:_identify(install) by extensions ['ignore', 'ignore_ament_install']
[0.349s] Level 1:colcon.colcon_core.package_identification:_identify(install) by extension 'ignore'
[0.349s] Level 1:colcon.colcon_core.package_identification:_identify(install) ignored
[0.349s] Level 1:colcon.colcon_core.package_identification:_identify(log) by extensions ['ignore', 'ignore_ament_install']
[0.349s] Level 1:colcon.colcon_core.package_identification:_identify(log) by extension 'ignore'
[0.349s] Level 1:colcon.colcon_core.package_identification:_identify(log) ignored
[0.350s] Level 1:colcon.colcon_core.package_identification:_identify(src) by extensions ['ignore', 'ignore_ament_install']
[0.350s] Level 1:colcon.colcon_core.package_identification:_identify(src) by extension 'ignore'
[0.350s] Level 1:colcon.colcon_core.package_identification:_identify(src) by extension 'ignore_ament_install'
[0.350s] Level 1:colcon.colcon_core.package_identification:_identify(src) by extensions ['colcon_pkg']
[0.350s] Level 1:colcon.colcon_core.package_identification:_identify(src) by extension 'colcon_pkg'
[0.350s] Level 1:colcon.colcon_core.package_identification:_identify(src) by extensions ['colcon_meta']
[0.350s] Level 1:colcon.colcon_core.package_identification:_identify(src) by extension 'colcon_meta'
[0.350s] Level 1:colcon.colcon_core.package_identification:_identify(src) by extensions ['ros']
[0.350s] Level 1:colcon.colcon_core.package_identification:_identify(src) by extension 'ros'
[0.350s] Level 1:colcon.colcon_core.package_identification:_identify(src) by extensions ['cmake', 'python']
[0.350s] Level 1:colcon.colcon_core.package_identification:_identify(src) by extension 'cmake'
[0.350s] Level 1:colcon.colcon_core.package_identification:_identify(src) by extension 'python'
[0.350s] Level 1:colcon.colcon_core.package_identification:_identify(src) by extensions ['python_setup_py']
[0.350s] Level 1:colcon.colcon_core.package_identification:_identify(src) by extension 'python_setup_py'
[0.350s] Level 1:colcon.colcon_core.package_identification:_identify(src/status_display) by extensions ['ignore', 'ignore_ament_install']
[0.350s] Level 1:colcon.colcon_core.package_identification:_identify(src/status_display) by extension 'ignore'
[0.350s] Level 1:colcon.colcon_core.package_identification:_identify(src/status_display) by extension 'ignore_ament_install'
[0.350s] Level 1:colcon.colcon_core.package_identification:_identify(src/status_display) by extensions ['colcon_pkg']
[0.350s] Level 1:colcon.colcon_core.package_identification:_identify(src/status_display) by extension 'colcon_pkg'
[0.350s] Level 1:colcon.colcon_core.package_identification:_identify(src/status_display) by extensions ['colcon_meta']
[0.350s] Level 1:colcon.colcon_core.package_identification:_identify(src/status_display) by extension 'colcon_meta'
[0.350s] Level 1:colcon.colcon_core.package_identification:_identify(src/status_display) by extensions ['ros']
[0.351s] Level 1:colcon.colcon_core.package_identification:_identify(src/status_display) by extension 'ros'
[0.354s] DEBUG:colcon.colcon_core.package_identification:Package 'src/status_display' with type 'ros.ament_cmake' and name 'status_display'
[0.354s] Level 1:colcon.colcon_core.package_identification:_identify(src/status_interfaces) by extensions ['ignore', 'ignore_ament_install']
[0.354s] Level 1:colcon.colcon_core.package_identification:_identify(src/status_interfaces) by extension 'ignore'
[0.354s] Level 1:colcon.colcon_core.package_identification:_identify(src/status_interfaces) by extension 'ignore_ament_install'
[0.354s] Level 1:colcon.colcon_core.package_identification:_identify(src/status_interfaces) by extensions ['colcon_pkg']
[0.354s] Level 1:colcon.colcon_core.package_identification:_identify(src/status_interfaces) by extension 'colcon_pkg'
[0.354s] Level 1:colcon.colcon_core.package_identification:_identify(src/status_interfaces) by extensions ['colcon_meta']
[0.354s] Level 1:colcon.colcon_core.package_identification:_identify(src/status_interfaces) by extension 'colcon_meta'
[0.354s] Level 1:colcon.colcon_core.package_identification:_identify(src/status_interfaces) by extensions ['ros']
[0.354s] Level 1:colcon.colcon_core.package_identification:_identify(src/status_interfaces) by extension 'ros'
[0.355s] DEBUG:colcon.colcon_core.package_identification:Package 'src/status_interfaces' with type 'ros.ament_cmake' and name 'status_interfaces'
[0.355s] Level 1:colcon.colcon_core.package_identification:_identify(src/status_publisher) by extensions ['ignore', 'ignore_ament_install']
[0.355s] Level 1:colcon.colcon_core.package_identification:_identify(src/status_publisher) by extension 'ignore'
[0.355s] Level 1:colcon.colcon_core.package_identification:_identify(src/status_publisher) by extension 'ignore_ament_install'
[0.355s] Level 1:colcon.colcon_core.package_identification:_identify(src/status_publisher) by extensions ['colcon_pkg']
[0.355s] Level 1:colcon.colcon_core.package_identification:_identify(src/status_publisher) by extension 'colcon_pkg'
[0.355s] Level 1:colcon.colcon_core.package_identification:_identify(src/status_publisher) by extensions ['colcon_meta']
[0.355s] Level 1:colcon.colcon_core.package_identification:_identify(src/status_publisher) by extension 'colcon_meta'
[0.355s] Level 1:colcon.colcon_core.package_identification:_identify(src/status_publisher) by extensions ['ros']
[0.355s] Level 1:colcon.colcon_core.package_identification:_identify(src/status_publisher) by extension 'ros'
[0.356s] DEBUG:colcon.colcon_core.package_identification:Package 'src/status_publisher' with type 'ros.ament_python' and name 'status_publisher'
[0.356s] Level 1:colcon.colcon_core.package_discovery:discover_packages(recursive) using defaults
[0.356s] Level 1:colcon.colcon_core.package_discovery:discover_packages(ignore) discover
[0.356s] Level 1:colcon.colcon_core.package_discovery:discover_packages(ignore) using defaults
[0.356s] Level 1:colcon.colcon_core.package_discovery:discover_packages(path) discover
[0.356s] Level 1:colcon.colcon_core.package_discovery:discover_packages(path) using defaults
[0.370s] Level 1:colcon.colcon_core.package_discovery:discover_packages(prefix_path) check parameters
[0.370s] Level 1:colcon.colcon_core.package_discovery:discover_packages(prefix_path) discover
[0.373s] DEBUG:colcon.colcon_installed_package_information.package_discovery:Found 263 installed packages in /opt/ros/foxy
[0.374s] Level 1:colcon.colcon_core.package_discovery:discover_packages(prefix_path) using defaults
[0.433s] Level 5:colcon.colcon_core.verb:set package 'status_interfaces' build argument 'cmake_args' from command line to 'None'
[0.433s] Level 5:colcon.colcon_core.verb:set package 'status_interfaces' build argument 'cmake_target' from command line to 'None'
[0.433s] Level 5:colcon.colcon_core.verb:set package 'status_interfaces' build argument 'cmake_target_skip_unavailable' from command line to 'False'
[0.433s] Level 5:colcon.colcon_core.verb:set package 'status_interfaces' build argument 'cmake_clean_cache' from command line to 'False'
[0.433s] Level 5:colcon.colcon_core.verb:set package 'status_interfaces' build argument 'cmake_clean_first' from command line to 'False'
[0.433s] Level 5:colcon.colcon_core.verb:set package 'status_interfaces' build argument 'cmake_force_configure' from command line to 'False'
[0.433s] Level 5:colcon.colcon_core.verb:set package 'status_interfaces' build argument 'ament_cmake_args' from command line to 'None'
[0.433s] Level 5:colcon.colcon_core.verb:set package 'status_interfaces' build argument 'catkin_cmake_args' from command line to 'None'
[0.433s] Level 5:colcon.colcon_core.verb:set package 'status_interfaces' build argument 'catkin_skip_building_tests' from command line to 'False'
[0.433s] DEBUG:colcon.colcon_core.verb:Building package 'status_interfaces' with the following arguments: {'ament_cmake_args': None, 'build_base': '/home/lhc/fishros-/p3/topic_practice_ws/build/status_interfaces', 'catkin_cmake_args': None, 'catkin_skip_building_tests': False, 'cmake_args': None, 'cmake_clean_cache': False, 'cmake_clean_first': False, 'cmake_force_configure': False, 'cmake_target': None, 'cmake_target_skip_unavailable': False, 'install_base': '/home/lhc/fishros-/p3/topic_practice_ws/install/status_interfaces', 'merge_install': False, 'path': '/home/lhc/fishros-/p3/topic_practice_ws/src/status_interfaces', 'symlink_install': False, 'test_result_base': None}
[0.433s] Level 5:colcon.colcon_core.verb:set package 'status_display' build argument 'cmake_args' from command line to 'None'
[0.433s] Level 5:colcon.colcon_core.verb:set package 'status_display' build argument 'cmake_target' from command line to 'None'
[0.433s] Level 5:colcon.colcon_core.verb:set package 'status_display' build argument 'cmake_target_skip_unavailable' from command line to 'False'
[0.433s] Level 5:colcon.colcon_core.verb:set package 'status_display' build argument 'cmake_clean_cache' from command line to 'False'
[0.433s] Level 5:colcon.colcon_core.verb:set package 'status_display' build argument 'cmake_clean_first' from command line to 'False'
[0.433s] Level 5:colcon.colcon_core.verb:set package 'status_display' build argument 'cmake_force_configure' from command line to 'False'
[0.433s] Level 5:colcon.colcon_core.verb:set package 'status_display' build argument 'ament_cmake_args' from command line to 'None'
[0.433s] Level 5:colcon.colcon_core.verb:set package 'status_display' build argument 'catkin_cmake_args' from command line to 'None'
[0.433s] Level 5:colcon.colcon_core.verb:set package 'status_display' build argument 'catkin_skip_building_tests' from command line to 'False'
[0.433s] DEBUG:colcon.colcon_core.verb:Building package 'status_display' with the following arguments: {'ament_cmake_args': None, 'build_base': '/home/lhc/fishros-/p3/topic_practice_ws/build/status_display', 'catkin_cmake_args': None, 'catkin_skip_building_tests': False, 'cmake_args': None, 'cmake_clean_cache': False, 'cmake_clean_first': False, 'cmake_force_configure': False, 'cmake_target': None, 'cmake_target_skip_unavailable': False, 'install_base': '/home/lhc/fishros-/p3/topic_practice_ws/install/status_display', 'merge_install': False, 'path': '/home/lhc/fishros-/p3/topic_practice_ws/src/status_display', 'symlink_install': False, 'test_result_base': None}
[0.434s] Level 5:colcon.colcon_core.verb:set package 'status_publisher' build argument 'cmake_args' from command line to 'None'
[0.434s] Level 5:colcon.colcon_core.verb:set package 'status_publisher' build argument 'cmake_target' from command line to 'None'
[0.434s] Level 5:colcon.colcon_core.verb:set package 'status_publisher' build argument 'cmake_target_skip_unavailable' from command line to 'False'
[0.434s] Level 5:colcon.colcon_core.verb:set package 'status_publisher' build argument 'cmake_clean_cache' from command line to 'False'
[0.434s] Level 5:colcon.colcon_core.verb:set package 'status_publisher' build argument 'cmake_clean_first' from command line to 'False'
[0.434s] Level 5:colcon.colcon_core.verb:set package 'status_publisher' build argument 'cmake_force_configure' from command line to 'False'
[0.434s] Level 5:colcon.colcon_core.verb:set package 'status_publisher' build argument 'ament_cmake_args' from command line to 'None'
[0.434s] Level 5:colcon.colcon_core.verb:set package 'status_publisher' build argument 'catkin_cmake_args' from command line to 'None'
[0.434s] Level 5:colcon.colcon_core.verb:set package 'status_publisher' build argument 'catkin_skip_building_tests' from command line to 'False'
[0.434s] DEBUG:colcon.colcon_core.verb:Building package 'status_publisher' with the following arguments: {'ament_cmake_args': None, 'build_base': '/home/lhc/fishros-/p3/topic_practice_ws/build/status_publisher', 'catkin_cmake_args': None, 'catkin_skip_building_tests': False, 'cmake_args': None, 'cmake_clean_cache': False, 'cmake_clean_first': False, 'cmake_force_configure': False, 'cmake_target': None, 'cmake_target_skip_unavailable': False, 'install_base': '/home/lhc/fishros-/p3/topic_practice_ws/install/status_publisher', 'merge_install': False, 'path': '/home/lhc/fishros-/p3/topic_practice_ws/src/status_publisher', 'symlink_install': False, 'test_result_base': None}
[0.434s] INFO:colcon.colcon_core.executor:Executing jobs using 'parallel' executor
[0.435s] DEBUG:colcon.colcon_parallel_executor.executor.parallel:run_until_complete
[0.435s] INFO:colcon.colcon_ros.task.ament_cmake.build:Building ROS package in '/home/lhc/fishros-/p3/topic_practice_ws/src/status_interfaces' with build type 'ament_cmake'
[0.435s] INFO:colcon.colcon_cmake.task.cmake.build:Building CMake package in '/home/lhc/fishros-/p3/topic_practice_ws/src/status_interfaces'
[0.439s] INFO:colcon.colcon_core.plugin_system:Skipping extension 'colcon_core.shell.bat': Not used on non-Windows systems
[0.439s] INFO:colcon.colcon_core.shell:Skip shell extension 'powershell' for command environment: Not usable outside of PowerShell
[0.439s] DEBUG:colcon.colcon_core.shell:Skip shell extension 'dsv' for command environment
[0.450s] DEBUG:colcon.colcon_core.event_handler.log_command:Invoking command in '/home/lhc/fishros-/p3/topic_practice_ws/build/status_interfaces': CMAKE_PREFIX_PATH=/opt/ros/foxy /usr/bin/cmake --build /home/lhc/fishros-/p3/topic_practice_ws/build/status_interfaces -- -j12 -l12
[0.719s] DEBUG:colcon.colcon_core.event_handler.log_command:Invoked command in '/home/lhc/fishros-/p3/topic_practice_ws/build/status_interfaces' returned '0': CMAKE_PREFIX_PATH=/opt/ros/foxy /usr/bin/cmake --build /home/lhc/fishros-/p3/topic_practice_ws/build/status_interfaces -- -j12 -l12
[0.738s] DEBUG:colcon.colcon_core.event_handler.log_command:Invoking command in '/home/lhc/fishros-/p3/topic_practice_ws/build/status_interfaces': CMAKE_PREFIX_PATH=/opt/ros/foxy /usr/bin/cmake --install /home/lhc/fishros-/p3/topic_practice_ws/build/status_interfaces
[0.787s] Level 1:colcon.colcon_core.environment:create_environment_scripts_only(status_interfaces)
[0.787s] DEBUG:colcon.colcon_core.event_handler.log_command:Invoked command in '/home/lhc/fishros-/p3/topic_practice_ws/build/status_interfaces' returned '0': CMAKE_PREFIX_PATH=/opt/ros/foxy /usr/bin/cmake --install /home/lhc/fishros-/p3/topic_practice_ws/build/status_interfaces
[0.791s] Level 1:colcon.colcon_core.environment:checking '/home/lhc/fishros-/p3/topic_practice_ws/install/status_interfaces' for CMake module files
[0.792s] Level 1:colcon.colcon_core.environment:checking '/home/lhc/fishros-/p3/topic_practice_ws/install/status_interfaces' for CMake config files
[0.792s] Level 1:colcon.colcon_core.shell:create_environment_hook('status_interfaces', 'cmake_prefix_path')
[0.792s] INFO:colcon.colcon_core.shell:Creating environment hook '/home/lhc/fishros-/p3/topic_practice_ws/install/status_interfaces/share/status_interfaces/hook/cmake_prefix_path.ps1'
[0.793s] INFO:colcon.colcon_core.shell:Creating environment descriptor '/home/lhc/fishros-/p3/topic_practice_ws/install/status_interfaces/share/status_interfaces/hook/cmake_prefix_path.dsv'
[0.793s] INFO:colcon.colcon_core.shell:Creating environment hook '/home/lhc/fishros-/p3/topic_practice_ws/install/status_interfaces/share/status_interfaces/hook/cmake_prefix_path.sh'
[0.794s] Level 1:colcon.colcon_core.environment:checking '/home/lhc/fishros-/p3/topic_practice_ws/install/status_interfaces/lib'
[0.795s] Level 1:colcon.colcon_core.shell:create_environment_hook('status_interfaces', 'ld_library_path_lib')
[0.795s] INFO:colcon.colcon_core.shell:Creating environment hook '/home/lhc/fishros-/p3/topic_practice_ws/install/status_interfaces/share/status_interfaces/hook/ld_library_path_lib.ps1'
[0.795s] INFO:colcon.colcon_core.shell:Creating environment descriptor '/home/lhc/fishros-/p3/topic_practice_ws/install/status_interfaces/share/status_interfaces/hook/ld_library_path_lib.dsv'
[0.795s] INFO:colcon.colcon_core.shell:Creating environment hook '/home/lhc/fishros-/p3/topic_practice_ws/install/status_interfaces/share/status_interfaces/hook/ld_library_path_lib.sh'
[0.796s] Level 1:colcon.colcon_core.environment:checking '/home/lhc/fishros-/p3/topic_practice_ws/install/status_interfaces/bin'
[0.796s] Level 1:colcon.colcon_core.environment:checking '/home/lhc/fishros-/p3/topic_practice_ws/install/status_interfaces/lib/pkgconfig/status_interfaces.pc'
[0.796s] Level 1:colcon.colcon_core.environment:checking '/home/lhc/fishros-/p3/topic_practice_ws/install/status_interfaces/lib/python3.8/site-packages'
[0.796s] Level 1:colcon.colcon_core.shell:create_environment_hook('status_interfaces', 'pythonpath')
[0.796s] INFO:colcon.colcon_core.shell:Creating environment hook '/home/lhc/fishros-/p3/topic_practice_ws/install/status_interfaces/share/status_interfaces/hook/pythonpath.ps1'
[0.797s] INFO:colcon.colcon_core.shell:Creating environment descriptor '/home/lhc/fishros-/p3/topic_practice_ws/install/status_interfaces/share/status_interfaces/hook/pythonpath.dsv'
[0.797s] INFO:colcon.colcon_core.shell:Creating environment hook '/home/lhc/fishros-/p3/topic_practice_ws/install/status_interfaces/share/status_interfaces/hook/pythonpath.sh'
[0.797s] Level 1:colcon.colcon_core.environment:checking '/home/lhc/fishros-/p3/topic_practice_ws/install/status_interfaces/bin'
[0.798s] INFO:colcon.colcon_core.shell:Creating package script '/home/lhc/fishros-/p3/topic_practice_ws/install/status_interfaces/share/status_interfaces/package.ps1'
[0.798s] INFO:colcon.colcon_core.shell:Creating package descriptor '/home/lhc/fishros-/p3/topic_practice_ws/install/status_interfaces/share/status_interfaces/package.dsv'
[0.799s] INFO:colcon.colcon_core.shell:Creating package script '/home/lhc/fishros-/p3/topic_practice_ws/install/status_interfaces/share/status_interfaces/package.sh'
[0.799s] INFO:colcon.colcon_core.shell:Creating package script '/home/lhc/fishros-/p3/topic_practice_ws/install/status_interfaces/share/status_interfaces/package.bash'
[0.800s] INFO:colcon.colcon_core.shell:Creating package script '/home/lhc/fishros-/p3/topic_practice_ws/install/status_interfaces/share/status_interfaces/package.zsh'
[0.801s] Level 1:colcon.colcon_core.environment:create_file_with_runtime_dependencies(/home/lhc/fishros-/p3/topic_practice_ws/install/status_interfaces/share/colcon-core/packages/status_interfaces)
[0.801s] Level 1:colcon.colcon_core.environment:create_environment_scripts_only(status_interfaces)
[0.802s] Level 1:colcon.colcon_core.environment:checking '/home/lhc/fishros-/p3/topic_practice_ws/install/status_interfaces' for CMake module files
[0.802s] Level 1:colcon.colcon_core.environment:checking '/home/lhc/fishros-/p3/topic_practice_ws/install/status_interfaces' for CMake config files
[0.802s] Level 1:colcon.colcon_core.shell:create_environment_hook('status_interfaces', 'cmake_prefix_path')
[0.802s] INFO:colcon.colcon_core.shell:Creating environment hook '/home/lhc/fishros-/p3/topic_practice_ws/install/status_interfaces/share/status_interfaces/hook/cmake_prefix_path.ps1'
[0.803s] INFO:colcon.colcon_core.shell:Creating environment descriptor '/home/lhc/fishros-/p3/topic_practice_ws/install/status_interfaces/share/status_interfaces/hook/cmake_prefix_path.dsv'
[0.803s] INFO:colcon.colcon_core.shell:Creating environment hook '/home/lhc/fishros-/p3/topic_practice_ws/install/status_interfaces/share/status_interfaces/hook/cmake_prefix_path.sh'
[0.803s] Level 1:colcon.colcon_core.environment:checking '/home/lhc/fishros-/p3/topic_practice_ws/install/status_interfaces/lib'
[0.803s] Level 1:colcon.colcon_core.shell:create_environment_hook('status_interfaces', 'ld_library_path_lib')
[0.803s] INFO:colcon.colcon_core.shell:Creating environment hook '/home/lhc/fishros-/p3/topic_practice_ws/install/status_interfaces/share/status_interfaces/hook/ld_library_path_lib.ps1'
[0.804s] INFO:colcon.colcon_core.shell:Creating environment descriptor '/home/lhc/fishros-/p3/topic_practice_ws/install/status_interfaces/share/status_interfaces/hook/ld_library_path_lib.dsv'
[0.804s] INFO:colcon.colcon_core.shell:Creating environment hook '/home/lhc/fishros-/p3/topic_practice_ws/install/status_interfaces/share/status_interfaces/hook/ld_library_path_lib.sh'
[0.804s] Level 1:colcon.colcon_core.environment:checking '/home/lhc/fishros-/p3/topic_practice_ws/install/status_interfaces/bin'
[0.804s] Level 1:colcon.colcon_core.environment:checking '/home/lhc/fishros-/p3/topic_practice_ws/install/status_interfaces/lib/pkgconfig/status_interfaces.pc'
[0.804s] Level 1:colcon.colcon_core.environment:checking '/home/lhc/fishros-/p3/topic_practice_ws/install/status_interfaces/lib/python3.8/site-packages'
[0.804s] Level 1:colcon.colcon_core.shell:create_environment_hook('status_interfaces', 'pythonpath')
[0.805s] INFO:colcon.colcon_core.shell:Creating environment hook '/home/lhc/fishros-/p3/topic_practice_ws/install/status_interfaces/share/status_interfaces/hook/pythonpath.ps1'
[0.805s] INFO:colcon.colcon_core.shell:Creating environment descriptor '/home/lhc/fishros-/p3/topic_practice_ws/install/status_interfaces/share/status_interfaces/hook/pythonpath.dsv'
[0.805s] INFO:colcon.colcon_core.shell:Creating environment hook '/home/lhc/fishros-/p3/topic_practice_ws/install/status_interfaces/share/status_interfaces/hook/pythonpath.sh'
[0.805s] Level 1:colcon.colcon_core.environment:checking '/home/lhc/fishros-/p3/topic_practice_ws/install/status_interfaces/bin'
[0.806s] INFO:colcon.colcon_core.shell:Creating package script '/home/lhc/fishros-/p3/topic_practice_ws/install/status_interfaces/share/status_interfaces/package.ps1'
[0.806s] INFO:colcon.colcon_core.shell:Creating package descriptor '/home/lhc/fishros-/p3/topic_practice_ws/install/status_interfaces/share/status_interfaces/package.dsv'
[0.806s] INFO:colcon.colcon_core.shell:Creating package script '/home/lhc/fishros-/p3/topic_practice_ws/install/status_interfaces/share/status_interfaces/package.sh'
[0.807s] INFO:colcon.colcon_core.shell:Creating package script '/home/lhc/fishros-/p3/topic_practice_ws/install/status_interfaces/share/status_interfaces/package.bash'
[0.807s] INFO:colcon.colcon_core.shell:Creating package script '/home/lhc/fishros-/p3/topic_practice_ws/install/status_interfaces/share/status_interfaces/package.zsh'
[0.807s] Level 1:colcon.colcon_core.environment:create_file_with_runtime_dependencies(/home/lhc/fishros-/p3/topic_practice_ws/install/status_interfaces/share/colcon-core/packages/status_interfaces)
[0.808s] INFO:colcon.colcon_ros.task.ament_cmake.build:Building ROS package in '/home/lhc/fishros-/p3/topic_practice_ws/src/status_display' with build type 'ament_cmake'
[0.808s] INFO:colcon.colcon_cmake.task.cmake.build:Building CMake package in '/home/lhc/fishros-/p3/topic_practice_ws/src/status_display'
[0.808s] INFO:colcon.colcon_core.shell:Skip shell extension 'powershell' for command environment: Not usable outside of PowerShell
[0.808s] DEBUG:colcon.colcon_core.shell:Skip shell extension 'dsv' for command environment
[0.812s] INFO:colcon.colcon_ros.task.ament_python.build:Building ROS package in '/home/lhc/fishros-/p3/topic_practice_ws/src/status_publisher' with build type 'ament_python'
[0.812s] Level 1:colcon.colcon_core.shell:create_environment_hook('status_publisher', 'ament_prefix_path')
[0.813s] INFO:colcon.colcon_core.shell:Creating environment hook '/home/lhc/fishros-/p3/topic_practice_ws/install/status_publisher/share/status_publisher/hook/ament_prefix_path.ps1'
[0.813s] INFO:colcon.colcon_core.shell:Creating environment descriptor '/home/lhc/fishros-/p3/topic_practice_ws/install/status_publisher/share/status_publisher/hook/ament_prefix_path.dsv'
[0.813s] INFO:colcon.colcon_core.shell:Creating environment hook '/home/lhc/fishros-/p3/topic_practice_ws/install/status_publisher/share/status_publisher/hook/ament_prefix_path.sh'
[0.814s] INFO:colcon.colcon_core.shell:Skip shell extension 'powershell' for command environment: Not usable outside of PowerShell
[0.814s] DEBUG:colcon.colcon_core.shell:Skip shell extension 'dsv' for command environment
[0.824s] DEBUG:colcon.colcon_core.event_handler.log_command:Invoking command in '/home/lhc/fishros-/p3/topic_practice_ws/build/status_display': AMENT_PREFIX_PATH=/home/lhc/fishros-/p3/topic_practice_ws/install/status_interfaces:${AMENT_PREFIX_PATH} CMAKE_PREFIX_PATH=/home/lhc/fishros-/p3/topic_practice_ws/install/status_interfaces:/opt/ros/foxy LD_LIBRARY_PATH=/home/lhc/fishros-/p3/topic_practice_ws/install/status_interfaces/lib:${LD_LIBRARY_PATH} PYTHONPATH=/home/lhc/fishros-/p3/topic_practice_ws/install/status_interfaces/lib/python3.8/site-packages:${PYTHONPATH} /usr/bin/cmake /home/lhc/fishros-/p3/topic_practice_ws/src/status_display -DCMAKE_INSTALL_PREFIX=/home/lhc/fishros-/p3/topic_practice_ws/install/status_display
[0.992s] INFO:colcon.colcon_core.task.python.build:Building Python package in '/home/lhc/fishros-/p3/topic_practice_ws/src/status_publisher'
[0.993s] INFO:colcon.colcon_core.shell:Skip shell extension 'powershell' for command environment: Not usable outside of PowerShell
[0.993s] DEBUG:colcon.colcon_core.shell:Skip shell extension 'dsv' for command environment
[1.318s] DEBUG:colcon.colcon_core.event_handler.log_command:Invoking command in '/home/lhc/fishros-/p3/topic_practice_ws/src/status_publisher': AMENT_PREFIX_PATH=/home/lhc/fishros-/p3/topic_practice_ws/install/status_interfaces:${AMENT_PREFIX_PATH} CMAKE_PREFIX_PATH=/home/lhc/fishros-/p3/topic_practice_ws/install/status_interfaces LD_LIBRARY_PATH=/home/lhc/fishros-/p3/topic_practice_ws/install/status_interfaces/lib:${LD_LIBRARY_PATH} PYTHONPATH=/home/lhc/fishros-/p3/topic_practice_ws/build/status_publisher/prefix_override:/usr/lib/python3/dist-packages/colcon_core/task/python/colcon_distutils_commands:/home/lhc/fishros-/p3/topic_practice_ws/install/status_publisher/lib/python3.8/site-packages:/home/lhc/fishros-/p3/topic_practice_ws/install/status_interfaces/lib/python3.8/site-packages:${PYTHONPATH} /usr/bin/python3 -W ignore:setup.py install is deprecated -W ignore:easy_install command is deprecated setup.py egg_info --egg-base ../../build/status_publisher build --build-base /home/lhc/fishros-/p3/topic_practice_ws/build/status_publisher/build install --record /home/lhc/fishros-/p3/topic_practice_ws/build/status_publisher/install.log --install-scripts $base/lib/status_publisher --single-version-externally-managed install_data
[1.545s] Level 1:colcon.colcon_core.environment:checking '/home/lhc/fishros-/p3/topic_practice_ws/install/status_publisher' for CMake module files
[1.546s] DEBUG:colcon.colcon_core.event_handler.log_command:Invoked command in '/home/lhc/fishros-/p3/topic_practice_ws/src/status_publisher' returned '0': AMENT_PREFIX_PATH=/home/lhc/fishros-/p3/topic_practice_ws/install/status_interfaces:${AMENT_PREFIX_PATH} CMAKE_PREFIX_PATH=/home/lhc/fishros-/p3/topic_practice_ws/install/status_interfaces LD_LIBRARY_PATH=/home/lhc/fishros-/p3/topic_practice_ws/install/status_interfaces/lib:${LD_LIBRARY_PATH} PYTHONPATH=/home/lhc/fishros-/p3/topic_practice_ws/build/status_publisher/prefix_override:/usr/lib/python3/dist-packages/colcon_core/task/python/colcon_distutils_commands:/home/lhc/fishros-/p3/topic_practice_ws/install/status_publisher/lib/python3.8/site-packages:/home/lhc/fishros-/p3/topic_practice_ws/install/status_interfaces/lib/python3.8/site-packages:${PYTHONPATH} /usr/bin/python3 -W ignore:setup.py install is deprecated -W ignore:easy_install command is deprecated setup.py egg_info --egg-base ../../build/status_publisher build --build-base /home/lhc/fishros-/p3/topic_practice_ws/build/status_publisher/build install --record /home/lhc/fishros-/p3/topic_practice_ws/build/status_publisher/install.log --install-scripts $base/lib/status_publisher --single-version-externally-managed install_data
[1.546s] Level 1:colcon.colcon_core.environment:checking '/home/lhc/fishros-/p3/topic_practice_ws/install/status_publisher' for CMake config files
[1.547s] Level 1:colcon.colcon_core.environment:checking '/home/lhc/fishros-/p3/topic_practice_ws/install/status_publisher/lib'
[1.547s] Level 1:colcon.colcon_core.environment:checking '/home/lhc/fishros-/p3/topic_practice_ws/install/status_publisher/bin'
[1.547s] Level 1:colcon.colcon_core.environment:checking '/home/lhc/fishros-/p3/topic_practice_ws/install/status_publisher/lib/pkgconfig/status_publisher.pc'
[1.547s] Level 1:colcon.colcon_core.environment:checking '/home/lhc/fishros-/p3/topic_practice_ws/install/status_publisher/lib/python3.8/site-packages'
[1.548s] Level 1:colcon.colcon_core.shell:create_environment_hook('status_publisher', 'pythonpath')
[1.548s] INFO:colcon.colcon_core.shell:Creating environment hook '/home/lhc/fishros-/p3/topic_practice_ws/install/status_publisher/share/status_publisher/hook/pythonpath.ps1'
[1.548s] INFO:colcon.colcon_core.shell:Creating environment descriptor '/home/lhc/fishros-/p3/topic_practice_ws/install/status_publisher/share/status_publisher/hook/pythonpath.dsv'
[1.549s] INFO:colcon.colcon_core.shell:Creating environment hook '/home/lhc/fishros-/p3/topic_practice_ws/install/status_publisher/share/status_publisher/hook/pythonpath.sh'
[1.549s] Level 1:colcon.colcon_core.environment:checking '/home/lhc/fishros-/p3/topic_practice_ws/install/status_publisher/bin'
[1.549s] Level 1:colcon.colcon_core.environment:create_environment_scripts_only(status_publisher)
[1.549s] INFO:colcon.colcon_core.shell:Creating package script '/home/lhc/fishros-/p3/topic_practice_ws/install/status_publisher/share/status_publisher/package.ps1'
[1.550s] INFO:colcon.colcon_core.shell:Creating package descriptor '/home/lhc/fishros-/p3/topic_practice_ws/install/status_publisher/share/status_publisher/package.dsv'
[1.550s] INFO:colcon.colcon_core.shell:Creating package script '/home/lhc/fishros-/p3/topic_practice_ws/install/status_publisher/share/status_publisher/package.sh'
[1.551s] INFO:colcon.colcon_core.shell:Creating package script '/home/lhc/fishros-/p3/topic_practice_ws/install/status_publisher/share/status_publisher/package.bash'
[1.551s] INFO:colcon.colcon_core.shell:Creating package script '/home/lhc/fishros-/p3/topic_practice_ws/install/status_publisher/share/status_publisher/package.zsh'
[1.551s] Level 1:colcon.colcon_core.environment:create_file_with_runtime_dependencies(/home/lhc/fishros-/p3/topic_practice_ws/install/status_publisher/share/colcon-core/packages/status_publisher)
[2.243s] DEBUG:colcon.colcon_core.event_handler.log_command:Invoked command in '/home/lhc/fishros-/p3/topic_practice_ws/build/status_display' returned '1': AMENT_PREFIX_PATH=/home/lhc/fishros-/p3/topic_practice_ws/install/status_interfaces:${AMENT_PREFIX_PATH} CMAKE_PREFIX_PATH=/home/lhc/fishros-/p3/topic_practice_ws/install/status_interfaces:/opt/ros/foxy LD_LIBRARY_PATH=/home/lhc/fishros-/p3/topic_practice_ws/install/status_interfaces/lib:${LD_LIBRARY_PATH} PYTHONPATH=/home/lhc/fishros-/p3/topic_practice_ws/install/status_interfaces/lib/python3.8/site-packages:${PYTHONPATH} /usr/bin/cmake /home/lhc/fishros-/p3/topic_practice_ws/src/status_display -DCMAKE_INSTALL_PREFIX=/home/lhc/fishros-/p3/topic_practice_ws/install/status_display
[2.262s] Level 1:colcon.colcon_core.environment:create_environment_scripts_only(status_display)
[2.263s] Level 1:colcon.colcon_core.environment:checking '/home/lhc/fishros-/p3/topic_practice_ws/install/status_display' for CMake module files
[2.263s] Level 1:colcon.colcon_core.environment:checking '/home/lhc/fishros-/p3/topic_practice_ws/install/status_display' for CMake config files
[2.264s] Level 1:colcon.colcon_core.environment:checking '/home/lhc/fishros-/p3/topic_practice_ws/install/status_display/bin'
[2.264s] Level 1:colcon.colcon_core.environment:checking '/home/lhc/fishros-/p3/topic_practice_ws/install/status_display/lib/pkgconfig/status_display.pc'
[2.265s] Level 1:colcon.colcon_core.environment:checking '/home/lhc/fishros-/p3/topic_practice_ws/install/status_display/lib/python3.8/site-packages'
[2.265s] Level 1:colcon.colcon_core.environment:checking '/home/lhc/fishros-/p3/topic_practice_ws/install/status_display/bin'
[2.265s] INFO:colcon.colcon_core.shell:Creating package script '/home/lhc/fishros-/p3/topic_practice_ws/install/status_display/share/status_display/package.ps1'
[2.266s] INFO:colcon.colcon_core.shell:Creating package descriptor '/home/lhc/fishros-/p3/topic_practice_ws/install/status_display/share/status_display/package.dsv'
[2.267s] INFO:colcon.colcon_core.shell:Creating package script '/home/lhc/fishros-/p3/topic_practice_ws/install/status_display/share/status_display/package.sh'
[2.268s] INFO:colcon.colcon_core.shell:Creating package script '/home/lhc/fishros-/p3/topic_practice_ws/install/status_display/share/status_display/package.bash'
[2.269s] INFO:colcon.colcon_core.shell:Creating package script '/home/lhc/fishros-/p3/topic_practice_ws/install/status_display/share/status_display/package.zsh'
[2.269s] Level 1:colcon.colcon_core.environment:create_file_with_runtime_dependencies(/home/lhc/fishros-/p3/topic_practice_ws/install/status_display/share/colcon-core/packages/status_display)
[2.270s] DEBUG:colcon.colcon_parallel_executor.executor.parallel:closing loop
[2.270s] DEBUG:colcon.colcon_parallel_executor.executor.parallel:loop closed
[2.270s] DEBUG:colcon.colcon_parallel_executor.executor.parallel:run_until_complete finished with '1'
[2.271s] DEBUG:colcon.colcon_core.event_reactor:joining thread
[2.276s] INFO:colcon.colcon_core.plugin_system:Skipping extension 'colcon_notification.desktop_notification.terminal_notifier': Not used on non-Darwin systems
[2.276s] INFO:colcon.colcon_core.plugin_system:Skipping extension 'colcon_notification.desktop_notification.win32': Not used on non-Windows systems
[2.276s] INFO:colcon.colcon_notification.desktop_notification:Sending desktop notification using 'notify2'
[2.292s] DEBUG:colcon.colcon_core.event_reactor:joined thread
[2.292s] INFO:colcon.colcon_core.shell:Creating prefix script '/home/lhc/fishros-/p3/topic_practice_ws/install/local_setup.ps1'
[2.293s] INFO:colcon.colcon_core.shell:Creating prefix util module '/home/lhc/fishros-/p3/topic_practice_ws/install/_local_setup_util_ps1.py'
[2.295s] INFO:colcon.colcon_core.shell:Creating prefix chain script '/home/lhc/fishros-/p3/topic_practice_ws/install/setup.ps1'
[2.296s] INFO:colcon.colcon_core.shell:Creating prefix script '/home/lhc/fishros-/p3/topic_practice_ws/install/local_setup.sh'
[2.296s] INFO:colcon.colcon_core.shell:Creating prefix util module '/home/lhc/fishros-/p3/topic_practice_ws/install/_local_setup_util_sh.py'
[2.297s] INFO:colcon.colcon_core.shell:Creating prefix chain script '/home/lhc/fishros-/p3/topic_practice_ws/install/setup.sh'
[2.298s] INFO:colcon.colcon_core.shell:Creating prefix script '/home/lhc/fishros-/p3/topic_practice_ws/install/local_setup.bash'
[2.298s] INFO:colcon.colcon_core.shell:Creating prefix chain script '/home/lhc/fishros-/p3/topic_practice_ws/install/setup.bash'
[2.299s] INFO:colcon.colcon_core.shell:Creating prefix script '/home/lhc/fishros-/p3/topic_practice_ws/install/local_setup.zsh'
[2.300s] INFO:colcon.colcon_core.shell:Creating prefix chain script '/home/lhc/fishros-/p3/topic_practice_ws/install/setup.zsh'
