[0.480s] Invoking command in '/home/lhc/fishros-/p3/topic_practice_ws/src/status_publisher': AMENT_PREFIX_PATH=/home/lhc/fishros-/p3/topic_practice_ws/install/status_interfaces:${AMENT_PREFIX_PATH} CMAKE_PREFIX_PATH=/home/lhc/fishros-/p3/topic_practice_ws/install/status_interfaces LD_LIBRARY_PATH=/home/lhc/fishros-/p3/topic_practice_ws/install/status_interfaces/lib:${LD_LIBRARY_PATH} PYTHONPATH=/home/lhc/fishros-/p3/topic_practice_ws/build/status_publisher/prefix_override:/usr/lib/python3/dist-packages/colcon_core/task/python/colcon_distutils_commands:/home/lhc/fishros-/p3/topic_practice_ws/install/status_publisher/lib/python3.8/site-packages:/home/lhc/fishros-/p3/topic_practice_ws/install/status_interfaces/lib/python3.8/site-packages:${PYTHONPATH} /usr/bin/python3 -W ignore:setup.py install is deprecated -W ignore:easy_install command is deprecated setup.py egg_info --egg-base ../../build/status_publisher build --build-base /home/lhc/fishros-/p3/topic_practice_ws/build/status_publisher/build install --record /home/lhc/fishros-/p3/topic_practice_ws/build/status_publisher/install.log --install-scripts $base/lib/status_publisher --single-version-externally-managed install_data
[0.643s] running egg_info
[0.643s] writing ../../build/status_publisher/status_publisher.egg-info/PKG-INFO
[0.643s] writing dependency_links to ../../build/status_publisher/status_publisher.egg-info/dependency_links.txt
[0.644s] writing entry points to ../../build/status_publisher/status_publisher.egg-info/entry_points.txt
[0.644s] writing requirements to ../../build/status_publisher/status_publisher.egg-info/requires.txt
[0.644s] writing top-level names to ../../build/status_publisher/status_publisher.egg-info/top_level.txt
[0.667s] reading manifest file '../../build/status_publisher/status_publisher.egg-info/SOURCES.txt'
[0.668s] writing manifest file '../../build/status_publisher/status_publisher.egg-info/SOURCES.txt'
[0.668s] running build
[0.668s] running build_py
[0.668s] running install
[0.668s] running install_lib
[0.669s] running install_data
[0.669s] running install_egg_info
[0.670s] removing '/home/lhc/fishros-/p3/topic_practice_ws/install/status_publisher/lib/python3.8/site-packages/status_publisher-0.0.0-py3.8.egg-info' (and everything under it)
[0.671s] Copying ../../build/status_publisher/status_publisher.egg-info to /home/lhc/fishros-/p3/topic_practice_ws/install/status_publisher/lib/python3.8/site-packages/status_publisher-0.0.0-py3.8.egg-info
[0.672s] running install_scripts
[0.690s] Installing System_status_pub script to /home/lhc/fishros-/p3/topic_practice_ws/install/status_publisher/lib/status_publisher
[0.690s] writing list of installed files to '/home/lhc/fishros-/p3/topic_practice_ws/build/status_publisher/install.log'
[0.707s] Invoked command in '/home/lhc/fishros-/p3/topic_practice_ws/src/status_publisher' returned '0': AMENT_PREFIX_PATH=/home/lhc/fishros-/p3/topic_practice_ws/install/status_interfaces:${AMENT_PREFIX_PATH} CMAKE_PREFIX_PATH=/home/lhc/fishros-/p3/topic_practice_ws/install/status_interfaces LD_LIBRARY_PATH=/home/lhc/fishros-/p3/topic_practice_ws/install/status_interfaces/lib:${LD_LIBRARY_PATH} PYTHONPATH=/home/lhc/fishros-/p3/topic_practice_ws/build/status_publisher/prefix_override:/usr/lib/python3/dist-packages/colcon_core/task/python/colcon_distutils_commands:/home/lhc/fishros-/p3/topic_practice_ws/install/status_publisher/lib/python3.8/site-packages:/home/lhc/fishros-/p3/topic_practice_ws/install/status_interfaces/lib/python3.8/site-packages:${PYTHONPATH} /usr/bin/python3 -W ignore:setup.py install is deprecated -W ignore:easy_install command is deprecated setup.py egg_info --egg-base ../../build/status_publisher build --build-base /home/lhc/fishros-/p3/topic_practice_ws/build/status_publisher/build install --record /home/lhc/fishros-/p3/topic_practice_ws/build/status_publisher/install.log --install-scripts $base/lib/status_publisher --single-version-externally-managed install_data
