-- Found ament_cmake: 0.9.12 (/opt/ros/foxy/share/ament_cmake/cmake)
-- Using PYTHON_EXECUTABLE: /usr/bin/python3
-- Found rclcpp: 2.4.3 (/opt/ros/foxy/share/rclcpp/cmake)
-- Using all available rosidl_typesupport_c: rosidl_typesupport_fastrtps_c;rosidl_typesupport_introspection_c
-- Found rosidl_adapter: 1.3.1 (/opt/ros/foxy/share/rosidl_adapter/cmake)
-- Using all available rosidl_typesupport_cpp: rosidl_typesupport_fastrtps_cpp;rosidl_typesupport_introspection_cpp
-- Found rmw_implementation_cmake: 1.0.4 (/opt/ros/foxy/share/rmw_implementation_cmake/cmake)
-- Using RMW implementation 'rmw_fastrtps_cpp' as default
-- Found ament_lint_auto: 0.9.8 (/opt/ros/foxy/share/ament_lint_auto/cmake)
-- Added test 'cppcheck' to perform static code analysis on C / C++ code
-- Configured cppcheck include dirs: 
-- Configured cppcheck exclude dirs and/or files: 
-- Added test 'lint_cmake' to check CMake code style
-- Added test 'uncrustify' to check C / C++ code style
-- Configured uncrustify additional arguments: 
-- Added test 'xmllint' to check XML markup files
-- Configuring done
-- Generating done
-- Build files have been written to: /home/lhc/fishros-/p2/p2_ws/src/build/demo_cpp_pkg
[35m[1mScanning dependencies of target learn_shared[0m
[ 37%] [32mBuilding CXX object CMakeFiles/learn_shared.dir/src/learn_shared.cpp.o[0m
[ 37%] Built target learn_auto
[ 75%] Built target cpp_node
[ 87%] Built target person_node
[100%] [32m[1mLinking CXX executable learn_shared[0m
[100%] Built target learn_shared
-- Install configuration: ""
-- Up-to-date: /home/lhc/fishros-/p2/p2_ws/src/install/demo_cpp_pkg/lib/demo_cpp_pkg/cpp_node
-- Up-to-date: /home/lhc/fishros-/p2/p2_ws/src/install/demo_cpp_pkg/lib/demo_cpp_pkg/person_node
-- Up-to-date: /home/lhc/fishros-/p2/p2_ws/src/install/demo_cpp_pkg/lib/demo_cpp_pkg/learn_auto
-- Installing: /home/lhc/fishros-/p2/p2_ws/src/install/demo_cpp_pkg/lib/demo_cpp_pkg/learn_shared
-- Up-to-date: /home/lhc/fishros-/p2/p2_ws/src/install/demo_cpp_pkg/share/ament_index/resource_index/package_run_dependencies/demo_cpp_pkg
-- Up-to-date: /home/lhc/fishros-/p2/p2_ws/src/install/demo_cpp_pkg/share/ament_index/resource_index/parent_prefix_path/demo_cpp_pkg
-- Up-to-date: /home/lhc/fishros-/p2/p2_ws/src/install/demo_cpp_pkg/share/demo_cpp_pkg/environment/ament_prefix_path.sh
-- Installing: /home/lhc/fishros-/p2/p2_ws/src/install/demo_cpp_pkg/share/demo_cpp_pkg/environment/ament_prefix_path.dsv
-- Up-to-date: /home/lhc/fishros-/p2/p2_ws/src/install/demo_cpp_pkg/share/demo_cpp_pkg/environment/path.sh
-- Installing: /home/lhc/fishros-/p2/p2_ws/src/install/demo_cpp_pkg/share/demo_cpp_pkg/environment/path.dsv
-- Up-to-date: /home/lhc/fishros-/p2/p2_ws/src/install/demo_cpp_pkg/share/demo_cpp_pkg/local_setup.bash
-- Up-to-date: /home/lhc/fishros-/p2/p2_ws/src/install/demo_cpp_pkg/share/demo_cpp_pkg/local_setup.sh
-- Up-to-date: /home/lhc/fishros-/p2/p2_ws/src/install/demo_cpp_pkg/share/demo_cpp_pkg/local_setup.zsh
-- Installing: /home/lhc/fishros-/p2/p2_ws/src/install/demo_cpp_pkg/share/demo_cpp_pkg/local_setup.dsv
-- Installing: /home/lhc/fishros-/p2/p2_ws/src/install/demo_cpp_pkg/share/demo_cpp_pkg/package.dsv
-- Up-to-date: /home/lhc/fishros-/p2/p2_ws/src/install/demo_cpp_pkg/share/ament_index/resource_index/packages/demo_cpp_pkg
-- Up-to-date: /home/lhc/fishros-/p2/p2_ws/src/install/demo_cpp_pkg/share/demo_cpp_pkg/cmake/demo_cpp_pkgConfig.cmake
-- Up-to-date: /home/lhc/fishros-/p2/p2_ws/src/install/demo_cpp_pkg/share/demo_cpp_pkg/cmake/demo_cpp_pkgConfig-version.cmake
-- Up-to-date: /home/lhc/fishros-/p2/p2_ws/src/install/demo_cpp_pkg/share/demo_cpp_pkg/package.xml
