[01m[K/home/lhc/fishros-/p2/p2_ws/src/demo_cpp_pkg/src/learn_functional.cpp:[m[K In function ‘[01m[Kvoid save_with_free_fun(const string&)[m[K’:
[01m[K/home/lhc/fishros-/p2/p2_ws/src/demo_cpp_pkg/src/learn_functional.cpp:5:44:[m[K [01;35m[Kwarning: [m[Kunused parameter ‘[01m[Kfile_name[m[K’ [[01;35m[K-Wunused-parameter[m[K]
    5 | void save_with_free_fun([01;35m[Kconst std::string &file_name[m[K)
      |                         [01;35m[K~~~~~~~~~~~~~~~~~~~^~~~~~~~~[m[K
[01m[K/home/lhc/fishros-/p2/p2_ws/src/demo_cpp_pkg/src/learn_functional.cpp:[m[K In member function ‘[01m[Kvoid filsave::save_with_member_fun(const string&)[m[K’:
[01m[K/home/lhc/fishros-/p2/p2_ws/src/demo_cpp_pkg/src/learn_functional.cpp:13:50:[m[K [01;35m[Kwarning: [m[Kunused parameter ‘[01m[Kfile_name[m[K’ [[01;35m[K-Wunused-parameter[m[K]
   13 |     void save_with_member_fun([01;35m[Kconst std::string &file_name[m[K)
      |                               [01;35m[K~~~~~~~~~~~~~~~~~~~^~~~~~~~~[m[K
[01m[K/home/lhc/fishros-/p2/p2_ws/src/demo_cpp_pkg/src/learn_functional.cpp:[m[K In lambda function:
[01m[K/home/lhc/fishros-/p2/p2_ws/src/demo_cpp_pkg/src/learn_functional.cpp:24:36:[m[K [01;31m[Kerror: [m[Kexpected initializer before ‘[01m[K}[m[K’ token
   24 |     { const std::string &file_name [01;31m[K}[m[K -> void
      |                                    [01;31m[K^[m[K
[01m[K/home/lhc/fishros-/p2/p2_ws/src/demo_cpp_pkg/src/learn_functional.cpp:[m[K In function ‘[01m[Kint main()[m[K’:
[01m[K/home/lhc/fishros-/p2/p2_ws/src/demo_cpp_pkg/src/learn_functional.cpp:24:38:[m[K [01;31m[Kerror: [m[Kbase operand of ‘[01m[K->[m[K’ has non-pointer type ‘[01m[Kmain()::<lambda()>[m[K’
   24 |     { const std::string &file_name } [01;31m[K->[m[K void
      |                                      [01;31m[K^~[m[K
[01m[K/home/lhc/fishros-/p2/p2_ws/src/demo_cpp_pkg/src/learn_functional.cpp:24:41:[m[K [01;31m[Kerror: [m[Kexpected unqualified-id before ‘[01m[Kvoid[m[K’
   24 |     { const std::string &file_name } -> [01;31m[Kvoid[m[K
      |                                         [01;31m[K^~~~[m[K
[01m[K/home/lhc/fishros-/p2/p2_ws/src/demo_cpp_pkg/src/learn_functional.cpp:34:5:[m[K [01;31m[Kerror: [m[Kexpected ‘[01m[K,[m[K’ or ‘[01m[K;[m[K’ before ‘[01m[Kstd[m[K’
   34 |     [01;31m[Kstd[m[K::function<void(const std::string &file_name)> save1 = save_with_free_fun;
      |     [01;31m[K^~~[m[K
[01m[K/home/lhc/fishros-/p2/p2_ws/src/demo_cpp_pkg/src/learn_functional.cpp:38:68:[m[K [01;31m[Kerror: [m[Kconversion from ‘[01m[K<unresolved overloaded function type>[m[K’ to non-scalar type ‘[01m[Kstd::function<void(const std::__cxx11::basic_string<char>&)>[m[K’ requested
   38 |     std::function<void(const std::string &file_name)> save3 = std::[01;31m[Kbind[m[K
      |                                                                    [01;31m[K^~~~[m[K
[01m[K/home/lhc/fishros-/p2/p2_ws/src/demo_cpp_pkg/src/learn_functional.cpp:43:5:[m[K [01;31m[Kerror: [m[K‘[01m[Ksave1[m[K’ was not declared in this scope; did you mean ‘[01m[Ksave3[m[K’?
   43 |     [01;31m[Ksave1[m[K("file.txt");
      |     [01;31m[K^~~~~[m[K
      |     [32m[Ksave3[m[K
[01m[K/home/lhc/fishros-/p2/p2_ws/src/demo_cpp_pkg/src/learn_functional.cpp:21:13:[m[K [01;35m[Kwarning: [m[Kunused variable ‘[01m[Kf1[m[K’ [[01;35m[K-Wunused-variable[m[K]
   21 |     filsave [01;35m[Kf1[m[K;
      |             [01;35m[K^~[m[K
make[2]: *** [CMakeFiles/learn_functional.dir/build.make:63：CMakeFiles/learn_functional.dir/src/learn_functional.cpp.o] 错误 1
make[1]: *** [CMakeFiles/Makefile2:250：CMakeFiles/learn_functional.dir/all] 错误 2
make: *** [Makefile:141：all] 错误 2
